2024/12/31 17:54:38 Received log message from agent {
  "agent_id": "1234567890",
  "agent_name": "jarvis-agent-windows",
  "data": {
    "event": {
      "channel": "Security",
      "computer": "dansDesktop",
      "event_data": {
        "Event": {
          "EventData": {
            "ClientProcessId": "14928",
            "CountOfCredentialsReturned": "1",
            "ProcessCreationTime": "2024-12-16T14:59:56.2501338Z",
            "ReadOperation": "%%8099",
            "ReturnCode": "0",
            "SubjectDomainName": "DANSDESKTOP",
            "SubjectLogonId": "0x4c0db",
            "SubjectUserName": "danfe",
            "SubjectUserSid": "S-1-5-21-1680856076-1700718083-3477311726-1001",
            "TargetName": "NordPass/AccountList",
            "Type": "1"
          },
          "System": {
            "Channel": "Security",
            "Computer": "dansDesktop",
            "Correlation": {},
            "EventID": "5379",
            "EventRecordID": "8313399",
            "Execution": {
              "ProcessID": "1128",
              "ThreadID": "70756"
            },
            "Keywords": "0x8020000000000000",
            "Level": "0",
            "Opcode": "0",
            "Provider": {
              "Guid": "{54849625-5478-4994-a5ba-3e3b0328c30d}",
              "Name": "Microsoft-Windows-Security-Auditing"
            },
            "Security": {
              "UserID": ""
            },
            "Task": "13824",
            "TimeCreated": {
              "SystemTime": "2024-12-31T17:54:37.8947317Z"
            },
            "Version": "0"
          }
        }
      },
      "level": "0",
      "message": ""
    }
  },
  "level": "Unknown",
  "message": "dansDesktop",
  "source": "windows_logs",
  "timestamp": "2024-12-31T11:54:38.9434071-06:00",
  "type": "event"
}
2024/12/31 17:54:38 Received log message from agent {
  "agent_id": "1234567890",
  "agent_name": "jarvis-agent-windows",
  "data": {
    "event": {
      "channel": "Security",
      "computer": "dansDesktop",
      "event_data": {
        "Event": {
          "EventData": {
            "ClientProcessId": "14928",
            "CountOfCredentialsReturned": "1",
            "ProcessCreationTime": "2024-12-16T14:59:56.2501338Z",
            "ReadOperation": "%%8099",
            "ReturnCode": "0",
            "SubjectDomainName": "DANSDESKTOP",
            "SubjectLogonId": "0x4c0db",
            "SubjectUserName": "danfe",
            "SubjectUserSid": "S-1-5-21-1680856076-1700718083-3477311726-1001",
            "TargetName": "NordPass/split_Features0",
            "Type": "1"
          },
          "System": {
            "Channel": "Security",
            "Computer": "dansDesktop",
            "Correlation": {},
            "EventID": "5379",
            "EventRecordID": "8313400",
            "Execution": {
              "ProcessID": "1128",
              "ThreadID": "72460"
            },
            "Keywords": "0x8020000000000000",
            "Level": "0",
            "Opcode": "0",
            "Provider": {
              "Guid": "{54849625-5478-4994-a5ba-3e3b0328c30d}",
              "Name": "Microsoft-Windows-Security-Auditing"
            },
            "Security": {
              "UserID": ""
            },
            "Task": "13824",
            "TimeCreated": {
              "SystemTime": "2024-12-31T17:54:37.8950660Z"
            },
            "Version": "0"
          }
        }
      },
      "level": "0",
      "message": ""
    }
  },
  "level": "Unknown",
  "message": "dansDesktop",
  "source": "windows_logs",
  "timestamp": "2024-12-31T11:54:38.9444418-06:00",
  "type": "event"
}
2024/12/31 17:54:38 Received log message from agent {
  "agent_id": "1234567890",
  "agent_name": "jarvis-agent-windows",
  "data": {
    "event": {
      "channel": "Security",
      "computer": "dansDesktop",
      "event_data": {
        "Event": {
          "EventData": {
            "ClientProcessId": "14928",
            "CountOfCredentialsReturned": "1",
            "ProcessCreationTime": "2024-12-16T14:59:56.2501338Z",
            "ReadOperation": "%%8099",
            "ReturnCode": "0",
            "SubjectDomainName": "DANSDESKTOP",
            "SubjectLogonId": "0x4c0db",
            "SubjectUserName": "danfe",
            "SubjectUserSid": "S-1-5-21-1680856076-1700718083-3477311726-1001",
            "TargetName": "NordPass/split_Features1",
            "Type": "1"
          },
          "System": {
            "Channel": "Security",
            "Computer": "dansDesktop",
            "Correlation": {},
            "EventID": "5379",
            "EventRecordID": "8313401",
            "Execution": {
              "ProcessID": "1128",
              "ThreadID": "72460"
            },
            "Keywords": "0x8020000000000000",
            "Level": "0",
            "Opcode": "0",
            "Provider": {
              "Guid": "{54849625-5478-4994-a5ba-3e3b0328c30d}",
              "Name": "Microsoft-Windows-Security-Auditing"
            },
            "Security": {
              "UserID": ""
            },
            "Task": "13824",
            "TimeCreated": {
              "SystemTime": "2024-12-31T17:54:37.8960127Z"
            },
            "Version": "0"
          }
        }
      },
      "level": "0",
      "message": ""
    }
  },
  "level": "Unknown",
  "message": "dansDesktop",
  "source": "windows_logs",
  "timestamp": "2024-12-31T11:54:38.9454757-06:00",
  "type": "event"
}
2024/12/31 17:54:38 Received log message from agent {
  "agent_id": "1234567890",
  "agent_name": "jarvis-agent-windows",
  "data": {
    "event": {
      "channel": "Security",
      "computer": "dansDesktop",
      "event_data": {
        "Event": {
          "EventData": {
            "ClientProcessId": "14928",
            "CountOfCredentialsReturned": "1",
            "ProcessCreationTime": "2024-12-16T14:59:56.2501338Z",
            "ReadOperation": "%%8099",
            "ReturnCode": "0",
            "SubjectDomainName": "DANSDESKTOP",
            "SubjectLogonId": "0x4c0db",
            "SubjectUserName": "danfe",
            "SubjectUserSid": "S-1-5-21-1680856076-1700718083-3477311726-1001",
            "TargetName": "NordPass/split_Features2",
            "Type": "1"
          },
          "System": {
            "Channel": "Security",
            "Computer": "dansDesktop",
            "Correlation": {},
            "EventID": "5379",
            "EventRecordID": "8313402",
            "Execution": {
              "ProcessID": "1128",
              "ThreadID": "72460"
            },
            "Keywords": "0x8020000000000000",
            "Level": "0",
            "Opcode": "0",
            "Provider": {
              "Guid": "{54849625-5478-4994-a5ba-3e3b0328c30d}",
              "Name": "Microsoft-Windows-Security-Auditing"
            },
            "Security": {
              "UserID": ""
            },
            "Task": "13824",
            "TimeCreated": {
              "SystemTime": "2024-12-31T17:54:37.8969264Z"
            },
            "Version": "0"
          }
        }
      },
      "level": "0",
      "message": ""
    }
  },
  "level": "Unknown",
  "message": "dansDesktop",
  "source": "windows_logs",
  "timestamp": "2024-12-31T11:54:38.9460652-06:00",
  "type": "event"
}
2024/12/31 17:54:38 Received log message from agent {
  "agent_id": "1234567890",
  "agent_name": "jarvis-agent-windows",
  "data": {
    "event": {
      "channel": "Security",
      "computer": "dansDesktop",
      "event_data": {
        "Event": {
          "EventData": {
            "ClientProcessId": "14928",
            "CountOfCredentialsReturned": "1",
            "ProcessCreationTime": "2024-12-16T14:59:56.2501338Z",
            "ReadOperation": "%%8099",
            "ReturnCode": "0",
            "SubjectDomainName": "DANSDESKTOP",
            "SubjectLogonId": "0x4c0db",
            "SubjectUserName": "danfe",
            "SubjectUserSid": "S-1-5-21-1680856076-1700718083-3477311726-1001",
            "TargetName": "NordPass/split_Features3",
            "Type": "1"
          },
          "System": {
            "Channel": "Security",
            "Computer": "dansDesktop",
            "Correlation": {},
            "EventID": "5379",
            "EventRecordID": "8313403",
            "Execution": {
              "ProcessID": "1128",
              "ThreadID": "72460"
            },
            "Keywords": "0x8020000000000000",
            "Level": "0",
            "Opcode": "0",
            "Provider": {
              "Guid": "{54849625-5478-4994-a5ba-3e3b0328c30d}",
              "Name": "Microsoft-Windows-Security-Auditing"
            },
            "Security": {
              "UserID": ""
            },
            "Task": "13824",
            "TimeCreated": {
              "SystemTime": "2024-12-31T17:54:37.8978019Z"
            },
            "Version": "0"
          }
        }
      },
      "level": "0",
      "message": ""
    }
  },
  "level": "Unknown",
  "message": "dansDesktop",
  "source": "windows_logs",
  "timestamp": "2024-12-31T11:54:38.9472804-06:00",
  "type": "event"
}
2024/12/31 17:54:38 Received log message from agent {
  "agent_id": "1234567890",
  "agent_name": "jarvis-agent-windows",
  "data": {
    "event": {
      "channel": "Security",
      "computer": "dansDesktop",
      "event_data": {
        "Event": {
          "EventData": {
            "ClientProcessId": "14928",
            "CountOfCredentialsReturned": "1",
            "ProcessCreationTime": "2024-12-16T14:59:56.2501338Z",
            "ReadOperation": "%%8099",
            "ReturnCode": "0",
            "SubjectDomainName": "DANSDESKTOP",
            "SubjectLogonId": "0x4c0db",
            "SubjectUserName": "danfe",
            "SubjectUserSid": "S-1-5-21-1680856076-1700718083-3477311726-1001",
            "TargetName": "NordPass/split_Features4",
            "Type": "1"
          },
          "System": {
            "Channel": "Security",
            "Computer": "dansDesktop",
            "Correlation": {},
            "EventID": "5379",
            "EventRecordID": "8313404",
            "Execution": {
              "ProcessID": "1128",
              "ThreadID": "72460"
            },
            "Keywords": "0x8020000000000000",
            "Level": "0",
            "Opcode": "0",
            "Provider": {
              "Guid": "{54849625-5478-4994-a5ba-3e3b0328c30d}",
              "Name": "Microsoft-Windows-Security-Auditing"
            },
            "Security": {
              "UserID": ""
            },
            "Task": "13824",
            "TimeCreated": {
              "SystemTime": "2024-12-31T17:54:37.8985205Z"
            },
            "Version": "0"
          }
        }
      },
      "level": "0",
      "message": ""
    }
  },
  "level": "Unknown",
  "message": "dansDesktop",
  "source": "windows_logs",
  "timestamp": "2024-12-31T11:54:38.9485186-06:00",
  "type": "event"
}
2024/12/31 17:54:38 Received log message from agent {
  "agent_id": "1234567890",
  "agent_name": "jarvis-agent-windows",
  "data": {
    "event": {
      "channel": "Security",
      "computer": "dansDesktop",
      "event_data": {
        "Event": {
          "EventData": {
            "ClientProcessId": "14928",
            "CountOfCredentialsReturned": "1",
            "ProcessCreationTime": "2024-12-16T14:59:56.2501338Z",
            "ReadOperation": "%%8099",
            "ReturnCode": "0",
            "SubjectDomainName": "DANSDESKTOP",
            "SubjectLogonId": "0x4c0db",
            "SubjectUserName": "danfe",
            "SubjectUserSid": "S-1-5-21-1680856076-1700718083-3477311726-1001",
            "TargetName": "NordPass/split_Features5",
            "Type": "1"
          },
          "System": {
            "Channel": "Security",
            "Computer": "dansDesktop",
            "Correlation": {},
            "EventID": "5379",
            "EventRecordID": "8313405",
            "Execution": {
              "ProcessID": "1128",
              "ThreadID": "72460"
            },
            "Keywords": "0x8020000000000000",
            "Level": "0",
            "Opcode": "0",
            "Provider": {
              "Guid": "{54849625-5478-4994-a5ba-3e3b0328c30d}",
              "Name": "Microsoft-Windows-Security-Auditing"
            },
            "Security": {
              "UserID": ""
            },
            "Task": "13824",
            "TimeCreated": {
              "SystemTime": "2024-12-31T17:54:37.8992384Z"
            },
            "Version": "0"
          }
        }
      },
      "level": "0",
      "message": ""
    }
  },
  "level": "Unknown",
  "message": "dansDesktop",
  "source": "windows_logs",
  "timestamp": "2024-12-31T11:54:38.9490397-06:00",
  "type": "event"
}
2024/12/31 17:54:38 Received log message from agent {
  "agent_id": "1234567890",
  "agent_name": "jarvis-agent-windows",
  "data": {
    "event": {
      "channel": "Security",
      "computer": "dansDesktop",
      "event_data": {
        "Event": {
          "EventData": {
            "ClientProcessId": "14928",
            "CountOfCredentialsReturned": "1",
            "ProcessCreationTime": "2024-12-16T14:59:56.2501338Z",
            "ReadOperation": "%%8099",
            "ReturnCode": "0",
            "SubjectDomainName": "DANSDESKTOP",
            "SubjectLogonId": "0x4c0db",
            "SubjectUserName": "danfe",
            "SubjectUserSid": "S-1-5-21-1680856076-1700718083-3477311726-1001",
            "TargetName": "NordPass/split_Features6",
            "Type": "1"
          },
          "System": {
            "Channel": "Security",
            "Computer": "dansDesktop",
            "Correlation": {},
            "EventID": "5379",
            "EventRecordID": "8313406",
            "Execution": {
              "ProcessID": "1128",
              "ThreadID": "72460"
            },
            "Keywords": "0x8020000000000000",
            "Level": "0",
            "Opcode": "0",
            "Provider": {
              "Guid": "{54849625-5478-4994-a5ba-3e3b0328c30d}",
              "Name": "Microsoft-Windows-Security-Auditing"
            },
            "Security": {
              "UserID": ""
            },
            "Task": "13824",
            "TimeCreated": {
              "SystemTime": "2024-12-31T17:54:37.8999246Z"
            },
            "Version": "0"
          }
        }
      },
      "level": "0",
      "message": ""
    }
  },
  "level": "Unknown",
  "message": "dansDesktop",
  "source": "windows_logs",
  "timestamp": "2024-12-31T11:54:38.9505092-06:00",
  "type": "event"
}
2024/12/31 17:54:38 Received log message from agent {
  "agent_id": "1234567890",
  "agent_name": "jarvis-agent-windows",
  "data": {
    "event": {
      "channel": "Security",
      "computer": "dansDesktop",
      "event_data": {
        "Event": {
          "EventData": {
            "ClientProcessId": "14928",
            "CountOfCredentialsReturned": "1",
            "ProcessCreationTime": "2024-12-16T14:59:56.2501338Z",
            "ReadOperation": "%%8099",
            "ReturnCode": "0",
            "SubjectDomainName": "DANSDESKTOP",
            "SubjectLogonId": "0x4c0db",
            "SubjectUserName": "danfe",
            "SubjectUserSid": "S-1-5-21-1680856076-1700718083-3477311726-1001",
            "TargetName": "NordPass/split_Features7",
            "Type": "1"
          },
          "System": {
            "Channel": "Security",
            "Computer": "dansDesktop",
            "Correlation": {},
            "EventID": "5379",
            "EventRecordID": "8313407",
            "Execution": {
              "ProcessID": "1128",
              "ThreadID": "72460"
            },
            "Keywords": "0x8020000000000000",
            "Level": "0",
            "Opcode": "0",
            "Provider": {
              "Guid": "{54849625-5478-4994-a5ba-3e3b0328c30d}",
              "Name": "Microsoft-Windows-Security-Auditing"
            },
            "Security": {
              "UserID": ""
            },
            "Task": "13824",
            "TimeCreated": {
              "SystemTime": "2024-12-31T17:54:37.9006016Z"
            },
            "Version": "0"
          }
        }
      },
      "level": "0",
      "message": ""
    }
  },
  "level": "Unknown",
  "message": "dansDesktop",
  "source": "windows_logs",
  "timestamp": "2024-12-31T11:54:38.9515705-06:00",
  "type": "event"
}
2024/12/31 17:54:38 Received log message from agent {
  "agent_id": "1234567890",
  "agent_name": "jarvis-agent-windows",
  "data": {
    "event": {
      "channel": "Security",
      "computer": "dansDesktop",
      "event_data": {
        "Event": {
          "EventData": {
            "ClientProcessId": "14928",
            "CountOfCredentialsReturned": "1",
            "ProcessCreationTime": "2024-12-16T14:59:56.2501338Z",
            "ReadOperation": "%%8099",
            "ReturnCode": "0",
            "SubjectDomainName": "DANSDESKTOP",
            "SubjectLogonId": "0x4c0db",
            "SubjectUserName": "danfe",
            "SubjectUserSid": "S-1-5-21-1680856076-1700718083-3477311726-1001",
            "TargetName": "NordPass/split_Features8",
            "Type": "1"
          },
          "System": {
            "Channel": "Security",
            "Computer": "dansDesktop",
            "Correlation": {},
            "EventID": "5379",
            "EventRecordID": "8313408",
            "Execution": {
              "ProcessID": "1128",
              "ThreadID": "72460"
            },
            "Keywords": "0x8020000000000000",
            "Level": "0",
            "Opcode": "0",
            "Provider": {
              "Guid": "{54849625-5478-4994-a5ba-3e3b0328c30d}",
              "Name": "Microsoft-Windows-Security-Auditing"
            },
            "Security": {
              "UserID": ""
            },
            "Task": "13824",
            "TimeCreated": {
              "SystemTime": "2024-12-31T17:54:37.9012854Z"
            },
            "Version": "0"
          }
        }
      },
      "level": "0",
      "message": ""
    }
  },
  "level": "Unknown",
  "message": "dansDesktop",
  "source": "windows_logs",
  "timestamp": "2024-12-31T11:54:38.9526131-06:00",
  "type": "event"
}
2024/12/31 17:54:38 Received log message from agent {
  "agent_id": "1234567890",
  "agent_name": "jarvis-agent-windows",
  "data": {
    "event": {
      "channel": "Security",
      "computer": "dansDesktop",
      "event_data": {
        "Event": {
          "EventData": {
            "ClientProcessId": "14928",
            "CountOfCredentialsReturned": "1",
            "ProcessCreationTime": "2024-12-16T14:59:56.2501338Z",
            "ReadOperation": "%%8099",
            "ReturnCode": "0",
            "SubjectDomainName": "DANSDESKTOP",
            "SubjectLogonId": "0x4c0db",
            "SubjectUserName": "danfe",
            "SubjectUserSid": "S-1-5-21-1680856076-1700718083-3477311726-1001",
            "TargetName": "NordPass/split_Features9",
            "Type": "1"
          },
          "System": {
            "Channel": "Security",
            "Computer": "dansDesktop",
            "Correlation": {},
            "EventID": "5379",
            "EventRecordID": "8313409",
            "Execution": {
              "ProcessID": "1128",
              "ThreadID": "72460"
            },
            "Keywords": "0x8020000000000000",
            "Level": "0",
            "Opcode": "0",
            "Provider": {
              "Guid": "{54849625-5478-4994-a5ba-3e3b0328c30d}",
              "Name": "Microsoft-Windows-Security-Auditing"
            },
            "Security": {
              "UserID": ""
            },
            "Task": "13824",
            "TimeCreated": {
              "SystemTime": "2024-12-31T17:54:37.9019720Z"
            },
            "Version": "0"
          }
        }
      },
      "level": "0",
      "message": ""
    }
  },
  "level": "Unknown",
  "message": "dansDesktop",
  "source": "windows_logs",
  "timestamp": "2024-12-31T11:54:38.9534116-06:00",
  "type": "event"
}
2024/12/31 17:54:38 Received log message from agent {
  "agent_id": "1234567890",
  "agent_name": "jarvis-agent-windows",
  "data": {
    "event": {
      "channel": "Security",
      "computer": "dansDesktop",
      "event_data": {
        "Event": {
          "EventData": {
            "ClientProcessId": "14928",
            "CountOfCredentialsReturned": "1",
            "ProcessCreationTime": "2024-12-16T14:59:56.2501338Z",
            "ReadOperation": "%%8099",
            "ReturnCode": "0",
            "SubjectDomainName": "DANSDESKTOP",
            "SubjectLogonId": "0x4c0db",
            "SubjectUserName": "danfe",
            "SubjectUserSid": "S-1-5-21-1680856076-1700718083-3477311726-1001",
            "TargetName": "NordPass/split_Features10",
            "Type": "1"
          },
          "System": {
            "Channel": "Security",
            "Computer": "dansDesktop",
            "Correlation": {},
            "EventID": "5379",
            "EventRecordID": "8313410",
            "Execution": {
              "ProcessID": "1128",
              "ThreadID": "72460"
            },
            "Keywords": "0x8020000000000000",
            "Level": "0",
            "Opcode": "0",
            "Provider": {
              "Guid": "{54849625-5478-4994-a5ba-3e3b0328c30d}",
              "Name": "Microsoft-Windows-Security-Auditing"
            },
            "Security": {
              "UserID": ""
            },
            "Task": "13824",
            "TimeCreated": {
              "SystemTime": "2024-12-31T17:54:37.9025618Z"
            },
            "Version": "0"
          }
        }
      },
      "level": "0",
      "message": ""
    }
  },
  "level": "Unknown",
  "message": "dansDesktop",
  "source": "windows_logs",
  "timestamp": "2024-12-31T11:54:38.9544523-06:00",
  "type": "event"
}
2024/12/31 17:54:38 Received log message from agent {
  "agent_id": "1234567890",
  "agent_name": "jarvis-agent-windows",
  "data": {
    "event": {
      "channel": "Security",
      "computer": "dansDesktop",
      "event_data": {
        "Event": {
          "EventData": {
            "ClientProcessId": "14928",
            "CountOfCredentialsReturned": "1",
            "ProcessCreationTime": "2024-12-16T14:59:56.2501338Z",
            "ReadOperation": "%%8099",
            "ReturnCode": "0",
            "SubjectDomainName": "DANSDESKTOP",
            "SubjectLogonId": "0x4c0db",
            "SubjectUserName": "danfe",
            "SubjectUserSid": "S-1-5-21-1680856076-1700718083-3477311726-1001",
            "TargetName": "NordPass/split_Features11",
            "Type": "1"
          },
          "System": {
            "Channel": "Security",
            "Computer": "dansDesktop",
            "Correlation": {},
            "EventID": "5379",
            "EventRecordID": "8313411",
            "Execution": {
              "ProcessID": "1128",
              "ThreadID": "72460"
            },
            "Keywords": "0x8020000000000000",
            "Level": "0",
            "Opcode": "0",
            "Provider": {
              "Guid": "{54849625-5478-4994-a5ba-3e3b0328c30d}",
              "Name": "Microsoft-Windows-Security-Auditing"
            },
            "Security": {
              "UserID": ""
            },
            "Task": "13824",
            "TimeCreated": {
              "SystemTime": "2024-12-31T17:54:37.9042888Z"
            },
            "Version": "0"
          }
        }
      },
      "level": "0",
      "message": ""
    }
  },
  "level": "Unknown",
  "message": "dansDesktop",
  "source": "windows_logs",
  "timestamp": "2024-12-31T11:54:38.9554856-06:00",
  "type": "event"
}
2024/12/31 17:54:38 Received log message from agent {
  "agent_id": "1234567890",
  "agent_name": "jarvis-agent-windows",
  "data": {
    "event": {
      "channel": "Security",
      "computer": "dansDesktop",
      "event_data": {
        "Event": {
          "EventData": {
            "ClientProcessId": "14928",
            "CountOfCredentialsReturned": "1",
            "ProcessCreationTime": "2024-12-16T14:59:56.2501338Z",
            "ReadOperation": "%%8099",
            "ReturnCode": "0",
            "SubjectDomainName": "DANSDESKTOP",
            "SubjectLogonId": "0x4c0db",
            "SubjectUserName": "danfe",
            "SubjectUserSid": "S-1-5-21-1680856076-1700718083-3477311726-1001",
            "TargetName": "NordPass/split_Features12",
            "Type": "1"
          },
          "System": {
            "Channel": "Security",
            "Computer": "dansDesktop",
            "Correlation": {},
            "EventID": "5379",
            "EventRecordID": "8313412",
            "Execution": {
              "ProcessID": "1128",
              "ThreadID": "72460"
            },
            "Keywords": "0x8020000000000000",
            "Level": "0",
            "Opcode": "0",
            "Provider": {
              "Guid": "{54849625-5478-4994-a5ba-3e3b0328c30d}",
              "Name": "Microsoft-Windows-Security-Auditing"
            },
            "Security": {
              "UserID": ""
            },
            "Task": "13824",
            "TimeCreated": {
              "SystemTime": "2024-12-31T17:54:37.9047063Z"
            },
            "Version": "0"
          }
        }
      },
      "level": "0",
      "message": ""
    }
  },
  "level": "Unknown",
  "message": "dansDesktop",
  "source": "windows_logs",
  "timestamp": "2024-12-31T11:54:38.9565187-06:00",
  "type": "event"
}
2024/12/31 17:54:41 Received log message from agent {
  "name": "wuauserv",
  "status": "Stopped",
  "timestamp": "2024-12-31T11:54:41.4824966-06:00"
}
2024/12/31 17:54:41 Received log message from agent {
  "name": "EventLog",
  "status": "Running",
  "timestamp": "2024-12-31T11:54:41.483042-06:00"
}
2024/12/31 17:54:42 Received log message from agent {
  "agent_id": "1234567890",
  "agent_name": "jarvis-agent-windows",
  "data": {
    "cpu": {
      "count": 8,
      "usage_percent": [
        17.1875,
        10.9375,
        1.5625,
        0,
        3.125,
        26.5625,
        0,
        31.25
      ]
    },
    "memory": {
      "free": 4164452352,
      "total": 16996769792,
      "usage_percent": 75,
      "used": 12832317440
    }
  },
  "level": "info",
  "message": "System metrics collected",
  "source": "system_monitor",
  "timestamp": "2024-12-31T11:54:41.4824966-06:00",
  "type": "metrics"
}
2024/12/31 17:54:42 Received log message from agent {
  "cpu": {
    "count": 8,
    "usage_percent": [
      17.1875,
      10.9375,
      1.5625,
      0,
      3.125,
      26.5625,
      0,
      31.25
    ]
  },
  "memory": {
    "free": 4164452352,
    "total": 16996769792,
    "usage_percent": 75,
    "used": 12832317440
  },
  "network": {
    "bytes_recv": 17748430581,
    "bytes_sent": 2342685022,
    "packets_recv": 16686111,
    "packets_sent": 7872324
  },
  "temperature": [
    {
      "sensor_key": "ACPI\\ThermalZone\\TZ00_0",
      "temperature": 27.85
    },
    {
      "sensor_key": "ACPI\\ThermalZone\\TZ01_0",
      "temperature": 29.85
    }
  ],
  "timestamp": "2024-12-31T11:54:41.4824966-06:00"
}
2024/12/31 17:54:45 Received log message from agent {
  "name": "wuauserv",
  "status": "Stopped",
  "timestamp": "2024-12-31T11:54:45.4830168-06:00"
}
2024/12/31 17:54:45 Received log message from agent {
  "name": "EventLog",
  "status": "Running",
  "timestamp": "2024-12-31T11:54:45.4835253-06:00"
}
2024/12/31 17:54:46 Received log message from agent {
  "agent_id": "1234567890",
  "agent_name": "jarvis-agent-windows",
  "data": {
    "cpu": {
      "count": 8,
      "usage_percent": [
        10.9375,
        20,
        12.5,
        1.5625,
        0,
        0,
        0,
        35.9375
      ]
    },
    "memory": {
      "free": 4126412800,
      "total": 16996769792,
      "usage_percent": 75,
      "used": 12870356992
    }
  },
  "level": "info",
  "message": "System metrics collected",
  "source": "system_monitor",
  "timestamp": "2024-12-31T11:54:45.4830168-06:00",
  "type": "metrics"
}
2024/12/31 17:54:46 Received log message from agent {
  "cpu": {
    "count": 8,
    "usage_percent": [
      10.9375,
      20,
      12.5,
      1.5625,
      0,
      0,
      0,
      35.9375
    ]
  },
  "memory": {
    "free": 4126412800,
    "total": 16996769792,
    "usage_percent": 75,
    "used": 12870356992
  },
  "network": {
    "bytes_recv": 17748436758,
    "bytes_sent": 2342690653,
    "packets_recv": 16686133,
    "packets_sent": 7872340
  },
  "temperature": [
    {
      "sensor_key": "ACPI\\ThermalZone\\TZ00_0",
      "temperature": 27.85
    },
    {
      "sensor_key": "ACPI\\ThermalZone\\TZ01_0",
      "temperature": 29.85
    }
  ],
  "timestamp": "2024-12-31T11:54:45.4830168-06:00"
}
2024/12/31 17:54:49 Received log message from agent {
  "name": "wuauserv",
  "status": "Stopped",
  "timestamp": "2024-12-31T11:54:49.482872-06:00"
}
2024/12/31 17:54:49 Received log message from agent {
  "name": "EventLog",
  "status": "Running",
  "timestamp": "2024-12-31T11:54:49.4835018-06:00"
}
2024/12/31 17:54:50 Received log message from agent {
  "agent_id": "1234567890",
  "agent_name": "jarvis-agent-windows",
  "data": {
    "cpu": {
      "count": 8,
      "usage_percent": [
        60.9375,
        9.375,
        9.375,
        0,
        0,
        0,
        0,
        7.6923076923076925
      ]
    },
    "memory": {
      "free": 4157059072,
      "total": 16996769792,
      "usage_percent": 75,
      "used": 12839710720
    }
  },
  "level": "info",
  "message": "System metrics collected",
  "source": "system_monitor",
  "timestamp": "2024-12-31T11:54:49.482872-06:00",
  "type": "metrics"
}
2024/12/31 17:54:50 Received log message from agent {
  "cpu": {
    "count": 8,
    "usage_percent": [
      60.9375,
      9.375,
      9.375,
      0,
      0,
      0,
      0,
      7.6923076923076925
    ]
  },
  "memory": {
    "free": 4157059072,
    "total": 16996769792,
    "usage_percent": 75,
    "used": 12839710720
  },
  "network": {
    "bytes_recv": 17748437894,
    "bytes_sent": 2342691591,
    "packets_recv": 16686143,
    "packets_sent": 7872347
  },
  "temperature": [
    {
      "sensor_key": "ACPI\\ThermalZone\\TZ00_0",
      "temperature": 27.85
    },
    {
      "sensor_key": "ACPI\\ThermalZone\\TZ01_0",
      "temperature": 29.85
    }
  ],
  "timestamp": "2024-12-31T11:54:49.482872-06:00"
}
2024/12/31 17:54:53 Received log message from agent {
  "name": "EventLog",
  "status": "Running",
  "timestamp": "2024-12-31T11:54:53.4840023-06:00"
}
2024/12/31 17:54:53 Received log message from agent {
  "name": "wuauserv",
  "status": "Stopped",
  "timestamp": "2024-12-31T11:54:53.4835424-06:00"
}
2024/12/31 17:54:54 Received log message from agent {
  "agent_id": "1234567890",
  "agent_name": "jarvis-agent-windows",
  "data": {
    "cpu": {
      "count": 8,
      "usage_percent": [
        0,
        0,
        7.8125,
        0,
        71.875,
        0,
        0,
        1.5625
      ]
    },
    "memory": {
      "free": 4122607616,
      "total": 16996769792,
      "usage_percent": 75,
      "used": 12874162176
    }
  },
  "level": "info",
  "message": "System metrics collected",
  "source": "system_monitor",
  "timestamp": "2024-12-31T11:54:53.4829101-06:00",
  "type": "metrics"
}
2024/12/31 17:54:54 Received log message from agent {
  "cpu": {
    "count": 8,
    "usage_percent": [
      0,
      0,
      7.8125,
      0,
      71.875,
      0,
      0,
      1.5625
    ]
  },
  "memory": {
    "free": 4122607616,
    "total": 16996769792,
    "usage_percent": 75,
    "used": 12874162176
  },
  "network": {
    "bytes_recv": 17748445084,
    "bytes_sent": 2342697417,
    "packets_recv": 16686163,
    "packets_sent": 7872361
  },
  "temperature": [
    {
      "sensor_key": "ACPI\\ThermalZone\\TZ00_0",
      "temperature": 27.85
    },
    {
      "sensor_key": "ACPI\\ThermalZone\\TZ01_0",
      "temperature": 29.85
    }
  ],
  "timestamp": "2024-12-31T11:54:53.4829101-06:00"
}
2024/12/31 17:54:57 Received log message from agent {
  "name": "wuauserv",
  "status": "Stopped",
  "timestamp": "2024-12-31T11:54:57.4829838-06:00"
}
2024/12/31 17:54:57 Received log message from agent {
  "name": "EventLog",
  "status": "Running",
  "timestamp": "2024-12-31T11:54:57.4831618-06:00"
}
2024/12/31 17:54:58 Received log message from agent {
  "agent_id": "1234567890",
  "agent_name": "jarvis-agent-windows",
  "data": {
    "cpu": {
      "count": 8,
      "usage_percent": [
        14.0625,
        1.5625,
        25,
        15.625,
        0,
        0,
        0,
        9.523809523809524
      ]
    },
    "memory": {
      "free": 4179914752,
      "total": 16996769792,
      "usage_percent": 75,
      "used": 12816855040
    }
  },
  "level": "info",
  "message": "System metrics collected",
  "source": "system_monitor",
  "timestamp": "2024-12-31T11:54:57.482625-06:00",
  "type": "metrics"
}
2024/12/31 17:54:58 Received log message from agent {
  "cpu": {
    "count": 8,
    "usage_percent": [
      14.0625,
      1.5625,
      25,
      15.625,
      0,
      0,
      0,
      9.523809523809524
    ]
  },
  "memory": {
    "free": 4179914752,
    "total": 16996769792,
    "usage_percent": 75,
    "used": 12816855040
  },
  "network": {
    "bytes_recv": 17748450725,
    "bytes_sent": 2342697549,
    "packets_recv": 16686164,
    "packets_sent": 7872363
  },
  "temperature": [
    {
      "sensor_key": "ACPI\\ThermalZone\\TZ00_0",
      "temperature": 27.85
    },
    {
      "sensor_key": "ACPI\\ThermalZone\\TZ01_0",
      "temperature": 29.85
    }
  ],
  "timestamp": "2024-12-31T11:54:57.482625-06:00"
}
2024/12/31 17:55:01 Received log message from agent {
  "name": "EventLog",
  "status": "Running",
  "timestamp": "2024-12-31T11:55:01.4831831-06:00"
}
2024/12/31 17:55:01 Received log message from agent {
  "name": "wuauserv",
  "status": "Stopped",
  "timestamp": "2024-12-31T11:55:01.482705-06:00"
}
2024/12/31 17:55:02 Received log message from agent {
  "agent_id": "1234567890",
  "agent_name": "jarvis-agent-windows",
  "data": {
    "cpu": {
      "count": 8,
      "usage_percent": [
        40.625,
        3.125,
        1.5625,
        9.375,
        0,
        0,
        0,
        31.25
      ]
    },
    "memory": {
      "free": 4151037952,
      "total": 16996769792,
      "usage_percent": 75,
      "used": 12845731840
    }
  },
  "level": "info",
  "message": "System metrics collected",
  "source": "system_monitor",
  "timestamp": "2024-12-31T11:55:01.482705-06:00",
  "type": "metrics"
}
2024/12/31 17:55:02 Received log message from agent {
  "cpu": {
    "count": 8,
    "usage_percent": [
      40.625,
      3.125,
      1.5625,
      9.375,
      0,
      0,
      0,
      31.25
    ]
  },
  "memory": {
    "free": 4151037952,
    "total": 16996769792,
    "usage_percent": 75,
    "used": 12845731840
  },
  "network": {
    "bytes_recv": 17748454044,
    "bytes_sent": 2342698130,
    "packets_recv": 16686172,
    "packets_sent": 7872369
  },
  "temperature": [
    {
      "sensor_key": "ACPI\\ThermalZone\\TZ00_0",
      "temperature": 27.85
    },
    {
      "sensor_key": "ACPI\\ThermalZone\\TZ01_0",
      "temperature": 29.85
    }
  ],
  "timestamp": "2024-12-31T11:55:01.482705-06:00"
}
2024/12/31 17:55:05 Received log message from agent {
  "name": "wuauserv",
  "status": "Stopped",
  "timestamp": "2024-12-31T11:55:05.4829961-06:00"
}
2024/12/31 17:55:05 Received log message from agent {
  "name": "EventLog",
  "status": "Running",
  "timestamp": "2024-12-31T11:55:05.4835169-06:00"
}
2024/12/31 17:55:06 Received log message from agent {
  "agent_id": "1234567890",
  "agent_name": "jarvis-agent-windows",
  "data": {
    "cpu": {
      "count": 8,
      "usage_percent": [
        43.07692307692308,
        1.5625,
        3.125,
        0,
        1.5625,
        0,
        1.5625,
        45.3125
      ]
    },
    "memory": {
      "free": 4184104960,
      "total": 16996769792,
      "usage_percent": 75,
      "used": 12812664832
    }
  },
  "level": "info",
  "message": "System metrics collected",
  "source": "system_monitor",
  "timestamp": "2024-12-31T11:55:05.4826941-06:00",
  "type": "metrics"
}
2024/12/31 17:55:06 Received log message from agent {
  "cpu": {
    "count": 8,
    "usage_percent": [
      43.07692307692308,
      1.5625,
      3.125,
      0,
      1.5625,
      0,
      1.5625,
      45.3125
    ]
  },
  "memory": {
    "free": 4184104960,
    "total": 16996769792,
    "usage_percent": 75,
    "used": 12812664832
  },
  "network": {
    "bytes_recv": 17748461518,
    "bytes_sent": 2342705264,
    "packets_recv": 16686193,
    "packets_sent": 7872384
  },
  "temperature": [
    {
      "sensor_key": "ACPI\\ThermalZone\\TZ00_0",
      "temperature": 27.85
    },
    {
      "sensor_key": "ACPI\\ThermalZone\\TZ01_0",
      "temperature": 29.85
    }
  ],
  "timestamp": "2024-12-31T11:55:05.4826941-06:00"
}
2024/12/31 17:55:07 Received log message from agent {
  "response_time": 137586800,
  "status": "Up",
  "status_code": 200,
  "timestamp": "2024-12-31T11:55:07.6208334-06:00",
  "url": "https://www.google.com"
}
2024/12/31 17:55:07 Received log message from agent {
  "response_time": 374095100,
  "status": "Up",
  "status_code": 200,
  "timestamp": "2024-12-31T11:55:07.8572137-06:00",
  "url": "https://www.github.com"
}
2024/12/31 17:55:09 Received log message from agent {
  "name": "EventLog",
  "status": "Running",
  "timestamp": "2024-12-31T11:55:09.4829289-06:00"
}
2024/12/31 17:55:09 Received log message from agent {
  "name": "wuauserv",
  "status": "Stopped",
  "timestamp": "2024-12-31T11:55:09.4824164-06:00"
}
2024/12/31 17:55:10 Received log message from agent {
  "agent_id": "1234567890",
  "agent_name": "jarvis-agent-windows",
  "data": {
    "cpu": {
      "count": 8,
      "usage_percent": [
        40.625,
        7.8125,
        18.75,
        0,
        1.5625,
        0,
        1.5625,
        12.5
      ]
    },
    "memory": {
      "free": 4242550784,
      "total": 16996769792,
      "usage_percent": 75,
      "used": 12754219008
    }
  },
  "level": "info",
  "message": "System metrics collected",
  "source": "system_monitor",
  "timestamp": "2024-12-31T11:55:09.4824164-06:00",
  "type": "metrics"
}
2024/12/31 17:55:10 Received log message from agent {
  "cpu": {
    "count": 8,
    "usage_percent": [
      40.625,
      7.8125,
      18.75,
      0,
      1.5625,
      0,
      1.5625,
      12.5
    ]
  },
  "memory": {
    "free": 4242550784,
    "total": 16996769792,
    "usage_percent": 75,
    "used": 12754219008
  },
  "network": {
    "bytes_recv": 17748526055,
    "bytes_sent": 2342718132,
    "packets_recv": 16686269,
    "packets_sent": 7872435
  },
  "temperature": [
    {
      "sensor_key": "ACPI\\ThermalZone\\TZ00_0",
      "temperature": 27.85
    },
    {
      "sensor_key": "ACPI\\ThermalZone\\TZ01_0",
      "temperature": 29.85
    }
  ],
  "timestamp": "2024-12-31T11:55:09.4824164-06:00"
}
2024/12/31 17:55:13 Received log message from agent {
  "name": "EventLog",
  "status": "Running",
  "timestamp": "2024-12-31T11:55:13.4838638-06:00"
}
2024/12/31 17:55:13 Received log message from agent {
  "name": "wuauserv",
  "status": "Stopped",
  "timestamp": "2024-12-31T11:55:13.4827146-06:00"
}
2024/12/31 17:55:14 Received log message from agent {
  "agent_id": "1234567890",
  "agent_name": "jarvis-agent-windows",
  "data": {
    "cpu": {
      "count": 8,
      "usage_percent": [
        26.5625,
        3.076923076923077,
        15.625,
        21.875,
        3.125,
        0,
        0,
        18.75
      ]
    },
    "memory": {
      "free": 4250791936,
      "total": 16996769792,
      "usage_percent": 74,
      "used": 12745977856
    }
  },
  "level": "info",
  "message": "System metrics collected",
  "source": "system_monitor",
  "timestamp": "2024-12-31T11:55:13.4827146-06:00",
  "type": "metrics"
}
2024/12/31 17:55:14 Received log message from agent {
  "cpu": {
    "count": 8,
    "usage_percent": [
      26.5625,
      3.076923076923077,
      15.625,
      21.875,
      3.125,
      0,
      0,
      18.75
    ]
  },
  "memory": {
    "free": 4250791936,
    "total": 16996769792,
    "usage_percent": 74,
    "used": 12745977856
  },
  "network": {
    "bytes_recv": 17748526996,
    "bytes_sent": 2342718284,
    "packets_recv": 16686273,
    "packets_sent": 7872437
  },
  "temperature": [
    {
      "sensor_key": "ACPI\\ThermalZone\\TZ00_0",
      "temperature": 27.85
    },
    {
      "sensor_key": "ACPI\\ThermalZone\\TZ01_0",
      "temperature": 29.85
    }
  ],
  "timestamp": "2024-12-31T11:55:13.4827146-06:00"
}
2024/12/31 17:55:17 Received log message from agent {
  "name": "wuauserv",
  "status": "Stopped",
  "timestamp": "2024-12-31T11:55:17.4829839-06:00"
}
2024/12/31 17:55:17 Received log message from agent {
  "name": "EventLog",
  "status": "Running",
  "timestamp": "2024-12-31T11:55:17.4835226-06:00"
}
2024/12/31 17:55:18 Received log message from agent {
  "agent_id": "1234567890",
  "agent_name": "jarvis-agent-windows",
  "data": {
    "cpu": {
      "count": 8,
      "usage_percent": [
        20.3125,
        21.875,
        1.5625,
        0,
        9.375,
        0,
        0,
        17.1875
      ]
    },
    "memory": {
      "free": 4250701824,
      "total": 16996769792,
      "usage_percent": 74,
      "used": 12746067968
    }
  },
  "level": "info",
  "message": "System metrics collected",
  "source": "system_monitor",
  "timestamp": "2024-12-31T11:55:17.4826667-06:00",
  "type": "metrics"
}
2024/12/31 17:55:18 Received log message from agent {
  "cpu": {
    "count": 8,
    "usage_percent": [
      20.3125,
      21.875,
      1.5625,
      0,
      9.375,
      0,
      0,
      17.1875
    ]
  },
  "memory": {
    "free": 4250701824,
    "total": 16996769792,
    "usage_percent": 74,
    "used": 12746067968
  },
  "network": {
    "bytes_recv": 17748542664,
    "bytes_sent": 2342730697,
    "packets_recv": 16686305,
    "packets_sent": 7872462
  },
  "temperature": [
    {
      "sensor_key": "ACPI\\ThermalZone\\TZ00_0",
      "temperature": 27.85
    },
    {
      "sensor_key": "ACPI\\ThermalZone\\TZ01_0",
      "temperature": 29.85
    }
  ],
  "timestamp": "2024-12-31T11:55:17.4826667-06:00"
}
2024/12/31 17:55:21 Received log message from agent {
  "name": "wuauserv",
  "status": "Stopped",
  "timestamp": "2024-12-31T11:55:21.4826457-06:00"
}
2024/12/31 17:55:21 Received log message from agent {
  "name": "EventLog",
  "status": "Running",
  "timestamp": "2024-12-31T11:55:21.4837545-06:00"
}
2024/12/31 17:55:22 Received log message from agent {
  "agent_id": "1234567890",
  "agent_name": "jarvis-agent-windows",
  "data": {
    "cpu": {
      "count": 8,
      "usage_percent": [
        48.4375,
        0,
        15.625,
        0,
        0,
        4.6875,
        0,
        12.5
      ]
    },
    "memory": {
      "free": 4251873280,
      "total": 16996769792,
      "usage_percent": 74,
      "used": 12744896512
    }
  },
  "level": "info",
  "message": "System metrics collected",
  "source": "system_monitor",
  "timestamp": "2024-12-31T11:55:21.4824903-06:00",
  "type": "metrics"
}
2024/12/31 17:55:22 Received log message from agent {
  "cpu": {
    "count": 8,
    "usage_percent": [
      48.4375,
      0,
      15.625,
      0,
      0,
      4.6875,
      0,
      12.5
    ]
  },
  "memory": {
    "free": 4251873280,
    "total": 16996769792,
    "usage_percent": 74,
    "used": 12744896512
  },
  "network": {
    "bytes_recv": 17748543304,
    "bytes_sent": 2342730953,
    "packets_recv": 16686309,
    "packets_sent": 7872466
  },
  "temperature": [
    {
      "sensor_key": "ACPI\\ThermalZone\\TZ00_0",
      "temperature": 27.85
    },
    {
      "sensor_key": "ACPI\\ThermalZone\\TZ01_0",
      "temperature": 29.85
    }
  ],
  "timestamp": "2024-12-31T11:55:21.4824903-06:00"
}
2024/12/31 17:55:25 Received log message from agent {
  "name": "wuauserv",
  "status": "Stopped",
  "timestamp": "2024-12-31T11:55:25.4828607-06:00"
}
2024/12/31 17:55:25 Received log message from agent {
  "name": "EventLog",
  "status": "Running",
  "timestamp": "2024-12-31T11:55:25.4828607-06:00"
}
2024/12/31 17:55:26 Received log message from agent {
  "agent_id": "1234567890",
  "agent_name": "jarvis-agent-windows",
  "data": {
    "cpu": {
      "count": 8,
      "usage_percent": [
        20.3125,
        6.25,
        0,
        26.5625,
        0,
        21.875,
        0,
        6.25
      ]
    },
    "memory": {
      "free": 4246179840,
      "total": 16996769792,
      "usage_percent": 75,
      "used": 12750589952
    }
  },
  "level": "info",
  "message": "System metrics collected",
  "source": "system_monitor",
  "timestamp": "2024-12-31T11:55:25.4826811-06:00",
  "type": "metrics"
}
2024/12/31 17:55:26 Received log message from agent {
  "cpu": {
    "count": 8,
    "usage_percent": [
      20.3125,
      6.25,
      0,
      26.5625,
      0,
      21.875,
      0,
      6.25
    ]
  },
  "memory": {
    "free": 4246179840,
    "total": 16996769792,
    "usage_percent": 75,
    "used": 12750589952
  },
  "network": {
    "bytes_recv": 17748544271,
    "bytes_sent": 2342731482,
    "packets_recv": 16686317,
    "packets_sent": 7872474
  },
  "temperature": [
    {
      "sensor_key": "ACPI\\ThermalZone\\TZ00_0",
      "temperature": 27.85
    },
    {
      "sensor_key": "ACPI\\ThermalZone\\TZ01_0",
      "temperature": 29.85
    }
  ],
  "timestamp": "2024-12-31T11:55:25.4826811-06:00"
}
2024/12/31 18:01:35 Received log message from agent {
  "name": "wuauserv",
  "status": "Stopped",
  "timestamp": "2024-12-31T12:01:35.3204766-06:00"
}
2024/12/31 18:01:35 Received log message from agent {
  "name": "EventLog",
  "status": "Running",
  "timestamp": "2024-12-31T12:01:35.3206545-06:00"
}
2024/12/31 18:01:36 Received log message from agent {
  "agent_id": "1234567890",
  "agent_name": "jarvis-agent-windows",
  "data": {
    "cpu": {
      "count": 8,
      "usage_percent": [
        18.75,
        9.230769230769232,
        4.6875,
        0,
        7.936507936507936,
        76.5625,
        16.923076923076923,
        6.349206349206349
      ]
    },
    "memory": {
      "free": 3980439552,
      "total": 16996769792,
      "usage_percent": 76,
      "used": 13016330240
    }
  },
  "level": "info",
  "message": "System metrics collected",
  "source": "system_monitor",
  "timestamp": "2024-12-31T12:01:35.3201059-06:00",
  "type": "metrics"
}
2024/12/31 18:01:36 Received log message from agent {
  "cpu": {
    "count": 8,
    "usage_percent": [
      18.75,
      9.230769230769232,
      4.6875,
      0,
      7.936507936507936,
      76.5625,
      16.923076923076923,
      6.349206349206349
    ]
  },
  "memory": {
    "free": 3980439552,
    "total": 16996769792,
    "usage_percent": 76,
    "used": 13016330240
  },
  "network": {
    "bytes_recv": 17834316177,
    "bytes_sent": 2345981150,
    "packets_recv": 16745592,
    "packets_sent": 7885092
  },
  "temperature": [
    {
      "sensor_key": "ACPI\\ThermalZone\\TZ00_0",
      "temperature": 27.85
    },
    {
      "sensor_key": "ACPI\\ThermalZone\\TZ01_0",
      "temperature": 29.85
    }
  ],
  "timestamp": "2024-12-31T12:01:35.3201059-06:00"
}
2024/12/31 18:01:38 Received log message from agent {
  "agent_id": "1234567890",
  "agent_name": "jarvis-agent-windows",
  "data": {
    "event": {
      "channel": "Security",
      "computer": "dansDesktop",
      "event_data": {
        "Event": {
          "EventData": {
            "ClientProcessId": "14928",
            "CountOfCredentialsReturned": "1",
            "ProcessCreationTime": "2024-12-16T14:59:56.2501338Z",
            "ReadOperation": "%%8099",
            "ReturnCode": "0",
            "SubjectDomainName": "DANSDESKTOP",
            "SubjectLogonId": "0x4c0db",
            "SubjectUserName": "danfe",
            "SubjectUserSid": "S-1-5-21-1680856076-1700718083-3477311726-1001",
            "TargetName": "NordPass/RecoveryCodeInfo",
            "Type": "1"
          },
          "System": {
            "Channel": "Security",
            "Computer": "dansDesktop",
            "Correlation": {},
            "EventID": "5379",
            "EventRecordID": "8313766",
            "Execution": {
              "ProcessID": "1128",
              "ThreadID": "72460"
            },
            "Keywords": "0x8020000000000000",
            "Level": "0",
            "Opcode": "0",
            "Provider": {
              "Guid": "{54849625-5478-4994-a5ba-3e3b0328c30d}",
              "Name": "Microsoft-Windows-Security-Auditing"
            },
            "Security": {
              "UserID": ""
            },
            "Task": "13824",
            "TimeCreated": {
              "SystemTime": "2024-12-31T18:01:37.9429835Z"
            },
            "Version": "0"
          }
        }
      },
      "level": "0",
      "message": ""
    }
  },
  "level": "Unknown",
  "message": "dansDesktop",
  "source": "windows_logs",
  "timestamp": "2024-12-31T12:01:38.9441339-06:00",
  "type": "event"
}
