2024/12/31 23:25:41 Received log message from agent {
  "agent_id": "1234567890",
  "agent_name": "jarvis-agent-windows",
  "data": {
    "event": {
      "channel": "Security",
      "computer": "dansDesktop",
      "event_data": {
        "Event": {
          "EventData": {
            "ClientProcessId": "14928",
            "CountOfCredentialsReturned": "1",
            "ProcessCreationTime": "2024-12-16T14:59:56.2501338Z",
            "ReadOperation": "%%8099",
            "ReturnCode": "0",
            "SubjectDomainName": "DANSDESKTOP",
            "SubjectLogonId": "0x4c0db",
            "SubjectUserName": "danfe",
            "SubjectUserSid": "S-1-5-21-1680856076-1700718083-3477311726-1001",
            "TargetName": "NordPass/ShouldOpenOnLogin",
            "Type": "1"
          },
          "System": {
            "Channel": "Security",
            "Computer": "dansDesktop",
            "Correlation": {},
            "EventID": "5379",
            "EventRecordID": "8332334",
            "Execution": {
              "ProcessID": "1128",
              "ThreadID": "19024"
            },
            "Keywords": "0x8020000000000000",
            "Level": "0",
            "Opcode": "0",
            "Provider": {
              "Guid": "{54849625-5478-4994-a5ba-3e3b0328c30d}",
              "Name": "Microsoft-Windows-Security-Auditing"
            },
            "Security": {
              "UserID": ""
            },
            "Task": "13824",
            "TimeCreated": {
              "SystemTime": "2024-12-31T23:25:40.4438361Z"
            },
            "Version": "0"
          }
        }
      },
      "level": "0",
      "message": ""
    }
  },
  "level": "Unknown",
  "message": "dansDesktop",
  "source": "windows_logs",
  "timestamp": "2024-12-31T17:25:41.4811186-06:00",
  "type": "event"
}
2024/12/31 23:25:41 Received log message from agent {
  "agent_id": "1234567890",
  "agent_name": "jarvis-agent-windows",
  "data": {
    "event": {
      "channel": "Security",
      "computer": "dansDesktop",
      "event_data": {
        "Event": {
          "EventData": {
            "ClientProcessId": "14928",
            "CountOfCredentialsReturned": "1",
            "ProcessCreationTime": "2024-12-16T14:59:56.2501338Z",
            "ReadOperation": "%%8099",
            "ReturnCode": "0",
            "SubjectDomainName": "DANSDESKTOP",
            "SubjectLogonId": "0x4c0db",
            "SubjectUserName": "danfe",
            "SubjectUserSid": "S-1-5-21-1680856076-1700718083-3477311726-1001",
            "TargetName": "NordPass/DbHash",
            "Type": "1"
          },
          "System": {
            "Channel": "Security",
            "Computer": "dansDesktop",
            "Correlation": {},
            "EventID": "5379",
            "EventRecordID": "8332335",
            "Execution": {
              "ProcessID": "1128",
              "ThreadID": "9708"
            },
            "Keywords": "0x8020000000000000",
            "Level": "0",
            "Opcode": "0",
            "Provider": {
              "Guid": "{54849625-5478-4994-a5ba-3e3b0328c30d}",
              "Name": "Microsoft-Windows-Security-Auditing"
            },
            "Security": {
              "UserID": ""
            },
            "Task": "13824",
            "TimeCreated": {
              "SystemTime": "2024-12-31T23:25:40.4439035Z"
            },
            "Version": "0"
          }
        }
      },
      "level": "0",
      "message": ""
    }
  },
  "level": "Unknown",
  "message": "dansDesktop",
  "source": "windows_logs",
  "timestamp": "2024-12-31T17:25:41.482207-06:00",
  "type": "event"
}
2024/12/31 23:25:41 Received log message from agent {
  "agent_id": "1234567890",
  "agent_name": "jarvis-agent-windows",
  "data": {
    "event": {
      "channel": "Security",
      "computer": "dansDesktop",
      "event_data": {
        "Event": {
          "EventData": {
            "ClientProcessId": "14928",
            "CountOfCredentialsReturned": "1",
            "ProcessCreationTime": "2024-12-16T14:59:56.2501338Z",
            "ReadOperation": "%%8099",
            "ReturnCode": "0",
            "SubjectDomainName": "DANSDESKTOP",
            "SubjectLogonId": "0x4c0db",
            "SubjectUserName": "danfe",
            "SubjectUserSid": "S-1-5-21-1680856076-1700718083-3477311726-1001",
            "TargetName": "NordPass/AppTheme",
            "Type": "1"
          },
          "System": {
            "Channel": "Security",
            "Computer": "dansDesktop",
            "Correlation": {},
            "EventID": "5379",
            "EventRecordID": "8332336",
            "Execution": {
              "ProcessID": "1128",
              "ThreadID": "19024"
            },
            "Keywords": "0x8020000000000000",
            "Level": "0",
            "Opcode": "0",
            "Provider": {
              "Guid": "{54849625-5478-4994-a5ba-3e3b0328c30d}",
              "Name": "Microsoft-Windows-Security-Auditing"
            },
            "Security": {
              "UserID": ""
            },
            "Task": "13824",
            "TimeCreated": {
              "SystemTime": "2024-12-31T23:25:40.4439439Z"
            },
            "Version": "0"
          }
        }
      },
      "level": "0",
      "message": ""
    }
  },
  "level": "Unknown",
  "message": "dansDesktop",
  "source": "windows_logs",
  "timestamp": "2024-12-31T17:25:41.4827255-06:00",
  "type": "event"
}
2024/12/31 23:25:41 Received log message from agent {
  "agent_id": "1234567890",
  "agent_name": "jarvis-agent-windows",
  "data": {
    "event": {
      "channel": "Security",
      "computer": "dansDesktop",
      "event_data": {
        "Event": {
          "EventData": {
            "ClientProcessId": "14928",
            "CountOfCredentialsReturned": "1",
            "ProcessCreationTime": "2024-12-16T14:59:56.2501338Z",
            "ReadOperation": "%%8099",
            "ReturnCode": "0",
            "SubjectDomainName": "DANSDESKTOP",
            "SubjectLogonId": "0x4c0db",
            "SubjectUserName": "danfe",
            "SubjectUserSid": "S-1-5-21-1680856076-1700718083-3477311726-1001",
            "TargetName": "NordPass/AppLocale",
            "Type": "1"
          },
          "System": {
            "Channel": "Security",
            "Computer": "dansDesktop",
            "Correlation": {},
            "EventID": "5379",
            "EventRecordID": "8332337",
            "Execution": {
              "ProcessID": "1128",
              "ThreadID": "11992"
            },
            "Keywords": "0x8020000000000000",
            "Level": "0",
            "Opcode": "0",
            "Provider": {
              "Guid": "{54849625-5478-4994-a5ba-3e3b0328c30d}",
              "Name": "Microsoft-Windows-Security-Auditing"
            },
            "Security": {
              "UserID": ""
            },
            "Task": "13824",
            "TimeCreated": {
              "SystemTime": "2024-12-31T23:25:40.4439798Z"
            },
            "Version": "0"
          }
        }
      },
      "level": "0",
      "message": ""
    }
  },
  "level": "Unknown",
  "message": "dansDesktop",
  "source": "windows_logs",
  "timestamp": "2024-12-31T17:25:41.4837865-06:00",
  "type": "event"
}
2024/12/31 23:25:41 Received log message from agent {
  "agent_id": "1234567890",
  "agent_name": "jarvis-agent-windows",
  "data": {
    "event": {
      "channel": "Security",
      "computer": "dansDesktop",
      "event_data": {
        "Event": {
          "EventData": {
            "ClientProcessId": "14928",
            "CountOfCredentialsReturned": "1",
            "ProcessCreationTime": "2024-12-16T14:59:56.2501338Z",
            "ReadOperation": "%%8099",
            "ReturnCode": "0",
            "SubjectDomainName": "DANSDESKTOP",
            "SubjectLogonId": "0x4c0db",
            "SubjectUserName": "danfe",
            "SubjectUserSid": "S-1-5-21-1680856076-1700718083-3477311726-1001",
            "TargetName": "NordPass/AppVersion",
            "Type": "1"
          },
          "System": {
            "Channel": "Security",
            "Computer": "dansDesktop",
            "Correlation": {},
            "EventID": "5379",
            "EventRecordID": "8332338",
            "Execution": {
              "ProcessID": "1128",
              "ThreadID": "70568"
            },
            "Keywords": "0x8020000000000000",
            "Level": "0",
            "Opcode": "0",
            "Provider": {
              "Guid": "{54849625-5478-4994-a5ba-3e3b0328c30d}",
              "Name": "Microsoft-Windows-Security-Auditing"
            },
            "Security": {
              "UserID": ""
            },
            "Task": "13824",
            "TimeCreated": {
              "SystemTime": "2024-12-31T23:25:40.4440268Z"
            },
            "Version": "0"
          }
        }
      },
      "level": "0",
      "message": ""
    }
  },
  "level": "Unknown",
  "message": "dansDesktop",
  "source": "windows_logs",
  "timestamp": "2024-12-31T17:25:41.4849471-06:00",
  "type": "event"
}
2024/12/31 23:25:41 Received log message from agent {
  "agent_id": "1234567890",
  "agent_name": "jarvis-agent-windows",
  "data": {
    "event": {
      "channel": "Security",
      "computer": "dansDesktop",
      "event_data": {
        "Event": {
          "EventData": {
            "ClientProcessId": "14928",
            "CountOfCredentialsReturned": "1",
            "ProcessCreationTime": "2024-12-16T14:59:56.2501338Z",
            "ReadOperation": "%%8099",
            "ReturnCode": "0",
            "SubjectDomainName": "DANSDESKTOP",
            "SubjectLogonId": "0x4c0db",
            "SubjectUserName": "danfe",
            "SubjectUserSid": "S-1-5-21-1680856076-1700718083-3477311726-1001",
            "TargetName": "NordPass/split_Features0",
            "Type": "1"
          },
          "System": {
            "Channel": "Security",
            "Computer": "dansDesktop",
            "Correlation": {},
            "EventID": "5379",
            "EventRecordID": "8332339",
            "Execution": {
              "ProcessID": "1128",
              "ThreadID": "11992"
            },
            "Keywords": "0x8020000000000000",
            "Level": "0",
            "Opcode": "0",
            "Provider": {
              "Guid": "{54849625-5478-4994-a5ba-3e3b0328c30d}",
              "Name": "Microsoft-Windows-Security-Auditing"
            },
            "Security": {
              "UserID": ""
            },
            "Task": "13824",
            "TimeCreated": {
              "SystemTime": "2024-12-31T23:25:40.4442316Z"
            },
            "Version": "0"
          }
        }
      },
      "level": "0",
      "message": ""
    }
  },
  "level": "Unknown",
  "message": "dansDesktop",
  "source": "windows_logs",
  "timestamp": "2024-12-31T17:25:41.4854644-06:00",
  "type": "event"
}
2024/12/31 23:25:41 Received log message from agent {
  "agent_id": "1234567890",
  "agent_name": "jarvis-agent-windows",
  "data": {
    "event": {
      "channel": "Security",
      "computer": "dansDesktop",
      "event_data": {
        "Event": {
          "EventData": {
            "ClientProcessId": "14928",
            "CountOfCredentialsReturned": "1",
            "ProcessCreationTime": "2024-12-16T14:59:56.2501338Z",
            "ReadOperation": "%%8099",
            "ReturnCode": "0",
            "SubjectDomainName": "DANSDESKTOP",
            "SubjectLogonId": "0x4c0db",
            "SubjectUserName": "danfe",
            "SubjectUserSid": "S-1-5-21-1680856076-1700718083-3477311726-1001",
            "TargetName": "NordPass/AccountList",
            "Type": "1"
          },
          "System": {
            "Channel": "Security",
            "Computer": "dansDesktop",
            "Correlation": {},
            "EventID": "5379",
            "EventRecordID": "8332340",
            "Execution": {
              "ProcessID": "1128",
              "ThreadID": "19024"
            },
            "Keywords": "0x8020000000000000",
            "Level": "0",
            "Opcode": "0",
            "Provider": {
              "Guid": "{54849625-5478-4994-a5ba-3e3b0328c30d}",
              "Name": "Microsoft-Windows-Security-Auditing"
            },
            "Security": {
              "UserID": ""
            },
            "Task": "13824",
            "TimeCreated": {
              "SystemTime": "2024-12-31T23:25:40.4442638Z"
            },
            "Version": "0"
          }
        }
      },
      "level": "0",
      "message": ""
    }
  },
  "level": "Unknown",
  "message": "dansDesktop",
  "source": "windows_logs",
  "timestamp": "2024-12-31T17:25:41.4865312-06:00",
  "type": "event"
}
2024/12/31 23:25:41 Received log message from agent {
  "agent_id": "1234567890",
  "agent_name": "jarvis-agent-windows",
  "data": {
    "event": {
      "channel": "Security",
      "computer": "dansDesktop",
      "event_data": {
        "Event": {
          "EventData": {
            "ClientProcessId": "14928",
            "CountOfCredentialsReturned": "1",
            "ProcessCreationTime": "2024-12-16T14:59:56.2501338Z",
            "ReadOperation": "%%8099",
            "ReturnCode": "0",
            "SubjectDomainName": "DANSDESKTOP",
            "SubjectLogonId": "0x4c0db",
            "SubjectUserName": "danfe",
            "SubjectUserSid": "S-1-5-21-1680856076-1700718083-3477311726-1001",
            "TargetName": "NordPass/split_Features1",
            "Type": "1"
          },
          "System": {
            "Channel": "Security",
            "Computer": "dansDesktop",
            "Correlation": {},
            "EventID": "5379",
            "EventRecordID": "8332341",
            "Execution": {
              "ProcessID": "1128",
              "ThreadID": "19024"
            },
            "Keywords": "0x8020000000000000",
            "Level": "0",
            "Opcode": "0",
            "Provider": {
              "Guid": "{54849625-5478-4994-a5ba-3e3b0328c30d}",
              "Name": "Microsoft-Windows-Security-Auditing"
            },
            "Security": {
              "UserID": ""
            },
            "Task": "13824",
            "TimeCreated": {
              "SystemTime": "2024-12-31T23:25:40.4448053Z"
            },
            "Version": "0"
          }
        }
      },
      "level": "0",
      "message": ""
    }
  },
  "level": "Unknown",
  "message": "dansDesktop",
  "source": "windows_logs",
  "timestamp": "2024-12-31T17:25:41.4870475-06:00",
  "type": "event"
}
2024/12/31 23:25:41 Received log message from agent {
  "agent_id": "1234567890",
  "agent_name": "jarvis-agent-windows",
  "data": {
    "event": {
      "channel": "Security",
      "computer": "dansDesktop",
      "event_data": {
        "Event": {
          "EventData": {
            "ClientProcessId": "14928",
            "CountOfCredentialsReturned": "1",
            "ProcessCreationTime": "2024-12-16T14:59:56.2501338Z",
            "ReadOperation": "%%8099",
            "ReturnCode": "0",
            "SubjectDomainName": "DANSDESKTOP",
            "SubjectLogonId": "0x4c0db",
            "SubjectUserName": "danfe",
            "SubjectUserSid": "S-1-5-21-1680856076-1700718083-3477311726-1001",
            "TargetName": "NordPass/split_Features2",
            "Type": "1"
          },
          "System": {
            "Channel": "Security",
            "Computer": "dansDesktop",
            "Correlation": {},
            "EventID": "5379",
            "EventRecordID": "8332342",
            "Execution": {
              "ProcessID": "1128",
              "ThreadID": "19024"
            },
            "Keywords": "0x8020000000000000",
            "Level": "0",
            "Opcode": "0",
            "Provider": {
              "Guid": "{54849625-5478-4994-a5ba-3e3b0328c30d}",
              "Name": "Microsoft-Windows-Security-Auditing"
            },
            "Security": {
              "UserID": ""
            },
            "Task": "13824",
            "TimeCreated": {
              "SystemTime": "2024-12-31T23:25:40.4453376Z"
            },
            "Version": "0"
          }
        }
      },
      "level": "0",
      "message": ""
    }
  },
  "level": "Unknown",
  "message": "dansDesktop",
  "source": "windows_logs",
  "timestamp": "2024-12-31T17:25:41.4880837-06:00",
  "type": "event"
}
2024/12/31 23:25:41 Received log message from agent {
  "agent_id": "1234567890",
  "agent_name": "jarvis-agent-windows",
  "data": {
    "event": {
      "channel": "Security",
      "computer": "dansDesktop",
      "event_data": {
        "Event": {
          "EventData": {
            "ClientProcessId": "14928",
            "CountOfCredentialsReturned": "1",
            "ProcessCreationTime": "2024-12-16T14:59:56.2501338Z",
            "ReadOperation": "%%8099",
            "ReturnCode": "0",
            "SubjectDomainName": "DANSDESKTOP",
            "SubjectLogonId": "0x4c0db",
            "SubjectUserName": "danfe",
            "SubjectUserSid": "S-1-5-21-1680856076-1700718083-3477311726-1001",
            "TargetName": "NordPass/split_Features3",
            "Type": "1"
          },
          "System": {
            "Channel": "Security",
            "Computer": "dansDesktop",
            "Correlation": {},
            "EventID": "5379",
            "EventRecordID": "8332343",
            "Execution": {
              "ProcessID": "1128",
              "ThreadID": "19024"
            },
            "Keywords": "0x8020000000000000",
            "Level": "0",
            "Opcode": "0",
            "Provider": {
              "Guid": "{54849625-5478-4994-a5ba-3e3b0328c30d}",
              "Name": "Microsoft-Windows-Security-Auditing"
            },
            "Security": {
              "UserID": ""
            },
            "Task": "13824",
            "TimeCreated": {
              "SystemTime": "2024-12-31T23:25:40.4458907Z"
            },
            "Version": "0"
          }
        }
      },
      "level": "0",
      "message": ""
    }
  },
  "level": "Unknown",
  "message": "dansDesktop",
  "source": "windows_logs",
  "timestamp": "2024-12-31T17:25:41.4891189-06:00",
  "type": "event"
}
2024/12/31 23:25:41 Received log message from agent {
  "agent_id": "1234567890",
  "agent_name": "jarvis-agent-windows",
  "data": {
    "event": {
      "channel": "Security",
      "computer": "dansDesktop",
      "event_data": {
        "Event": {
          "EventData": {
            "ClientProcessId": "14928",
            "CountOfCredentialsReturned": "1",
            "ProcessCreationTime": "2024-12-16T14:59:56.2501338Z",
            "ReadOperation": "%%8099",
            "ReturnCode": "0",
            "SubjectDomainName": "DANSDESKTOP",
            "SubjectLogonId": "0x4c0db",
            "SubjectUserName": "danfe",
            "SubjectUserSid": "S-1-5-21-1680856076-1700718083-3477311726-1001",
            "TargetName": "NordPass/split_Features4",
            "Type": "1"
          },
          "System": {
            "Channel": "Security",
            "Computer": "dansDesktop",
            "Correlation": {},
            "EventID": "5379",
            "EventRecordID": "8332344",
            "Execution": {
              "ProcessID": "1128",
              "ThreadID": "19024"
            },
            "Keywords": "0x8020000000000000",
            "Level": "0",
            "Opcode": "0",
            "Provider": {
              "Guid": "{54849625-5478-4994-a5ba-3e3b0328c30d}",
              "Name": "Microsoft-Windows-Security-Auditing"
            },
            "Security": {
              "UserID": ""
            },
            "Task": "13824",
            "TimeCreated": {
              "SystemTime": "2024-12-31T23:25:40.4464142Z"
            },
            "Version": "0"
          }
        }
      },
      "level": "0",
      "message": ""
    }
  },
  "level": "Unknown",
  "message": "dansDesktop",
  "source": "windows_logs",
  "timestamp": "2024-12-31T17:25:41.4913649-06:00",
  "type": "event"
}
2024/12/31 23:25:41 Received log message from agent {
  "agent_id": "1234567890",
  "agent_name": "jarvis-agent-windows",
  "data": {
    "event": {
      "channel": "Security",
      "computer": "dansDesktop",
      "event_data": {
        "Event": {
          "EventData": {
            "ClientProcessId": "14928",
            "CountOfCredentialsReturned": "1",
            "ProcessCreationTime": "2024-12-16T14:59:56.2501338Z",
            "ReadOperation": "%%8099",
            "ReturnCode": "0",
            "SubjectDomainName": "DANSDESKTOP",
            "SubjectLogonId": "0x4c0db",
            "SubjectUserName": "danfe",
            "SubjectUserSid": "S-1-5-21-1680856076-1700718083-3477311726-1001",
            "TargetName": "NordPass/split_Features5",
            "Type": "1"
          },
          "System": {
            "Channel": "Security",
            "Computer": "dansDesktop",
            "Correlation": {},
            "EventID": "5379",
            "EventRecordID": "8332345",
            "Execution": {
              "ProcessID": "1128",
              "ThreadID": "19024"
            },
            "Keywords": "0x8020000000000000",
            "Level": "0",
            "Opcode": "0",
            "Provider": {
              "Guid": "{54849625-5478-4994-a5ba-3e3b0328c30d}",
              "Name": "Microsoft-Windows-Security-Auditing"
            },
            "Security": {
              "UserID": ""
            },
            "Task": "13824",
            "TimeCreated": {
              "SystemTime": "2024-12-31T23:25:40.4469384Z"
            },
            "Version": "0"
          }
        }
      },
      "level": "0",
      "message": ""
    }
  },
  "level": "Unknown",
  "message": "dansDesktop",
  "source": "windows_logs",
  "timestamp": "2024-12-31T17:25:41.4929903-06:00",
  "type": "event"
}
2024/12/31 23:25:41 Received log message from agent {
  "agent_id": "1234567890",
  "agent_name": "jarvis-agent-windows",
  "data": {
    "event": {
      "channel": "Security",
      "computer": "dansDesktop",
      "event_data": {
        "Event": {
          "EventData": {
            "ClientProcessId": "14928",
            "CountOfCredentialsReturned": "1",
            "ProcessCreationTime": "2024-12-16T14:59:56.2501338Z",
            "ReadOperation": "%%8099",
            "ReturnCode": "0",
            "SubjectDomainName": "DANSDESKTOP",
            "SubjectLogonId": "0x4c0db",
            "SubjectUserName": "danfe",
            "SubjectUserSid": "S-1-5-21-1680856076-1700718083-3477311726-1001",
            "TargetName": "NordPass/split_Features6",
            "Type": "1"
          },
          "System": {
            "Channel": "Security",
            "Computer": "dansDesktop",
            "Correlation": {},
            "EventID": "5379",
            "EventRecordID": "8332346",
            "Execution": {
              "ProcessID": "1128",
              "ThreadID": "19024"
            },
            "Keywords": "0x8020000000000000",
            "Level": "0",
            "Opcode": "0",
            "Provider": {
              "Guid": "{54849625-5478-4994-a5ba-3e3b0328c30d}",
              "Name": "Microsoft-Windows-Security-Auditing"
            },
            "Security": {
              "UserID": ""
            },
            "Task": "13824",
            "TimeCreated": {
              "SystemTime": "2024-12-31T23:25:40.4474583Z"
            },
            "Version": "0"
          }
        }
      },
      "level": "0",
      "message": ""
    }
  },
  "level": "Unknown",
  "message": "dansDesktop",
  "source": "windows_logs",
  "timestamp": "2024-12-31T17:25:41.49413-06:00",
  "type": "event"
}
2024/12/31 23:25:41 Received log message from agent {
  "agent_id": "1234567890",
  "agent_name": "jarvis-agent-windows",
  "data": {
    "event": {
      "channel": "Security",
      "computer": "dansDesktop",
      "event_data": {
        "Event": {
          "EventData": {
            "ClientProcessId": "14928",
            "CountOfCredentialsReturned": "1",
            "ProcessCreationTime": "2024-12-16T14:59:56.2501338Z",
            "ReadOperation": "%%8099",
            "ReturnCode": "0",
            "SubjectDomainName": "DANSDESKTOP",
            "SubjectLogonId": "0x4c0db",
            "SubjectUserName": "danfe",
            "SubjectUserSid": "S-1-5-21-1680856076-1700718083-3477311726-1001",
            "TargetName": "NordPass/split_Features7",
            "Type": "1"
          },
          "System": {
            "Channel": "Security",
            "Computer": "dansDesktop",
            "Correlation": {},
            "EventID": "5379",
            "EventRecordID": "8332347",
            "Execution": {
              "ProcessID": "1128",
              "ThreadID": "19024"
            },
            "Keywords": "0x8020000000000000",
            "Level": "0",
            "Opcode": "0",
            "Provider": {
              "Guid": "{54849625-5478-4994-a5ba-3e3b0328c30d}",
              "Name": "Microsoft-Windows-Security-Auditing"
            },
            "Security": {
              "UserID": ""
            },
            "Task": "13824",
            "TimeCreated": {
              "SystemTime": "2024-12-31T23:25:40.4479936Z"
            },
            "Version": "0"
          }
        }
      },
      "level": "0",
      "message": ""
    }
  },
  "level": "Unknown",
  "message": "dansDesktop",
  "source": "windows_logs",
  "timestamp": "2024-12-31T17:25:41.4953826-06:00",
  "type": "event"
}
2024/12/31 23:25:41 Received log message from agent {
  "agent_id": "1234567890",
  "agent_name": "jarvis-agent-windows",
  "data": {
    "event": {
      "channel": "Security",
      "computer": "dansDesktop",
      "event_data": {
        "Event": {
          "EventData": {
            "ClientProcessId": "14928",
            "CountOfCredentialsReturned": "1",
            "ProcessCreationTime": "2024-12-16T14:59:56.2501338Z",
            "ReadOperation": "%%8099",
            "ReturnCode": "0",
            "SubjectDomainName": "DANSDESKTOP",
            "SubjectLogonId": "0x4c0db",
            "SubjectUserName": "danfe",
            "SubjectUserSid": "S-1-5-21-1680856076-1700718083-3477311726-1001",
            "TargetName": "NordPass/split_Features8",
            "Type": "1"
          },
          "System": {
            "Channel": "Security",
            "Computer": "dansDesktop",
            "Correlation": {},
            "EventID": "5379",
            "EventRecordID": "8332348",
            "Execution": {
              "ProcessID": "1128",
              "ThreadID": "19024"
            },
            "Keywords": "0x8020000000000000",
            "Level": "0",
            "Opcode": "0",
            "Provider": {
              "Guid": "{54849625-5478-4994-a5ba-3e3b0328c30d}",
              "Name": "Microsoft-Windows-Security-Auditing"
            },
            "Security": {
              "UserID": ""
            },
            "Task": "13824",
            "TimeCreated": {
              "SystemTime": "2024-12-31T23:25:40.4485197Z"
            },
            "Version": "0"
          }
        }
      },
      "level": "0",
      "message": ""
    }
  },
  "level": "Unknown",
  "message": "dansDesktop",
  "source": "windows_logs",
  "timestamp": "2024-12-31T17:25:41.4964168-06:00",
  "type": "event"
}
2024/12/31 23:25:41 Received log message from agent {
  "agent_id": "1234567890",
  "agent_name": "jarvis-agent-windows",
  "data": {
    "event": {
      "channel": "Security",
      "computer": "dansDesktop",
      "event_data": {
        "Event": {
          "EventData": {
            "ClientProcessId": "14928",
            "CountOfCredentialsReturned": "1",
            "ProcessCreationTime": "2024-12-16T14:59:56.2501338Z",
            "ReadOperation": "%%8099",
            "ReturnCode": "0",
            "SubjectDomainName": "DANSDESKTOP",
            "SubjectLogonId": "0x4c0db",
            "SubjectUserName": "danfe",
            "SubjectUserSid": "S-1-5-21-1680856076-1700718083-3477311726-1001",
            "TargetName": "NordPass/split_Features9",
            "Type": "1"
          },
          "System": {
            "Channel": "Security",
            "Computer": "dansDesktop",
            "Correlation": {},
            "EventID": "5379",
            "EventRecordID": "8332349",
            "Execution": {
              "ProcessID": "1128",
              "ThreadID": "19024"
            },
            "Keywords": "0x8020000000000000",
            "Level": "0",
            "Opcode": "0",
            "Provider": {
              "Guid": "{54849625-5478-4994-a5ba-3e3b0328c30d}",
              "Name": "Microsoft-Windows-Security-Auditing"
            },
            "Security": {
              "UserID": ""
            },
            "Task": "13824",
            "TimeCreated": {
              "SystemTime": "2024-12-31T23:25:40.4490338Z"
            },
            "Version": "0"
          }
        }
      },
      "level": "0",
      "message": ""
    }
  },
  "level": "Unknown",
  "message": "dansDesktop",
  "source": "windows_logs",
  "timestamp": "2024-12-31T17:25:41.4979687-06:00",
  "type": "event"
}
2024/12/31 23:25:41 Received log message from agent {
  "agent_id": "1234567890",
  "agent_name": "jarvis-agent-windows",
  "data": {
    "event": {
      "channel": "Security",
      "computer": "dansDesktop",
      "event_data": {
        "Event": {
          "EventData": {
            "ClientProcessId": "14928",
            "CountOfCredentialsReturned": "1",
            "ProcessCreationTime": "2024-12-16T14:59:56.2501338Z",
            "ReadOperation": "%%8099",
            "ReturnCode": "0",
            "SubjectDomainName": "DANSDESKTOP",
            "SubjectLogonId": "0x4c0db",
            "SubjectUserName": "danfe",
            "SubjectUserSid": "S-1-5-21-1680856076-1700718083-3477311726-1001",
            "TargetName": "NordPass/split_Features10",
            "Type": "1"
          },
          "System": {
            "Channel": "Security",
            "Computer": "dansDesktop",
            "Correlation": {},
            "EventID": "5379",
            "EventRecordID": "8332350",
            "Execution": {
              "ProcessID": "1128",
              "ThreadID": "19024"
            },
            "Keywords": "0x8020000000000000",
            "Level": "0",
            "Opcode": "0",
            "Provider": {
              "Guid": "{54849625-5478-4994-a5ba-3e3b0328c30d}",
              "Name": "Microsoft-Windows-Security-Auditing"
            },
            "Security": {
              "UserID": ""
            },
            "Task": "13824",
            "TimeCreated": {
              "SystemTime": "2024-12-31T23:25:40.4495336Z"
            },
            "Version": "0"
          }
        }
      },
      "level": "0",
      "message": ""
    }
  },
  "level": "Unknown",
  "message": "dansDesktop",
  "source": "windows_logs",
  "timestamp": "2024-12-31T17:25:41.4990127-06:00",
  "type": "event"
}
2024/12/31 23:25:41 Received log message from agent {
  "agent_id": "1234567890",
  "agent_name": "jarvis-agent-windows",
  "data": {
    "event": {
      "channel": "Security",
      "computer": "dansDesktop",
      "event_data": {
        "Event": {
          "EventData": {
            "ClientProcessId": "14928",
            "CountOfCredentialsReturned": "1",
            "ProcessCreationTime": "2024-12-16T14:59:56.2501338Z",
            "ReadOperation": "%%8099",
            "ReturnCode": "0",
            "SubjectDomainName": "DANSDESKTOP",
            "SubjectLogonId": "0x4c0db",
            "SubjectUserName": "danfe",
            "SubjectUserSid": "S-1-5-21-1680856076-1700718083-3477311726-1001",
            "TargetName": "NordPass/split_Features11",
            "Type": "1"
          },
          "System": {
            "Channel": "Security",
            "Computer": "dansDesktop",
            "Correlation": {},
            "EventID": "5379",
            "EventRecordID": "8332351",
            "Execution": {
              "ProcessID": "1128",
              "ThreadID": "19024"
            },
            "Keywords": "0x8020000000000000",
            "Level": "0",
            "Opcode": "0",
            "Provider": {
              "Guid": "{54849625-5478-4994-a5ba-3e3b0328c30d}",
              "Name": "Microsoft-Windows-Security-Auditing"
            },
            "Security": {
              "UserID": ""
            },
            "Task": "13824",
            "TimeCreated": {
              "SystemTime": "2024-12-31T23:25:40.4500666Z"
            },
            "Version": "0"
          }
        }
      },
      "level": "0",
      "message": ""
    }
  },
  "level": "Unknown",
  "message": "dansDesktop",
  "source": "windows_logs",
  "timestamp": "2024-12-31T17:25:41.4996546-06:00",
  "type": "event"
}
2024/12/31 23:25:41 Received log message from agent {
  "agent_id": "1234567890",
  "agent_name": "jarvis-agent-windows",
  "data": {
    "event": {
      "channel": "Security",
      "computer": "dansDesktop",
      "event_data": {
        "Event": {
          "EventData": {
            "ClientProcessId": "14928",
            "CountOfCredentialsReturned": "1",
            "ProcessCreationTime": "2024-12-16T14:59:56.2501338Z",
            "ReadOperation": "%%8099",
            "ReturnCode": "0",
            "SubjectDomainName": "DANSDESKTOP",
            "SubjectLogonId": "0x4c0db",
            "SubjectUserName": "danfe",
            "SubjectUserSid": "S-1-5-21-1680856076-1700718083-3477311726-1001",
            "TargetName": "NordPass/split_Features12",
            "Type": "1"
          },
          "System": {
            "Channel": "Security",
            "Computer": "dansDesktop",
            "Correlation": {},
            "EventID": "5379",
            "EventRecordID": "8332352",
            "Execution": {
              "ProcessID": "1128",
              "ThreadID": "19024"
            },
            "Keywords": "0x8020000000000000",
            "Level": "0",
            "Opcode": "0",
            "Provider": {
              "Guid": "{54849625-5478-4994-a5ba-3e3b0328c30d}",
              "Name": "Microsoft-Windows-Security-Auditing"
            },
            "Security": {
              "UserID": ""
            },
            "Task": "13824",
            "TimeCreated": {
              "SystemTime": "2024-12-31T23:25:40.4509555Z"
            },
            "Version": "0"
          }
        }
      },
      "level": "0",
      "message": ""
    }
  },
  "level": "Unknown",
  "message": "dansDesktop",
  "source": "windows_logs",
  "timestamp": "2024-12-31T17:25:41.5007145-06:00",
  "type": "event"
}
2024/12/31 23:25:43 Received log message from agent {
  "name": "wuauserv",
  "status": "Stopped",
  "timestamp": "2024-12-31T17:25:43.0386832-06:00"
}
2024/12/31 23:25:43 Received log message from agent {
  "name": "EventLog",
  "status": "Running",
  "timestamp": "2024-12-31T17:25:43.0390991-06:00"
}
2024/12/31 23:25:44 Received log message from agent {
  "agent_id": "1234567890",
  "agent_name": "jarvis-agent-windows",
  "data": {
    "cpu": {
      "count": 8,
      "usage_percent": [
        33.33333333333333,
        6.25,
        1.5625,
        7.8125,
        9.375,
        1.5384615384615385,
        0,
        29.230769230769234
      ]
    },
    "memory": {
      "free": 3912163328,
      "total": 16996769792,
      "usage_percent": 76,
      "used": 13084606464
    }
  },
  "level": "info",
  "message": "System metrics collected",
  "source": "system_monitor",
  "timestamp": "2024-12-31T17:25:43.0382756-06:00",
  "type": "metrics"
}
2024/12/31 23:25:44 Received log message from agent {
  "cpu": {
    "count": 8,
    "usage_percent": [
      33.33333333333333,
      6.25,
      1.5625,
      7.8125,
      9.375,
      1.5384615384615385,
      0,
      29.230769230769234
    ]
  },
  "memory": {
    "free": 3912163328,
    "total": 16996769792,
    "usage_percent": 76,
    "used": 13084606464
  },
  "network": {
    "bytes_recv": 18453828961,
    "bytes_sent": 2434418245,
    "packets_recv": 17353909,
    "packets_sent": 8097205
  },
  "temperature": [
    {
      "sensor_key": "ACPI\\ThermalZone\\TZ00_0",
      "temperature": 27.85
    },
    {
      "sensor_key": "ACPI\\ThermalZone\\TZ01_0",
      "temperature": 29.85
    }
  ],
  "timestamp": "2024-12-31T17:25:43.0382756-06:00"
}
2024/12/31 23:31:41 Received log message from agent {
  "agent_id": "1234567890",
  "agent_name": "jarvis-agent-windows",
  "data": {
    "event": {
      "channel": "Security",
      "computer": "dansDesktop",
      "event_data": {
        "Event": {
          "EventData": {
            "ClientProcessId": "14928",
            "CountOfCredentialsReturned": "1",
            "ProcessCreationTime": "2024-12-16T14:59:56.2501338Z",
            "ReadOperation": "%%8099",
            "ReturnCode": "0",
            "SubjectDomainName": "DANSDESKTOP",
            "SubjectLogonId": "0x4c0db",
            "SubjectUserName": "danfe",
            "SubjectUserSid": "S-1-5-21-1680856076-1700718083-3477311726-1001",
            "TargetName": "NordPass/RecoveryCodeInfo",
            "Type": "1"
          },
          "System": {
            "Channel": "Security",
            "Computer": "dansDesktop",
            "Correlation": {},
            "EventID": "5379",
            "EventRecordID": "8332632",
            "Execution": {
              "ProcessID": "1128",
              "ThreadID": "66420"
            },
            "Keywords": "0x8020000000000000",
            "Level": "0",
            "Opcode": "0",
            "Provider": {
              "Guid": "{54849625-5478-4994-a5ba-3e3b0328c30d}",
              "Name": "Microsoft-Windows-Security-Auditing"
            },
            "Security": {
              "UserID": ""
            },
            "Task": "13824",
            "TimeCreated": {
              "SystemTime": "2024-12-31T23:31:40.4874706Z"
            },
            "Version": "0"
          }
        }
      },
      "level": "0",
      "message": ""
    }
  },
  "level": "Unknown",
  "message": "dansDesktop",
  "source": "windows_logs",
  "timestamp": "2024-12-31T17:31:41.4908777-06:00",
  "type": "event"
}
2024/12/31 23:31:41 Received log message from agent {
  "agent_id": "1234567890",
  "agent_name": "jarvis-agent-windows",
  "data": {
    "event": {
      "channel": "Security",
      "computer": "dansDesktop",
      "event_data": {
        "Event": {
          "EventData": {
            "ClientProcessId": "14928",
            "CountOfCredentialsReturned": "1",
            "ProcessCreationTime": "2024-12-16T14:59:56.2501338Z",
            "ReadOperation": "%%8099",
            "ReturnCode": "0",
            "SubjectDomainName": "DANSDESKTOP",
            "SubjectLogonId": "0x4c0db",
            "SubjectUserName": "danfe",
            "SubjectUserSid": "S-1-5-21-1680856076-1700718083-3477311726-1001",
            "TargetName": "NordPass/PasswordGenerator",
            "Type": "1"
          },
          "System": {
            "Channel": "Security",
            "Computer": "dansDesktop",
            "Correlation": {},
            "EventID": "5379",
            "EventRecordID": "8332633",
            "Execution": {
              "ProcessID": "1128",
              "ThreadID": "65936"
            },
            "Keywords": "0x8020000000000000",
            "Level": "0",
            "Opcode": "0",
            "Provider": {
              "Guid": "{54849625-5478-4994-a5ba-3e3b0328c30d}",
              "Name": "Microsoft-Windows-Security-Auditing"
            },
            "Security": {
              "UserID": ""
            },
            "Task": "13824",
            "TimeCreated": {
              "SystemTime": "2024-12-31T23:31:40.4874891Z"
            },
            "Version": "0"
          }
        }
      },
      "level": "0",
      "message": ""
    }
  },
  "level": "Unknown",
  "message": "dansDesktop",
  "source": "windows_logs",
  "timestamp": "2024-12-31T17:31:41.4939382-06:00",
  "type": "event"
}
2024/12/31 23:31:41 Received log message from agent {
  "agent_id": "1234567890",
  "agent_name": "jarvis-agent-windows",
  "data": {
    "event": {
      "channel": "Security",
      "computer": "dansDesktop",
      "event_data": {
        "Event": {
          "EventData": {
            "ClientProcessId": "14928",
            "CountOfCredentialsReturned": "1",
            "ProcessCreationTime": "2024-12-16T14:59:56.2501338Z",
            "ReadOperation": "%%8099",
            "ReturnCode": "0",
            "SubjectDomainName": "DANSDESKTOP",
            "SubjectLogonId": "0x4c0db",
            "SubjectUserName": "danfe",
            "SubjectUserSid": "S-1-5-21-1680856076-1700718083-3477311726-1001",
            "TargetName": "NordPass/IsCrashReportingEnabled",
            "Type": "1"
          },
          "System": {
            "Channel": "Security",
            "Computer": "dansDesktop",
            "Correlation": {},
            "EventID": "5379",
            "EventRecordID": "8332634",
            "Execution": {
              "ProcessID": "1128",
              "ThreadID": "11992"
            },
            "Keywords": "0x8020000000000000",
            "Level": "0",
            "Opcode": "0",
            "Provider": {
              "Guid": "{54849625-5478-4994-a5ba-3e3b0328c30d}",
              "Name": "Microsoft-Windows-Security-Auditing"
            },
            "Security": {
              "UserID": ""
            },
            "Task": "13824",
            "TimeCreated": {
              "SystemTime": "2024-12-31T23:31:40.4875201Z"
            },
            "Version": "0"
          }
        }
      },
      "level": "0",
      "message": ""
    }
  },
  "level": "Unknown",
  "message": "dansDesktop",
  "source": "windows_logs",
  "timestamp": "2024-12-31T17:31:41.4952959-06:00",
  "type": "event"
}
2024/12/31 23:31:41 Received log message from agent {
  "agent_id": "1234567890",
  "agent_name": "jarvis-agent-windows",
  "data": {
    "event": {
      "channel": "Security",
      "computer": "dansDesktop",
      "event_data": {
        "Event": {
          "EventData": {
            "ClientProcessId": "14928",
            "CountOfCredentialsReturned": "1",
            "ProcessCreationTime": "2024-12-16T14:59:56.2501338Z",
            "ReadOperation": "%%8099",
            "ReturnCode": "0",
            "SubjectDomainName": "DANSDESKTOP",
            "SubjectLogonId": "0x4c0db",
            "SubjectUserName": "danfe",
            "SubjectUserSid": "S-1-5-21-1680856076-1700718083-3477311726-1001",
            "TargetName": "NordPass/VaultState",
            "Type": "1"
          },
          "System": {
            "Channel": "Security",
            "Computer": "dansDesktop",
            "Correlation": {},
            "EventID": "5379",
            "EventRecordID": "8332635",
            "Execution": {
              "ProcessID": "1128",
              "ThreadID": "65936"
            },
            "Keywords": "0x8020000000000000",
            "Level": "0",
            "Opcode": "0",
            "Provider": {
              "Guid": "{54849625-5478-4994-a5ba-3e3b0328c30d}",
              "Name": "Microsoft-Windows-Security-Auditing"
            },
            "Security": {
              "UserID": ""
            },
            "Task": "13824",
            "TimeCreated": {
              "SystemTime": "2024-12-31T23:31:40.4875674Z"
            },
            "Version": "0"
          }
        }
      },
      "level": "0",
      "message": ""
    }
  },
  "level": "Unknown",
  "message": "dansDesktop",
  "source": "windows_logs",
  "timestamp": "2024-12-31T17:31:41.4974511-06:00",
  "type": "event"
}
2024/12/31 23:31:41 Received log message from agent {
  "agent_id": "1234567890",
  "agent_name": "jarvis-agent-windows",
  "data": {
    "event": {
      "channel": "Security",
      "computer": "dansDesktop",
      "event_data": {
        "Event": {
          "EventData": {
            "ClientProcessId": "14928",
            "CountOfCredentialsReturned": "1",
            "ProcessCreationTime": "2024-12-16T14:59:56.2501338Z",
            "ReadOperation": "%%8099",
            "ReturnCode": "0",
            "SubjectDomainName": "DANSDESKTOP",
            "SubjectLogonId": "0x4c0db",
            "SubjectUserName": "danfe",
            "SubjectUserSid": "S-1-5-21-1680856076-1700718083-3477311726-1001",
            "TargetName": "NordPass/HasNeverLoggedIn",
            "Type": "1"
          },
          "System": {
            "Channel": "Security",
            "Computer": "dansDesktop",
            "Correlation": {},
            "EventID": "5379",
            "EventRecordID": "8332636",
            "Execution": {
              "ProcessID": "1128",
              "ThreadID": "11992"
            },
            "Keywords": "0x8020000000000000",
            "Level": "0",
            "Opcode": "0",
            "Provider": {
              "Guid": "{54849625-5478-4994-a5ba-3e3b0328c30d}",
              "Name": "Microsoft-Windows-Security-Auditing"
            },
            "Security": {
              "UserID": ""
            },
            "Task": "13824",
            "TimeCreated": {
              "SystemTime": "2024-12-31T23:31:40.4876007Z"
            },
            "Version": "0"
          }
        }
      },
      "level": "0",
      "message": ""
    }
  },
  "level": "Unknown",
  "message": "dansDesktop",
  "source": "windows_logs",
  "timestamp": "2024-12-31T17:31:41.4984862-06:00",
  "type": "event"
}
2024/12/31 23:31:41 Received log message from agent {
  "agent_id": "1234567890",
  "agent_name": "jarvis-agent-windows",
  "data": {
    "event": {
      "channel": "Security",
      "computer": "dansDesktop",
      "event_data": {
        "Event": {
          "EventData": {
            "ClientProcessId": "14928",
            "CountOfCredentialsReturned": "1",
            "ProcessCreationTime": "2024-12-16T14:59:56.2501338Z",
            "ReadOperation": "%%8099",
            "ReturnCode": "0",
            "SubjectDomainName": "DANSDESKTOP",
            "SubjectLogonId": "0x4c0db",
            "SubjectUserName": "danfe",
            "SubjectUserSid": "S-1-5-21-1680856076-1700718083-3477311726-1001",
            "TargetName": "NordPass/WebInstallerTrackingEvents",
            "Type": "1"
          },
          "System": {
            "Channel": "Security",
            "Computer": "dansDesktop",
            "Correlation": {},
            "EventID": "5379",
            "EventRecordID": "8332637",
            "Execution": {
              "ProcessID": "1128",
              "ThreadID": "66420"
            },
            "Keywords": "0x8020000000000000",
            "Level": "0",
            "Opcode": "0",
            "Provider": {
              "Guid": "{54849625-5478-4994-a5ba-3e3b0328c30d}",
              "Name": "Microsoft-Windows-Security-Auditing"
            },
            "Security": {
              "UserID": ""
            },
            "Task": "13824",
            "TimeCreated": {
              "SystemTime": "2024-12-31T23:31:40.4876518Z"
            },
            "Version": "0"
          }
        }
      },
      "level": "0",
      "message": ""
    }
  },
  "level": "Unknown",
  "message": "dansDesktop",
  "source": "windows_logs",
  "timestamp": "2024-12-31T17:31:41.4995557-06:00",
  "type": "event"
}
2024/12/31 23:31:41 Received log message from agent {
  "agent_id": "1234567890",
  "agent_name": "jarvis-agent-windows",
  "data": {
    "event": {
      "channel": "Security",
      "computer": "dansDesktop",
      "event_data": {
        "Event": {
          "EventData": {
            "ClientProcessId": "14928",
            "CountOfCredentialsReturned": "1",
            "ProcessCreationTime": "2024-12-16T14:59:56.2501338Z",
            "ReadOperation": "%%8099",
            "ReturnCode": "0",
            "SubjectDomainName": "DANSDESKTOP",
            "SubjectLogonId": "0x4c0db",
            "SubjectUserName": "danfe",
            "SubjectUserSid": "S-1-5-21-1680856076-1700718083-3477311726-1001",
            "TargetName": "NordPass/Upsell",
            "Type": "1"
          },
          "System": {
            "Channel": "Security",
            "Computer": "dansDesktop",
            "Correlation": {},
            "EventID": "5379",
            "EventRecordID": "8332638",
            "Execution": {
              "ProcessID": "1128",
              "ThreadID": "19024"
            },
            "Keywords": "0x8020000000000000",
            "Level": "0",
            "Opcode": "0",
            "Provider": {
              "Guid": "{54849625-5478-4994-a5ba-3e3b0328c30d}",
              "Name": "Microsoft-Windows-Security-Auditing"
            },
            "Security": {
              "UserID": ""
            },
            "Task": "13824",
            "TimeCreated": {
              "SystemTime": "2024-12-31T23:31:40.4876757Z"
            },
            "Version": "0"
          }
        }
      },
      "level": "0",
      "message": ""
    }
  },
  "level": "Unknown",
  "message": "dansDesktop",
  "source": "windows_logs",
  "timestamp": "2024-12-31T17:31:41.5000714-06:00",
  "type": "event"
}
