2024/12/30 23:23:28 Received log message from agent {
  "Event": {
    "EventData": {
      "ClientProcessId": "14928",
      "CountOfCredentialsReturned": "1",
      "ProcessCreationTime": "2024-12-16T14:59:56.2501338Z",
      "ReadOperation": "%%8099",
      "ReturnCode": "0",
      "SubjectDomainName": "DANSDESKTOP",
      "SubjectLogonId": "0x4c0db",
      "SubjectUserName": "danfe",
      "SubjectUserSid": "S-1-5-21-1680856076-1700718083-3477311726-1001",
      "TargetName": "NordPass/split_Features3",
      "Type": "1"
    },
    "System": {
      "Channel": "Security",
      "Computer": "dansDesktop",
      "Correlation": {},
      "EventID": "5379",
      "EventRecordID": "8248602",
      "Execution": {
        "ProcessID": "1128",
        "ThreadID": "16692"
      },
      "Keywords": "0x8020000000000000",
      "Level": "0",
      "Opcode": "0",
      "Provider": {
        "Guid": "{54849625-5478-4994-a5ba-3e3b0328c30d}",
        "Name": "Microsoft-Windows-Security-Auditing"
      },
      "Security": {
        "UserID": ""
      },
      "Task": "13824",
      "TimeCreated": {
        "SystemTime": "2024-12-30T23:23:27.5209873Z"
      },
      "Version": "0"
    }
  }
}
2024/12/30 23:23:28 Received log message from agent {
  "Event": {
    "EventData": {
      "ClientProcessId": "14928",
      "CountOfCredentialsReturned": "1",
      "ProcessCreationTime": "2024-12-16T14:59:56.2501338Z",
      "ReadOperation": "%%8099",
      "ReturnCode": "0",
      "SubjectDomainName": "DANSDESKTOP",
      "SubjectLogonId": "0x4c0db",
      "SubjectUserName": "danfe",
      "SubjectUserSid": "S-1-5-21-1680856076-1700718083-3477311726-1001",
      "TargetName": "NordPass/split_Features4",
      "Type": "1"
    },
    "System": {
      "Channel": "Security",
      "Computer": "dansDesktop",
      "Correlation": {},
      "EventID": "5379",
      "EventRecordID": "8248603",
      "Execution": {
        "ProcessID": "1128",
        "ThreadID": "16692"
      },
      "Keywords": "0x8020000000000000",
      "Level": "0",
      "Opcode": "0",
      "Provider": {
        "Guid": "{54849625-5478-4994-a5ba-3e3b0328c30d}",
        "Name": "Microsoft-Windows-Security-Auditing"
      },
      "Security": {
        "UserID": ""
      },
      "Task": "13824",
      "TimeCreated": {
        "SystemTime": "2024-12-30T23:23:27.5213022Z"
      },
      "Version": "0"
    }
  }
}
2024/12/30 23:23:28 Received log message from agent {
  "Event": {
    "EventData": {
      "ClientProcessId": "14928",
      "CountOfCredentialsReturned": "1",
      "ProcessCreationTime": "2024-12-16T14:59:56.2501338Z",
      "ReadOperation": "%%8099",
      "ReturnCode": "0",
      "SubjectDomainName": "DANSDESKTOP",
      "SubjectLogonId": "0x4c0db",
      "SubjectUserName": "danfe",
      "SubjectUserSid": "S-1-5-21-1680856076-1700718083-3477311726-1001",
      "TargetName": "NordPass/split_Features5",
      "Type": "1"
    },
    "System": {
      "Channel": "Security",
      "Computer": "dansDesktop",
      "Correlation": {},
      "EventID": "5379",
      "EventRecordID": "8248604",
      "Execution": {
        "ProcessID": "1128",
        "ThreadID": "16692"
      },
      "Keywords": "0x8020000000000000",
      "Level": "0",
      "Opcode": "0",
      "Provider": {
        "Guid": "{54849625-5478-4994-a5ba-3e3b0328c30d}",
        "Name": "Microsoft-Windows-Security-Auditing"
      },
      "Security": {
        "UserID": ""
      },
      "Task": "13824",
      "TimeCreated": {
        "SystemTime": "2024-12-30T23:23:27.5216067Z"
      },
      "Version": "0"
    }
  }
}
2024/12/30 23:23:28 Received log message from agent {
  "Event": {
    "EventData": {
      "ClientProcessId": "14928",
      "CountOfCredentialsReturned": "1",
      "ProcessCreationTime": "2024-12-16T14:59:56.2501338Z",
      "ReadOperation": "%%8099",
      "ReturnCode": "0",
      "SubjectDomainName": "DANSDESKTOP",
      "SubjectLogonId": "0x4c0db",
      "SubjectUserName": "danfe",
      "SubjectUserSid": "S-1-5-21-1680856076-1700718083-3477311726-1001",
      "TargetName": "NordPass/split_Features6",
      "Type": "1"
    },
    "System": {
      "Channel": "Security",
      "Computer": "dansDesktop",
      "Correlation": {},
      "EventID": "5379",
      "EventRecordID": "8248605",
      "Execution": {
        "ProcessID": "1128",
        "ThreadID": "16692"
      },
      "Keywords": "0x8020000000000000",
      "Level": "0",
      "Opcode": "0",
      "Provider": {
        "Guid": "{54849625-5478-4994-a5ba-3e3b0328c30d}",
        "Name": "Microsoft-Windows-Security-Auditing"
      },
      "Security": {
        "UserID": ""
      },
      "Task": "13824",
      "TimeCreated": {
        "SystemTime": "2024-12-30T23:23:27.5218778Z"
      },
      "Version": "0"
    }
  }
}
2024/12/30 23:23:28 Received log message from agent {
  "Event": {
    "EventData": {
      "ClientProcessId": "14928",
      "CountOfCredentialsReturned": "1",
      "ProcessCreationTime": "2024-12-16T14:59:56.2501338Z",
      "ReadOperation": "%%8099",
      "ReturnCode": "0",
      "SubjectDomainName": "DANSDESKTOP",
      "SubjectLogonId": "0x4c0db",
      "SubjectUserName": "danfe",
      "SubjectUserSid": "S-1-5-21-1680856076-1700718083-3477311726-1001",
      "TargetName": "NordPass/split_Features7",
      "Type": "1"
    },
    "System": {
      "Channel": "Security",
      "Computer": "dansDesktop",
      "Correlation": {},
      "EventID": "5379",
      "EventRecordID": "8248606",
      "Execution": {
        "ProcessID": "1128",
        "ThreadID": "16692"
      },
      "Keywords": "0x8020000000000000",
      "Level": "0",
      "Opcode": "0",
      "Provider": {
        "Guid": "{54849625-5478-4994-a5ba-3e3b0328c30d}",
        "Name": "Microsoft-Windows-Security-Auditing"
      },
      "Security": {
        "UserID": ""
      },
      "Task": "13824",
      "TimeCreated": {
        "SystemTime": "2024-12-30T23:23:27.5222006Z"
      },
      "Version": "0"
    }
  }
}
2024/12/30 23:23:28 Received log message from agent {
  "Event": {
    "EventData": {
      "ClientProcessId": "14928",
      "CountOfCredentialsReturned": "1",
      "ProcessCreationTime": "2024-12-16T14:59:56.2501338Z",
      "ReadOperation": "%%8099",
      "ReturnCode": "0",
      "SubjectDomainName": "DANSDESKTOP",
      "SubjectLogonId": "0x4c0db",
      "SubjectUserName": "danfe",
      "SubjectUserSid": "S-1-5-21-1680856076-1700718083-3477311726-1001",
      "TargetName": "NordPass/split_Features8",
      "Type": "1"
    },
    "System": {
      "Channel": "Security",
      "Computer": "dansDesktop",
      "Correlation": {},
      "EventID": "5379",
      "EventRecordID": "8248607",
      "Execution": {
        "ProcessID": "1128",
        "ThreadID": "16692"
      },
      "Keywords": "0x8020000000000000",
      "Level": "0",
      "Opcode": "0",
      "Provider": {
        "Guid": "{54849625-5478-4994-a5ba-3e3b0328c30d}",
        "Name": "Microsoft-Windows-Security-Auditing"
      },
      "Security": {
        "UserID": ""
      },
      "Task": "13824",
      "TimeCreated": {
        "SystemTime": "2024-12-30T23:23:27.5231630Z"
      },
      "Version": "0"
    }
  }
}
2024/12/30 23:23:28 Received log message from agent {
  "Event": {
    "EventData": {
      "ClientProcessId": "14928",
      "CountOfCredentialsReturned": "1",
      "ProcessCreationTime": "2024-12-16T14:59:56.2501338Z",
      "ReadOperation": "%%8099",
      "ReturnCode": "0",
      "SubjectDomainName": "DANSDESKTOP",
      "SubjectLogonId": "0x4c0db",
      "SubjectUserName": "danfe",
      "SubjectUserSid": "S-1-5-21-1680856076-1700718083-3477311726-1001",
      "TargetName": "NordPass/split_Features9",
      "Type": "1"
    },
    "System": {
      "Channel": "Security",
      "Computer": "dansDesktop",
      "Correlation": {},
      "EventID": "5379",
      "EventRecordID": "8248608",
      "Execution": {
        "ProcessID": "1128",
        "ThreadID": "16692"
      },
      "Keywords": "0x8020000000000000",
      "Level": "0",
      "Opcode": "0",
      "Provider": {
        "Guid": "{54849625-5478-4994-a5ba-3e3b0328c30d}",
        "Name": "Microsoft-Windows-Security-Auditing"
      },
      "Security": {
        "UserID": ""
      },
      "Task": "13824",
      "TimeCreated": {
        "SystemTime": "2024-12-30T23:23:27.5235342Z"
      },
      "Version": "0"
    }
  }
}
2024/12/30 23:23:28 Received log message from agent {
  "Event": {
    "EventData": {
      "ClientProcessId": "14928",
      "CountOfCredentialsReturned": "1",
      "ProcessCreationTime": "2024-12-16T14:59:56.2501338Z",
      "ReadOperation": "%%8099",
      "ReturnCode": "0",
      "SubjectDomainName": "DANSDESKTOP",
      "SubjectLogonId": "0x4c0db",
      "SubjectUserName": "danfe",
      "SubjectUserSid": "S-1-5-21-1680856076-1700718083-3477311726-1001",
      "TargetName": "NordPass/split_Features10",
      "Type": "1"
    },
    "System": {
      "Channel": "Security",
      "Computer": "dansDesktop",
      "Correlation": {},
      "EventID": "5379",
      "EventRecordID": "8248609",
      "Execution": {
        "ProcessID": "1128",
        "ThreadID": "16692"
      },
      "Keywords": "0x8020000000000000",
      "Level": "0",
      "Opcode": "0",
      "Provider": {
        "Guid": "{54849625-5478-4994-a5ba-3e3b0328c30d}",
        "Name": "Microsoft-Windows-Security-Auditing"
      },
      "Security": {
        "UserID": ""
      },
      "Task": "13824",
      "TimeCreated": {
        "SystemTime": "2024-12-30T23:23:27.5237883Z"
      },
      "Version": "0"
    }
  }
}
2024/12/30 23:23:28 Received log message from agent {
  "Event": {
    "EventData": {
      "ClientProcessId": "14928",
      "CountOfCredentialsReturned": "1",
      "ProcessCreationTime": "2024-12-16T14:59:56.2501338Z",
      "ReadOperation": "%%8099",
      "ReturnCode": "0",
      "SubjectDomainName": "DANSDESKTOP",
      "SubjectLogonId": "0x4c0db",
      "SubjectUserName": "danfe",
      "SubjectUserSid": "S-1-5-21-1680856076-1700718083-3477311726-1001",
      "TargetName": "NordPass/split_Features11",
      "Type": "1"
    },
    "System": {
      "Channel": "Security",
      "Computer": "dansDesktop",
      "Correlation": {},
      "EventID": "5379",
      "EventRecordID": "8248610",
      "Execution": {
        "ProcessID": "1128",
        "ThreadID": "16692"
      },
      "Keywords": "0x8020000000000000",
      "Level": "0",
      "Opcode": "0",
      "Provider": {
        "Guid": "{54849625-5478-4994-a5ba-3e3b0328c30d}",
        "Name": "Microsoft-Windows-Security-Auditing"
      },
      "Security": {
        "UserID": ""
      },
      "Task": "13824",
      "TimeCreated": {
        "SystemTime": "2024-12-30T23:23:27.5240364Z"
      },
      "Version": "0"
    }
  }
}
2024/12/30 23:23:28 Received log message from agent {
  "Event": {
    "EventData": {
      "ClientProcessId": "14928",
      "CountOfCredentialsReturned": "1",
      "ProcessCreationTime": "2024-12-16T14:59:56.2501338Z",
      "ReadOperation": "%%8099",
      "ReturnCode": "0",
      "SubjectDomainName": "DANSDESKTOP",
      "SubjectLogonId": "0x4c0db",
      "SubjectUserName": "danfe",
      "SubjectUserSid": "S-1-5-21-1680856076-1700718083-3477311726-1001",
      "TargetName": "NordPass/split_Features12",
      "Type": "1"
    },
    "System": {
      "Channel": "Security",
      "Computer": "dansDesktop",
      "Correlation": {},
      "EventID": "5379",
      "EventRecordID": "8248611",
      "Execution": {
        "ProcessID": "1128",
        "ThreadID": "16692"
      },
      "Keywords": "0x8020000000000000",
      "Level": "0",
      "Opcode": "0",
      "Provider": {
        "Guid": "{54849625-5478-4994-a5ba-3e3b0328c30d}",
        "Name": "Microsoft-Windows-Security-Auditing"
      },
      "Security": {
        "UserID": ""
      },
      "Task": "13824",
      "TimeCreated": {
        "SystemTime": "2024-12-30T23:23:27.5242413Z"
      },
      "Version": "0"
    }
  }
}
2024/12/30 23:23:29 Received log message from agent {
  "cpu": {
    "count": 8,
    "usage_percent": [
      13.846153846153847,
      10.9375,
      3.125,
      0,
      0,
      42.1875,
      0,
      14.0625
    ]
  },
  "memory": {
    "free": 4605620224,
    "total": 16996769792,
    "usage_percent": 72,
    "used": 12391149568
  },
  "network": {
    "bytes_recv": 16942611514,
    "bytes_sent": 1953693895,
    "packets_recv": 15706790,
    "packets_sent": 7349795
  },
  "temperature": [
    {
      "sensor_key": "ACPI\\ThermalZone\\TZ00_0",
      "temperature": 27.85
    },
    {
      "sensor_key": "ACPI\\ThermalZone\\TZ01_0",
      "temperature": 29.85
    }
  ],
  "timestamp": "2024-12-30T17:23:28.2222875-06:00"
}
2024/12/30 23:23:30 Received log message from agent {
  "response_time": 148160600,
  "status": "Up",
  "status_code": 200,
  "timestamp": "2024-12-30T17:23:30.3696888-06:00",
  "url": "https://www.google.com"
}
2024/12/30 23:23:30 Received log message from agent {
  "response_time": 352421700,
  "status": "Up",
  "status_code": 200,
  "timestamp": "2024-12-30T17:23:30.5739499-06:00",
  "url": "https://www.github.com"
}
2024/12/30 23:23:32 Received log message from agent {
  "name": "wuauserv",
  "status": "Running",
  "timestamp": "2024-12-30T17:23:32.2222859-06:00"
}
2024/12/30 23:23:32 Received log message from agent {
  "name": "EventLog",
  "status": "Running",
  "timestamp": "2024-12-30T17:23:32.2222859-06:00"
}
2024/12/30 23:23:33 Received log message from agent {
  "cpu": {
    "count": 8,
    "usage_percent": [
      29.6875,
      23.4375,
      1.5625,
      18.75,
      0,
      0,
      0,
      10.9375
    ]
  },
  "memory": {
    "free": 4596137984,
    "total": 16996769792,
    "usage_percent": 72,
    "used": 12400631808
  },
  "network": {
    "bytes_recv": 16942686909,
    "bytes_sent": 1953704381,
    "packets_recv": 15706883,
    "packets_sent": 7349849
  },
  "temperature": [
    {
      "sensor_key": "ACPI\\ThermalZone\\TZ00_0",
      "temperature": 27.85
    },
    {
      "sensor_key": "ACPI\\ThermalZone\\TZ01_0",
      "temperature": 29.85
    }
  ],
  "timestamp": "2024-12-30T17:23:32.2220887-06:00"
}
2024/12/30 23:23:36 Received log message from agent {
  "name": "EventLog",
  "status": "Running",
  "timestamp": "2024-12-30T17:23:36.222918-06:00"
}
2024/12/30 23:23:36 Received log message from agent {
  "name": "wuauserv",
  "status": "Running",
  "timestamp": "2024-12-30T17:23:36.2227336-06:00"
}
2024/12/30 23:23:37 Received log message from agent {
  "cpu": {
    "count": 8,
    "usage_percent": [
      32.30769230769231,
      1.5625,
      17.1875,
      0,
      0,
      0,
      0,
      29.6875
    ]
  },
  "memory": {
    "free": 4584599552,
    "total": 16996769792,
    "usage_percent": 73,
    "used": 12412170240
  },
  "network": {
    "bytes_recv": 16942707943,
    "bytes_sent": 1953729777,
    "packets_recv": 15706954,
    "packets_sent": 7349919
  },
  "temperature": [
    {
      "sensor_key": "ACPI\\ThermalZone\\TZ00_0",
      "temperature": 27.85
    },
    {
      "sensor_key": "ACPI\\ThermalZone\\TZ01_0",
      "temperature": 29.85
    }
  ],
  "timestamp": "2024-12-30T17:23:36.2223163-06:00"
}
2024/12/30 23:23:40 Received log message from agent {
  "name": "wuauserv",
  "status": "Running",
  "timestamp": "2024-12-30T17:23:40.2226126-06:00"
}
2024/12/30 23:23:40 Received log message from agent {
  "name": "EventLog",
  "status": "Running",
  "timestamp": "2024-12-30T17:23:40.2229522-06:00"
}
2024/12/30 23:23:41 Received log message from agent {
  "cpu": {
    "count": 8,
    "usage_percent": [
      14.0625,
      0,
      21.875,
      10.9375,
      1.5625,
      15.625,
      0,
      7.8125
    ]
  },
  "memory": {
    "free": 4566208512,
    "total": 16996769792,
    "usage_percent": 73,
    "used": 12430561280
  },
  "network": {
    "bytes_recv": 16942712558,
    "bytes_sent": 1953730239,
    "packets_recv": 15706964,
    "packets_sent": 7349927
  },
  "temperature": [
    {
      "sensor_key": "ACPI\\ThermalZone\\TZ00_0",
      "temperature": 27.85
    },
    {
      "sensor_key": "ACPI\\ThermalZone\\TZ01_0",
      "temperature": 29.85
    }
  ],
  "timestamp": "2024-12-30T17:23:40.2223644-06:00"
}
2024/12/30 23:23:42 Received log message from agent {
  "Event": {
    "EventData": {
      "ClientProcessId": "5048",
      "CountOfCredentialsReturned": "1",
      "ProcessCreationTime": "2024-12-16T15:00:12.3162090Z",
      "ReadOperation": "%%8099",
      "ReturnCode": "0",
      "SubjectDomainName": "DANSDESKTOP",
      "SubjectLogonId": "0x4c0db",
      "SubjectUserName": "danfe",
      "SubjectUserSid": "S-1-5-21-1680856076-1700718083-3477311726-1001",
      "TargetName": "Adobe App Info (Q29yZVN5bmMxe30yMDE4MDcyMDAx)(Part1)",
      "Type": "1"
    },
    "System": {
      "Channel": "Security",
      "Computer": "dansDesktop",
      "Correlation": {},
      "EventID": "5379",
      "EventRecordID": "8248612",
      "Execution": {
        "ProcessID": "1128",
        "ThreadID": "16692"
      },
      "Keywords": "0x8020000000000000",
      "Level": "0",
      "Opcode": "0",
      "Provider": {
        "Guid": "{54849625-5478-4994-a5ba-3e3b0328c30d}",
        "Name": "Microsoft-Windows-Security-Auditing"
      },
      "Security": {
        "UserID": ""
      },
      "Task": "13824",
      "TimeCreated": {
        "SystemTime": "2024-12-30T23:23:41.7032739Z"
      },
      "Version": "0"
    }
  }
}
2024/12/30 23:23:42 Received log message from agent {
  "Event": {
    "EventData": {
      "ClientProcessId": "5048",
      "CountOfCredentialsReturned": "1",
      "ProcessCreationTime": "2024-12-16T15:00:12.3162090Z",
      "ReadOperation": "%%8099",
      "ReturnCode": "3221226021",
      "SubjectDomainName": "DANSDESKTOP",
      "SubjectLogonId": "0x4c0db",
      "SubjectUserName": "danfe",
      "SubjectUserSid": "S-1-5-21-1680856076-1700718083-3477311726-1001",
      "TargetName": "Adobe App Prefetched Info (Q29yZVN5bmMxe30yMDE4MDcyMDAx)(Part1)",
      "Type": "1"
    },
    "System": {
      "Channel": "Security",
      "Computer": "dansDesktop",
      "Correlation": {},
      "EventID": "5379",
      "EventRecordID": "8248613",
      "Execution": {
        "ProcessID": "1128",
        "ThreadID": "16692"
      },
      "Keywords": "0x8020000000000000",
      "Level": "0",
      "Opcode": "0",
      "Provider": {
        "Guid": "{54849625-5478-4994-a5ba-3e3b0328c30d}",
        "Name": "Microsoft-Windows-Security-Auditing"
      },
      "Security": {
        "UserID": ""
      },
      "Task": "13824",
      "TimeCreated": {
        "SystemTime": "2024-12-30T23:23:41.7036270Z"
      },
      "Version": "0"
    }
  }
}
2024/12/30 23:23:42 Received log message from agent {
  "Event": {
    "EventData": {
      "ClientProcessId": "5048",
      "CountOfCredentialsReturned": "1",
      "ProcessCreationTime": "2024-12-16T15:00:12.3162090Z",
      "ReadOperation": "%%8099",
      "ReturnCode": "3221226021",
      "SubjectDomainName": "DANSDESKTOP",
      "SubjectLogonId": "0x4c0db",
      "SubjectUserName": "danfe",
      "SubjectUserSid": "S-1-5-21-1680856076-1700718083-3477311726-1001",
      "TargetName": "Adobe Package Info ()(Part1)",
      "Type": "1"
    },
    "System": {
      "Channel": "Security",
      "Computer": "dansDesktop",
      "Correlation": {},
      "EventID": "5379",
      "EventRecordID": "8248614",
      "Execution": {
        "ProcessID": "1128",
        "ThreadID": "16692"
      },
      "Keywords": "0x8020000000000000",
      "Level": "0",
      "Opcode": "0",
      "Provider": {
        "Guid": "{54849625-5478-4994-a5ba-3e3b0328c30d}",
        "Name": "Microsoft-Windows-Security-Auditing"
      },
      "Security": {
        "UserID": ""
      },
      "Task": "13824",
      "TimeCreated": {
        "SystemTime": "2024-12-30T23:23:41.7041620Z"
      },
      "Version": "0"
    }
  }
}
2024/12/30 23:23:42 Received log message from agent {
  "Event": {
    "EventData": {
      "ClientProcessId": "5048",
      "CountOfCredentialsReturned": "1",
      "ProcessCreationTime": "2024-12-16T15:00:12.3162090Z",
      "ReadOperation": "%%8099",
      "ReturnCode": "3221226021",
      "SubjectDomainName": "DANSDESKTOP",
      "SubjectLogonId": "0x4c0db",
      "SubjectUserName": "danfe",
      "SubjectUserSid": "S-1-5-21-1680856076-1700718083-3477311726-1001",
      "TargetName": "Adobe Proxy Password(Part1)",
      "Type": "1"
    },
    "System": {
      "Channel": "Security",
      "Computer": "dansDesktop",
      "Correlation": {},
      "EventID": "5379",
      "EventRecordID": "8248615",
      "Execution": {
        "ProcessID": "1128",
        "ThreadID": "16692"
      },
      "Keywords": "0x8020000000000000",
      "Level": "0",
      "Opcode": "0",
      "Provider": {
        "Guid": "{54849625-5478-4994-a5ba-3e3b0328c30d}",
        "Name": "Microsoft-Windows-Security-Auditing"
      },
      "Security": {
        "UserID": ""
      },
      "Task": "13824",
      "TimeCreated": {
        "SystemTime": "2024-12-30T23:23:41.7045541Z"
      },
      "Version": "0"
    }
  }
}
2024/12/30 23:23:42 Received log message from agent {
  "Event": {
    "EventData": {
      "ClientProcessId": "5048",
      "CountOfCredentialsReturned": "1",
      "ProcessCreationTime": "2024-12-16T15:00:12.3162090Z",
      "ReadOperation": "%%8099",
      "ReturnCode": "0",
      "SubjectDomainName": "DANSDESKTOP",
      "SubjectLogonId": "0x4c0db",
      "SubjectUserName": "danfe",
      "SubjectUserSid": "S-1-5-21-1680856076-1700718083-3477311726-1001",
      "TargetName": "Adobe User Info(Part1)",
      "Type": "1"
    },
    "System": {
      "Channel": "Security",
      "Computer": "dansDesktop",
      "Correlation": {},
      "EventID": "5379",
      "EventRecordID": "8248616",
      "Execution": {
        "ProcessID": "1128",
        "ThreadID": "16692"
      },
      "Keywords": "0x8020000000000000",
      "Level": "0",
      "Opcode": "0",
      "Provider": {
        "Guid": "{54849625-5478-4994-a5ba-3e3b0328c30d}",
        "Name": "Microsoft-Windows-Security-Auditing"
      },
      "Security": {
        "UserID": ""
      },
      "Task": "13824",
      "TimeCreated": {
        "SystemTime": "2024-12-30T23:23:41.7050291Z"
      },
      "Version": "0"
    }
  }
}
2024/12/30 23:23:42 Received log message from agent {
  "Event": {
    "EventData": {
      "ClientProcessId": "5048",
      "CountOfCredentialsReturned": "1",
      "ProcessCreationTime": "2024-12-16T15:00:12.3162090Z",
      "ReadOperation": "%%8099",
      "ReturnCode": "0",
      "SubjectDomainName": "DANSDESKTOP",
      "SubjectLogonId": "0x4c0db",
      "SubjectUserName": "danfe",
      "SubjectUserSid": "S-1-5-21-1680856076-1700718083-3477311726-1001",
      "TargetName": "Adobe User OS Info(Part1)",
      "Type": "1"
    },
    "System": {
      "Channel": "Security",
      "Computer": "dansDesktop",
      "Correlation": {},
      "EventID": "5379",
      "EventRecordID": "8248617",
      "Execution": {
        "ProcessID": "1128",
        "ThreadID": "16692"
      },
      "Keywords": "0x8020000000000000",
      "Level": "0",
      "Opcode": "0",
      "Provider": {
        "Guid": "{54849625-5478-4994-a5ba-3e3b0328c30d}",
        "Name": "Microsoft-Windows-Security-Auditing"
      },
      "Security": {
        "UserID": ""
      },
      "Task": "13824",
      "TimeCreated": {
        "SystemTime": "2024-12-30T23:23:41.7052309Z"
      },
      "Version": "0"
    }
  }
}
2024/12/30 23:23:42 Received log message from agent {
  "Event": {
    "EventData": {
      "ClientProcessId": "5048",
      "CountOfCredentialsReturned": "1",
      "ProcessCreationTime": "2024-12-16T15:00:12.3162090Z",
      "ReadOperation": "%%8099",
      "ReturnCode": "3221226021",
      "SubjectDomainName": "DANSDESKTOP",
      "SubjectLogonId": "0x4c0db",
      "SubjectUserName": "danfe",
      "SubjectUserSid": "S-1-5-21-1680856076-1700718083-3477311726-1001",
      "TargetName": "Adobe Profile Info(Part1)",
      "Type": "1"
    },
    "System": {
      "Channel": "Security",
      "Computer": "dansDesktop",
      "Correlation": {},
      "EventID": "5379",
      "EventRecordID": "8248618",
      "Execution": {
        "ProcessID": "1128",
        "ThreadID": "16692"
      },
      "Keywords": "0x8020000000000000",
      "Level": "0",
      "Opcode": "0",
      "Provider": {
        "Guid": "{54849625-5478-4994-a5ba-3e3b0328c30d}",
        "Name": "Microsoft-Windows-Security-Auditing"
      },
      "Security": {
        "UserID": ""
      },
      "Task": "13824",
      "TimeCreated": {
        "SystemTime": "2024-12-30T23:23:41.7053540Z"
      },
      "Version": "0"
    }
  }
}
2024/12/30 23:23:42 Received log message from agent {
  "Event": {
    "EventData": {
      "ClientProcessId": "5048",
      "CountOfCredentialsReturned": "1",
      "ProcessCreationTime": "2024-12-16T15:00:12.3162090Z",
      "ReadOperation": "%%8099",
      "ReturnCode": "3221226021",
      "SubjectDomainName": "DANSDESKTOP",
      "SubjectLogonId": "0x4c0db",
      "SubjectUserName": "danfe",
      "SubjectUserSid": "S-1-5-21-1680856076-1700718083-3477311726-1001",
      "TargetName": "Adobe Proxy Username(Part1)",
      "Type": "1"
    },
    "System": {
      "Channel": "Security",
      "Computer": "dansDesktop",
      "Correlation": {},
      "EventID": "5379",
      "EventRecordID": "8248619",
      "Execution": {
        "ProcessID": "1128",
        "ThreadID": "16692"
      },
      "Keywords": "0x8020000000000000",
      "Level": "0",
      "Opcode": "0",
      "Provider": {
        "Guid": "{54849625-5478-4994-a5ba-3e3b0328c30d}",
        "Name": "Microsoft-Windows-Security-Auditing"
      },
      "Security": {
        "UserID": ""
      },
      "Task": "13824",
      "TimeCreated": {
        "SystemTime": "2024-12-30T23:23:41.7056980Z"
      },
      "Version": "0"
    }
  }
}
2024/12/30 23:23:44 Received log message from agent {
  "name": "wuauserv",
  "status": "Running",
  "timestamp": "2024-12-30T17:23:44.2221616-06:00"
}
2024/12/30 23:23:44 Received log message from agent {
  "name": "EventLog",
  "status": "Running",
  "timestamp": "2024-12-30T17:23:44.2227755-06:00"
}
2024/12/30 23:23:45 Received log message from agent {
  "cpu": {
    "count": 8,
    "usage_percent": [
      7.8125,
      3.125,
      0,
      1.5625,
      9.375,
      54.6875,
      1.5625,
      1.5625
    ]
  },
  "memory": {
    "free": 4568240128,
    "total": 16996769792,
    "usage_percent": 73,
    "used": 12428529664
  },
  "network": {
    "bytes_recv": 16942722104,
    "bytes_sent": 1953739876,
    "packets_recv": 15707000,
    "packets_sent": 7349958
  },
  "temperature": [
    {
      "sensor_key": "ACPI\\ThermalZone\\TZ00_0",
      "temperature": 27.85
    },
    {
      "sensor_key": "ACPI\\ThermalZone\\TZ01_0",
      "temperature": 29.85
    }
  ],
  "timestamp": "2024-12-30T17:23:44.2221616-06:00"
}
2024/12/30 23:23:48 Received log message from agent {
  "name": "EventLog",
  "status": "Running",
  "timestamp": "2024-12-30T17:23:48.2230468-06:00"
}
2024/12/30 23:23:48 Received log message from agent {
  "name": "wuauserv",
  "status": "Running",
  "timestamp": "2024-12-30T17:23:48.2225408-06:00"
}
2024/12/30 23:23:49 Received log message from agent {
  "cpu": {
    "count": 8,
    "usage_percent": [
      14.0625,
      12.5,
      0,
      29.6875,
      0,
      17.1875,
      0,
      1.5625
    ]
  },
  "memory": {
    "free": 4560809984,
    "total": 16996769792,
    "usage_percent": 73,
    "used": 12435959808
  },
  "network": {
    "bytes_recv": 16942724988,
    "bytes_sent": 1953744248,
    "packets_recv": 15707018,
    "packets_sent": 7349978
  },
  "temperature": [
    {
      "sensor_key": "ACPI\\ThermalZone\\TZ00_0",
      "temperature": 27.85
    },
    {
      "sensor_key": "ACPI\\ThermalZone\\TZ01_0",
      "temperature": 29.85
    }
  ],
  "timestamp": "2024-12-30T17:23:48.2223944-06:00"
}
2024/12/30 23:23:52 Received log message from agent {
  "name": "wuauserv",
  "status": "Running",
  "timestamp": "2024-12-30T17:23:52.2225838-06:00"
}
2024/12/30 23:23:52 Received log message from agent {
  "name": "EventLog",
  "status": "Running",
  "timestamp": "2024-12-30T17:23:52.223104-06:00"
}
2024/12/30 23:23:53 Received log message from agent {
  "cpu": {
    "count": 8,
    "usage_percent": [
      40.625,
      29.6875,
      1.5625,
      1.5625,
      3.125,
      0,
      0,
      12.5
    ]
  },
  "memory": {
    "free": 4560072704,
    "total": 16996769792,
    "usage_percent": 73,
    "used": 12436697088
  },
  "network": {
    "bytes_recv": 16942727334,
    "bytes_sent": 1953745529,
    "packets_recv": 15707035,
    "packets_sent": 7349997
  },
  "temperature": [
    {
      "sensor_key": "ACPI\\ThermalZone\\TZ00_0",
      "temperature": 27.85
    },
    {
      "sensor_key": "ACPI\\ThermalZone\\TZ01_0",
      "temperature": 29.85
    }
  ],
  "timestamp": "2024-12-30T17:23:52.2224585-06:00"
}
2024/12/30 23:23:56 Received log message from agent {
  "name": "EventLog",
  "status": "Running",
  "timestamp": "2024-12-30T17:23:56.2231832-06:00"
}
2024/12/30 23:23:56 Received log message from agent {
  "name": "wuauserv",
  "status": "Running",
  "timestamp": "2024-12-30T17:23:56.2224709-06:00"
}
2024/12/30 23:23:57 Received log message from agent {
  "cpu": {
    "count": 8,
    "usage_percent": [
      52.307692307692314,
      12.5,
      9.375,
      6.25,
      3.125,
      10.9375,
      4.6875,
      4.6875
    ]
  },
  "memory": {
    "free": 4558446592,
    "total": 16996769792,
    "usage_percent": 73,
    "used": 12438323200
  },
  "network": {
    "bytes_recv": 16942753283,
    "bytes_sent": 1953763745,
    "packets_recv": 15707088,
    "packets_sent": 7350042
  },
  "temperature": [
    {
      "sensor_key": "ACPI\\ThermalZone\\TZ00_0",
      "temperature": 27.85
    },
    {
      "sensor_key": "ACPI\\ThermalZone\\TZ01_0",
      "temperature": 29.85
    }
  ],
  "timestamp": "2024-12-30T17:23:56.2222569-06:00"
}
2024/12/30 23:24:00 Received log message from agent {
  "name": "wuauserv",
  "status": "Running",
  "timestamp": "2024-12-30T17:24:00.2227459-06:00"
}
2024/12/30 23:24:00 Received log message from agent {
  "name": "EventLog",
  "status": "Running",
  "timestamp": "2024-12-30T17:24:00.2232536-06:00"
}
2024/12/30 23:24:00 Received log message from agent {
  "response_time": 129517400,
  "status": "Up",
  "status_code": 200,
  "timestamp": "2024-12-30T17:24:00.3512182-06:00",
  "url": "https://www.google.com"
}
2024/12/30 23:24:00 Received log message from agent {
  "response_time": 293855500,
  "status": "Up",
  "status_code": 200,
  "timestamp": "2024-12-30T17:24:00.5155563-06:00",
  "url": "https://www.github.com"
}
2024/12/30 23:24:01 Received log message from agent {
  "cpu": {
    "count": 8,
    "usage_percent": [
      23.4375,
      15.625,
      0,
      0,
      0,
      39.0625,
      0,
      1.5625
    ]
  },
  "memory": {
    "free": 4556824576,
    "total": 16996769792,
    "usage_percent": 73,
    "used": 12439945216
  },
  "network": {
    "bytes_recv": 16942817246,
    "bytes_sent": 1953769355,
    "packets_recv": 15707156,
    "packets_sent": 7350077
  },
  "temperature": [
    {
      "sensor_key": "ACPI\\ThermalZone\\TZ00_0",
      "temperature": 27.85
    },
    {
      "sensor_key": "ACPI\\ThermalZone\\TZ01_0",
      "temperature": 29.85
    }
  ],
  "timestamp": "2024-12-30T17:24:00.2225643-06:00"
}
2024/12/30 23:24:04 Received log message from agent {
  "name": "wuauserv",
  "status": "Running",
  "timestamp": "2024-12-30T17:24:04.2227241-06:00"
}
2024/12/30 23:24:04 Received log message from agent {
  "name": "EventLog",
  "status": "Running",
  "timestamp": "2024-12-30T17:24:04.2229755-06:00"
}
2024/12/30 23:24:05 Received log message from agent {
  "cpu": {
    "count": 8,
    "usage_percent": [
      32.8125,
      15.625,
      12.5,
      0,
      0,
      14.0625,
      0,
      6.25
    ]
  },
  "memory": {
    "free": 4556374016,
    "total": 16996769792,
    "usage_percent": 73,
    "used": 12440395776
  },
  "network": {
    "bytes_recv": 16942818598,
    "bytes_sent": 1953770079,
    "packets_recv": 15707167,
    "packets_sent": 7350089
  },
  "temperature": [
    {
      "sensor_key": "ACPI\\ThermalZone\\TZ00_0",
      "temperature": 27.85
    },
    {
      "sensor_key": "ACPI\\ThermalZone\\TZ01_0",
      "temperature": 29.85
    }
  ],
  "timestamp": "2024-12-30T17:24:04.2223896-06:00"
}
2024/12/30 23:24:08 Received log message from agent {
  "name": "wuauserv",
  "status": "Running",
  "timestamp": "2024-12-30T17:24:08.2228288-06:00"
}
2024/12/30 23:24:08 Received log message from agent {
  "name": "EventLog",
  "status": "Running",
  "timestamp": "2024-12-30T17:24:08.2236158-06:00"
}
2024/12/30 23:24:09 Received log message from agent {
  "cpu": {
    "count": 8,
    "usage_percent": [
      14.0625,
      6.25,
      0,
      0,
      0,
      54.6875,
      0,
      1.5625
    ]
  },
  "memory": {
    "free": 4645883904,
    "total": 16996769792,
    "usage_percent": 72,
    "used": 12350885888
  },
  "network": {
    "bytes_recv": 16942821583,
    "bytes_sent": 1953771221,
    "packets_recv": 15707182,
    "packets_sent": 7350101
  },
  "temperature": [
    {
      "sensor_key": "ACPI\\ThermalZone\\TZ00_0",
      "temperature": 27.85
    },
    {
      "sensor_key": "ACPI\\ThermalZone\\TZ01_0",
      "temperature": 29.85
    }
  ],
  "timestamp": "2024-12-30T17:24:08.2221576-06:00"
}
2024/12/30 23:24:12 Received log message from agent {
  "name": "EventLog",
  "status": "Running",
  "timestamp": "2024-12-30T17:24:12.2240325-06:00"
}
2024/12/30 23:24:12 Received log message from agent {
  "name": "wuauserv",
  "status": "Running",
  "timestamp": "2024-12-30T17:24:12.2233288-06:00"
}
2024/12/30 23:24:13 Received log message from agent {
  "cpu": {
    "count": 8,
    "usage_percent": [
      31.25,
      9.375,
      4.6875,
      0,
      17.1875,
      12.5,
      0,
      7.8125
    ]
  },
  "memory": {
    "free": 4622745600,
    "total": 16996769792,
    "usage_percent": 72,
    "used": 12374024192
  },
  "network": {
    "bytes_recv": 16942828440,
    "bytes_sent": 1953780348,
    "packets_recv": 15707222,
    "packets_sent": 7350141
  },
  "temperature": [
    {
      "sensor_key": "ACPI\\ThermalZone\\TZ00_0",
      "temperature": 27.85
    },
    {
      "sensor_key": "ACPI\\ThermalZone\\TZ01_0",
      "temperature": 29.85
    }
  ],
  "timestamp": "2024-12-30T17:24:12.2227077-06:00"
}
2024/12/30 23:24:16 Received log message from agent {
  "name": "wuauserv",
  "status": "Running",
  "timestamp": "2024-12-30T17:24:16.2220979-06:00"
}
2024/12/30 23:24:16 Received log message from agent {
  "name": "EventLog",
  "status": "Running",
  "timestamp": "2024-12-30T17:24:16.223166-06:00"
}
2024/12/30 23:24:17 Received log message from agent {
  "cpu": {
    "count": 8,
    "usage_percent": [
      35.9375,
      7.8125,
      0,
      0,
      0,
      32.8125,
      0,
      0
    ]
  },
  "memory": {
    "free": 4603469824,
    "total": 16996769792,
    "usage_percent": 72,
    "used": 12393299968
  },
  "network": {
    "bytes_recv": 16942838285,
    "bytes_sent": 1953789637,
    "packets_recv": 15707270,
    "packets_sent": 7350185
  },
  "temperature": [
    {
      "sensor_key": "ACPI\\ThermalZone\\TZ00_0",
      "temperature": 27.85
    },
    {
      "sensor_key": "ACPI\\ThermalZone\\TZ01_0",
      "temperature": 29.85
    }
  ],
  "timestamp": "2024-12-30T17:24:16.2220979-06:00"
}
2024/12/30 23:24:20 Received log message from agent {
  "name": "wuauserv",
  "status": "Running",
  "timestamp": "2024-12-30T17:24:20.2223518-06:00"
}
2024/12/30 23:24:20 Received log message from agent {
  "name": "EventLog",
  "status": "Running",
  "timestamp": "2024-12-30T17:24:20.2223518-06:00"
}
2024/12/30 23:24:21 Received log message from agent {
  "cpu": {
    "count": 8,
    "usage_percent": [
      31.25,
      4.6875,
      3.125,
      0,
      0,
      40.625,
      0,
      0
    ]
  },
  "memory": {
    "free": 4639232000,
    "total": 16996769792,
    "usage_percent": 72,
    "used": 12357537792
  },
  "network": {
    "bytes_recv": 16942841339,
    "bytes_sent": 1953790776,
    "packets_recv": 15707289,
    "packets_sent": 7350204
  },
  "temperature": [
    {
      "sensor_key": "ACPI\\ThermalZone\\TZ00_0",
      "temperature": 27.85
    },
    {
      "sensor_key": "ACPI\\ThermalZone\\TZ01_0",
      "temperature": 29.85
    }
  ],
  "timestamp": "2024-12-30T17:24:20.2221643-06:00"
}
2024/12/30 23:24:24 Received log message from agent {
  "name": "wuauserv",
  "status": "Running",
  "timestamp": "2024-12-30T17:24:24.2228903-06:00"
}
2024/12/30 23:24:24 Received log message from agent {
  "name": "EventLog",
  "status": "Running",
  "timestamp": "2024-12-30T17:24:24.2230292-06:00"
}
2024/12/30 23:24:25 Received log message from agent {
  "cpu": {
    "count": 8,
    "usage_percent": [
      17.1875,
      6.25,
      0,
      1.5625,
      1.5625,
      3.125,
      20.3125,
      51.5625
    ]
  },
  "memory": {
    "free": 4608249856,
    "total": 16996769792,
    "usage_percent": 72,
    "used": 12388519936
  },
  "network": {
    "bytes_recv": 16942849921,
    "bytes_sent": 1953795993,
    "packets_recv": 15707318,
    "packets_sent": 7350230
  },
  "temperature": [
    {
      "sensor_key": "ACPI\\ThermalZone\\TZ00_0",
      "temperature": 27.85
    },
    {
      "sensor_key": "ACPI\\ThermalZone\\TZ01_0",
      "temperature": 29.85
    }
  ],
  "timestamp": "2024-12-30T17:24:24.2226216-06:00"
}
2024/12/30 23:24:28 Received log message from agent {
  "name": "wuauserv",
  "status": "Running",
  "timestamp": "2024-12-30T17:24:28.2232256-06:00"
}
2024/12/30 23:24:28 Received log message from agent {
  "name": "EventLog",
  "status": "Running",
  "timestamp": "2024-12-30T17:24:28.223668-06:00"
}
2024/12/30 23:24:28 Received log message from agent {
  "Event": {
    "EventData": {
      "ClientProcessId": "14928",
      "CountOfCredentialsReturned": "1",
      "ProcessCreationTime": "2024-12-16T14:59:56.2501338Z",
      "ReadOperation": "%%8099",
      "ReturnCode": "0",
      "SubjectDomainName": "DANSDESKTOP",
      "SubjectLogonId": "0x4c0db",
      "SubjectUserName": "danfe",
      "SubjectUserSid": "S-1-5-21-1680856076-1700718083-3477311726-1001",
      "TargetName": "NordPass/RecoveryCodeInfo",
      "Type": "1"
    },
    "System": {
      "Channel": "Security",
      "Computer": "dansDesktop",
      "Correlation": {},
      "EventID": "5379",
      "EventRecordID": "8248620",
      "Execution": {
        "ProcessID": "1128",
        "ThreadID": "18964"
      },
      "Keywords": "0x8020000000000000",
      "Level": "0",
      "Opcode": "0",
      "Provider": {
        "Guid": "{54849625-5478-4994-a5ba-3e3b0328c30d}",
        "Name": "Microsoft-Windows-Security-Auditing"
      },
      "Security": {
        "UserID": ""
      },
      "Task": "13824",
      "TimeCreated": {
        "SystemTime": "2024-12-30T23:24:27.5169285Z"
      },
      "Version": "0"
    }
  }
}
2024/12/30 23:24:28 Received log message from agent {
  "Event": {
    "EventData": {
      "ClientProcessId": "14928",
      "CountOfCredentialsReturned": "1",
      "ProcessCreationTime": "2024-12-16T14:59:56.2501338Z",
      "ReadOperation": "%%8099",
      "ReturnCode": "0",
      "SubjectDomainName": "DANSDESKTOP",
      "SubjectLogonId": "0x4c0db",
      "SubjectUserName": "danfe",
      "SubjectUserSid": "S-1-5-21-1680856076-1700718083-3477311726-1001",
      "TargetName": "NordPass/IsCrashReportingEnabled",
      "Type": "1"
    },
    "System": {
      "Channel": "Security",
      "Computer": "dansDesktop",
      "Correlation": {},
      "EventID": "5379",
      "EventRecordID": "8248622",
      "Execution": {
        "ProcessID": "1128",
        "ThreadID": "22396"
      },
      "Keywords": "0x8020000000000000",
      "Level": "0",
      "Opcode": "0",
      "Provider": {
        "Guid": "{54849625-5478-4994-a5ba-3e3b0328c30d}",
        "Name": "Microsoft-Windows-Security-Auditing"
      },
      "Security": {
        "UserID": ""
      },
      "Task": "13824",
      "TimeCreated": {
        "SystemTime": "2024-12-30T23:24:27.5169662Z"
      },
      "Version": "0"
    }
  }
}
2024/12/30 23:24:28 Received log message from agent {
  "Event": {
    "EventData": {
      "ClientProcessId": "14928",
      "CountOfCredentialsReturned": "1",
      "ProcessCreationTime": "2024-12-16T14:59:56.2501338Z",
      "ReadOperation": "%%8099",
      "ReturnCode": "0",
      "SubjectDomainName": "DANSDESKTOP",
      "SubjectLogonId": "0x4c0db",
      "SubjectUserName": "danfe",
      "SubjectUserSid": "S-1-5-21-1680856076-1700718083-3477311726-1001",
      "TargetName": "NordPass/PasswordGenerator",
      "Type": "1"
    },
    "System": {
      "Channel": "Security",
      "Computer": "dansDesktop",
      "Correlation": {},
      "EventID": "5379",
      "EventRecordID": "8248621",
      "Execution": {
        "ProcessID": "1128",
        "ThreadID": "16692"
      },
      "Keywords": "0x8020000000000000",
      "Level": "0",
      "Opcode": "0",
      "Provider": {
        "Guid": "{54849625-5478-4994-a5ba-3e3b0328c30d}",
        "Name": "Microsoft-Windows-Security-Auditing"
      },
      "Security": {
        "UserID": ""
      },
      "Task": "13824",
      "TimeCreated": {
        "SystemTime": "2024-12-30T23:24:27.5169381Z"
      },
      "Version": "0"
    }
  }
}
2024/12/30 23:24:28 Received log message from agent {
  "Event": {
    "EventData": {
      "ClientProcessId": "14928",
      "CountOfCredentialsReturned": "1",
      "ProcessCreationTime": "2024-12-16T14:59:56.2501338Z",
      "ReadOperation": "%%8099",
      "ReturnCode": "0",
      "SubjectDomainName": "DANSDESKTOP",
      "SubjectLogonId": "0x4c0db",
      "SubjectUserName": "danfe",
      "SubjectUserSid": "S-1-5-21-1680856076-1700718083-3477311726-1001",
      "TargetName": "NordPass/Upsell",
      "Type": "1"
    },
    "System": {
      "Channel": "Security",
      "Computer": "dansDesktop",
      "Correlation": {},
      "EventID": "5379",
      "EventRecordID": "8248623",
      "Execution": {
        "ProcessID": "1128",
        "ThreadID": "65952"
      },
      "Keywords": "0x8020000000000000",
      "Level": "0",
      "Opcode": "0",
      "Provider": {
        "Guid": "{54849625-5478-4994-a5ba-3e3b0328c30d}",
        "Name": "Microsoft-Windows-Security-Auditing"
      },
      "Security": {
        "UserID": ""
      },
      "Task": "13824",
      "TimeCreated": {
        "SystemTime": "2024-12-30T23:24:27.5169866Z"
      },
      "Version": "0"
    }
  }
}
2024/12/30 23:24:28 Received log message from agent {
  "Event": {
    "EventData": {
      "ClientProcessId": "14928",
      "CountOfCredentialsReturned": "1",
      "ProcessCreationTime": "2024-12-16T14:59:56.2501338Z",
      "ReadOperation": "%%8099",
      "ReturnCode": "0",
      "SubjectDomainName": "DANSDESKTOP",
      "SubjectLogonId": "0x4c0db",
      "SubjectUserName": "danfe",
      "SubjectUserSid": "S-1-5-21-1680856076-1700718083-3477311726-1001",
      "TargetName": "NordPass/VaultState",
      "Type": "1"
    },
    "System": {
      "Channel": "Security",
      "Computer": "dansDesktop",
      "Correlation": {},
      "EventID": "5379",
      "EventRecordID": "8248624",
      "Execution": {
        "ProcessID": "1128",
        "ThreadID": "22396"
      },
      "Keywords": "0x8020000000000000",
      "Level": "0",
      "Opcode": "0",
      "Provider": {
        "Guid": "{54849625-5478-4994-a5ba-3e3b0328c30d}",
        "Name": "Microsoft-Windows-Security-Auditing"
      },
      "Security": {
        "UserID": ""
      },
      "Task": "13824",
      "TimeCreated": {
        "SystemTime": "2024-12-30T23:24:27.5170461Z"
      },
      "Version": "0"
    }
  }
}
2024/12/30 23:24:28 Received log message from agent {
  "Event": {
    "EventData": {
      "ClientProcessId": "14928",
      "CountOfCredentialsReturned": "1",
      "ProcessCreationTime": "2024-12-16T14:59:56.2501338Z",
      "ReadOperation": "%%8099",
      "ReturnCode": "0",
      "SubjectDomainName": "DANSDESKTOP",
      "SubjectLogonId": "0x4c0db",
      "SubjectUserName": "danfe",
      "SubjectUserSid": "S-1-5-21-1680856076-1700718083-3477311726-1001",
      "TargetName": "NordPass/WebInstallerTrackingEvents",
      "Type": "1"
    },
    "System": {
      "Channel": "Security",
      "Computer": "dansDesktop",
      "Correlation": {},
      "EventID": "5379",
      "EventRecordID": "8248625",
      "Execution": {
        "ProcessID": "1128",
        "ThreadID": "65952"
      },
      "Keywords": "0x8020000000000000",
      "Level": "0",
      "Opcode": "0",
      "Provider": {
        "Guid": "{54849625-5478-4994-a5ba-3e3b0328c30d}",
        "Name": "Microsoft-Windows-Security-Auditing"
      },
      "Security": {
        "UserID": ""
      },
      "Task": "13824",
      "TimeCreated": {
        "SystemTime": "2024-12-30T23:24:27.5171022Z"
      },
      "Version": "0"
    }
  }
}
2024/12/30 23:24:28 Received log message from agent {
  "Event": {
    "EventData": {
      "ClientProcessId": "14928",
      "CountOfCredentialsReturned": "1",
      "ProcessCreationTime": "2024-12-16T14:59:56.2501338Z",
      "ReadOperation": "%%8099",
      "ReturnCode": "0",
      "SubjectDomainName": "DANSDESKTOP",
      "SubjectLogonId": "0x4c0db",
      "SubjectUserName": "danfe",
      "SubjectUserSid": "S-1-5-21-1680856076-1700718083-3477311726-1001",
      "TargetName": "NordPass/HasNeverLoggedIn",
      "Type": "1"
    },
    "System": {
      "Channel": "Security",
      "Computer": "dansDesktop",
      "Correlation": {},
      "EventID": "5379",
      "EventRecordID": "8248626",
      "Execution": {
        "ProcessID": "1128",
        "ThreadID": "22396"
      },
      "Keywords": "0x8020000000000000",
      "Level": "0",
      "Opcode": "0",
      "Provider": {
        "Guid": "{54849625-5478-4994-a5ba-3e3b0328c30d}",
        "Name": "Microsoft-Windows-Security-Auditing"
      },
      "Security": {
        "UserID": ""
      },
      "Task": "13824",
      "TimeCreated": {
        "SystemTime": "2024-12-30T23:24:27.5171304Z"
      },
      "Version": "0"
    }
  }
}
2024/12/30 23:24:28 Received log message from agent {
  "Event": {
    "EventData": {
      "ClientProcessId": "14928",
      "CountOfCredentialsReturned": "1",
      "ProcessCreationTime": "2024-12-16T14:59:56.2501338Z",
      "ReadOperation": "%%8099",
      "ReturnCode": "0",
      "SubjectDomainName": "DANSDESKTOP",
      "SubjectLogonId": "0x4c0db",
      "SubjectUserName": "danfe",
      "SubjectUserSid": "S-1-5-21-1680856076-1700718083-3477311726-1001",
      "TargetName": "NordPass/IsFirstStart",
      "Type": "1"
    },
    "System": {
      "Channel": "Security",
      "Computer": "dansDesktop",
      "Correlation": {},
      "EventID": "5379",
      "EventRecordID": "8248627",
      "Execution": {
        "ProcessID": "1128",
        "ThreadID": "65952"
      },
      "Keywords": "0x8020000000000000",
      "Level": "0",
      "Opcode": "0",
      "Provider": {
        "Guid": "{54849625-5478-4994-a5ba-3e3b0328c30d}",
        "Name": "Microsoft-Windows-Security-Auditing"
      },
      "Security": {
        "UserID": ""
      },
      "Task": "13824",
      "TimeCreated": {
        "SystemTime": "2024-12-30T23:24:27.5171813Z"
      },
      "Version": "0"
    }
  }
}
2024/12/30 23:24:28 Received log message from agent {
  "Event": {
    "EventData": {
      "ClientProcessId": "14928",
      "CountOfCredentialsReturned": "1",
      "ProcessCreationTime": "2024-12-16T14:59:56.2501338Z",
      "ReadOperation": "%%8099",
      "ReturnCode": "0",
      "SubjectDomainName": "DANSDESKTOP",
      "SubjectLogonId": "0x4c0db",
      "SubjectUserName": "danfe",
      "SubjectUserSid": "S-1-5-21-1680856076-1700718083-3477311726-1001",
      "TargetName": "NordPass/SendActionsTimeRemaining",
      "Type": "1"
    },
    "System": {
      "Channel": "Security",
      "Computer": "dansDesktop",
      "Correlation": {},
      "EventID": "5379",
      "EventRecordID": "8248628",
      "Execution": {
        "ProcessID": "1128",
        "ThreadID": "22396"
      },
      "Keywords": "0x8020000000000000",
      "Level": "0",
      "Opcode": "0",
      "Provider": {
        "Guid": "{54849625-5478-4994-a5ba-3e3b0328c30d}",
        "Name": "Microsoft-Windows-Security-Auditing"
      },
      "Security": {
        "UserID": ""
      },
      "Task": "13824",
      "TimeCreated": {
        "SystemTime": "2024-12-30T23:24:27.5172062Z"
      },
      "Version": "0"
    }
  }
}
