2024/12/31 18:01:38 Received log message from agent {
  "agent_id": "1234567890",
  "agent_name": "jarvis-agent-windows",
  "data": {
    "event": {
      "channel": "Security",
      "computer": "dansDesktop",
      "event_data": {
        "Event": {
          "EventData": {
            "ClientProcessId": "14928",
            "CountOfCredentialsReturned": "1",
            "ProcessCreationTime": "2024-12-16T14:59:56.2501338Z",
            "ReadOperation": "%%8099",
            "ReturnCode": "0",
            "SubjectDomainName": "DANSDESKTOP",
            "SubjectLogonId": "0x4c0db",
            "SubjectUserName": "danfe",
            "SubjectUserSid": "S-1-5-21-1680856076-1700718083-3477311726-1001",
            "TargetName": "NordPass/PasswordGenerator",
            "Type": "1"
          },
          "System": {
            "Channel": "Security",
            "Computer": "dansDesktop",
            "Correlation": {},
            "EventID": "5379",
            "EventRecordID": "8313767",
            "Execution": {
              "ProcessID": "1128",
              "ThreadID": "69652"
            },
            "Keywords": "0x8020000000000000",
            "Level": "0",
            "Opcode": "0",
            "Provider": {
              "Guid": "{54849625-5478-4994-a5ba-3e3b0328c30d}",
              "Name": "Microsoft-Windows-Security-Auditing"
            },
            "Security": {
              "UserID": ""
            },
            "Task": "13824",
            "TimeCreated": {
              "SystemTime": "2024-12-31T18:01:37.9430389Z"
            },
            "Version": "0"
          }
        }
      },
      "level": "0",
      "message": ""
    }
  },
  "level": "Unknown",
  "message": "dansDesktop",
  "source": "windows_logs",
  "timestamp": "2024-12-31T12:01:38.9468367-06:00",
  "type": "event"
}
2024/12/31 18:01:38 Received log message from agent {
  "agent_id": "1234567890",
  "agent_name": "jarvis-agent-windows",
  "data": {
    "event": {
      "channel": "Security",
      "computer": "dansDesktop",
      "event_data": {
        "Event": {
          "EventData": {
            "ClientProcessId": "14928",
            "CountOfCredentialsReturned": "1",
            "ProcessCreationTime": "2024-12-16T14:59:56.2501338Z",
            "ReadOperation": "%%8099",
            "ReturnCode": "0",
            "SubjectDomainName": "DANSDESKTOP",
            "SubjectLogonId": "0x4c0db",
            "SubjectUserName": "danfe",
            "SubjectUserSid": "S-1-5-21-1680856076-1700718083-3477311726-1001",
            "TargetName": "NordPass/IsCrashReportingEnabled",
            "Type": "1"
          },
          "System": {
            "Channel": "Security",
            "Computer": "dansDesktop",
            "Correlation": {},
            "EventID": "5379",
            "EventRecordID": "8313768",
            "Execution": {
              "ProcessID": "1128",
              "ThreadID": "70732"
            },
            "Keywords": "0x8020000000000000",
            "Level": "0",
            "Opcode": "0",
            "Provider": {
              "Guid": "{54849625-5478-4994-a5ba-3e3b0328c30d}",
              "Name": "Microsoft-Windows-Security-Auditing"
            },
            "Security": {
              "UserID": ""
            },
            "Task": "13824",
            "TimeCreated": {
              "SystemTime": "2024-12-31T18:01:37.9430622Z"
            },
            "Version": "0"
          }
        }
      },
      "level": "0",
      "message": ""
    }
  },
  "level": "Unknown",
  "message": "dansDesktop",
  "source": "windows_logs",
  "timestamp": "2024-12-31T12:01:38.9484193-06:00",
  "type": "event"
}
2024/12/31 18:01:38 Received log message from agent {
  "agent_id": "1234567890",
  "agent_name": "jarvis-agent-windows",
  "data": {
    "event": {
      "channel": "Security",
      "computer": "dansDesktop",
      "event_data": {
        "Event": {
          "EventData": {
            "ClientProcessId": "14928",
            "CountOfCredentialsReturned": "1",
            "ProcessCreationTime": "2024-12-16T14:59:56.2501338Z",
            "ReadOperation": "%%8099",
            "ReturnCode": "0",
            "SubjectDomainName": "DANSDESKTOP",
            "SubjectLogonId": "0x4c0db",
            "SubjectUserName": "danfe",
            "SubjectUserSid": "S-1-5-21-1680856076-1700718083-3477311726-1001",
            "TargetName": "NordPass/Upsell",
            "Type": "1"
          },
          "System": {
            "Channel": "Security",
            "Computer": "dansDesktop",
            "Correlation": {},
            "EventID": "5379",
            "EventRecordID": "8313769",
            "Execution": {
              "ProcessID": "1128",
              "ThreadID": "69652"
            },
            "Keywords": "0x8020000000000000",
            "Level": "0",
            "Opcode": "0",
            "Provider": {
              "Guid": "{54849625-5478-4994-a5ba-3e3b0328c30d}",
              "Name": "Microsoft-Windows-Security-Auditing"
            },
            "Security": {
              "UserID": ""
            },
            "Task": "13824",
            "TimeCreated": {
              "SystemTime": "2024-12-31T18:01:37.9431104Z"
            },
            "Version": "0"
          }
        }
      },
      "level": "0",
      "message": ""
    }
  },
  "level": "Unknown",
  "message": "dansDesktop",
  "source": "windows_logs",
  "timestamp": "2024-12-31T12:01:38.9500512-06:00",
  "type": "event"
}
2024/12/31 18:01:38 Received log message from agent {
  "agent_id": "1234567890",
  "agent_name": "jarvis-agent-windows",
  "data": {
    "event": {
      "channel": "Security",
      "computer": "dansDesktop",
      "event_data": {
        "Event": {
          "EventData": {
            "ClientProcessId": "14928",
            "CountOfCredentialsReturned": "1",
            "ProcessCreationTime": "2024-12-16T14:59:56.2501338Z",
            "ReadOperation": "%%8099",
            "ReturnCode": "0",
            "SubjectDomainName": "DANSDESKTOP",
            "SubjectLogonId": "0x4c0db",
            "SubjectUserName": "danfe",
            "SubjectUserSid": "S-1-5-21-1680856076-1700718083-3477311726-1001",
            "TargetName": "NordPass/WebInstallerTrackingEvents",
            "Type": "1"
          },
          "System": {
            "Channel": "Security",
            "Computer": "dansDesktop",
            "Correlation": {},
            "EventID": "5379",
            "EventRecordID": "8313770",
            "Execution": {
              "ProcessID": "1128",
              "ThreadID": "70732"
            },
            "Keywords": "0x8020000000000000",
            "Level": "0",
            "Opcode": "0",
            "Provider": {
              "Guid": "{54849625-5478-4994-a5ba-3e3b0328c30d}",
              "Name": "Microsoft-Windows-Security-Auditing"
            },
            "Security": {
              "UserID": ""
            },
            "Task": "13824",
            "TimeCreated": {
              "SystemTime": "2024-12-31T18:01:37.9431365Z"
            },
            "Version": "0"
          }
        }
      },
      "level": "0",
      "message": ""
    }
  },
  "level": "Unknown",
  "message": "dansDesktop",
  "source": "windows_logs",
  "timestamp": "2024-12-31T12:01:38.9511289-06:00",
  "type": "event"
}
2024/12/31 18:01:38 Received log message from agent {
  "agent_id": "1234567890",
  "agent_name": "jarvis-agent-windows",
  "data": {
    "event": {
      "channel": "Security",
      "computer": "dansDesktop",
      "event_data": {
        "Event": {
          "EventData": {
            "ClientProcessId": "14928",
            "CountOfCredentialsReturned": "1",
            "ProcessCreationTime": "2024-12-16T14:59:56.2501338Z",
            "ReadOperation": "%%8099",
            "ReturnCode": "0",
            "SubjectDomainName": "DANSDESKTOP",
            "SubjectLogonId": "0x4c0db",
            "SubjectUserName": "danfe",
            "SubjectUserSid": "S-1-5-21-1680856076-1700718083-3477311726-1001",
            "TargetName": "NordPass/VaultState",
            "Type": "1"
          },
          "System": {
            "Channel": "Security",
            "Computer": "dansDesktop",
            "Correlation": {},
            "EventID": "5379",
            "EventRecordID": "8313771",
            "Execution": {
              "ProcessID": "1128",
              "ThreadID": "72460"
            },
            "Keywords": "0x8020000000000000",
            "Level": "0",
            "Opcode": "0",
            "Provider": {
              "Guid": "{54849625-5478-4994-a5ba-3e3b0328c30d}",
              "Name": "Microsoft-Windows-Security-Auditing"
            },
            "Security": {
              "UserID": ""
            },
            "Task": "13824",
            "TimeCreated": {
              "SystemTime": "2024-12-31T18:01:37.9431787Z"
            },
            "Version": "0"
          }
        }
      },
      "level": "0",
      "message": ""
    }
  },
  "level": "Unknown",
  "message": "dansDesktop",
  "source": "windows_logs",
  "timestamp": "2024-12-31T12:01:38.9527731-06:00",
  "type": "event"
}
2024/12/31 18:01:38 Received log message from agent {
  "agent_id": "1234567890",
  "agent_name": "jarvis-agent-windows",
  "data": {
    "event": {
      "channel": "Security",
      "computer": "dansDesktop",
      "event_data": {
        "Event": {
          "EventData": {
            "ClientProcessId": "14928",
            "CountOfCredentialsReturned": "1",
            "ProcessCreationTime": "2024-12-16T14:59:56.2501338Z",
            "ReadOperation": "%%8099",
            "ReturnCode": "0",
            "SubjectDomainName": "DANSDESKTOP",
            "SubjectLogonId": "0x4c0db",
            "SubjectUserName": "danfe",
            "SubjectUserSid": "S-1-5-21-1680856076-1700718083-3477311726-1001",
            "TargetName": "NordPass/IsFirstStart",
            "Type": "1"
          },
          "System": {
            "Channel": "Security",
            "Computer": "dansDesktop",
            "Correlation": {},
            "EventID": "5379",
            "EventRecordID": "8313772",
            "Execution": {
              "ProcessID": "1128",
              "ThreadID": "70732"
            },
            "Keywords": "0x8020000000000000",
            "Level": "0",
            "Opcode": "0",
            "Provider": {
              "Guid": "{54849625-5478-4994-a5ba-3e3b0328c30d}",
              "Name": "Microsoft-Windows-Security-Auditing"
            },
            "Security": {
              "UserID": ""
            },
            "Task": "13824",
            "TimeCreated": {
              "SystemTime": "2024-12-31T18:01:37.9431985Z"
            },
            "Version": "0"
          }
        }
      },
      "level": "0",
      "message": ""
    }
  },
  "level": "Unknown",
  "message": "dansDesktop",
  "source": "windows_logs",
  "timestamp": "2024-12-31T12:01:38.9538045-06:00",
  "type": "event"
}
2024/12/31 18:01:38 Received log message from agent {
  "agent_id": "1234567890",
  "agent_name": "jarvis-agent-windows",
  "data": {
    "event": {
      "channel": "Security",
      "computer": "dansDesktop",
      "event_data": {
        "Event": {
          "EventData": {
            "ClientProcessId": "14928",
            "CountOfCredentialsReturned": "1",
            "ProcessCreationTime": "2024-12-16T14:59:56.2501338Z",
            "ReadOperation": "%%8099",
            "ReturnCode": "0",
            "SubjectDomainName": "DANSDESKTOP",
            "SubjectLogonId": "0x4c0db",
            "SubjectUserName": "danfe",
            "SubjectUserSid": "S-1-5-21-1680856076-1700718083-3477311726-1001",
            "TargetName": "NordPass/HasNeverLoggedIn",
            "Type": "1"
          },
          "System": {
            "Channel": "Security",
            "Computer": "dansDesktop",
            "Correlation": {},
            "EventID": "5379",
            "EventRecordID": "8313773",
            "Execution": {
              "ProcessID": "1128",
              "ThreadID": "71556"
            },
            "Keywords": "0x8020000000000000",
            "Level": "0",
            "Opcode": "0",
            "Provider": {
              "Guid": "{54849625-5478-4994-a5ba-3e3b0328c30d}",
              "Name": "Microsoft-Windows-Security-Auditing"
            },
            "Security": {
              "UserID": ""
            },
            "Task": "13824",
            "TimeCreated": {
              "SystemTime": "2024-12-31T18:01:37.9432206Z"
            },
            "Version": "0"
          }
        }
      },
      "level": "0",
      "message": ""
    }
  },
  "level": "Unknown",
  "message": "dansDesktop",
  "source": "windows_logs",
  "timestamp": "2024-12-31T12:01:38.9548348-06:00",
  "type": "event"
}
2024/12/31 18:01:38 Received log message from agent {
  "agent_id": "1234567890",
  "agent_name": "jarvis-agent-windows",
  "data": {
    "event": {
      "channel": "Security",
      "computer": "dansDesktop",
      "event_data": {
        "Event": {
          "EventData": {
            "ClientProcessId": "14928",
            "CountOfCredentialsReturned": "1",
            "ProcessCreationTime": "2024-12-16T14:59:56.2501338Z",
            "ReadOperation": "%%8099",
            "ReturnCode": "0",
            "SubjectDomainName": "DANSDESKTOP",
            "SubjectLogonId": "0x4c0db",
            "SubjectUserName": "danfe",
            "SubjectUserSid": "S-1-5-21-1680856076-1700718083-3477311726-1001",
            "TargetName": "NordPass/SendActionsTimeRemaining",
            "Type": "1"
          },
          "System": {
            "Channel": "Security",
            "Computer": "dansDesktop",
            "Correlation": {},
            "EventID": "5379",
            "EventRecordID": "8313774",
            "Execution": {
              "ProcessID": "1128",
              "ThreadID": "69652"
            },
            "Keywords": "0x8020000000000000",
            "Level": "0",
            "Opcode": "0",
            "Provider": {
              "Guid": "{54849625-5478-4994-a5ba-3e3b0328c30d}",
              "Name": "Microsoft-Windows-Security-Auditing"
            },
            "Security": {
              "UserID": ""
            },
            "Task": "13824",
            "TimeCreated": {
              "SystemTime": "2024-12-31T18:01:37.9432355Z"
            },
            "Version": "0"
          }
        }
      },
      "level": "0",
      "message": ""
    }
  },
  "level": "Unknown",
  "message": "dansDesktop",
  "source": "windows_logs",
  "timestamp": "2024-12-31T12:01:38.9553529-06:00",
  "type": "event"
}
2024/12/31 18:01:38 Received log message from agent {
  "agent_id": "1234567890",
  "agent_name": "jarvis-agent-windows",
  "data": {
    "event": {
      "channel": "Security",
      "computer": "dansDesktop",
      "event_data": {
        "Event": {
          "EventData": {
            "ClientProcessId": "14928",
            "CountOfCredentialsReturned": "1",
            "ProcessCreationTime": "2024-12-16T14:59:56.2501338Z",
            "ReadOperation": "%%8099",
            "ReturnCode": "0",
            "SubjectDomainName": "DANSDESKTOP",
            "SubjectLogonId": "0x4c0db",
            "SubjectUserName": "danfe",
            "SubjectUserSid": "S-1-5-21-1680856076-1700718083-3477311726-1001",
            "TargetName": "NordPass/IsAutoStartTrial",
            "Type": "1"
          },
          "System": {
            "Channel": "Security",
            "Computer": "dansDesktop",
            "Correlation": {},
            "EventID": "5379",
            "EventRecordID": "8313775",
            "Execution": {
              "ProcessID": "1128",
              "ThreadID": "70732"
            },
            "Keywords": "0x8020000000000000",
            "Level": "0",
            "Opcode": "0",
            "Provider": {
              "Guid": "{54849625-5478-4994-a5ba-3e3b0328c30d}",
              "Name": "Microsoft-Windows-Security-Auditing"
            },
            "Security": {
              "UserID": ""
            },
            "Task": "13824",
            "TimeCreated": {
              "SystemTime": "2024-12-31T18:01:37.9432684Z"
            },
            "Version": "0"
          }
        }
      },
      "level": "0",
      "message": ""
    }
  },
  "level": "Unknown",
  "message": "dansDesktop",
  "source": "windows_logs",
  "timestamp": "2024-12-31T12:01:38.9563829-06:00",
  "type": "event"
}
2024/12/31 18:01:38 Received log message from agent {
  "agent_id": "1234567890",
  "agent_name": "jarvis-agent-windows",
  "data": {
    "event": {
      "channel": "Security",
      "computer": "dansDesktop",
      "event_data": {
        "Event": {
          "EventData": {
            "ClientProcessId": "14928",
            "CountOfCredentialsReturned": "1",
            "ProcessCreationTime": "2024-12-16T14:59:56.2501338Z",
            "ReadOperation": "%%8099",
            "ReturnCode": "0",
            "SubjectDomainName": "DANSDESKTOP",
            "SubjectLogonId": "0x4c0db",
            "SubjectUserName": "danfe",
            "SubjectUserSid": "S-1-5-21-1680856076-1700718083-3477311726-1001",
            "TargetName": "NordPass/LastKnownEmail",
            "Type": "1"
          },
          "System": {
            "Channel": "Security",
            "Computer": "dansDesktop",
            "Correlation": {},
            "EventID": "5379",
            "EventRecordID": "8313776",
            "Execution": {
              "ProcessID": "1128",
              "ThreadID": "72460"
            },
            "Keywords": "0x8020000000000000",
            "Level": "0",
            "Opcode": "0",
            "Provider": {
              "Guid": "{54849625-5478-4994-a5ba-3e3b0328c30d}",
              "Name": "Microsoft-Windows-Security-Auditing"
            },
            "Security": {
              "UserID": ""
            },
            "Task": "13824",
            "TimeCreated": {
              "SystemTime": "2024-12-31T18:01:37.9432849Z"
            },
            "Version": "0"
          }
        }
      },
      "level": "0",
      "message": ""
    }
  },
  "level": "Unknown",
  "message": "dansDesktop",
  "source": "windows_logs",
  "timestamp": "2024-12-31T12:01:38.9581842-06:00",
  "type": "event"
}
2024/12/31 18:01:38 Received log message from agent {
  "agent_id": "1234567890",
  "agent_name": "jarvis-agent-windows",
  "data": {
    "event": {
      "channel": "Security",
      "computer": "dansDesktop",
      "event_data": {
        "Event": {
          "EventData": {
            "ClientProcessId": "14928",
            "CountOfCredentialsReturned": "1",
            "ProcessCreationTime": "2024-12-16T14:59:56.2501338Z",
            "ReadOperation": "%%8099",
            "ReturnCode": "0",
            "SubjectDomainName": "DANSDESKTOP",
            "SubjectLogonId": "0x4c0db",
            "SubjectUserName": "danfe",
            "SubjectUserSid": "S-1-5-21-1680856076-1700718083-3477311726-1001",
            "TargetName": "NordPass/SidebarState",
            "Type": "1"
          },
          "System": {
            "Channel": "Security",
            "Computer": "dansDesktop",
            "Correlation": {},
            "EventID": "5379",
            "EventRecordID": "8313777",
            "Execution": {
              "ProcessID": "1128",
              "ThreadID": "69652"
            },
            "Keywords": "0x8020000000000000",
            "Level": "0",
            "Opcode": "0",
            "Provider": {
              "Guid": "{54849625-5478-4994-a5ba-3e3b0328c30d}",
              "Name": "Microsoft-Windows-Security-Auditing"
            },
            "Security": {
              "UserID": ""
            },
            "Task": "13824",
            "TimeCreated": {
              "SystemTime": "2024-12-31T18:01:37.9433368Z"
            },
            "Version": "0"
          }
        }
      },
      "level": "0",
      "message": ""
    }
  },
  "level": "Unknown",
  "message": "dansDesktop",
  "source": "windows_logs",
  "timestamp": "2024-12-31T12:01:38.9595799-06:00",
  "type": "event"
}
2024/12/31 18:01:38 Received log message from agent {
  "agent_id": "1234567890",
  "agent_name": "jarvis-agent-windows",
  "data": {
    "event": {
      "channel": "Security",
      "computer": "dansDesktop",
      "event_data": {
        "Event": {
          "EventData": {
            "ClientProcessId": "14928",
            "CountOfCredentialsReturned": "1",
            "ProcessCreationTime": "2024-12-16T14:59:56.2501338Z",
            "ReadOperation": "%%8099",
            "ReturnCode": "0",
            "SubjectDomainName": "DANSDESKTOP",
            "SubjectLogonId": "0x4c0db",
            "SubjectUserName": "danfe",
            "SubjectUserSid": "S-1-5-21-1680856076-1700718083-3477311726-1001",
            "TargetName": "NordPass/Environment",
            "Type": "1"
          },
          "System": {
            "Channel": "Security",
            "Computer": "dansDesktop",
            "Correlation": {},
            "EventID": "5379",
            "EventRecordID": "8313778",
            "Execution": {
              "ProcessID": "1128",
              "ThreadID": "72460"
            },
            "Keywords": "0x8020000000000000",
            "Level": "0",
            "Opcode": "0",
            "Provider": {
              "Guid": "{54849625-5478-4994-a5ba-3e3b0328c30d}",
              "Name": "Microsoft-Windows-Security-Auditing"
            },
            "Security": {
              "UserID": ""
            },
            "Task": "13824",
            "TimeCreated": {
              "SystemTime": "2024-12-31T18:01:37.9433509Z"
            },
            "Version": "0"
          }
        }
      },
      "level": "0",
      "message": ""
    }
  },
  "level": "Unknown",
  "message": "dansDesktop",
  "source": "windows_logs",
  "timestamp": "2024-12-31T12:01:38.9613465-06:00",
  "type": "event"
}
2024/12/31 18:01:38 Received log message from agent {
  "agent_id": "1234567890",
  "agent_name": "jarvis-agent-windows",
  "data": {
    "event": {
      "channel": "Security",
      "computer": "dansDesktop",
      "event_data": {
        "Event": {
          "EventData": {
            "ClientProcessId": "14928",
            "CountOfCredentialsReturned": "1",
            "ProcessCreationTime": "2024-12-16T14:59:56.2501338Z",
            "ReadOperation": "%%8099",
            "ReturnCode": "0",
            "SubjectDomainName": "DANSDESKTOP",
            "SubjectLogonId": "0x4c0db",
            "SubjectUserName": "danfe",
            "SubjectUserSid": "S-1-5-21-1680856076-1700718083-3477311726-1001",
            "TargetName": "NordPass/MiscData",
            "Type": "1"
          },
          "System": {
            "Channel": "Security",
            "Computer": "dansDesktop",
            "Correlation": {},
            "EventID": "5379",
            "EventRecordID": "8313779",
            "Execution": {
              "ProcessID": "1128",
              "ThreadID": "70732"
            },
            "Keywords": "0x8020000000000000",
            "Level": "0",
            "Opcode": "0",
            "Provider": {
              "Guid": "{54849625-5478-4994-a5ba-3e3b0328c30d}",
              "Name": "Microsoft-Windows-Security-Auditing"
            },
            "Security": {
              "UserID": ""
            },
            "Task": "13824",
            "TimeCreated": {
              "SystemTime": "2024-12-31T18:01:37.9433663Z"
            },
            "Version": "0"
          }
        }
      },
      "level": "0",
      "message": ""
    }
  },
  "level": "Unknown",
  "message": "dansDesktop",
  "source": "windows_logs",
  "timestamp": "2024-12-31T12:01:38.962381-06:00",
  "type": "event"
}
2024/12/31 18:01:38 Received log message from agent {
  "agent_id": "1234567890",
  "agent_name": "jarvis-agent-windows",
  "data": {
    "event": {
      "channel": "Security",
      "computer": "dansDesktop",
      "event_data": {
        "Event": {
          "EventData": {
            "ClientProcessId": "14928",
            "CountOfCredentialsReturned": "1",
            "ProcessCreationTime": "2024-12-16T14:59:56.2501338Z",
            "ReadOperation": "%%8099",
            "ReturnCode": "0",
            "SubjectDomainName": "DANSDESKTOP",
            "SubjectLogonId": "0x4c0db",
            "SubjectUserName": "danfe",
            "SubjectUserSid": "S-1-5-21-1680856076-1700718083-3477311726-1001",
            "TargetName": "NordPass/UserId",
            "Type": "1"
          },
          "System": {
            "Channel": "Security",
            "Computer": "dansDesktop",
            "Correlation": {},
            "EventID": "5379",
            "EventRecordID": "8313780",
            "Execution": {
              "ProcessID": "1128",
              "ThreadID": "70760"
            },
            "Keywords": "0x8020000000000000",
            "Level": "0",
            "Opcode": "0",
            "Provider": {
              "Guid": "{54849625-5478-4994-a5ba-3e3b0328c30d}",
              "Name": "Microsoft-Windows-Security-Auditing"
            },
            "Security": {
              "UserID": ""
            },
            "Task": "13824",
            "TimeCreated": {
              "SystemTime": "2024-12-31T18:01:37.9434185Z"
            },
            "Version": "0"
          }
        }
      },
      "level": "0",
      "message": ""
    }
  },
  "level": "Unknown",
  "message": "dansDesktop",
  "source": "windows_logs",
  "timestamp": "2024-12-31T12:01:38.9634139-06:00",
  "type": "event"
}
2024/12/31 18:01:38 Received log message from agent {
  "agent_id": "1234567890",
  "agent_name": "jarvis-agent-windows",
  "data": {
    "event": {
      "channel": "Security",
      "computer": "dansDesktop",
      "event_data": {
        "Event": {
          "EventData": {
            "ClientProcessId": "14928",
            "CountOfCredentialsReturned": "1",
            "ProcessCreationTime": "2024-12-16T14:59:56.2501338Z",
            "ReadOperation": "%%8099",
            "ReturnCode": "0",
            "SubjectDomainName": "DANSDESKTOP",
            "SubjectLogonId": "0x4c0db",
            "SubjectUserName": "danfe",
            "SubjectUserSid": "S-1-5-21-1680856076-1700718083-3477311726-1001",
            "TargetName": "NordPass/UserEmail",
            "Type": "1"
          },
          "System": {
            "Channel": "Security",
            "Computer": "dansDesktop",
            "Correlation": {},
            "EventID": "5379",
            "EventRecordID": "8313781",
            "Execution": {
              "ProcessID": "1128",
              "ThreadID": "70732"
            },
            "Keywords": "0x8020000000000000",
            "Level": "0",
            "Opcode": "0",
            "Provider": {
              "Guid": "{54849625-5478-4994-a5ba-3e3b0328c30d}",
              "Name": "Microsoft-Windows-Security-Auditing"
            },
            "Security": {
              "UserID": ""
            },
            "Task": "13824",
            "TimeCreated": {
              "SystemTime": "2024-12-31T18:01:37.9434345Z"
            },
            "Version": "0"
          }
        }
      },
      "level": "0",
      "message": ""
    }
  },
  "level": "Unknown",
  "message": "dansDesktop",
  "source": "windows_logs",
  "timestamp": "2024-12-31T12:01:38.9639438-06:00",
  "type": "event"
}
2024/12/31 18:01:38 Received log message from agent {
  "agent_id": "1234567890",
  "agent_name": "jarvis-agent-windows",
  "data": {
    "event": {
      "channel": "Security",
      "computer": "dansDesktop",
      "event_data": {
        "Event": {
          "EventData": {
            "ClientProcessId": "14928",
            "CountOfCredentialsReturned": "1",
            "ProcessCreationTime": "2024-12-16T14:59:56.2501338Z",
            "ReadOperation": "%%8099",
            "ReturnCode": "0",
            "SubjectDomainName": "DANSDESKTOP",
            "SubjectLogonId": "0x4c0db",
            "SubjectUserName": "danfe",
            "SubjectUserSid": "S-1-5-21-1680856076-1700718083-3477311726-1001",
            "TargetName": "NordPass/IsNoPasskeysFoundDisabled",
            "Type": "1"
          },
          "System": {
            "Channel": "Security",
            "Computer": "dansDesktop",
            "Correlation": {},
            "EventID": "5379",
            "EventRecordID": "8313782",
            "Execution": {
              "ProcessID": "1128",
              "ThreadID": "69652"
            },
            "Keywords": "0x8020000000000000",
            "Level": "0",
            "Opcode": "0",
            "Provider": {
              "Guid": "{54849625-5478-4994-a5ba-3e3b0328c30d}",
              "Name": "Microsoft-Windows-Security-Auditing"
            },
            "Security": {
              "UserID": ""
            },
            "Task": "13824",
            "TimeCreated": {
              "SystemTime": "2024-12-31T18:01:37.9434631Z"
            },
            "Version": "0"
          }
        }
      },
      "level": "0",
      "message": ""
    }
  },
  "level": "Unknown",
  "message": "dansDesktop",
  "source": "windows_logs",
  "timestamp": "2024-12-31T12:01:38.9649793-06:00",
  "type": "event"
}
2024/12/31 18:01:38 Received log message from agent {
  "agent_id": "1234567890",
  "agent_name": "jarvis-agent-windows",
  "data": {
    "event": {
      "channel": "Security",
      "computer": "dansDesktop",
      "event_data": {
        "Event": {
          "EventData": {
            "ClientProcessId": "14928",
            "CountOfCredentialsReturned": "1",
            "ProcessCreationTime": "2024-12-16T14:59:56.2501338Z",
            "ReadOperation": "%%8099",
            "ReturnCode": "0",
            "SubjectDomainName": "DANSDESKTOP",
            "SubjectLogonId": "0x4c0db",
            "SubjectUserName": "danfe",
            "SubjectUserSid": "S-1-5-21-1680856076-1700718083-3477311726-1001",
            "TargetName": "NordPass/CompletedAutolockTileUserIds",
            "Type": "1"
          },
          "System": {
            "Channel": "Security",
            "Computer": "dansDesktop",
            "Correlation": {},
            "EventID": "5379",
            "EventRecordID": "8313783",
            "Execution": {
              "ProcessID": "1128",
              "ThreadID": "70760"
            },
            "Keywords": "0x8020000000000000",
            "Level": "0",
            "Opcode": "0",
            "Provider": {
              "Guid": "{54849625-5478-4994-a5ba-3e3b0328c30d}",
              "Name": "Microsoft-Windows-Security-Auditing"
            },
            "Security": {
              "UserID": ""
            },
            "Task": "13824",
            "TimeCreated": {
              "SystemTime": "2024-12-31T18:01:37.9434890Z"
            },
            "Version": "0"
          }
        }
      },
      "level": "0",
      "message": ""
    }
  },
  "level": "Unknown",
  "message": "dansDesktop",
  "source": "windows_logs",
  "timestamp": "2024-12-31T12:01:38.9660792-06:00",
  "type": "event"
}
2024/12/31 18:01:38 Received log message from agent {
  "agent_id": "1234567890",
  "agent_name": "jarvis-agent-windows",
  "data": {
    "event": {
      "channel": "Security",
      "computer": "dansDesktop",
      "event_data": {
        "Event": {
          "EventData": {
            "ClientProcessId": "14928",
            "CountOfCredentialsReturned": "1",
            "ProcessCreationTime": "2024-12-16T14:59:56.2501338Z",
            "ReadOperation": "%%8099",
            "ReturnCode": "0",
            "SubjectDomainName": "DANSDESKTOP",
            "SubjectLogonId": "0x4c0db",
            "SubjectUserName": "danfe",
            "SubjectUserSid": "S-1-5-21-1680856076-1700718083-3477311726-1001",
            "TargetName": "NordPass/ClipboardClearingTime",
            "Type": "1"
          },
          "System": {
            "Channel": "Security",
            "Computer": "dansDesktop",
            "Correlation": {},
            "EventID": "5379",
            "EventRecordID": "8313784",
            "Execution": {
              "ProcessID": "1128",
              "ThreadID": "72460"
            },
            "Keywords": "0x8020000000000000",
            "Level": "0",
            "Opcode": "0",
            "Provider": {
              "Guid": "{54849625-5478-4994-a5ba-3e3b0328c30d}",
              "Name": "Microsoft-Windows-Security-Auditing"
            },
            "Security": {
              "UserID": ""
            },
            "Task": "13824",
            "TimeCreated": {
              "SystemTime": "2024-12-31T18:01:37.9435214Z"
            },
            "Version": "0"
          }
        }
      },
      "level": "0",
      "message": ""
    }
  },
  "level": "Unknown",
  "message": "dansDesktop",
  "source": "windows_logs",
  "timestamp": "2024-12-31T12:01:38.9671232-06:00",
  "type": "event"
}
2024/12/31 18:01:38 Received log message from agent {
  "agent_id": "1234567890",
  "agent_name": "jarvis-agent-windows",
  "data": {
    "event": {
      "channel": "Security",
      "computer": "dansDesktop",
      "event_data": {
        "Event": {
          "EventData": {
            "ClientProcessId": "14928",
            "CountOfCredentialsReturned": "1",
            "ProcessCreationTime": "2024-12-16T14:59:56.2501338Z",
            "ReadOperation": "%%8099",
            "ReturnCode": "0",
            "SubjectDomainName": "DANSDESKTOP",
            "SubjectLogonId": "0x4c0db",
            "SubjectUserName": "danfe",
            "SubjectUserSid": "S-1-5-21-1680856076-1700718083-3477311726-1001",
            "TargetName": "NordPass/CompletedBiometricsTileUserIds",
            "Type": "1"
          },
          "System": {
            "Channel": "Security",
            "Computer": "dansDesktop",
            "Correlation": {},
            "EventID": "5379",
            "EventRecordID": "8313785",
            "Execution": {
              "ProcessID": "1128",
              "ThreadID": "69652"
            },
            "Keywords": "0x8020000000000000",
            "Level": "0",
            "Opcode": "0",
            "Provider": {
              "Guid": "{54849625-5478-4994-a5ba-3e3b0328c30d}",
              "Name": "Microsoft-Windows-Security-Auditing"
            },
            "Security": {
              "UserID": ""
            },
            "Task": "13824",
            "TimeCreated": {
              "SystemTime": "2024-12-31T18:01:37.9435409Z"
            },
            "Version": "0"
          }
        }
      },
      "level": "0",
      "message": ""
    }
  },
  "level": "Unknown",
  "message": "dansDesktop",
  "source": "windows_logs",
  "timestamp": "2024-12-31T12:01:38.9681607-06:00",
  "type": "event"
}
2024/12/31 18:01:38 Received log message from agent {
  "agent_id": "1234567890",
  "agent_name": "jarvis-agent-windows",
  "data": {
    "event": {
      "channel": "Security",
      "computer": "dansDesktop",
      "event_data": {
        "Event": {
          "EventData": {
            "ClientProcessId": "14928",
            "CountOfCredentialsReturned": "1",
            "ProcessCreationTime": "2024-12-16T14:59:56.2501338Z",
            "ReadOperation": "%%8099",
            "ReturnCode": "0",
            "SubjectDomainName": "DANSDESKTOP",
            "SubjectLogonId": "0x4c0db",
            "SubjectUserName": "danfe",
            "SubjectUserSid": "S-1-5-21-1680856076-1700718083-3477311726-1001",
            "TargetName": "NordPass/SeenNotifications",
            "Type": "1"
          },
          "System": {
            "Channel": "Security",
            "Computer": "dansDesktop",
            "Correlation": {},
            "EventID": "5379",
            "EventRecordID": "8313786",
            "Execution": {
              "ProcessID": "1128",
              "ThreadID": "70732"
            },
            "Keywords": "0x8020000000000000",
            "Level": "0",
            "Opcode": "0",
            "Provider": {
              "Guid": "{54849625-5478-4994-a5ba-3e3b0328c30d}",
              "Name": "Microsoft-Windows-Security-Auditing"
            },
            "Security": {
              "UserID": ""
            },
            "Task": "13824",
            "TimeCreated": {
              "SystemTime": "2024-12-31T18:01:37.9435679Z"
            },
            "Version": "0"
          }
        }
      },
      "level": "0",
      "message": ""
    }
  },
  "level": "Unknown",
  "message": "dansDesktop",
  "source": "windows_logs",
  "timestamp": "2024-12-31T12:01:38.969221-06:00",
  "type": "event"
}
2024/12/31 18:01:38 Received log message from agent {
  "agent_id": "1234567890",
  "agent_name": "jarvis-agent-windows",
  "data": {
    "event": {
      "channel": "Security",
      "computer": "dansDesktop",
      "event_data": {
        "Event": {
          "EventData": {
            "ClientProcessId": "14928",
            "CountOfCredentialsReturned": "1",
            "ProcessCreationTime": "2024-12-16T14:59:56.2501338Z",
            "ReadOperation": "%%8099",
            "ReturnCode": "0",
            "SubjectDomainName": "DANSDESKTOP",
            "SubjectLogonId": "0x4c0db",
            "SubjectUserName": "danfe",
            "SubjectUserSid": "S-1-5-21-1680856076-1700718083-3477311726-1001",
            "TargetName": "NordPass/ShouldHideMaskFAQUserIds",
            "Type": "1"
          },
          "System": {
            "Channel": "Security",
            "Computer": "dansDesktop",
            "Correlation": {},
            "EventID": "5379",
            "EventRecordID": "8313787",
            "Execution": {
              "ProcessID": "1128",
              "ThreadID": "70760"
            },
            "Keywords": "0x8020000000000000",
            "Level": "0",
            "Opcode": "0",
            "Provider": {
              "Guid": "{54849625-5478-4994-a5ba-3e3b0328c30d}",
              "Name": "Microsoft-Windows-Security-Auditing"
            },
            "Security": {
              "UserID": ""
            },
            "Task": "13824",
            "TimeCreated": {
              "SystemTime": "2024-12-31T18:01:37.9435804Z"
            },
            "Version": "0"
          }
        }
      },
      "level": "0",
      "message": ""
    }
  },
  "level": "Unknown",
  "message": "dansDesktop",
  "source": "windows_logs",
  "timestamp": "2024-12-31T12:01:38.969774-06:00",
  "type": "event"
}
2024/12/31 18:01:38 Received log message from agent {
  "agent_id": "1234567890",
  "agent_name": "jarvis-agent-windows",
  "data": {
    "event": {
      "channel": "Security",
      "computer": "dansDesktop",
      "event_data": {
        "Event": {
          "EventData": {
            "ClientProcessId": "14928",
            "CountOfCredentialsReturned": "1",
            "ProcessCreationTime": "2024-12-16T14:59:56.2501338Z",
            "ReadOperation": "%%8099",
            "ReturnCode": "0",
            "SubjectDomainName": "DANSDESKTOP",
            "SubjectLogonId": "0x4c0db",
            "SubjectUserName": "danfe",
            "SubjectUserSid": "S-1-5-21-1680856076-1700718083-3477311726-1001",
            "TargetName": "NordPass/DisplayFilter",
            "Type": "1"
          },
          "System": {
            "Channel": "Security",
            "Computer": "dansDesktop",
            "Correlation": {},
            "EventID": "5379",
            "EventRecordID": "8313788",
            "Execution": {
              "ProcessID": "1128",
              "ThreadID": "72460"
            },
            "Keywords": "0x8020000000000000",
            "Level": "0",
            "Opcode": "0",
            "Provider": {
              "Guid": "{54849625-5478-4994-a5ba-3e3b0328c30d}",
              "Name": "Microsoft-Windows-Security-Auditing"
            },
            "Security": {
              "UserID": ""
            },
            "Task": "13824",
            "TimeCreated": {
              "SystemTime": "2024-12-31T18:01:37.9436229Z"
            },
            "Version": "0"
          }
        }
      },
      "level": "0",
      "message": ""
    }
  },
  "level": "Unknown",
  "message": "dansDesktop",
  "source": "windows_logs",
  "timestamp": "2024-12-31T12:01:38.9708116-06:00",
  "type": "event"
}
2024/12/31 18:01:38 Received log message from agent {
  "agent_id": "1234567890",
  "agent_name": "jarvis-agent-windows",
  "data": {
    "event": {
      "channel": "Security",
      "computer": "dansDesktop",
      "event_data": {
        "Event": {
          "EventData": {
            "ClientProcessId": "14928",
            "CountOfCredentialsReturned": "1",
            "ProcessCreationTime": "2024-12-16T14:59:56.2501338Z",
            "ReadOperation": "%%8099",
            "ReturnCode": "0",
            "SubjectDomainName": "DANSDESKTOP",
            "SubjectLogonId": "0x4c0db",
            "SubjectUserName": "danfe",
            "SubjectUserSid": "S-1-5-21-1680856076-1700718083-3477311726-1001",
            "TargetName": "NordPass/PasskeysBannerDismissedDomainsByUserId",
            "Type": "1"
          },
          "System": {
            "Channel": "Security",
            "Computer": "dansDesktop",
            "Correlation": {},
            "EventID": "5379",
            "EventRecordID": "8313789",
            "Execution": {
              "ProcessID": "1128",
              "ThreadID": "69652"
            },
            "Keywords": "0x8020000000000000",
            "Level": "0",
            "Opcode": "0",
            "Provider": {
              "Guid": "{54849625-5478-4994-a5ba-3e3b0328c30d}",
              "Name": "Microsoft-Windows-Security-Auditing"
            },
            "Security": {
              "UserID": ""
            },
            "Task": "13824",
            "TimeCreated": {
              "SystemTime": "2024-12-31T18:01:37.9436372Z"
            },
            "Version": "0"
          }
        }
      },
      "level": "0",
      "message": ""
    }
  },
  "level": "Unknown",
  "message": "dansDesktop",
  "source": "windows_logs",
  "timestamp": "2024-12-31T12:01:38.9718456-06:00",
  "type": "event"
}
2024/12/31 18:01:38 Received log message from agent {
  "agent_id": "1234567890",
  "agent_name": "jarvis-agent-windows",
  "data": {
    "event": {
      "channel": "Security",
      "computer": "dansDesktop",
      "event_data": {
        "Event": {
          "EventData": {
            "ClientProcessId": "14928",
            "CountOfCredentialsReturned": "1",
            "ProcessCreationTime": "2024-12-16T14:59:56.2501338Z",
            "ReadOperation": "%%8099",
            "ReturnCode": "0",
            "SubjectDomainName": "DANSDESKTOP",
            "SubjectLogonId": "0x4c0db",
            "SubjectUserName": "danfe",
            "SubjectUserSid": "S-1-5-21-1680856076-1700718083-3477311726-1001",
            "TargetName": "NordPass/isWelcomeToStandaloneIntroShown",
            "Type": "1"
          },
          "System": {
            "Channel": "Security",
            "Computer": "dansDesktop",
            "Correlation": {},
            "EventID": "5379",
            "EventRecordID": "8313790",
            "Execution": {
              "ProcessID": "1128",
              "ThreadID": "70732"
            },
            "Keywords": "0x8020000000000000",
            "Level": "0",
            "Opcode": "0",
            "Provider": {
              "Guid": "{54849625-5478-4994-a5ba-3e3b0328c30d}",
              "Name": "Microsoft-Windows-Security-Auditing"
            },
            "Security": {
              "UserID": ""
            },
            "Task": "13824",
            "TimeCreated": {
              "SystemTime": "2024-12-31T18:01:37.9436528Z"
            },
            "Version": "0"
          }
        }
      },
      "level": "0",
      "message": ""
    }
  },
  "level": "Unknown",
  "message": "dansDesktop",
  "source": "windows_logs",
  "timestamp": "2024-12-31T12:01:38.9728781-06:00",
  "type": "event"
}
2024/12/31 18:01:38 Received log message from agent {
  "agent_id": "1234567890",
  "agent_name": "jarvis-agent-windows",
  "data": {
    "event": {
      "channel": "Security",
      "computer": "dansDesktop",
      "event_data": {
        "Event": {
          "EventData": {
            "ClientProcessId": "14928",
            "CountOfCredentialsReturned": "1",
            "ProcessCreationTime": "2024-12-16T14:59:56.2501338Z",
            "ReadOperation": "%%8099",
            "ReturnCode": "0",
            "SubjectDomainName": "DANSDESKTOP",
            "SubjectLogonId": "0x4c0db",
            "SubjectUserName": "danfe",
            "SubjectUserSid": "S-1-5-21-1680856076-1700718083-3477311726-1001",
            "TargetName": "NordPass/LatestVersionInstalledAt",
            "Type": "1"
          },
          "System": {
            "Channel": "Security",
            "Computer": "dansDesktop",
            "Correlation": {},
            "EventID": "5379",
            "EventRecordID": "8313791",
            "Execution": {
              "ProcessID": "1128",
              "ThreadID": "70760"
            },
            "Keywords": "0x8020000000000000",
            "Level": "0",
            "Opcode": "0",
            "Provider": {
              "Guid": "{54849625-5478-4994-a5ba-3e3b0328c30d}",
              "Name": "Microsoft-Windows-Security-Auditing"
            },
            "Security": {
              "UserID": ""
            },
            "Task": "13824",
            "TimeCreated": {
              "SystemTime": "2024-12-31T18:01:37.9436672Z"
            },
            "Version": "0"
          }
        }
      },
      "level": "0",
      "message": ""
    }
  },
  "level": "Unknown",
  "message": "dansDesktop",
  "source": "windows_logs",
  "timestamp": "2024-12-31T12:01:38.9740032-06:00",
  "type": "event"
}
2024/12/31 18:01:38 Received log message from agent {
  "agent_id": "1234567890",
  "agent_name": "jarvis-agent-windows",
  "data": {
    "event": {
      "channel": "Security",
      "computer": "dansDesktop",
      "event_data": {
        "Event": {
          "EventData": {
            "ClientProcessId": "14928",
            "CountOfCredentialsReturned": "1",
            "ProcessCreationTime": "2024-12-16T14:59:56.2501338Z",
            "ReadOperation": "%%8099",
            "ReturnCode": "0",
            "SubjectDomainName": "DANSDESKTOP",
            "SubjectLogonId": "0x4c0db",
            "SubjectUserName": "danfe",
            "SubjectUserSid": "S-1-5-21-1680856076-1700718083-3477311726-1001",
            "TargetName": "NordPass/isFullAppViewIntroShown",
            "Type": "1"
          },
          "System": {
            "Channel": "Security",
            "Computer": "dansDesktop",
            "Correlation": {},
            "EventID": "5379",
            "EventRecordID": "8313792",
            "Execution": {
              "ProcessID": "1128",
              "ThreadID": "69652"
            },
            "Keywords": "0x8020000000000000",
            "Level": "0",
            "Opcode": "0",
            "Provider": {
              "Guid": "{54849625-5478-4994-a5ba-3e3b0328c30d}",
              "Name": "Microsoft-Windows-Security-Auditing"
            },
            "Security": {
              "UserID": ""
            },
            "Task": "13824",
            "TimeCreated": {
              "SystemTime": "2024-12-31T18:01:37.9436920Z"
            },
            "Version": "0"
          }
        }
      },
      "level": "0",
      "message": ""
    }
  },
  "level": "Unknown",
  "message": "dansDesktop",
  "source": "windows_logs",
  "timestamp": "2024-12-31T12:01:38.9755729-06:00",
  "type": "event"
}
2024/12/31 18:01:38 Received log message from agent {
  "agent_id": "1234567890",
  "agent_name": "jarvis-agent-windows",
  "data": {
    "event": {
      "channel": "Security",
      "computer": "dansDesktop",
      "event_data": {
        "Event": {
          "EventData": {
            "ClientProcessId": "14928",
            "CountOfCredentialsReturned": "1",
            "ProcessCreationTime": "2024-12-16T14:59:56.2501338Z",
            "ReadOperation": "%%8099",
            "ReturnCode": "0",
            "SubjectDomainName": "DANSDESKTOP",
            "SubjectLogonId": "0x4c0db",
            "SubjectUserName": "danfe",
            "SubjectUserSid": "S-1-5-21-1680856076-1700718083-3477311726-1001",
            "TargetName": "NordPass/Features",
            "Type": "1"
          },
          "System": {
            "Channel": "Security",
            "Computer": "dansDesktop",
            "Correlation": {},
            "EventID": "5379",
            "EventRecordID": "8313793",
            "Execution": {
              "ProcessID": "1128",
              "ThreadID": "70732"
            },
            "Keywords": "0x8020000000000000",
            "Level": "0",
            "Opcode": "0",
            "Provider": {
              "Guid": "{54849625-5478-4994-a5ba-3e3b0328c30d}",
              "Name": "Microsoft-Windows-Security-Auditing"
            },
            "Security": {
              "UserID": ""
            },
            "Task": "13824",
            "TimeCreated": {
              "SystemTime": "2024-12-31T18:01:37.9437330Z"
            },
            "Version": "0"
          }
        }
      },
      "level": "0",
      "message": ""
    }
  },
  "level": "Unknown",
  "message": "dansDesktop",
  "source": "windows_logs",
  "timestamp": "2024-12-31T12:01:38.9771545-06:00",
  "type": "event"
}
