2024/12/31 18:01:39 Received log message from agent {
  "agent_id": "1234567890",
  "agent_name": "jarvis-agent-windows",
  "data": {
    "event": {
      "channel": "Security",
      "computer": "dansDesktop",
      "event_data": {
        "Event": {
          "EventData": {
            "ClientProcessId": "14928",
            "CountOfCredentialsReturned": "1",
            "ProcessCreationTime": "2024-12-16T14:59:56.2501338Z",
            "ReadOperation": "%%8099",
            "ReturnCode": "0",
            "SubjectDomainName": "DANSDESKTOP",
            "SubjectLogonId": "0x4c0db",
            "SubjectUserName": "danfe",
            "SubjectUserSid": "S-1-5-21-1680856076-1700718083-3477311726-1001",
            "TargetName": "NordPass/split_Features12",
            "Type": "1"
          },
          "System": {
            "Channel": "Security",
            "Computer": "dansDesktop",
            "Correlation": {},
            "EventID": "5379",
            "EventRecordID": "8313819",
            "Execution": {
              "ProcessID": "1128",
              "ThreadID": "70732"
            },
            "Keywords": "0x8020000000000000",
            "Level": "0",
            "Opcode": "0",
            "Provider": {
              "Guid": "{54849625-5478-4994-a5ba-3e3b0328c30d}",
              "Name": "Microsoft-Windows-Security-Auditing"
            },
            "Security": {
              "UserID": ""
            },
            "Task": "13824",
            "TimeCreated": {
              "SystemTime": "2024-12-31T18:01:37.9472555Z"
            },
            "Version": "0"
          }
        }
      },
      "level": "0",
      "message": ""
    }
  },
  "level": "Unknown",
  "message": "dansDesktop",
  "source": "windows_logs",
  "timestamp": "2024-12-31T12:01:39.0050424-06:00",
  "type": "event"
}
2024/12/31 18:01:39 Received log message from agent {
  "name": "EventLog",
  "status": "Running",
  "timestamp": "2024-12-31T12:01:39.3203965-06:00"
}
2024/12/31 18:01:39 Received log message from agent {
  "name": "wuauserv",
  "status": "Stopped",
  "timestamp": "2024-12-31T12:01:39.3198935-06:00"
}
2024/12/31 18:01:40 Received log message from agent {
  "agent_id": "1234567890",
  "agent_name": "jarvis-agent-windows",
  "data": {
    "cpu": {
      "count": 8,
      "usage_percent": [
        6.25,
        9.523809523809524,
        1.5384615384615385,
        4.615384615384616,
        68.75,
        7.6923076923076925,
        15.625,
        12.698412698412698
      ]
    },
    "memory": {
      "free": 3867516928,
      "total": 16996769792,
      "usage_percent": 77,
      "used": 13129252864
    }
  },
  "level": "info",
  "message": "System metrics collected",
  "source": "system_monitor",
  "timestamp": "2024-12-31T12:01:39.3197741-06:00",
  "type": "metrics"
}
2024/12/31 18:01:40 Received log message from agent {
  "cpu": {
    "count": 8,
    "usage_percent": [
      6.25,
      9.523809523809524,
      1.5384615384615385,
      4.615384615384616,
      68.75,
      7.6923076923076925,
      15.625,
      12.698412698412698
    ]
  },
  "memory": {
    "free": 3867516928,
    "total": 16996769792,
    "usage_percent": 77,
    "used": 13129252864
  },
  "network": {
    "bytes_recv": 17834336242,
    "bytes_sent": 2346003340,
    "packets_recv": 16745647,
    "packets_sent": 7885142
  },
  "temperature": [
    {
      "sensor_key": "ACPI\\ThermalZone\\TZ00_0",
      "temperature": 27.85
    },
    {
      "sensor_key": "ACPI\\ThermalZone\\TZ01_0",
      "temperature": 29.85
    }
  ],
  "timestamp": "2024-12-31T12:01:39.3197741-06:00"
}
2024/12/31 18:01:43 Received log message from agent {
  "name": "EventLog",
  "status": "Running",
  "timestamp": "2024-12-31T12:01:43.319844-06:00"
}
2024/12/31 18:01:43 Received log message from agent {
  "name": "wuauserv",
  "status": "Stopped",
  "timestamp": "2024-12-31T12:01:43.319844-06:00"
}
2024/12/31 18:01:44 Received log message from agent {
  "agent_id": "1234567890",
  "agent_name": "jarvis-agent-windows",
  "data": {
    "cpu": {
      "count": 8,
      "usage_percent": [
        0,
        17.1875,
        53.125,
        1.5625,
        33.33333333333333,
        4.6875,
        7.8125,
        7.8125
      ]
    },
    "memory": {
      "free": 5009027072,
      "total": 16996769792,
      "usage_percent": 70,
      "used": 11987742720
    }
  },
  "level": "info",
  "message": "System metrics collected",
  "source": "system_monitor",
  "timestamp": "2024-12-31T12:01:43.319844-06:00",
  "type": "metrics"
}
2024/12/31 18:01:44 Received log message from agent {
  "cpu": {
    "count": 8,
    "usage_percent": [
      0,
      17.1875,
      53.125,
      1.5625,
      33.33333333333333,
      4.6875,
      7.8125,
      7.8125
    ]
  },
  "memory": {
    "free": 5009027072,
    "total": 16996769792,
    "usage_percent": 70,
    "used": 11987742720
  },
  "network": {
    "bytes_recv": 17834351113,
    "bytes_sent": 2346013084,
    "packets_recv": 16745666,
    "packets_sent": 7885160
  },
  "temperature": [
    {
      "sensor_key": "ACPI\\ThermalZone\\TZ00_0",
      "temperature": 27.85
    },
    {
      "sensor_key": "ACPI\\ThermalZone\\TZ01_0",
      "temperature": 29.85
    }
  ],
  "timestamp": "2024-12-31T12:01:43.319844-06:00"
}
2024/12/31 18:01:47 Received log message from agent {
  "name": "EventLog",
  "status": "Running",
  "timestamp": "2024-12-31T12:01:47.320218-06:00"
}
2024/12/31 18:01:47 Received log message from agent {
  "name": "wuauserv",
  "status": "Stopped",
  "timestamp": "2024-12-31T12:01:47.3200072-06:00"
}
2024/12/31 18:01:48 Received log message from agent {
  "agent_id": "1234567890",
  "agent_name": "jarvis-agent-windows",
  "data": {
    "cpu": {
      "count": 8,
      "usage_percent": [
        4.6875,
        36.507936507936506,
        1.5625,
        6.25,
        58.46153846153847,
        4.6875,
        6.25,
        6.25
      ]
    },
    "memory": {
      "free": 4910866432,
      "total": 16996769792,
      "usage_percent": 71,
      "used": 12085903360
    }
  },
  "level": "info",
  "message": "System metrics collected",
  "source": "system_monitor",
  "timestamp": "2024-12-31T12:01:47.3196434-06:00",
  "type": "metrics"
}
2024/12/31 18:01:48 Received log message from agent {
  "cpu": {
    "count": 8,
    "usage_percent": [
      4.6875,
      36.507936507936506,
      1.5625,
      6.25,
      58.46153846153847,
      4.6875,
      6.25,
      6.25
    ]
  },
  "memory": {
    "free": 4910866432,
    "total": 16996769792,
    "usage_percent": 71,
    "used": 12085903360
  },
  "network": {
    "bytes_recv": 17834352456,
    "bytes_sent": 2346014120,
    "packets_recv": 16745677,
    "packets_sent": 7885169
  },
  "temperature": [
    {
      "sensor_key": "ACPI\\ThermalZone\\TZ00_0",
      "temperature": 27.85
    },
    {
      "sensor_key": "ACPI\\ThermalZone\\TZ01_0",
      "temperature": 29.85
    }
  ],
  "timestamp": "2024-12-31T12:01:47.3196434-06:00"
}
2024/12/31 18:01:51 Received log message from agent {
  "name": "EventLog",
  "status": "Running",
  "timestamp": "2024-12-31T12:01:51.3207653-06:00"
}
2024/12/31 18:01:51 Received log message from agent {
  "name": "wuauserv",
  "status": "Stopped",
  "timestamp": "2024-12-31T12:01:51.3201959-06:00"
}
2024/12/31 18:01:52 Received log message from agent {
  "agent_id": "1234567890",
  "agent_name": "jarvis-agent-windows",
  "data": {
    "cpu": {
      "count": 8,
      "usage_percent": [
        33.33333333333333,
        23.076923076923077,
        15.625,
        3.076923076923077,
        1.5384615384615385,
        0,
        0,
        7.8125
      ]
    },
    "memory": {
      "free": 4843118592,
      "total": 16996769792,
      "usage_percent": 71,
      "used": 12153651200
    }
  },
  "level": "info",
  "message": "System metrics collected",
  "source": "system_monitor",
  "timestamp": "2024-12-31T12:01:51.3200332-06:00",
  "type": "metrics"
}
2024/12/31 18:01:52 Received log message from agent {
  "cpu": {
    "count": 8,
    "usage_percent": [
      33.33333333333333,
      23.076923076923077,
      15.625,
      3.076923076923077,
      1.5384615384615385,
      0,
      0,
      7.8125
    ]
  },
  "memory": {
    "free": 4843118592,
    "total": 16996769792,
    "usage_percent": 71,
    "used": 12153651200
  },
  "network": {
    "bytes_recv": 17834354116,
    "bytes_sent": 2346015777,
    "packets_recv": 16745690,
    "packets_sent": 7885181
  },
  "temperature": [
    {
      "sensor_key": "ACPI\\ThermalZone\\TZ00_0",
      "temperature": 27.85
    },
    {
      "sensor_key": "ACPI\\ThermalZone\\TZ01_0",
      "temperature": 29.85
    }
  ],
  "timestamp": "2024-12-31T12:01:51.3200332-06:00"
}
2024/12/31 18:01:55 Received log message from agent {
  "name": "EventLog",
  "status": "Running",
  "timestamp": "2024-12-31T12:01:55.3205495-06:00"
}
2024/12/31 18:01:55 Received log message from agent {
  "name": "wuauserv",
  "status": "Stopped",
  "timestamp": "2024-12-31T12:01:55.3203781-06:00"
}
2024/12/31 18:01:56 Received log message from agent {
  "agent_id": "1234567890",
  "agent_name": "jarvis-agent-windows",
  "data": {
    "cpu": {
      "count": 8,
      "usage_percent": [
        10.9375,
        12.307692307692308,
        15.384615384615385,
        3.076923076923077,
        0,
        0,
        0,
        39.0625
      ]
    },
    "memory": {
      "free": 4875493376,
      "total": 16996769792,
      "usage_percent": 71,
      "used": 12121276416
    }
  },
  "level": "info",
  "message": "System metrics collected",
  "source": "system_monitor",
  "timestamp": "2024-12-31T12:01:55.3199894-06:00",
  "type": "metrics"
}
2024/12/31 18:01:56 Received log message from agent {
  "cpu": {
    "count": 8,
    "usage_percent": [
      10.9375,
      12.307692307692308,
      15.384615384615385,
      3.076923076923077,
      0,
      0,
      0,
      39.0625
    ]
  },
  "memory": {
    "free": 4875493376,
    "total": 16996769792,
    "usage_percent": 71,
    "used": 12121276416
  },
  "network": {
    "bytes_recv": 17834361747,
    "bytes_sent": 2346022162,
    "packets_recv": 16745716,
    "packets_sent": 7885202
  },
  "temperature": [
    {
      "sensor_key": "ACPI\\ThermalZone\\TZ00_0",
      "temperature": 27.85
    },
    {
      "sensor_key": "ACPI\\ThermalZone\\TZ01_0",
      "temperature": 29.85
    }
  ],
  "timestamp": "2024-12-31T12:01:55.3199894-06:00"
}
2024/12/31 18:02:28 Received log message from agent {
  "name": "wuauserv",
  "status": "Stopped",
  "timestamp": "2024-12-31T12:02:28.1815236-06:00"
}
2024/12/31 18:02:28 Received log message from agent {
  "name": "EventLog",
  "status": "Running",
  "timestamp": "2024-12-31T12:02:28.182031-06:00"
}
2024/12/31 18:02:29 Received log message from agent {
  "agent_id": "1234567890",
  "agent_name": "jarvis-agent-windows",
  "data": {
    "cpu": {
      "count": 8,
      "usage_percent": [
        45.3125,
        12.5,
        26.5625,
        1.5625,
        9.375,
        3.125,
        4.6875,
        6.25
      ]
    },
    "memory": {
      "free": 5306441728,
      "total": 16996769792,
      "usage_percent": 68,
      "used": 11690328064
    }
  },
  "level": "info",
  "message": "System metrics collected",
  "source": "system_monitor",
  "timestamp": "2024-12-31T12:02:28.1807586-06:00",
  "type": "metrics"
}
2024/12/31 18:02:29 Received log message from agent {
  "cpu": {
    "count": 8,
    "usage_percent": [
      45.3125,
      12.5,
      26.5625,
      1.5625,
      9.375,
      3.125,
      4.6875,
      6.25
    ]
  },
  "memory": {
    "free": 5306441728,
    "total": 16996769792,
    "usage_percent": 68,
    "used": 11690328064
  },
  "network": {
    "bytes_recv": 17834395850,
    "bytes_sent": 2346036930,
    "packets_recv": 16745790,
    "packets_sent": 7885266
  },
  "temperature": [
    {
      "sensor_key": "ACPI\\ThermalZone\\TZ00_0",
      "temperature": 27.85
    },
    {
      "sensor_key": "ACPI\\ThermalZone\\TZ01_0",
      "temperature": 29.85
    }
  ],
  "timestamp": "2024-12-31T12:02:28.1807586-06:00"
}
2024/12/31 18:02:32 Received log message from agent {
  "name": "EventLog",
  "status": "Running",
  "timestamp": "2024-12-31T12:02:32.1812191-06:00"
}
2024/12/31 18:02:32 Received log message from agent {
  "name": "wuauserv",
  "status": "Stopped",
  "timestamp": "2024-12-31T12:02:32.1812191-06:00"
}
2024/12/31 18:02:33 Received log message from agent {
  "agent_id": "1234567890",
  "agent_name": "jarvis-agent-windows",
  "data": {
    "cpu": {
      "count": 8,
      "usage_percent": [
        17.1875,
        7.8125,
        0,
        0,
        0,
        0,
        53.125,
        1.5625
      ]
    },
    "memory": {
      "free": 5311455232,
      "total": 16996769792,
      "usage_percent": 68,
      "used": 11685314560
    }
  },
  "level": "info",
  "message": "System metrics collected",
  "source": "system_monitor",
  "timestamp": "2024-12-31T12:02:32.1810404-06:00",
  "type": "metrics"
}
2024/12/31 18:02:33 Received log message from agent {
  "cpu": {
    "count": 8,
    "usage_percent": [
      17.1875,
      7.8125,
      0,
      0,
      0,
      0,
      53.125,
      1.5625
    ]
  },
  "memory": {
    "free": 5311455232,
    "total": 16996769792,
    "usage_percent": 68,
    "used": 11685314560
  },
  "network": {
    "bytes_recv": 17834423557,
    "bytes_sent": 2346045375,
    "packets_recv": 16745853,
    "packets_sent": 7885322
  },
  "temperature": [
    {
      "sensor_key": "ACPI\\ThermalZone\\TZ00_0",
      "temperature": 27.85
    },
    {
      "sensor_key": "ACPI\\ThermalZone\\TZ01_0",
      "temperature": 29.85
    }
  ],
  "timestamp": "2024-12-31T12:02:32.1810404-06:00"
}
2024/12/31 18:12:38 Received log message from agent {
  "name": "wuauserv",
  "status": "Stopped",
  "timestamp": "2024-12-31T12:12:38.7440482-06:00"
}
2024/12/31 18:12:38 Received log message from agent {
  "name": "EventLog",
  "status": "Running",
  "timestamp": "2024-12-31T12:12:38.7457504-06:00"
}
2024/12/31 18:12:39 Received log message from agent {
  "agent_id": "1234567890",
  "agent_name": "jarvis-agent-windows",
  "data": {
    "event": {
      "channel": "Security",
      "computer": "dansDesktop",
      "event_data": {
        "Event": {
          "EventData": {
            "ClientProcessId": "14928",
            "CountOfCredentialsReturned": "1",
            "ProcessCreationTime": "2024-12-16T14:59:56.2501338Z",
            "ReadOperation": "%%8099",
            "ReturnCode": "0",
            "SubjectDomainName": "DANSDESKTOP",
            "SubjectLogonId": "0x4c0db",
            "SubjectUserName": "danfe",
            "SubjectUserSid": "S-1-5-21-1680856076-1700718083-3477311726-1001",
            "TargetName": "NordPass/PasswordGenerator",
            "Type": "1"
          },
          "System": {
            "Channel": "Security",
            "Computer": "dansDesktop",
            "Correlation": {},
            "EventID": "5379",
            "EventRecordID": "8314441",
            "Execution": {
              "ProcessID": "1128",
              "ThreadID": "70760"
            },
            "Keywords": "0x8020000000000000",
            "Level": "0",
            "Opcode": "0",
            "Provider": {
              "Guid": "{54849625-5478-4994-a5ba-3e3b0328c30d}",
              "Name": "Microsoft-Windows-Security-Auditing"
            },
            "Security": {
              "UserID": ""
            },
            "Task": "13824",
            "TimeCreated": {
              "SystemTime": "2024-12-31T18:12:38.0355357Z"
            },
            "Version": "0"
          }
        }
      },
      "level": "0",
      "message": ""
    }
  },
  "level": "Unknown",
  "message": "dansDesktop",
  "source": "windows_logs",
  "timestamp": "2024-12-31T12:12:39.0361683-06:00",
  "type": "event"
}
2024/12/31 18:12:39 Received log message from agent {
  "agent_id": "1234567890",
  "agent_name": "jarvis-agent-windows",
  "data": {
    "event": {
      "channel": "Security",
      "computer": "dansDesktop",
      "event_data": {
        "Event": {
          "EventData": {
            "ClientProcessId": "14928",
            "CountOfCredentialsReturned": "1",
            "ProcessCreationTime": "2024-12-16T14:59:56.2501338Z",
            "ReadOperation": "%%8099",
            "ReturnCode": "0",
            "SubjectDomainName": "DANSDESKTOP",
            "SubjectLogonId": "0x4c0db",
            "SubjectUserName": "danfe",
            "SubjectUserSid": "S-1-5-21-1680856076-1700718083-3477311726-1001",
            "TargetName": "NordPass/RecoveryCodeInfo",
            "Type": "1"
          },
          "System": {
            "Channel": "Security",
            "Computer": "dansDesktop",
            "Correlation": {},
            "EventID": "5379",
            "EventRecordID": "8314442",
            "Execution": {
              "ProcessID": "1128",
              "ThreadID": "62588"
            },
            "Keywords": "0x8020000000000000",
            "Level": "0",
            "Opcode": "0",
            "Provider": {
              "Guid": "{54849625-5478-4994-a5ba-3e3b0328c30d}",
              "Name": "Microsoft-Windows-Security-Auditing"
            },
            "Security": {
              "UserID": ""
            },
            "Task": "13824",
            "TimeCreated": {
              "SystemTime": "2024-12-31T18:12:38.0355887Z"
            },
            "Version": "0"
          }
        }
      },
      "level": "0",
      "message": ""
    }
  },
  "level": "Unknown",
  "message": "dansDesktop",
  "source": "windows_logs",
  "timestamp": "2024-12-31T12:12:39.0380949-06:00",
  "type": "event"
}
2024/12/31 18:12:39 Received log message from agent {
  "agent_id": "1234567890",
  "agent_name": "jarvis-agent-windows",
  "data": {
    "event": {
      "channel": "Security",
      "computer": "dansDesktop",
      "event_data": {
        "Event": {
          "EventData": {
            "ClientProcessId": "14928",
            "CountOfCredentialsReturned": "1",
            "ProcessCreationTime": "2024-12-16T14:59:56.2501338Z",
            "ReadOperation": "%%8099",
            "ReturnCode": "0",
            "SubjectDomainName": "DANSDESKTOP",
            "SubjectLogonId": "0x4c0db",
            "SubjectUserName": "danfe",
            "SubjectUserSid": "S-1-5-21-1680856076-1700718083-3477311726-1001",
            "TargetName": "NordPass/IsCrashReportingEnabled",
            "Type": "1"
          },
          "System": {
            "Channel": "Security",
            "Computer": "dansDesktop",
            "Correlation": {},
            "EventID": "5379",
            "EventRecordID": "8314443",
            "Execution": {
              "ProcessID": "1128",
              "ThreadID": "68244"
            },
            "Keywords": "0x8020000000000000",
            "Level": "0",
            "Opcode": "0",
            "Provider": {
              "Guid": "{54849625-5478-4994-a5ba-3e3b0328c30d}",
              "Name": "Microsoft-Windows-Security-Auditing"
            },
            "Security": {
              "UserID": ""
            },
            "Task": "13824",
            "TimeCreated": {
              "SystemTime": "2024-12-31T18:12:38.0356193Z"
            },
            "Version": "0"
          }
        }
      },
      "level": "0",
      "message": ""
    }
  },
  "level": "Unknown",
  "message": "dansDesktop",
  "source": "windows_logs",
  "timestamp": "2024-12-31T12:12:39.0391667-06:00",
  "type": "event"
}
2024/12/31 18:12:39 Received log message from agent {
  "agent_id": "1234567890",
  "agent_name": "jarvis-agent-windows",
  "data": {
    "event": {
      "channel": "Security",
      "computer": "dansDesktop",
      "event_data": {
        "Event": {
          "EventData": {
            "ClientProcessId": "14928",
            "CountOfCredentialsReturned": "1",
            "ProcessCreationTime": "2024-12-16T14:59:56.2501338Z",
            "ReadOperation": "%%8099",
            "ReturnCode": "0",
            "SubjectDomainName": "DANSDESKTOP",
            "SubjectLogonId": "0x4c0db",
            "SubjectUserName": "danfe",
            "SubjectUserSid": "S-1-5-21-1680856076-1700718083-3477311726-1001",
            "TargetName": "NordPass/VaultState",
            "Type": "1"
          },
          "System": {
            "Channel": "Security",
            "Computer": "dansDesktop",
            "Correlation": {},
            "EventID": "5379",
            "EventRecordID": "8314444",
            "Execution": {
              "ProcessID": "1128",
              "ThreadID": "70760"
            },
            "Keywords": "0x8020000000000000",
            "Level": "0",
            "Opcode": "0",
            "Provider": {
              "Guid": "{54849625-5478-4994-a5ba-3e3b0328c30d}",
              "Name": "Microsoft-Windows-Security-Auditing"
            },
            "Security": {
              "UserID": ""
            },
            "Task": "13824",
            "TimeCreated": {
              "SystemTime": "2024-12-31T18:12:38.0356446Z"
            },
            "Version": "0"
          }
        }
      },
      "level": "0",
      "message": ""
    }
  },
  "level": "Unknown",
  "message": "dansDesktop",
  "source": "windows_logs",
  "timestamp": "2024-12-31T12:12:39.0402319-06:00",
  "type": "event"
}
2024/12/31 18:12:39 Received log message from agent {
  "agent_id": "1234567890",
  "agent_name": "jarvis-agent-windows",
  "data": {
    "event": {
      "channel": "Security",
      "computer": "dansDesktop",
      "event_data": {
        "Event": {
          "EventData": {
            "ClientProcessId": "14928",
            "CountOfCredentialsReturned": "1",
            "ProcessCreationTime": "2024-12-16T14:59:56.2501338Z",
            "ReadOperation": "%%8099",
            "ReturnCode": "0",
            "SubjectDomainName": "DANSDESKTOP",
            "SubjectLogonId": "0x4c0db",
            "SubjectUserName": "danfe",
            "SubjectUserSid": "S-1-5-21-1680856076-1700718083-3477311726-1001",
            "TargetName": "NordPass/Upsell",
            "Type": "1"
          },
          "System": {
            "Channel": "Security",
            "Computer": "dansDesktop",
            "Correlation": {},
            "EventID": "5379",
            "EventRecordID": "8314445",
            "Execution": {
              "ProcessID": "1128",
              "ThreadID": "62684"
            },
            "Keywords": "0x8020000000000000",
            "Level": "0",
            "Opcode": "0",
            "Provider": {
              "Guid": "{54849625-5478-4994-a5ba-3e3b0328c30d}",
              "Name": "Microsoft-Windows-Security-Auditing"
            },
            "Security": {
              "UserID": ""
            },
            "Task": "13824",
            "TimeCreated": {
              "SystemTime": "2024-12-31T18:12:38.0356684Z"
            },
            "Version": "0"
          }
        }
      },
      "level": "0",
      "message": ""
    }
  },
  "level": "Unknown",
  "message": "dansDesktop",
  "source": "windows_logs",
  "timestamp": "2024-12-31T12:12:39.041267-06:00",
  "type": "event"
}
2024/12/31 18:12:39 Received log message from agent {
  "agent_id": "1234567890",
  "agent_name": "jarvis-agent-windows",
  "data": {
    "event": {
      "channel": "Security",
      "computer": "dansDesktop",
      "event_data": {
        "Event": {
          "EventData": {
            "ClientProcessId": "14928",
            "CountOfCredentialsReturned": "1",
            "ProcessCreationTime": "2024-12-16T14:59:56.2501338Z",
            "ReadOperation": "%%8099",
            "ReturnCode": "0",
            "SubjectDomainName": "DANSDESKTOP",
            "SubjectLogonId": "0x4c0db",
            "SubjectUserName": "danfe",
            "SubjectUserSid": "S-1-5-21-1680856076-1700718083-3477311726-1001",
            "TargetName": "NordPass/WebInstallerTrackingEvents",
            "Type": "1"
          },
          "System": {
            "Channel": "Security",
            "Computer": "dansDesktop",
            "Correlation": {},
            "EventID": "5379",
            "EventRecordID": "8314446",
            "Execution": {
              "ProcessID": "1128",
              "ThreadID": "62588"
            },
            "Keywords": "0x8020000000000000",
            "Level": "0",
            "Opcode": "0",
            "Provider": {
              "Guid": "{54849625-5478-4994-a5ba-3e3b0328c30d}",
              "Name": "Microsoft-Windows-Security-Auditing"
            },
            "Security": {
              "UserID": ""
            },
            "Task": "13824",
            "TimeCreated": {
              "SystemTime": "2024-12-31T18:12:38.0356931Z"
            },
            "Version": "0"
          }
        }
      },
      "level": "0",
      "message": ""
    }
  },
  "level": "Unknown",
  "message": "dansDesktop",
  "source": "windows_logs",
  "timestamp": "2024-12-31T12:12:39.0428143-06:00",
  "type": "event"
}
2024/12/31 18:12:39 Received log message from agent {
  "agent_id": "1234567890",
  "agent_name": "jarvis-agent-windows",
  "data": {
    "event": {
      "channel": "Security",
      "computer": "dansDesktop",
      "event_data": {
        "Event": {
          "EventData": {
            "ClientProcessId": "14928",
            "CountOfCredentialsReturned": "1",
            "ProcessCreationTime": "2024-12-16T14:59:56.2501338Z",
            "ReadOperation": "%%8099",
            "ReturnCode": "0",
            "SubjectDomainName": "DANSDESKTOP",
            "SubjectLogonId": "0x4c0db",
            "SubjectUserName": "danfe",
            "SubjectUserSid": "S-1-5-21-1680856076-1700718083-3477311726-1001",
            "TargetName": "NordPass/IsFirstStart",
            "Type": "1"
          },
          "System": {
            "Channel": "Security",
            "Computer": "dansDesktop",
            "Correlation": {},
            "EventID": "5379",
            "EventRecordID": "8314447",
            "Execution": {
              "ProcessID": "1128",
              "ThreadID": "68244"
            },
            "Keywords": "0x8020000000000000",
            "Level": "0",
            "Opcode": "0",
            "Provider": {
              "Guid": "{54849625-5478-4994-a5ba-3e3b0328c30d}",
              "Name": "Microsoft-Windows-Security-Auditing"
            },
            "Security": {
              "UserID": ""
            },
            "Task": "13824",
            "TimeCreated": {
              "SystemTime": "2024-12-31T18:12:38.0357202Z"
            },
            "Version": "0"
          }
        }
      },
      "level": "0",
      "message": ""
    }
  },
  "level": "Unknown",
  "message": "dansDesktop",
  "source": "windows_logs",
  "timestamp": "2024-12-31T12:12:39.043395-06:00",
  "type": "event"
}
2024/12/31 18:12:39 Received log message from agent {
  "agent_id": "1234567890",
  "agent_name": "jarvis-agent-windows",
  "data": {
    "event": {
      "channel": "Security",
      "computer": "dansDesktop",
      "event_data": {
        "Event": {
          "EventData": {
            "ClientProcessId": "14928",
            "CountOfCredentialsReturned": "1",
            "ProcessCreationTime": "2024-12-16T14:59:56.2501338Z",
            "ReadOperation": "%%8099",
            "ReturnCode": "0",
            "SubjectDomainName": "DANSDESKTOP",
            "SubjectLogonId": "0x4c0db",
            "SubjectUserName": "danfe",
            "SubjectUserSid": "S-1-5-21-1680856076-1700718083-3477311726-1001",
            "TargetName": "NordPass/SendActionsTimeRemaining",
            "Type": "1"
          },
          "System": {
            "Channel": "Security",
            "Computer": "dansDesktop",
            "Correlation": {},
            "EventID": "5379",
            "EventRecordID": "8314448",
            "Execution": {
              "ProcessID": "1128",
              "ThreadID": "62588"
            },
            "Keywords": "0x8020000000000000",
            "Level": "0",
            "Opcode": "0",
            "Provider": {
              "Guid": "{54849625-5478-4994-a5ba-3e3b0328c30d}",
              "Name": "Microsoft-Windows-Security-Auditing"
            },
            "Security": {
              "UserID": ""
            },
            "Task": "13824",
            "TimeCreated": {
              "SystemTime": "2024-12-31T18:12:38.0357533Z"
            },
            "Version": "0"
          }
        }
      },
      "level": "0",
      "message": ""
    }
  },
  "level": "Unknown",
  "message": "dansDesktop",
  "source": "windows_logs",
  "timestamp": "2024-12-31T12:12:39.0444563-06:00",
  "type": "event"
}
2024/12/31 18:12:39 Received log message from agent {
  "agent_id": "1234567890",
  "agent_name": "jarvis-agent-windows",
  "data": {
    "event": {
      "channel": "Security",
      "computer": "dansDesktop",
      "event_data": {
        "Event": {
          "EventData": {
            "ClientProcessId": "14928",
            "CountOfCredentialsReturned": "1",
            "ProcessCreationTime": "2024-12-16T14:59:56.2501338Z",
            "ReadOperation": "%%8099",
            "ReturnCode": "0",
            "SubjectDomainName": "DANSDESKTOP",
            "SubjectLogonId": "0x4c0db",
            "SubjectUserName": "danfe",
            "SubjectUserSid": "S-1-5-21-1680856076-1700718083-3477311726-1001",
            "TargetName": "NordPass/IsAutoStartTrial",
            "Type": "1"
          },
          "System": {
            "Channel": "Security",
            "Computer": "dansDesktop",
            "Correlation": {},
            "EventID": "5379",
            "EventRecordID": "8314449",
            "Execution": {
              "ProcessID": "1128",
              "ThreadID": "68244"
            },
            "Keywords": "0x8020000000000000",
            "Level": "0",
            "Opcode": "0",
            "Provider": {
              "Guid": "{54849625-5478-4994-a5ba-3e3b0328c30d}",
              "Name": "Microsoft-Windows-Security-Auditing"
            },
            "Security": {
              "UserID": ""
            },
            "Task": "13824",
            "TimeCreated": {
              "SystemTime": "2024-12-31T18:12:38.0357725Z"
            },
            "Version": "0"
          }
        }
      },
      "level": "0",
      "message": ""
    }
  },
  "level": "Unknown",
  "message": "dansDesktop",
  "source": "windows_logs",
  "timestamp": "2024-12-31T12:12:39.0450085-06:00",
  "type": "event"
}
2024/12/31 18:12:39 Received log message from agent {
  "agent_id": "1234567890",
  "agent_name": "jarvis-agent-windows",
  "data": {
    "event": {
      "channel": "Security",
      "computer": "dansDesktop",
      "event_data": {
        "Event": {
          "EventData": {
            "ClientProcessId": "14928",
            "CountOfCredentialsReturned": "1",
            "ProcessCreationTime": "2024-12-16T14:59:56.2501338Z",
            "ReadOperation": "%%8099",
            "ReturnCode": "0",
            "SubjectDomainName": "DANSDESKTOP",
            "SubjectLogonId": "0x4c0db",
            "SubjectUserName": "danfe",
            "SubjectUserSid": "S-1-5-21-1680856076-1700718083-3477311726-1001",
            "TargetName": "NordPass/LastKnownEmail",
            "Type": "1"
          },
          "System": {
            "Channel": "Security",
            "Computer": "dansDesktop",
            "Correlation": {},
            "EventID": "5379",
            "EventRecordID": "8314450",
            "Execution": {
              "ProcessID": "1128",
              "ThreadID": "62684"
            },
            "Keywords": "0x8020000000000000",
            "Level": "0",
            "Opcode": "0",
            "Provider": {
              "Guid": "{54849625-5478-4994-a5ba-3e3b0328c30d}",
              "Name": "Microsoft-Windows-Security-Auditing"
            },
            "Security": {
              "UserID": ""
            },
            "Task": "13824",
            "TimeCreated": {
              "SystemTime": "2024-12-31T18:12:38.0358055Z"
            },
            "Version": "0"
          }
        }
      },
      "level": "0",
      "message": ""
    }
  },
  "level": "Unknown",
  "message": "dansDesktop",
  "source": "windows_logs",
  "timestamp": "2024-12-31T12:12:39.0460788-06:00",
  "type": "event"
}
2024/12/31 18:12:39 Received log message from agent {
  "agent_id": "1234567890",
  "agent_name": "jarvis-agent-windows",
  "data": {
    "event": {
      "channel": "Security",
      "computer": "dansDesktop",
      "event_data": {
        "Event": {
          "EventData": {
            "ClientProcessId": "14928",
            "CountOfCredentialsReturned": "1",
            "ProcessCreationTime": "2024-12-16T14:59:56.2501338Z",
            "ReadOperation": "%%8099",
            "ReturnCode": "0",
            "SubjectDomainName": "DANSDESKTOP",
            "SubjectLogonId": "0x4c0db",
            "SubjectUserName": "danfe",
            "SubjectUserSid": "S-1-5-21-1680856076-1700718083-3477311726-1001",
            "TargetName": "NordPass/SidebarState",
            "Type": "1"
          },
          "System": {
            "Channel": "Security",
            "Computer": "dansDesktop",
            "Correlation": {},
            "EventID": "5379",
            "EventRecordID": "8314451",
            "Execution": {
              "ProcessID": "1128",
              "ThreadID": "68244"
            },
            "Keywords": "0x8020000000000000",
            "Level": "0",
            "Opcode": "0",
            "Provider": {
              "Guid": "{54849625-5478-4994-a5ba-3e3b0328c30d}",
              "Name": "Microsoft-Windows-Security-Auditing"
            },
            "Security": {
              "UserID": ""
            },
            "Task": "13824",
            "TimeCreated": {
              "SystemTime": "2024-12-31T18:12:38.0358348Z"
            },
            "Version": "0"
          }
        }
      },
      "level": "0",
      "message": ""
    }
  },
  "level": "Unknown",
  "message": "dansDesktop",
  "source": "windows_logs",
  "timestamp": "2024-12-31T12:12:39.0466296-06:00",
  "type": "event"
}
2024/12/31 18:12:39 Received log message from agent {
  "agent_id": "1234567890",
  "agent_name": "jarvis-agent-windows",
  "data": {
    "event": {
      "channel": "Security",
      "computer": "dansDesktop",
      "event_data": {
        "Event": {
          "EventData": {
            "ClientProcessId": "14928",
            "CountOfCredentialsReturned": "1",
            "ProcessCreationTime": "2024-12-16T14:59:56.2501338Z",
            "ReadOperation": "%%8099",
            "ReturnCode": "0",
            "SubjectDomainName": "DANSDESKTOP",
            "SubjectLogonId": "0x4c0db",
            "SubjectUserName": "danfe",
            "SubjectUserSid": "S-1-5-21-1680856076-1700718083-3477311726-1001",
            "TargetName": "NordPass/HasNeverLoggedIn",
            "Type": "1"
          },
          "System": {
            "Channel": "Security",
            "Computer": "dansDesktop",
            "Correlation": {},
            "EventID": "5379",
            "EventRecordID": "8314452",
            "Execution": {
              "ProcessID": "1128",
              "ThreadID": "70760"
            },
            "Keywords": "0x8020000000000000",
            "Level": "0",
            "Opcode": "0",
            "Provider": {
              "Guid": "{54849625-5478-4994-a5ba-3e3b0328c30d}",
              "Name": "Microsoft-Windows-Security-Auditing"
            },
            "Security": {
              "UserID": ""
            },
            "Task": "13824",
            "TimeCreated": {
              "SystemTime": "2024-12-31T18:12:38.0358534Z"
            },
            "Version": "0"
          }
        }
      },
      "level": "0",
      "message": ""
    }
  },
  "level": "Unknown",
  "message": "dansDesktop",
  "source": "windows_logs",
  "timestamp": "2024-12-31T12:12:39.0476598-06:00",
  "type": "event"
}
2024/12/31 18:12:39 Received log message from agent {
  "agent_id": "1234567890",
  "agent_name": "jarvis-agent-windows",
  "data": {
    "event": {
      "channel": "Security",
      "computer": "dansDesktop",
      "event_data": {
        "Event": {
          "EventData": {
            "ClientProcessId": "14928",
            "CountOfCredentialsReturned": "1",
            "ProcessCreationTime": "2024-12-16T14:59:56.2501338Z",
            "ReadOperation": "%%8099",
            "ReturnCode": "0",
            "SubjectDomainName": "DANSDESKTOP",
            "SubjectLogonId": "0x4c0db",
            "SubjectUserName": "danfe",
            "SubjectUserSid": "S-1-5-21-1680856076-1700718083-3477311726-1001",
            "TargetName": "NordPass/Environment",
            "Type": "1"
          },
          "System": {
            "Channel": "Security",
            "Computer": "dansDesktop",
            "Correlation": {},
            "EventID": "5379",
            "EventRecordID": "8314453",
            "Execution": {
              "ProcessID": "1128",
              "ThreadID": "62684"
            },
            "Keywords": "0x8020000000000000",
            "Level": "0",
            "Opcode": "0",
            "Provider": {
              "Guid": "{54849625-5478-4994-a5ba-3e3b0328c30d}",
              "Name": "Microsoft-Windows-Security-Auditing"
            },
            "Security": {
              "UserID": ""
            },
            "Task": "13824",
            "TimeCreated": {
              "SystemTime": "2024-12-31T18:12:38.0358747Z"
            },
            "Version": "0"
          }
        }
      },
      "level": "0",
      "message": ""
    }
  },
  "level": "Unknown",
  "message": "dansDesktop",
  "source": "windows_logs",
  "timestamp": "2024-12-31T12:12:39.0481774-06:00",
  "type": "event"
}
2024/12/31 18:12:39 Received log message from agent {
  "agent_id": "1234567890",
  "agent_name": "jarvis-agent-windows",
  "data": {
    "event": {
      "channel": "Security",
      "computer": "dansDesktop",
      "event_data": {
        "Event": {
          "EventData": {
            "ClientProcessId": "14928",
            "CountOfCredentialsReturned": "1",
            "ProcessCreationTime": "2024-12-16T14:59:56.2501338Z",
            "ReadOperation": "%%8099",
            "ReturnCode": "0",
            "SubjectDomainName": "DANSDESKTOP",
            "SubjectLogonId": "0x4c0db",
            "SubjectUserName": "danfe",
            "SubjectUserSid": "S-1-5-21-1680856076-1700718083-3477311726-1001",
            "TargetName": "NordPass/MiscData",
            "Type": "1"
          },
          "System": {
            "Channel": "Security",
            "Computer": "dansDesktop",
            "Correlation": {},
            "EventID": "5379",
            "EventRecordID": "8314454",
            "Execution": {
              "ProcessID": "1128",
              "ThreadID": "62588"
            },
            "Keywords": "0x8020000000000000",
            "Level": "0",
            "Opcode": "0",
            "Provider": {
              "Guid": "{54849625-5478-4994-a5ba-3e3b0328c30d}",
              "Name": "Microsoft-Windows-Security-Auditing"
            },
            "Security": {
              "UserID": ""
            },
            "Task": "13824",
            "TimeCreated": {
              "SystemTime": "2024-12-31T18:12:38.0358943Z"
            },
            "Version": "0"
          }
        }
      },
      "level": "0",
      "message": ""
    }
  },
  "level": "Unknown",
  "message": "dansDesktop",
  "source": "windows_logs",
  "timestamp": "2024-12-31T12:12:39.0495496-06:00",
  "type": "event"
}
2024/12/31 18:12:39 Received log message from agent {
  "agent_id": "1234567890",
  "agent_name": "jarvis-agent-windows",
  "data": {
    "event": {
      "channel": "Security",
      "computer": "dansDesktop",
      "event_data": {
        "Event": {
          "EventData": {
            "ClientProcessId": "14928",
            "CountOfCredentialsReturned": "1",
            "ProcessCreationTime": "2024-12-16T14:59:56.2501338Z",
            "ReadOperation": "%%8099",
            "ReturnCode": "0",
            "SubjectDomainName": "DANSDESKTOP",
            "SubjectLogonId": "0x4c0db",
            "SubjectUserName": "danfe",
            "SubjectUserSid": "S-1-5-21-1680856076-1700718083-3477311726-1001",
            "TargetName": "NordPass/UserId",
            "Type": "1"
          },
          "System": {
            "Channel": "Security",
            "Computer": "dansDesktop",
            "Correlation": {},
            "EventID": "5379",
            "EventRecordID": "8314455",
            "Execution": {
              "ProcessID": "1128",
              "ThreadID": "70760"
            },
            "Keywords": "0x8020000000000000",
            "Level": "0",
            "Opcode": "0",
            "Provider": {
              "Guid": "{54849625-5478-4994-a5ba-3e3b0328c30d}",
              "Name": "Microsoft-Windows-Security-Auditing"
            },
            "Security": {
              "UserID": ""
            },
            "Task": "13824",
            "TimeCreated": {
              "SystemTime": "2024-12-31T18:12:38.0359202Z"
            },
            "Version": "0"
          }
        }
      },
      "level": "0",
      "message": ""
    }
  },
  "level": "Unknown",
  "message": "dansDesktop",
  "source": "windows_logs",
  "timestamp": "2024-12-31T12:12:39.0512153-06:00",
  "type": "event"
}
2024/12/31 18:12:39 Received log message from agent {
  "agent_id": "1234567890",
  "agent_name": "jarvis-agent-windows",
  "data": {
    "event": {
      "channel": "Security",
      "computer": "dansDesktop",
      "event_data": {
        "Event": {
          "EventData": {
            "ClientProcessId": "14928",
            "CountOfCredentialsReturned": "1",
            "ProcessCreationTime": "2024-12-16T14:59:56.2501338Z",
            "ReadOperation": "%%8099",
            "ReturnCode": "0",
            "SubjectDomainName": "DANSDESKTOP",
            "SubjectLogonId": "0x4c0db",
            "SubjectUserName": "danfe",
            "SubjectUserSid": "S-1-5-21-1680856076-1700718083-3477311726-1001",
            "TargetName": "NordPass/UserEmail",
            "Type": "1"
          },
          "System": {
            "Channel": "Security",
            "Computer": "dansDesktop",
            "Correlation": {},
            "EventID": "5379",
            "EventRecordID": "8314456",
            "Execution": {
              "ProcessID": "1128",
              "ThreadID": "62684"
            },
            "Keywords": "0x8020000000000000",
            "Level": "0",
            "Opcode": "0",
            "Provider": {
              "Guid": "{54849625-5478-4994-a5ba-3e3b0328c30d}",
              "Name": "Microsoft-Windows-Security-Auditing"
            },
            "Security": {
              "UserID": ""
            },
            "Task": "13824",
            "TimeCreated": {
              "SystemTime": "2024-12-31T18:12:38.0359423Z"
            },
            "Version": "0"
          }
        }
      },
      "level": "0",
      "message": ""
    }
  },
  "level": "Unknown",
  "message": "dansDesktop",
  "source": "windows_logs",
  "timestamp": "2024-12-31T12:12:39.0521111-06:00",
  "type": "event"
}
2024/12/31 18:12:39 Received log message from agent {
  "agent_id": "1234567890",
  "agent_name": "jarvis-agent-windows",
  "data": {
    "event": {
      "channel": "Security",
      "computer": "dansDesktop",
      "event_data": {
        "Event": {
          "EventData": {
            "ClientProcessId": "14928",
            "CountOfCredentialsReturned": "1",
            "ProcessCreationTime": "2024-12-16T14:59:56.2501338Z",
            "ReadOperation": "%%8099",
            "ReturnCode": "0",
            "SubjectDomainName": "DANSDESKTOP",
            "SubjectLogonId": "0x4c0db",
            "SubjectUserName": "danfe",
            "SubjectUserSid": "S-1-5-21-1680856076-1700718083-3477311726-1001",
            "TargetName": "NordPass/IsNoPasskeysFoundDisabled",
            "Type": "1"
          },
          "System": {
            "Channel": "Security",
            "Computer": "dansDesktop",
            "Correlation": {},
            "EventID": "5379",
            "EventRecordID": "8314457",
            "Execution": {
              "ProcessID": "1128",
              "ThreadID": "70760"
            },
            "Keywords": "0x8020000000000000",
            "Level": "0",
            "Opcode": "0",
            "Provider": {
              "Guid": "{54849625-5478-4994-a5ba-3e3b0328c30d}",
              "Name": "Microsoft-Windows-Security-Auditing"
            },
            "Security": {
              "UserID": ""
            },
            "Task": "13824",
            "TimeCreated": {
              "SystemTime": "2024-12-31T18:12:38.0359765Z"
            },
            "Version": "0"
          }
        }
      },
      "level": "0",
      "message": ""
    }
  },
  "level": "Unknown",
  "message": "dansDesktop",
  "source": "windows_logs",
  "timestamp": "2024-12-31T12:12:39.0531522-06:00",
  "type": "event"
}
2024/12/31 18:12:39 Received log message from agent {
  "agent_id": "1234567890",
  "agent_name": "jarvis-agent-windows",
  "data": {
    "event": {
      "channel": "Security",
      "computer": "dansDesktop",
      "event_data": {
        "Event": {
          "EventData": {
            "ClientProcessId": "14928",
            "CountOfCredentialsReturned": "1",
            "ProcessCreationTime": "2024-12-16T14:59:56.2501338Z",
            "ReadOperation": "%%8099",
            "ReturnCode": "0",
            "SubjectDomainName": "DANSDESKTOP",
            "SubjectLogonId": "0x4c0db",
            "SubjectUserName": "danfe",
            "SubjectUserSid": "S-1-5-21-1680856076-1700718083-3477311726-1001",
            "TargetName": "NordPass/CompletedAutolockTileUserIds",
            "Type": "1"
          },
          "System": {
            "Channel": "Security",
            "Computer": "dansDesktop",
            "Correlation": {},
            "EventID": "5379",
            "EventRecordID": "8314458",
            "Execution": {
              "ProcessID": "1128",
              "ThreadID": "62588"
            },
            "Keywords": "0x8020000000000000",
            "Level": "0",
            "Opcode": "0",
            "Provider": {
              "Guid": "{54849625-5478-4994-a5ba-3e3b0328c30d}",
              "Name": "Microsoft-Windows-Security-Auditing"
            },
            "Security": {
              "UserID": ""
            },
            "Task": "13824",
            "TimeCreated": {
              "SystemTime": "2024-12-31T18:12:38.0359924Z"
            },
            "Version": "0"
          }
        }
      },
      "level": "0",
      "message": ""
    }
  },
  "level": "Unknown",
  "message": "dansDesktop",
  "source": "windows_logs",
  "timestamp": "2024-12-31T12:12:39.0542111-06:00",
  "type": "event"
}
2024/12/31 18:12:39 Received log message from agent {
  "agent_id": "1234567890",
  "agent_name": "jarvis-agent-windows",
  "data": {
    "event": {
      "channel": "Security",
      "computer": "dansDesktop",
      "event_data": {
        "Event": {
          "EventData": {
            "ClientProcessId": "14928",
            "CountOfCredentialsReturned": "1",
            "ProcessCreationTime": "2024-12-16T14:59:56.2501338Z",
            "ReadOperation": "%%8099",
            "ReturnCode": "0",
            "SubjectDomainName": "DANSDESKTOP",
            "SubjectLogonId": "0x4c0db",
            "SubjectUserName": "danfe",
            "SubjectUserSid": "S-1-5-21-1680856076-1700718083-3477311726-1001",
            "TargetName": "NordPass/CompletedBiometricsTileUserIds",
            "Type": "1"
          },
          "System": {
            "Channel": "Security",
            "Computer": "dansDesktop",
            "Correlation": {},
            "EventID": "5379",
            "EventRecordID": "8314459",
            "Execution": {
              "ProcessID": "1128",
              "ThreadID": "62684"
            },
            "Keywords": "0x8020000000000000",
            "Level": "0",
            "Opcode": "0",
            "Provider": {
              "Guid": "{54849625-5478-4994-a5ba-3e3b0328c30d}",
              "Name": "Microsoft-Windows-Security-Auditing"
            },
            "Security": {
              "UserID": ""
            },
            "Task": "13824",
            "TimeCreated": {
              "SystemTime": "2024-12-31T18:12:38.0360128Z"
            },
            "Version": "0"
          }
        }
      },
      "level": "0",
      "message": ""
    }
  },
  "level": "Unknown",
  "message": "dansDesktop",
  "source": "windows_logs",
  "timestamp": "2024-12-31T12:12:39.0552434-06:00",
  "type": "event"
}
