2024/12/31 00:32:29 Received log message from agent {
  "Event": {
    "EventData": {
      "ClientProcessId": "14928",
      "CountOfCredentialsReturned": "1",
      "ProcessCreationTime": "2024-12-16T14:59:56.2501338Z",
      "ReadOperation": "%%8099",
      "ReturnCode": "0",
      "SubjectDomainName": "DANSDESKTOP",
      "SubjectLogonId": "0x4c0db",
      "SubjectUserName": "danfe",
      "SubjectUserSid": "S-1-5-21-1680856076-1700718083-3477311726-1001",
      "TargetName": "NordPass/IsCrashReportingEnabled",
      "Type": "1"
    },
    "System": {
      "Channel": "Security",
      "Computer": "dansDesktop",
      "Correlation": {},
      "EventID": "5379",
      "EventRecordID": "8252598",
      "Execution": {
        "ProcessID": "1128",
        "ThreadID": "48228"
      },
      "Keywords": "0x8020000000000000",
      "Level": "0",
      "Opcode": "0",
      "Provider": {
        "Guid": "{54849625-5478-4994-a5ba-3e3b0328c30d}",
        "Name": "Microsoft-Windows-Security-Auditing"
      },
      "Security": {
        "UserID": ""
      },
      "Task": "13824",
      "TimeCreated": {
        "SystemTime": "2024-12-31T00:32:27.9951226Z"
      },
      "Version": "0"
    }
  }
}
2024/12/31 00:32:29 Received log message from agent {
  "Event": {
    "EventData": {
      "ClientProcessId": "14928",
      "CountOfCredentialsReturned": "1",
      "ProcessCreationTime": "2024-12-16T14:59:56.2501338Z",
      "ReadOperation": "%%8099",
      "ReturnCode": "0",
      "SubjectDomainName": "DANSDESKTOP",
      "SubjectLogonId": "0x4c0db",
      "SubjectUserName": "danfe",
      "SubjectUserSid": "S-1-5-21-1680856076-1700718083-3477311726-1001",
      "TargetName": "NordPass/PasswordGenerator",
      "Type": "1"
    },
    "System": {
      "Channel": "Security",
      "Computer": "dansDesktop",
      "Correlation": {},
      "EventID": "5379",
      "EventRecordID": "8252599",
      "Execution": {
        "ProcessID": "1128",
        "ThreadID": "54268"
      },
      "Keywords": "0x8020000000000000",
      "Level": "0",
      "Opcode": "0",
      "Provider": {
        "Guid": "{54849625-5478-4994-a5ba-3e3b0328c30d}",
        "Name": "Microsoft-Windows-Security-Auditing"
      },
      "Security": {
        "UserID": ""
      },
      "Task": "13824",
      "TimeCreated": {
        "SystemTime": "2024-12-31T00:32:27.9951821Z"
      },
      "Version": "0"
    }
  }
}
2024/12/31 00:32:29 Received log message from agent {
  "Event": {
    "EventData": {
      "ClientProcessId": "14928",
      "CountOfCredentialsReturned": "1",
      "ProcessCreationTime": "2024-12-16T14:59:56.2501338Z",
      "ReadOperation": "%%8099",
      "ReturnCode": "0",
      "SubjectDomainName": "DANSDESKTOP",
      "SubjectLogonId": "0x4c0db",
      "SubjectUserName": "danfe",
      "SubjectUserSid": "S-1-5-21-1680856076-1700718083-3477311726-1001",
      "TargetName": "NordPass/VaultState",
      "Type": "1"
    },
    "System": {
      "Channel": "Security",
      "Computer": "dansDesktop",
      "Correlation": {},
      "EventID": "5379",
      "EventRecordID": "8252600",
      "Execution": {
        "ProcessID": "1128",
        "ThreadID": "4740"
      },
      "Keywords": "0x8020000000000000",
      "Level": "0",
      "Opcode": "0",
      "Provider": {
        "Guid": "{54849625-5478-4994-a5ba-3e3b0328c30d}",
        "Name": "Microsoft-Windows-Security-Auditing"
      },
      "Security": {
        "UserID": ""
      },
      "Task": "13824",
      "TimeCreated": {
        "SystemTime": "2024-12-31T00:32:27.9951949Z"
      },
      "Version": "0"
    }
  }
}
2024/12/31 00:32:29 Received log message from agent {
  "Event": {
    "EventData": {
      "ClientProcessId": "14928",
      "CountOfCredentialsReturned": "1",
      "ProcessCreationTime": "2024-12-16T14:59:56.2501338Z",
      "ReadOperation": "%%8099",
      "ReturnCode": "0",
      "SubjectDomainName": "DANSDESKTOP",
      "SubjectLogonId": "0x4c0db",
      "SubjectUserName": "danfe",
      "SubjectUserSid": "S-1-5-21-1680856076-1700718083-3477311726-1001",
      "TargetName": "NordPass/WebInstallerTrackingEvents",
      "Type": "1"
    },
    "System": {
      "Channel": "Security",
      "Computer": "dansDesktop",
      "Correlation": {},
      "EventID": "5379",
      "EventRecordID": "8252601",
      "Execution": {
        "ProcessID": "1128",
        "ThreadID": "48228"
      },
      "Keywords": "0x8020000000000000",
      "Level": "0",
      "Opcode": "0",
      "Provider": {
        "Guid": "{54849625-5478-4994-a5ba-3e3b0328c30d}",
        "Name": "Microsoft-Windows-Security-Auditing"
      },
      "Security": {
        "UserID": ""
      },
      "Task": "13824",
      "TimeCreated": {
        "SystemTime": "2024-12-31T00:32:27.9952274Z"
      },
      "Version": "0"
    }
  }
}
2024/12/31 00:32:29 Received log message from agent {
  "Event": {
    "EventData": {
      "ClientProcessId": "14928",
      "CountOfCredentialsReturned": "1",
      "ProcessCreationTime": "2024-12-16T14:59:56.2501338Z",
      "ReadOperation": "%%8099",
      "ReturnCode": "0",
      "SubjectDomainName": "DANSDESKTOP",
      "SubjectLogonId": "0x4c0db",
      "SubjectUserName": "danfe",
      "SubjectUserSid": "S-1-5-21-1680856076-1700718083-3477311726-1001",
      "TargetName": "NordPass/HasNeverLoggedIn",
      "Type": "1"
    },
    "System": {
      "Channel": "Security",
      "Computer": "dansDesktop",
      "Correlation": {},
      "EventID": "5379",
      "EventRecordID": "8252602",
      "Execution": {
        "ProcessID": "1128",
        "ThreadID": "54268"
      },
      "Keywords": "0x8020000000000000",
      "Level": "0",
      "Opcode": "0",
      "Provider": {
        "Guid": "{54849625-5478-4994-a5ba-3e3b0328c30d}",
        "Name": "Microsoft-Windows-Security-Auditing"
      },
      "Security": {
        "UserID": ""
      },
      "Task": "13824",
      "TimeCreated": {
        "SystemTime": "2024-12-31T00:32:27.9952656Z"
      },
      "Version": "0"
    }
  }
}
2024/12/31 00:32:29 Received log message from agent {
  "Event": {
    "EventData": {
      "ClientProcessId": "14928",
      "CountOfCredentialsReturned": "1",
      "ProcessCreationTime": "2024-12-16T14:59:56.2501338Z",
      "ReadOperation": "%%8099",
      "ReturnCode": "0",
      "SubjectDomainName": "DANSDESKTOP",
      "SubjectLogonId": "0x4c0db",
      "SubjectUserName": "danfe",
      "SubjectUserSid": "S-1-5-21-1680856076-1700718083-3477311726-1001",
      "TargetName": "NordPass/IsFirstStart",
      "Type": "1"
    },
    "System": {
      "Channel": "Security",
      "Computer": "dansDesktop",
      "Correlation": {},
      "EventID": "5379",
      "EventRecordID": "8252603",
      "Execution": {
        "ProcessID": "1128",
        "ThreadID": "4740"
      },
      "Keywords": "0x8020000000000000",
      "Level": "0",
      "Opcode": "0",
      "Provider": {
        "Guid": "{54849625-5478-4994-a5ba-3e3b0328c30d}",
        "Name": "Microsoft-Windows-Security-Auditing"
      },
      "Security": {
        "UserID": ""
      },
      "Task": "13824",
      "TimeCreated": {
        "SystemTime": "2024-12-31T00:32:27.9952942Z"
      },
      "Version": "0"
    }
  }
}
2024/12/31 00:32:29 Received log message from agent {
  "Event": {
    "EventData": {
      "ClientProcessId": "14928",
      "CountOfCredentialsReturned": "1",
      "ProcessCreationTime": "2024-12-16T14:59:56.2501338Z",
      "ReadOperation": "%%8099",
      "ReturnCode": "0",
      "SubjectDomainName": "DANSDESKTOP",
      "SubjectLogonId": "0x4c0db",
      "SubjectUserName": "danfe",
      "SubjectUserSid": "S-1-5-21-1680856076-1700718083-3477311726-1001",
      "TargetName": "NordPass/SendActionsTimeRemaining",
      "Type": "1"
    },
    "System": {
      "Channel": "Security",
      "Computer": "dansDesktop",
      "Correlation": {},
      "EventID": "5379",
      "EventRecordID": "8252604",
      "Execution": {
        "ProcessID": "1128",
        "ThreadID": "48228"
      },
      "Keywords": "0x8020000000000000",
      "Level": "0",
      "Opcode": "0",
      "Provider": {
        "Guid": "{54849625-5478-4994-a5ba-3e3b0328c30d}",
        "Name": "Microsoft-Windows-Security-Auditing"
      },
      "Security": {
        "UserID": ""
      },
      "Task": "13824",
      "TimeCreated": {
        "SystemTime": "2024-12-31T00:32:27.9953137Z"
      },
      "Version": "0"
    }
  }
}
2024/12/31 00:32:29 Received log message from agent {
  "Event": {
    "EventData": {
      "ClientProcessId": "14928",
      "CountOfCredentialsReturned": "1",
      "ProcessCreationTime": "2024-12-16T14:59:56.2501338Z",
      "ReadOperation": "%%8099",
      "ReturnCode": "0",
      "SubjectDomainName": "DANSDESKTOP",
      "SubjectLogonId": "0x4c0db",
      "SubjectUserName": "danfe",
      "SubjectUserSid": "S-1-5-21-1680856076-1700718083-3477311726-1001",
      "TargetName": "NordPass/IsAutoStartTrial",
      "Type": "1"
    },
    "System": {
      "Channel": "Security",
      "Computer": "dansDesktop",
      "Correlation": {},
      "EventID": "5379",
      "EventRecordID": "8252605",
      "Execution": {
        "ProcessID": "1128",
        "ThreadID": "54268"
      },
      "Keywords": "0x8020000000000000",
      "Level": "0",
      "Opcode": "0",
      "Provider": {
        "Guid": "{54849625-5478-4994-a5ba-3e3b0328c30d}",
        "Name": "Microsoft-Windows-Security-Auditing"
      },
      "Security": {
        "UserID": ""
      },
      "Task": "13824",
      "TimeCreated": {
        "SystemTime": "2024-12-31T00:32:27.9953359Z"
      },
      "Version": "0"
    }
  }
}
2024/12/31 00:32:29 Received log message from agent {
  "Event": {
    "EventData": {
      "ClientProcessId": "14928",
      "CountOfCredentialsReturned": "1",
      "ProcessCreationTime": "2024-12-16T14:59:56.2501338Z",
      "ReadOperation": "%%8099",
      "ReturnCode": "0",
      "SubjectDomainName": "DANSDESKTOP",
      "SubjectLogonId": "0x4c0db",
      "SubjectUserName": "danfe",
      "SubjectUserSid": "S-1-5-21-1680856076-1700718083-3477311726-1001",
      "TargetName": "NordPass/MiscData",
      "Type": "1"
    },
    "System": {
      "Channel": "Security",
      "Computer": "dansDesktop",
      "Correlation": {},
      "EventID": "5379",
      "EventRecordID": "8252606",
      "Execution": {
        "ProcessID": "1128",
        "ThreadID": "54268"
      },
      "Keywords": "0x8020000000000000",
      "Level": "0",
      "Opcode": "0",
      "Provider": {
        "Guid": "{54849625-5478-4994-a5ba-3e3b0328c30d}",
        "Name": "Microsoft-Windows-Security-Auditing"
      },
      "Security": {
        "UserID": ""
      },
      "Task": "13824",
      "TimeCreated": {
        "SystemTime": "2024-12-31T00:32:27.9954477Z"
      },
      "Version": "0"
    }
  }
}
2024/12/31 00:32:29 Received log message from agent {
  "Event": {
    "EventData": {
      "ClientProcessId": "14928",
      "CountOfCredentialsReturned": "1",
      "ProcessCreationTime": "2024-12-16T14:59:56.2501338Z",
      "ReadOperation": "%%8099",
      "ReturnCode": "0",
      "SubjectDomainName": "DANSDESKTOP",
      "SubjectLogonId": "0x4c0db",
      "SubjectUserName": "danfe",
      "SubjectUserSid": "S-1-5-21-1680856076-1700718083-3477311726-1001",
      "TargetName": "NordPass/Environment",
      "Type": "1"
    },
    "System": {
      "Channel": "Security",
      "Computer": "dansDesktop",
      "Correlation": {},
      "EventID": "5379",
      "EventRecordID": "8252607",
      "Execution": {
        "ProcessID": "1128",
        "ThreadID": "22396"
      },
      "Keywords": "0x8020000000000000",
      "Level": "0",
      "Opcode": "0",
      "Provider": {
        "Guid": "{54849625-5478-4994-a5ba-3e3b0328c30d}",
        "Name": "Microsoft-Windows-Security-Auditing"
      },
      "Security": {
        "UserID": ""
      },
      "Task": "13824",
      "TimeCreated": {
        "SystemTime": "2024-12-31T00:32:27.9954732Z"
      },
      "Version": "0"
    }
  }
}
2024/12/31 00:32:29 Received log message from agent {
  "Event": {
    "EventData": {
      "ClientProcessId": "14928",
      "CountOfCredentialsReturned": "1",
      "ProcessCreationTime": "2024-12-16T14:59:56.2501338Z",
      "ReadOperation": "%%8099",
      "ReturnCode": "0",
      "SubjectDomainName": "DANSDESKTOP",
      "SubjectLogonId": "0x4c0db",
      "SubjectUserName": "danfe",
      "SubjectUserSid": "S-1-5-21-1680856076-1700718083-3477311726-1001",
      "TargetName": "NordPass/LastKnownEmail",
      "Type": "1"
    },
    "System": {
      "Channel": "Security",
      "Computer": "dansDesktop",
      "Correlation": {},
      "EventID": "5379",
      "EventRecordID": "8252608",
      "Execution": {
        "ProcessID": "1128",
        "ThreadID": "4740"
      },
      "Keywords": "0x8020000000000000",
      "Level": "0",
      "Opcode": "0",
      "Provider": {
        "Guid": "{54849625-5478-4994-a5ba-3e3b0328c30d}",
        "Name": "Microsoft-Windows-Security-Auditing"
      },
      "Security": {
        "UserID": ""
      },
      "Task": "13824",
      "TimeCreated": {
        "SystemTime": "2024-12-31T00:32:27.9955418Z"
      },
      "Version": "0"
    }
  }
}
2024/12/31 00:32:29 Received log message from agent {
  "Event": {
    "EventData": {
      "ClientProcessId": "14928",
      "CountOfCredentialsReturned": "1",
      "ProcessCreationTime": "2024-12-16T14:59:56.2501338Z",
      "ReadOperation": "%%8099",
      "ReturnCode": "0",
      "SubjectDomainName": "DANSDESKTOP",
      "SubjectLogonId": "0x4c0db",
      "SubjectUserName": "danfe",
      "SubjectUserSid": "S-1-5-21-1680856076-1700718083-3477311726-1001",
      "TargetName": "NordPass/SidebarState",
      "Type": "1"
    },
    "System": {
      "Channel": "Security",
      "Computer": "dansDesktop",
      "Correlation": {},
      "EventID": "5379",
      "EventRecordID": "8252609",
      "Execution": {
        "ProcessID": "1128",
        "ThreadID": "48228"
      },
      "Keywords": "0x8020000000000000",
      "Level": "0",
      "Opcode": "0",
      "Provider": {
        "Guid": "{54849625-5478-4994-a5ba-3e3b0328c30d}",
        "Name": "Microsoft-Windows-Security-Auditing"
      },
      "Security": {
        "UserID": ""
      },
      "Task": "13824",
      "TimeCreated": {
        "SystemTime": "2024-12-31T00:32:27.9955827Z"
      },
      "Version": "0"
    }
  }
}
2024/12/31 00:32:29 Received log message from agent {
  "Event": {
    "EventData": {
      "ClientProcessId": "14928",
      "CountOfCredentialsReturned": "1",
      "ProcessCreationTime": "2024-12-16T14:59:56.2501338Z",
      "ReadOperation": "%%8099",
      "ReturnCode": "0",
      "SubjectDomainName": "DANSDESKTOP",
      "SubjectLogonId": "0x4c0db",
      "SubjectUserName": "danfe",
      "SubjectUserSid": "S-1-5-21-1680856076-1700718083-3477311726-1001",
      "TargetName": "NordPass/UserId",
      "Type": "1"
    },
    "System": {
      "Channel": "Security",
      "Computer": "dansDesktop",
      "Correlation": {},
      "EventID": "5379",
      "EventRecordID": "8252610",
      "Execution": {
        "ProcessID": "1128",
        "ThreadID": "22396"
      },
      "Keywords": "0x8020000000000000",
      "Level": "0",
      "Opcode": "0",
      "Provider": {
        "Guid": "{54849625-5478-4994-a5ba-3e3b0328c30d}",
        "Name": "Microsoft-Windows-Security-Auditing"
      },
      "Security": {
        "UserID": ""
      },
      "Task": "13824",
      "TimeCreated": {
        "SystemTime": "2024-12-31T00:32:27.9956084Z"
      },
      "Version": "0"
    }
  }
}
2024/12/31 00:32:29 Received log message from agent {
  "Event": {
    "EventData": {
      "ClientProcessId": "14928",
      "CountOfCredentialsReturned": "1",
      "ProcessCreationTime": "2024-12-16T14:59:56.2501338Z",
      "ReadOperation": "%%8099",
      "ReturnCode": "0",
      "SubjectDomainName": "DANSDESKTOP",
      "SubjectLogonId": "0x4c0db",
      "SubjectUserName": "danfe",
      "SubjectUserSid": "S-1-5-21-1680856076-1700718083-3477311726-1001",
      "TargetName": "NordPass/UserEmail",
      "Type": "1"
    },
    "System": {
      "Channel": "Security",
      "Computer": "dansDesktop",
      "Correlation": {},
      "EventID": "5379",
      "EventRecordID": "8252611",
      "Execution": {
        "ProcessID": "1128",
        "ThreadID": "54268"
      },
      "Keywords": "0x8020000000000000",
      "Level": "0",
      "Opcode": "0",
      "Provider": {
        "Guid": "{54849625-5478-4994-a5ba-3e3b0328c30d}",
        "Name": "Microsoft-Windows-Security-Auditing"
      },
      "Security": {
        "UserID": ""
      },
      "Task": "13824",
      "TimeCreated": {
        "SystemTime": "2024-12-31T00:32:27.9956557Z"
      },
      "Version": "0"
    }
  }
}
2024/12/31 00:32:29 Received log message from agent {
  "Event": {
    "EventData": {
      "ClientProcessId": "14928",
      "CountOfCredentialsReturned": "1",
      "ProcessCreationTime": "2024-12-16T14:59:56.2501338Z",
      "ReadOperation": "%%8099",
      "ReturnCode": "0",
      "SubjectDomainName": "DANSDESKTOP",
      "SubjectLogonId": "0x4c0db",
      "SubjectUserName": "danfe",
      "SubjectUserSid": "S-1-5-21-1680856076-1700718083-3477311726-1001",
      "TargetName": "NordPass/ClipboardClearingTime",
      "Type": "1"
    },
    "System": {
      "Channel": "Security",
      "Computer": "dansDesktop",
      "Correlation": {},
      "EventID": "5379",
      "EventRecordID": "8252612",
      "Execution": {
        "ProcessID": "1128",
        "ThreadID": "4740"
      },
      "Keywords": "0x8020000000000000",
      "Level": "0",
      "Opcode": "0",
      "Provider": {
        "Guid": "{54849625-5478-4994-a5ba-3e3b0328c30d}",
        "Name": "Microsoft-Windows-Security-Auditing"
      },
      "Security": {
        "UserID": ""
      },
      "Task": "13824",
      "TimeCreated": {
        "SystemTime": "2024-12-31T00:32:27.9956787Z"
      },
      "Version": "0"
    }
  }
}
2024/12/31 00:32:29 Received log message from agent {
  "Event": {
    "EventData": {
      "ClientProcessId": "14928",
      "CountOfCredentialsReturned": "1",
      "ProcessCreationTime": "2024-12-16T14:59:56.2501338Z",
      "ReadOperation": "%%8099",
      "ReturnCode": "0",
      "SubjectDomainName": "DANSDESKTOP",
      "SubjectLogonId": "0x4c0db",
      "SubjectUserName": "danfe",
      "SubjectUserSid": "S-1-5-21-1680856076-1700718083-3477311726-1001",
      "TargetName": "NordPass/CompletedAutolockTileUserIds",
      "Type": "1"
    },
    "System": {
      "Channel": "Security",
      "Computer": "dansDesktop",
      "Correlation": {},
      "EventID": "5379",
      "EventRecordID": "8252614",
      "Execution": {
        "ProcessID": "1128",
        "ThreadID": "48228"
      },
      "Keywords": "0x8020000000000000",
      "Level": "0",
      "Opcode": "0",
      "Provider": {
        "Guid": "{54849625-5478-4994-a5ba-3e3b0328c30d}",
        "Name": "Microsoft-Windows-Security-Auditing"
      },
      "Security": {
        "UserID": ""
      },
      "Task": "13824",
      "TimeCreated": {
        "SystemTime": "2024-12-31T00:32:27.9957261Z"
      },
      "Version": "0"
    }
  }
}
2024/12/31 00:32:29 Received log message from agent {
  "Event": {
    "EventData": {
      "ClientProcessId": "14928",
      "CountOfCredentialsReturned": "1",
      "ProcessCreationTime": "2024-12-16T14:59:56.2501338Z",
      "ReadOperation": "%%8099",
      "ReturnCode": "0",
      "SubjectDomainName": "DANSDESKTOP",
      "SubjectLogonId": "0x4c0db",
      "SubjectUserName": "danfe",
      "SubjectUserSid": "S-1-5-21-1680856076-1700718083-3477311726-1001",
      "TargetName": "NordPass/IsNoPasskeysFoundDisabled",
      "Type": "1"
    },
    "System": {
      "Channel": "Security",
      "Computer": "dansDesktop",
      "Correlation": {},
      "EventID": "5379",
      "EventRecordID": "8252613",
      "Execution": {
        "ProcessID": "1128",
        "ThreadID": "22396"
      },
      "Keywords": "0x8020000000000000",
      "Level": "0",
      "Opcode": "0",
      "Provider": {
        "Guid": "{54849625-5478-4994-a5ba-3e3b0328c30d}",
        "Name": "Microsoft-Windows-Security-Auditing"
      },
      "Security": {
        "UserID": ""
      },
      "Task": "13824",
      "TimeCreated": {
        "SystemTime": "2024-12-31T00:32:27.9957044Z"
      },
      "Version": "0"
    }
  }
}
2024/12/31 00:32:29 Received log message from agent {
  "Event": {
    "EventData": {
      "ClientProcessId": "14928",
      "CountOfCredentialsReturned": "1",
      "ProcessCreationTime": "2024-12-16T14:59:56.2501338Z",
      "ReadOperation": "%%8099",
      "ReturnCode": "0",
      "SubjectDomainName": "DANSDESKTOP",
      "SubjectLogonId": "0x4c0db",
      "SubjectUserName": "danfe",
      "SubjectUserSid": "S-1-5-21-1680856076-1700718083-3477311726-1001",
      "TargetName": "NordPass/CompletedBiometricsTileUserIds",
      "Type": "1"
    },
    "System": {
      "Channel": "Security",
      "Computer": "dansDesktop",
      "Correlation": {},
      "EventID": "5379",
      "EventRecordID": "8252615",
      "Execution": {
        "ProcessID": "1128",
        "ThreadID": "4740"
      },
      "Keywords": "0x8020000000000000",
      "Level": "0",
      "Opcode": "0",
      "Provider": {
        "Guid": "{54849625-5478-4994-a5ba-3e3b0328c30d}",
        "Name": "Microsoft-Windows-Security-Auditing"
      },
      "Security": {
        "UserID": ""
      },
      "Task": "13824",
      "TimeCreated": {
        "SystemTime": "2024-12-31T00:32:27.9957713Z"
      },
      "Version": "0"
    }
  }
}
2024/12/31 00:32:29 Received log message from agent {
  "Event": {
    "EventData": {
      "ClientProcessId": "14928",
      "CountOfCredentialsReturned": "1",
      "ProcessCreationTime": "2024-12-16T14:59:56.2501338Z",
      "ReadOperation": "%%8099",
      "ReturnCode": "0",
      "SubjectDomainName": "DANSDESKTOP",
      "SubjectLogonId": "0x4c0db",
      "SubjectUserName": "danfe",
      "SubjectUserSid": "S-1-5-21-1680856076-1700718083-3477311726-1001",
      "TargetName": "NordPass/SeenNotifications",
      "Type": "1"
    },
    "System": {
      "Channel": "Security",
      "Computer": "dansDesktop",
      "Correlation": {},
      "EventID": "5379",
      "EventRecordID": "8252616",
      "Execution": {
        "ProcessID": "1128",
        "ThreadID": "22396"
      },
      "Keywords": "0x8020000000000000",
      "Level": "0",
      "Opcode": "0",
      "Provider": {
        "Guid": "{54849625-5478-4994-a5ba-3e3b0328c30d}",
        "Name": "Microsoft-Windows-Security-Auditing"
      },
      "Security": {
        "UserID": ""
      },
      "Task": "13824",
      "TimeCreated": {
        "SystemTime": "2024-12-31T00:32:27.9957965Z"
      },
      "Version": "0"
    }
  }
}
2024/12/31 00:32:29 Received log message from agent {
  "Event": {
    "EventData": {
      "ClientProcessId": "14928",
      "CountOfCredentialsReturned": "1",
      "ProcessCreationTime": "2024-12-16T14:59:56.2501338Z",
      "ReadOperation": "%%8099",
      "ReturnCode": "0",
      "SubjectDomainName": "DANSDESKTOP",
      "SubjectLogonId": "0x4c0db",
      "SubjectUserName": "danfe",
      "SubjectUserSid": "S-1-5-21-1680856076-1700718083-3477311726-1001",
      "TargetName": "NordPass/ShouldHideMaskFAQUserIds",
      "Type": "1"
    },
    "System": {
      "Channel": "Security",
      "Computer": "dansDesktop",
      "Correlation": {},
      "EventID": "5379",
      "EventRecordID": "8252617",
      "Execution": {
        "ProcessID": "1128",
        "ThreadID": "48228"
      },
      "Keywords": "0x8020000000000000",
      "Level": "0",
      "Opcode": "0",
      "Provider": {
        "Guid": "{54849625-5478-4994-a5ba-3e3b0328c30d}",
        "Name": "Microsoft-Windows-Security-Auditing"
      },
      "Security": {
        "UserID": ""
      },
      "Task": "13824",
      "TimeCreated": {
        "SystemTime": "2024-12-31T00:32:27.9958206Z"
      },
      "Version": "0"
    }
  }
}
2024/12/31 00:32:29 Received log message from agent {
  "Event": {
    "EventData": {
      "ClientProcessId": "14928",
      "CountOfCredentialsReturned": "1",
      "ProcessCreationTime": "2024-12-16T14:59:56.2501338Z",
      "ReadOperation": "%%8099",
      "ReturnCode": "0",
      "SubjectDomainName": "DANSDESKTOP",
      "SubjectLogonId": "0x4c0db",
      "SubjectUserName": "danfe",
      "SubjectUserSid": "S-1-5-21-1680856076-1700718083-3477311726-1001",
      "TargetName": "NordPass/PasskeysBannerDismissedDomainsByUserId",
      "Type": "1"
    },
    "System": {
      "Channel": "Security",
      "Computer": "dansDesktop",
      "Correlation": {},
      "EventID": "5379",
      "EventRecordID": "8252618",
      "Execution": {
        "ProcessID": "1128",
        "ThreadID": "54268"
      },
      "Keywords": "0x8020000000000000",
      "Level": "0",
      "Opcode": "0",
      "Provider": {
        "Guid": "{54849625-5478-4994-a5ba-3e3b0328c30d}",
        "Name": "Microsoft-Windows-Security-Auditing"
      },
      "Security": {
        "UserID": ""
      },
      "Task": "13824",
      "TimeCreated": {
        "SystemTime": "2024-12-31T00:32:27.9958515Z"
      },
      "Version": "0"
    }
  }
}
2024/12/31 00:32:29 Received log message from agent {
  "Event": {
    "EventData": {
      "ClientProcessId": "14928",
      "CountOfCredentialsReturned": "1",
      "ProcessCreationTime": "2024-12-16T14:59:56.2501338Z",
      "ReadOperation": "%%8099",
      "ReturnCode": "0",
      "SubjectDomainName": "DANSDESKTOP",
      "SubjectLogonId": "0x4c0db",
      "SubjectUserName": "danfe",
      "SubjectUserSid": "S-1-5-21-1680856076-1700718083-3477311726-1001",
      "TargetName": "NordPass/DisplayFilter",
      "Type": "1"
    },
    "System": {
      "Channel": "Security",
      "Computer": "dansDesktop",
      "Correlation": {},
      "EventID": "5379",
      "EventRecordID": "8252619",
      "Execution": {
        "ProcessID": "1128",
        "ThreadID": "22396"
      },
      "Keywords": "0x8020000000000000",
      "Level": "0",
      "Opcode": "0",
      "Provider": {
        "Guid": "{54849625-5478-4994-a5ba-3e3b0328c30d}",
        "Name": "Microsoft-Windows-Security-Auditing"
      },
      "Security": {
        "UserID": ""
      },
      "Task": "13824",
      "TimeCreated": {
        "SystemTime": "2024-12-31T00:32:27.9958715Z"
      },
      "Version": "0"
    }
  }
}
2024/12/31 00:32:29 Received log message from agent {
  "Event": {
    "EventData": {
      "ClientProcessId": "14928",
      "CountOfCredentialsReturned": "1",
      "ProcessCreationTime": "2024-12-16T14:59:56.2501338Z",
      "ReadOperation": "%%8099",
      "ReturnCode": "0",
      "SubjectDomainName": "DANSDESKTOP",
      "SubjectLogonId": "0x4c0db",
      "SubjectUserName": "danfe",
      "SubjectUserSid": "S-1-5-21-1680856076-1700718083-3477311726-1001",
      "TargetName": "NordPass/LatestVersionInstalledAt",
      "Type": "1"
    },
    "System": {
      "Channel": "Security",
      "Computer": "dansDesktop",
      "Correlation": {},
      "EventID": "5379",
      "EventRecordID": "8252620",
      "Execution": {
        "ProcessID": "1128",
        "ThreadID": "48228"
      },
      "Keywords": "0x8020000000000000",
      "Level": "0",
      "Opcode": "0",
      "Provider": {
        "Guid": "{54849625-5478-4994-a5ba-3e3b0328c30d}",
        "Name": "Microsoft-Windows-Security-Auditing"
      },
      "Security": {
        "UserID": ""
      },
      "Task": "13824",
      "TimeCreated": {
        "SystemTime": "2024-12-31T00:32:27.9958924Z"
      },
      "Version": "0"
    }
  }
}
2024/12/31 00:32:29 Received log message from agent {
  "Event": {
    "EventData": {
      "ClientProcessId": "14928",
      "CountOfCredentialsReturned": "1",
      "ProcessCreationTime": "2024-12-16T14:59:56.2501338Z",
      "ReadOperation": "%%8099",
      "ReturnCode": "0",
      "SubjectDomainName": "DANSDESKTOP",
      "SubjectLogonId": "0x4c0db",
      "SubjectUserName": "danfe",
      "SubjectUserSid": "S-1-5-21-1680856076-1700718083-3477311726-1001",
      "TargetName": "NordPass/isWelcomeToStandaloneIntroShown",
      "Type": "1"
    },
    "System": {
      "Channel": "Security",
      "Computer": "dansDesktop",
      "Correlation": {},
      "EventID": "5379",
      "EventRecordID": "8252621",
      "Execution": {
        "ProcessID": "1128",
        "ThreadID": "4740"
      },
      "Keywords": "0x8020000000000000",
      "Level": "0",
      "Opcode": "0",
      "Provider": {
        "Guid": "{54849625-5478-4994-a5ba-3e3b0328c30d}",
        "Name": "Microsoft-Windows-Security-Auditing"
      },
      "Security": {
        "UserID": ""
      },
      "Task": "13824",
      "TimeCreated": {
        "SystemTime": "2024-12-31T00:32:27.9959152Z"
      },
      "Version": "0"
    }
  }
}
2024/12/31 00:32:29 Received log message from agent {
  "Event": {
    "EventData": {
      "ClientProcessId": "14928",
      "CountOfCredentialsReturned": "1",
      "ProcessCreationTime": "2024-12-16T14:59:56.2501338Z",
      "ReadOperation": "%%8099",
      "ReturnCode": "0",
      "SubjectDomainName": "DANSDESKTOP",
      "SubjectLogonId": "0x4c0db",
      "SubjectUserName": "danfe",
      "SubjectUserSid": "S-1-5-21-1680856076-1700718083-3477311726-1001",
      "TargetName": "NordPass/isFullAppViewIntroShown",
      "Type": "1"
    },
    "System": {
      "Channel": "Security",
      "Computer": "dansDesktop",
      "Correlation": {},
      "EventID": "5379",
      "EventRecordID": "8252622",
      "Execution": {
        "ProcessID": "1128",
        "ThreadID": "22396"
      },
      "Keywords": "0x8020000000000000",
      "Level": "0",
      "Opcode": "0",
      "Provider": {
        "Guid": "{54849625-5478-4994-a5ba-3e3b0328c30d}",
        "Name": "Microsoft-Windows-Security-Auditing"
      },
      "Security": {
        "UserID": ""
      },
      "Task": "13824",
      "TimeCreated": {
        "SystemTime": "2024-12-31T00:32:27.9959499Z"
      },
      "Version": "0"
    }
  }
}
2024/12/31 00:32:29 Received log message from agent {
  "Event": {
    "EventData": {
      "ClientProcessId": "14928",
      "CountOfCredentialsReturned": "1",
      "ProcessCreationTime": "2024-12-16T14:59:56.2501338Z",
      "ReadOperation": "%%8099",
      "ReturnCode": "0",
      "SubjectDomainName": "DANSDESKTOP",
      "SubjectLogonId": "0x4c0db",
      "SubjectUserName": "danfe",
      "SubjectUserSid": "S-1-5-21-1680856076-1700718083-3477311726-1001",
      "TargetName": "NordPass/Features",
      "Type": "1"
    },
    "System": {
      "Channel": "Security",
      "Computer": "dansDesktop",
      "Correlation": {},
      "EventID": "5379",
      "EventRecordID": "8252623",
      "Execution": {
        "ProcessID": "1128",
        "ThreadID": "48228"
      },
      "Keywords": "0x8020000000000000",
      "Level": "0",
      "Opcode": "0",
      "Provider": {
        "Guid": "{54849625-5478-4994-a5ba-3e3b0328c30d}",
        "Name": "Microsoft-Windows-Security-Auditing"
      },
      "Security": {
        "UserID": ""
      },
      "Task": "13824",
      "TimeCreated": {
        "SystemTime": "2024-12-31T00:32:27.9959808Z"
      },
      "Version": "0"
    }
  }
}
2024/12/31 00:32:29 Received log message from agent {
  "Event": {
    "EventData": {
      "ClientProcessId": "14928",
      "CountOfCredentialsReturned": "1",
      "ProcessCreationTime": "2024-12-16T14:59:56.2501338Z",
      "ReadOperation": "%%8099",
      "ReturnCode": "0",
      "SubjectDomainName": "DANSDESKTOP",
      "SubjectLogonId": "0x4c0db",
      "SubjectUserName": "danfe",
      "SubjectUserSid": "S-1-5-21-1680856076-1700718083-3477311726-1001",
      "TargetName": "NordPass/SubscriptionData",
      "Type": "1"
    },
    "System": {
      "Channel": "Security",
      "Computer": "dansDesktop",
      "Correlation": {},
      "EventID": "5379",
      "EventRecordID": "8252624",
      "Execution": {
        "ProcessID": "1128",
        "ThreadID": "4740"
      },
      "Keywords": "0x8020000000000000",
      "Level": "0",
      "Opcode": "0",
      "Provider": {
        "Guid": "{54849625-5478-4994-a5ba-3e3b0328c30d}",
        "Name": "Microsoft-Windows-Security-Auditing"
      },
      "Security": {
        "UserID": ""
      },
      "Task": "13824",
      "TimeCreated": {
        "SystemTime": "2024-12-31T00:32:27.9960114Z"
      },
      "Version": "0"
    }
  }
}
2024/12/31 00:32:29 Received log message from agent {
  "Event": {
    "EventData": {
      "ClientProcessId": "14928",
      "CountOfCredentialsReturned": "1",
      "ProcessCreationTime": "2024-12-16T14:59:56.2501338Z",
      "ReadOperation": "%%8099",
      "ReturnCode": "3221226021",
      "SubjectDomainName": "DANSDESKTOP",
      "SubjectLogonId": "0x4c0db",
      "SubjectUserName": "danfe",
      "SubjectUserSid": "S-1-5-21-1680856076-1700718083-3477311726-1001",
      "TargetName": "NordPass/AutoLock-",
      "Type": "1"
    },
    "System": {
      "Channel": "Security",
      "Computer": "dansDesktop",
      "Correlation": {},
      "EventID": "5379",
      "EventRecordID": "8252625",
      "Execution": {
        "ProcessID": "1128",
        "ThreadID": "22396"
      },
      "Keywords": "0x8020000000000000",
      "Level": "0",
      "Opcode": "0",
      "Provider": {
        "Guid": "{54849625-5478-4994-a5ba-3e3b0328c30d}",
        "Name": "Microsoft-Windows-Security-Auditing"
      },
      "Security": {
        "UserID": ""
      },
      "Task": "13824",
      "TimeCreated": {
        "SystemTime": "2024-12-31T00:32:27.9960384Z"
      },
      "Version": "0"
    }
  }
}
2024/12/31 00:32:29 Received log message from agent {
  "Event": {
    "EventData": {
      "ClientProcessId": "14928",
      "CountOfCredentialsReturned": "1",
      "ProcessCreationTime": "2024-12-16T14:59:56.2501338Z",
      "ReadOperation": "%%8099",
      "ReturnCode": "0",
      "SubjectDomainName": "DANSDESKTOP",
      "SubjectLogonId": "0x4c0db",
      "SubjectUserName": "danfe",
      "SubjectUserSid": "S-1-5-21-1680856076-1700718083-3477311726-1001",
      "TargetName": "NordPass/HasBeenUpdated",
      "Type": "1"
    },
    "System": {
      "Channel": "Security",
      "Computer": "dansDesktop",
      "Correlation": {},
      "EventID": "5379",
      "EventRecordID": "8252626",
      "Execution": {
        "ProcessID": "1128",
        "ThreadID": "54268"
      },
      "Keywords": "0x8020000000000000",
      "Level": "0",
      "Opcode": "0",
      "Provider": {
        "Guid": "{54849625-5478-4994-a5ba-3e3b0328c30d}",
        "Name": "Microsoft-Windows-Security-Auditing"
      },
      "Security": {
        "UserID": ""
      },
      "Task": "13824",
      "TimeCreated": {
        "SystemTime": "2024-12-31T00:32:27.9960760Z"
      },
      "Version": "0"
    }
  }
}
2024/12/31 00:32:29 Received log message from agent {
  "Event": {
    "EventData": {
      "ClientProcessId": "14928",
      "CountOfCredentialsReturned": "1",
      "ProcessCreationTime": "2024-12-16T14:59:56.2501338Z",
      "ReadOperation": "%%8099",
      "ReturnCode": "0",
      "SubjectDomainName": "DANSDESKTOP",
      "SubjectLogonId": "0x4c0db",
      "SubjectUserName": "danfe",
      "SubjectUserSid": "S-1-5-21-1680856076-1700718083-3477311726-1001",
      "TargetName": "NordPass/InstallTime",
      "Type": "1"
    },
    "System": {
      "Channel": "Security",
      "Computer": "dansDesktop",
      "Correlation": {},
      "EventID": "5379",
      "EventRecordID": "8252627",
      "Execution": {
        "ProcessID": "1128",
        "ThreadID": "48228"
      },
      "Keywords": "0x8020000000000000",
      "Level": "0",
      "Opcode": "0",
      "Provider": {
        "Guid": "{54849625-5478-4994-a5ba-3e3b0328c30d}",
        "Name": "Microsoft-Windows-Security-Auditing"
      },
      "Security": {
        "UserID": ""
      },
      "Task": "13824",
      "TimeCreated": {
        "SystemTime": "2024-12-31T00:32:27.9961080Z"
      },
      "Version": "0"
    }
  }
}
2024/12/31 00:32:29 Received log message from agent {
  "Event": {
    "EventData": {
      "ClientProcessId": "14928",
      "CountOfCredentialsReturned": "1",
      "ProcessCreationTime": "2024-12-16T14:59:56.2501338Z",
      "ReadOperation": "%%8099",
      "ReturnCode": "0",
      "SubjectDomainName": "DANSDESKTOP",
      "SubjectLogonId": "0x4c0db",
      "SubjectUserName": "danfe",
      "SubjectUserSid": "S-1-5-21-1680856076-1700718083-3477311726-1001",
      "TargetName": "NordPass/WindowState",
      "Type": "1"
    },
    "System": {
      "Channel": "Security",
      "Computer": "dansDesktop",
      "Correlation": {},
      "EventID": "5379",
      "EventRecordID": "8252628",
      "Execution": {
        "ProcessID": "1128",
        "ThreadID": "4740"
      },
      "Keywords": "0x8020000000000000",
      "Level": "0",
      "Opcode": "0",
      "Provider": {
        "Guid": "{54849625-5478-4994-a5ba-3e3b0328c30d}",
        "Name": "Microsoft-Windows-Security-Auditing"
      },
      "Security": {
        "UserID": ""
      },
      "Task": "13824",
      "TimeCreated": {
        "SystemTime": "2024-12-31T00:32:27.9961188Z"
      },
      "Version": "0"
    }
  }
}
2024/12/31 00:32:29 Received log message from agent {
  "Event": {
    "EventData": {
      "ClientProcessId": "14928",
      "CountOfCredentialsReturned": "1",
      "ProcessCreationTime": "2024-12-16T14:59:56.2501338Z",
      "ReadOperation": "%%8099",
      "ReturnCode": "0",
      "SubjectDomainName": "DANSDESKTOP",
      "SubjectLogonId": "0x4c0db",
      "SubjectUserName": "danfe",
      "SubjectUserSid": "S-1-5-21-1680856076-1700718083-3477311726-1001",
      "TargetName": "NordPass/StartHidden",
      "Type": "1"
    },
    "System": {
      "Channel": "Security",
      "Computer": "dansDesktop",
      "Correlation": {},
      "EventID": "5379",
      "EventRecordID": "8252629",
      "Execution": {
        "ProcessID": "1128",
        "ThreadID": "22396"
      },
      "Keywords": "0x8020000000000000",
      "Level": "0",
      "Opcode": "0",
      "Provider": {
        "Guid": "{54849625-5478-4994-a5ba-3e3b0328c30d}",
        "Name": "Microsoft-Windows-Security-Auditing"
      },
      "Security": {
        "UserID": ""
      },
      "Task": "13824",
      "TimeCreated": {
        "SystemTime": "2024-12-31T00:32:27.9961781Z"
      },
      "Version": "0"
    }
  }
}
2024/12/31 00:32:29 Received log message from agent {
  "Event": {
    "EventData": {
      "ClientProcessId": "14928",
      "CountOfCredentialsReturned": "1",
      "ProcessCreationTime": "2024-12-16T14:59:56.2501338Z",
      "ReadOperation": "%%8099",
      "ReturnCode": "0",
      "SubjectDomainName": "DANSDESKTOP",
      "SubjectLogonId": "0x4c0db",
      "SubjectUserName": "danfe",
      "SubjectUserSid": "S-1-5-21-1680856076-1700718083-3477311726-1001",
      "TargetName": "NordPass/ConnectedBrowsers",
      "Type": "1"
    },
    "System": {
      "Channel": "Security",
      "Computer": "dansDesktop",
      "Correlation": {},
      "EventID": "5379",
      "EventRecordID": "8252630",
      "Execution": {
        "ProcessID": "1128",
        "ThreadID": "48228"
      },
      "Keywords": "0x8020000000000000",
      "Level": "0",
      "Opcode": "0",
      "Provider": {
        "Guid": "{54849625-5478-4994-a5ba-3e3b0328c30d}",
        "Name": "Microsoft-Windows-Security-Auditing"
      },
      "Security": {
        "UserID": ""
      },
      "Task": "13824",
      "TimeCreated": {
        "SystemTime": "2024-12-31T00:32:27.9962008Z"
      },
      "Version": "0"
    }
  }
}
2024/12/31 00:32:29 Received log message from agent {
  "Event": {
    "EventData": {
      "ClientProcessId": "14928",
      "CountOfCredentialsReturned": "1",
      "ProcessCreationTime": "2024-12-16T14:59:56.2501338Z",
      "ReadOperation": "%%8099",
      "ReturnCode": "0",
      "SubjectDomainName": "DANSDESKTOP",
      "SubjectLogonId": "0x4c0db",
      "SubjectUserName": "danfe",
      "SubjectUserSid": "S-1-5-21-1680856076-1700718083-3477311726-1001",
      "TargetName": "NordPass/DbHash",
      "Type": "1"
    },
    "System": {
      "Channel": "Security",
      "Computer": "dansDesktop",
      "Correlation": {},
      "EventID": "5379",
      "EventRecordID": "8252631",
      "Execution": {
        "ProcessID": "1128",
        "ThreadID": "54268"
      },
      "Keywords": "0x8020000000000000",
      "Level": "0",
      "Opcode": "0",
      "Provider": {
        "Guid": "{54849625-5478-4994-a5ba-3e3b0328c30d}",
        "Name": "Microsoft-Windows-Security-Auditing"
      },
      "Security": {
        "UserID": ""
      },
      "Task": "13824",
      "TimeCreated": {
        "SystemTime": "2024-12-31T00:32:27.9962136Z"
      },
      "Version": "0"
    }
  }
}
2024/12/31 00:32:29 Received log message from agent {
  "Event": {
    "EventData": {
      "ClientProcessId": "14928",
      "CountOfCredentialsReturned": "1",
      "ProcessCreationTime": "2024-12-16T14:59:56.2501338Z",
      "ReadOperation": "%%8099",
      "ReturnCode": "0",
      "SubjectDomainName": "DANSDESKTOP",
      "SubjectLogonId": "0x4c0db",
      "SubjectUserName": "danfe",
      "SubjectUserSid": "S-1-5-21-1680856076-1700718083-3477311726-1001",
      "TargetName": "NordPass/ShouldOpenOnLogin",
      "Type": "1"
    },
    "System": {
      "Channel": "Security",
      "Computer": "dansDesktop",
      "Correlation": {},
      "EventID": "5379",
      "EventRecordID": "8252632",
      "Execution": {
        "ProcessID": "1128",
        "ThreadID": "4740"
      },
      "Keywords": "0x8020000000000000",
      "Level": "0",
      "Opcode": "0",
      "Provider": {
        "Guid": "{54849625-5478-4994-a5ba-3e3b0328c30d}",
        "Name": "Microsoft-Windows-Security-Auditing"
      },
      "Security": {
        "UserID": ""
      },
      "Task": "13824",
      "TimeCreated": {
        "SystemTime": "2024-12-31T00:32:27.9962743Z"
      },
      "Version": "0"
    }
  }
}
2024/12/31 00:32:29 Received log message from agent {
  "Event": {
    "EventData": {
      "ClientProcessId": "14928",
      "CountOfCredentialsReturned": "1",
      "ProcessCreationTime": "2024-12-16T14:59:56.2501338Z",
      "ReadOperation": "%%8099",
      "ReturnCode": "0",
      "SubjectDomainName": "DANSDESKTOP",
      "SubjectLogonId": "0x4c0db",
      "SubjectUserName": "danfe",
      "SubjectUserSid": "S-1-5-21-1680856076-1700718083-3477311726-1001",
      "TargetName": "NordPass/AppTheme",
      "Type": "1"
    },
    "System": {
      "Channel": "Security",
      "Computer": "dansDesktop",
      "Correlation": {},
      "EventID": "5379",
      "EventRecordID": "8252633",
      "Execution": {
        "ProcessID": "1128",
        "ThreadID": "54268"
      },
      "Keywords": "0x8020000000000000",
      "Level": "0",
      "Opcode": "0",
      "Provider": {
        "Guid": "{54849625-5478-4994-a5ba-3e3b0328c30d}",
        "Name": "Microsoft-Windows-Security-Auditing"
      },
      "Security": {
        "UserID": ""
      },
      "Task": "13824",
      "TimeCreated": {
        "SystemTime": "2024-12-31T00:32:27.9962851Z"
      },
      "Version": "0"
    }
  }
}
2024/12/31 00:32:29 Received log message from agent {
  "Event": {
    "EventData": {
      "ClientProcessId": "14928",
      "CountOfCredentialsReturned": "1",
      "ProcessCreationTime": "2024-12-16T14:59:56.2501338Z",
      "ReadOperation": "%%8099",
      "ReturnCode": "0",
      "SubjectDomainName": "DANSDESKTOP",
      "SubjectLogonId": "0x4c0db",
      "SubjectUserName": "danfe",
      "SubjectUserSid": "S-1-5-21-1680856076-1700718083-3477311726-1001",
      "TargetName": "NordPass/AppLocale",
      "Type": "1"
    },
    "System": {
      "Channel": "Security",
      "Computer": "dansDesktop",
      "Correlation": {},
      "EventID": "5379",
      "EventRecordID": "8252634",
      "Execution": {
        "ProcessID": "1128",
        "ThreadID": "48228"
      },
      "Keywords": "0x8020000000000000",
      "Level": "0",
      "Opcode": "0",
      "Provider": {
        "Guid": "{54849625-5478-4994-a5ba-3e3b0328c30d}",
        "Name": "Microsoft-Windows-Security-Auditing"
      },
      "Security": {
        "UserID": ""
      },
      "Task": "13824",
      "TimeCreated": {
        "SystemTime": "2024-12-31T00:32:27.9963017Z"
      },
      "Version": "0"
    }
  }
}
2024/12/31 00:32:29 Received log message from agent {
  "Event": {
    "EventData": {
      "ClientProcessId": "14928",
      "CountOfCredentialsReturned": "1",
      "ProcessCreationTime": "2024-12-16T14:59:56.2501338Z",
      "ReadOperation": "%%8099",
      "ReturnCode": "0",
      "SubjectDomainName": "DANSDESKTOP",
      "SubjectLogonId": "0x4c0db",
      "SubjectUserName": "danfe",
      "SubjectUserSid": "S-1-5-21-1680856076-1700718083-3477311726-1001",
      "TargetName": "NordPass/AppVersion",
      "Type": "1"
    },
    "System": {
      "Channel": "Security",
      "Computer": "dansDesktop",
      "Correlation": {},
      "EventID": "5379",
      "EventRecordID": "8252635",
      "Execution": {
        "ProcessID": "1128",
        "ThreadID": "22396"
      },
      "Keywords": "0x8020000000000000",
      "Level": "0",
      "Opcode": "0",
      "Provider": {
        "Guid": "{54849625-5478-4994-a5ba-3e3b0328c30d}",
        "Name": "Microsoft-Windows-Security-Auditing"
      },
      "Security": {
        "UserID": ""
      },
      "Task": "13824",
      "TimeCreated": {
        "SystemTime": "2024-12-31T00:32:27.9963306Z"
      },
      "Version": "0"
    }
  }
}
2024/12/31 00:32:29 Received log message from agent {
  "Event": {
    "EventData": {
      "ClientProcessId": "14928",
      "CountOfCredentialsReturned": "1",
      "ProcessCreationTime": "2024-12-16T14:59:56.2501338Z",
      "ReadOperation": "%%8099",
      "ReturnCode": "0",
      "SubjectDomainName": "DANSDESKTOP",
      "SubjectLogonId": "0x4c0db",
      "SubjectUserName": "danfe",
      "SubjectUserSid": "S-1-5-21-1680856076-1700718083-3477311726-1001",
      "TargetName": "NordPass/split_Features0",
      "Type": "1"
    },
    "System": {
      "Channel": "Security",
      "Computer": "dansDesktop",
      "Correlation": {},
      "EventID": "5379",
      "EventRecordID": "8252637",
      "Execution": {
        "ProcessID": "1128",
        "ThreadID": "54268"
      },
      "Keywords": "0x8020000000000000",
      "Level": "0",
      "Opcode": "0",
      "Provider": {
        "Guid": "{54849625-5478-4994-a5ba-3e3b0328c30d}",
        "Name": "Microsoft-Windows-Security-Auditing"
      },
      "Security": {
        "UserID": ""
      },
      "Task": "13824",
      "TimeCreated": {
        "SystemTime": "2024-12-31T00:32:27.9965131Z"
      },
      "Version": "0"
    }
  }
}
2024/12/31 00:32:29 Received log message from agent {
  "Event": {
    "EventData": {
      "ClientProcessId": "14928",
      "CountOfCredentialsReturned": "1",
      "ProcessCreationTime": "2024-12-16T14:59:56.2501338Z",
      "ReadOperation": "%%8099",
      "ReturnCode": "0",
      "SubjectDomainName": "DANSDESKTOP",
      "SubjectLogonId": "0x4c0db",
      "SubjectUserName": "danfe",
      "SubjectUserSid": "S-1-5-21-1680856076-1700718083-3477311726-1001",
      "TargetName": "NordPass/AccountList",
      "Type": "1"
    },
    "System": {
      "Channel": "Security",
      "Computer": "dansDesktop",
      "Correlation": {},
      "EventID": "5379",
      "EventRecordID": "8252636",
      "Execution": {
        "ProcessID": "1128",
        "ThreadID": "48228"
      },
      "Keywords": "0x8020000000000000",
      "Level": "0",
      "Opcode": "0",
      "Provider": {
        "Guid": "{54849625-5478-4994-a5ba-3e3b0328c30d}",
        "Name": "Microsoft-Windows-Security-Auditing"
      },
      "Security": {
        "UserID": ""
      },
      "Task": "13824",
      "TimeCreated": {
        "SystemTime": "2024-12-31T00:32:27.9963862Z"
      },
      "Version": "0"
    }
  }
}
2024/12/31 00:32:29 Received log message from agent {
  "Event": {
    "EventData": {
      "ClientProcessId": "14928",
      "CountOfCredentialsReturned": "1",
      "ProcessCreationTime": "2024-12-16T14:59:56.2501338Z",
      "ReadOperation": "%%8099",
      "ReturnCode": "0",
      "SubjectDomainName": "DANSDESKTOP",
      "SubjectLogonId": "0x4c0db",
      "SubjectUserName": "danfe",
      "SubjectUserSid": "S-1-5-21-1680856076-1700718083-3477311726-1001",
      "TargetName": "NordPass/split_Features1",
      "Type": "1"
    },
    "System": {
      "Channel": "Security",
      "Computer": "dansDesktop",
      "Correlation": {},
      "EventID": "5379",
      "EventRecordID": "8252638",
      "Execution": {
        "ProcessID": "1128",
        "ThreadID": "54268"
      },
      "Keywords": "0x8020000000000000",
      "Level": "0",
      "Opcode": "0",
      "Provider": {
        "Guid": "{54849625-5478-4994-a5ba-3e3b0328c30d}",
        "Name": "Microsoft-Windows-Security-Auditing"
      },
      "Security": {
        "UserID": ""
      },
      "Task": "13824",
      "TimeCreated": {
        "SystemTime": "2024-12-31T00:32:27.9969336Z"
      },
      "Version": "0"
    }
  }
}
