    {
      "sensor_key": "ACPI\\ThermalZone\\TZ01_0",
      "temperature": 29.85
    }
  ],
  "timestamp": "2024-12-31T11:49:49.501613-06:00"
}
2024/12/31 17:49:53 Received log message from agent {
  "name": "wuauserv",
  "status": "Stopped",
  "timestamp": "2024-12-31T11:49:53.5016168-06:00"
}
2024/12/31 17:49:53 Received log message from agent {
  "name": "EventLog",
  "status": "Running",
  "timestamp": "2024-12-31T11:49:53.5021194-06:00"
}
2024/12/31 17:49:54 Received log message from agent {
  "agent_id": "1234567890",
  "agent_name": "jarvis-agent-windows",
  "data": {
    "cpu": {
      "count": 8,
      "usage_percent": [
        7.6923076923076925,
        4.6875,
        4.615384615384616,
        17.1875,
        1.5384615384615385,
        12.307692307692308,
        3.076923076923077,
        78.46153846153847
      ]
    },
    "memory": {
      "free": 3726090240,
      "total": 16996769792,
      "usage_percent": 78,
      "used": 13270679552
    }
  },
  "level": "info",
  "message": "System metrics collected",
  "source": "system_monitor",
  "timestamp": "2024-12-31T11:49:53.5016168-06:00",
  "type": "metrics"
}
2024/12/31 17:49:54 Received log message from agent {
  "cpu": {
    "count": 8,
    "usage_percent": [
      7.6923076923076925,
      4.6875,
      4.615384615384616,
      17.1875,
      1.5384615384615385,
      12.307692307692308,
      3.076923076923077,
      78.46153846153847
    ]
  },
  "memory": {
    "free": 3726090240,
    "total": 16996769792,
    "usage_percent": 78,
    "used": 13270679552
  },
  "network": {
    "bytes_recv": 17747368627,
    "bytes_sent": 2340244092,
    "packets_recv": 16683121,
    "packets_sent": 7870088
  },
  "temperature": [
    {
      "sensor_key": "ACPI\\ThermalZone\\TZ00_0",
      "temperature": 27.85
    },
    {
      "sensor_key": "ACPI\\ThermalZone\\TZ01_0",
      "temperature": 29.85
    }
  ],
  "timestamp": "2024-12-31T11:49:53.5016168-06:00"
}
2024/12/31 17:49:57 Received log message from agent {
  "name": "EventLog",
  "status": "Running",
  "timestamp": "2024-12-31T11:49:57.5021711-06:00"
}
2024/12/31 17:49:57 Received log message from agent {
  "name": "wuauserv",
  "status": "Stopped",
  "timestamp": "2024-12-31T11:49:57.501667-06:00"
}
2024/12/31 17:49:58 Received log message from agent {
  "agent_id": "1234567890",
  "agent_name": "jarvis-agent-windows",
  "data": {
    "cpu": {
      "count": 8,
      "usage_percent": [
        75.38461538461539,
        0,
        7.8125,
        3.076923076923077,
        4.615384615384616,
        40.625,
        0,
        7.6923076923076925
      ]
    },
    "memory": {
      "free": 4973445120,
      "total": 16996769792,
      "usage_percent": 70,
      "used": 12023324672
    }
  },
  "level": "info",
  "message": "System metrics collected",
  "source": "system_monitor",
  "timestamp": "2024-12-31T11:49:57.501583-06:00",
  "type": "metrics"
}
2024/12/31 17:49:58 Received log message from agent {
  "cpu": {
    "count": 8,
    "usage_percent": [
      75.38461538461539,
      0,
      7.8125,
      3.076923076923077,
      4.615384615384616,
      40.625,
      0,
      7.6923076923076925
    ]
  },
  "memory": {
    "free": 4973445120,
    "total": 16996769792,
    "usage_percent": 70,
    "used": 12023324672
  },
  "network": {
    "bytes_recv": 17747385712,
    "bytes_sent": 2340244481,
    "packets_recv": 16683128,
    "packets_sent": 7870093
  },
  "temperature": [
    {
      "sensor_key": "ACPI\\ThermalZone\\TZ00_0",
      "temperature": 27.85
    },
    {
      "sensor_key": "ACPI\\ThermalZone\\TZ01_0",
      "temperature": 29.85
    }
  ],
  "timestamp": "2024-12-31T11:49:57.501583-06:00"
}
2024/12/31 17:50:01 Received log message from agent {
  "name": "EventLog",
  "status": "Running",
  "timestamp": "2024-12-31T11:50:01.5015472-06:00"
}
2024/12/31 17:50:01 Received log message from agent {
  "name": "wuauserv",
  "status": "Stopped",
  "timestamp": "2024-12-31T11:50:01.5015472-06:00"
}
2024/12/31 17:50:02 Received log message from agent {
  "agent_id": "1234567890",
  "agent_name": "jarvis-agent-windows",
  "data": {
    "cpu": {
      "count": 8,
      "usage_percent": [
        6.0606060606060606,
        80,
        4.615384615384616,
        7.6923076923076925,
        6.0606060606060606,
        29.230769230769234,
        9.230769230769232,
        3.125
      ]
    },
    "memory": {
      "free": 4860747776,
      "total": 16996769792,
      "usage_percent": 71,
      "used": 12136022016
    }
  },
  "level": "info",
  "message": "System metrics collected",
  "source": "system_monitor",
  "timestamp": "2024-12-31T11:50:01.5015472-06:00",
  "type": "metrics"
}
2024/12/31 17:50:02 Received log message from agent {
  "cpu": {
    "count": 8,
    "usage_percent": [
      6.0606060606060606,
      80,
      4.615384615384616,
      7.6923076923076925,
      6.0606060606060606,
      29.230769230769234,
      9.230769230769232,
      3.125
    ]
  },
  "memory": {
    "free": 4860747776,
    "total": 16996769792,
    "usage_percent": 71,
    "used": 12136022016
  },
  "network": {
    "bytes_recv": 17747392338,
    "bytes_sent": 2340245841,
    "packets_recv": 16683137,
    "packets_sent": 7870100
  },
  "temperature": [
    {
      "sensor_key": "ACPI\\ThermalZone\\TZ00_0",
      "temperature": 27.85
    },
    {
      "sensor_key": "ACPI\\ThermalZone\\TZ01_0",
      "temperature": 29.85
    }
  ],
  "timestamp": "2024-12-31T11:50:01.5015472-06:00"
}
2024/12/31 17:50:05 Received log message from agent {
  "name": "EventLog",
  "status": "Running",
  "timestamp": "2024-12-31T11:50:05.5020494-06:00"
}
2024/12/31 17:50:05 Received log message from agent {
  "name": "wuauserv",
  "status": "Stopped",
  "timestamp": "2024-12-31T11:50:05.5015302-06:00"
}
2024/12/31 17:50:06 Received log message from agent {
  "agent_id": "1234567890",
  "agent_name": "jarvis-agent-windows",
  "data": {
    "cpu": {
      "count": 8,
      "usage_percent": [
        46.15384615384615,
        6.153846153846154,
        36.92307692307693,
        0,
        1.5625,
        34.375,
        3.076923076923077,
        1.5384615384615385
      ]
    },
    "memory": {
      "free": 4762030080,
      "total": 16996769792,
      "usage_percent": 71,
      "used": 12234739712
    }
  },
  "level": "info",
  "message": "System metrics collected",
  "source": "system_monitor",
  "timestamp": "2024-12-31T11:50:05.5015302-06:00",
  "type": "metrics"
}
2024/12/31 17:50:06 Received log message from agent {
  "cpu": {
    "count": 8,
    "usage_percent": [
      46.15384615384615,
      6.153846153846154,
      36.92307692307693,
      0,
      1.5625,
      34.375,
      3.076923076923077,
      1.5384615384615385
    ]
  },
  "memory": {
    "free": 4762030080,
    "total": 16996769792,
    "usage_percent": 71,
    "used": 12234739712
  },
  "network": {
    "bytes_recv": 17747401393,
    "bytes_sent": 2340249980,
    "packets_recv": 16683151,
    "packets_sent": 7870111
  },
  "temperature": [
    {
      "sensor_key": "ACPI\\ThermalZone\\TZ00_0",
      "temperature": 27.85
    },
    {
      "sensor_key": "ACPI\\ThermalZone\\TZ01_0",
      "temperature": 29.85
    }
  ],
  "timestamp": "2024-12-31T11:50:05.5015302-06:00"
}
2024/12/31 17:50:07 Received log message from agent {
  "response_time": 160596300,
  "status": "Up",
  "status_code": 200,
  "timestamp": "2024-12-31T11:50:07.6621922-06:00",
  "url": "https://www.google.com"
}
2024/12/31 17:50:07 Received log message from agent {
  "response_time": 394300100,
  "status": "Up",
  "status_code": 200,
  "timestamp": "2024-12-31T11:50:07.895896-06:00",
  "url": "https://www.github.com"
}
2024/12/31 17:50:09 Received log message from agent {
  "name": "wuauserv",
  "status": "Stopped",
  "timestamp": "2024-12-31T11:50:09.5015499-06:00"
}
2024/12/31 17:50:09 Received log message from agent {
  "name": "EventLog",
  "status": "Running",
  "timestamp": "2024-12-31T11:50:09.5021297-06:00"
}
2024/12/31 17:50:10 Received log message from agent {
  "agent_id": "1234567890",
  "agent_name": "jarvis-agent-windows",
  "data": {
    "cpu": {
      "count": 8,
      "usage_percent": [
        20,
        0,
        65.625,
        0,
        6.25,
        35.9375,
        0,
        4.6875
      ]
    },
    "memory": {
      "free": 4645085184,
      "total": 16996769792,
      "usage_percent": 72,
      "used": 12351684608
    }
  },
  "level": "info",
  "message": "System metrics collected",
  "source": "system_monitor",
  "timestamp": "2024-12-31T11:50:09.5015499-06:00",
  "type": "metrics"
}
2024/12/31 17:50:10 Received log message from agent {
  "cpu": {
    "count": 8,
    "usage_percent": [
      20,
      0,
      65.625,
      0,
      6.25,
      35.9375,
      0,
      4.6875
    ]
  },
  "memory": {
    "free": 4645085184,
    "total": 16996769792,
    "usage_percent": 72,
    "used": 12351684608
  },
  "network": {
    "bytes_recv": 17747467751,
    "bytes_sent": 2340257743,
    "packets_recv": 16683217,
    "packets_sent": 7870154
  },
  "temperature": [
    {
      "sensor_key": "ACPI\\ThermalZone\\TZ00_0",
      "temperature": 27.85
    },
    {
      "sensor_key": "ACPI\\ThermalZone\\TZ01_0",
      "temperature": 29.85
    }
  ],
  "timestamp": "2024-12-31T11:50:09.5015499-06:00"
}
2024/12/31 17:50:13 Received log message from agent {
  "name": "EventLog",
  "status": "Running",
  "timestamp": "2024-12-31T11:50:13.503109-06:00"
}
2024/12/31 17:50:13 Received log message from agent {
  "name": "wuauserv",
  "status": "Stopped",
  "timestamp": "2024-12-31T11:50:13.5018997-06:00"
}
2024/12/31 17:50:14 Received log message from agent {
  "agent_id": "1234567890",
  "agent_name": "jarvis-agent-windows",
  "data": {
    "cpu": {
      "count": 8,
      "usage_percent": [
        3.1746031746031744,
        66.15384615384615,
        3.125,
        20.3125,
        4.6875,
        29.6875,
        9.375,
        0
      ]
    },
    "memory": {
      "free": 4560703488,
      "total": 16996769792,
      "usage_percent": 73,
      "used": 12436066304
    }
  },
  "level": "info",
  "message": "System metrics collected",
  "source": "system_monitor",
  "timestamp": "2024-12-31T11:50:13.5018997-06:00",
  "type": "metrics"
}
2024/12/31 17:50:14 Received log message from agent {
  "cpu": {
    "count": 8,
    "usage_percent": [
      3.1746031746031744,
      66.15384615384615,
      3.125,
      20.3125,
      4.6875,
      29.6875,
      9.375,
      0
    ]
  },
  "memory": {
    "free": 4560703488,
    "total": 16996769792,
    "usage_percent": 73,
    "used": 12436066304
  },
  "network": {
    "bytes_recv": 17747468458,
    "bytes_sent": 2340260269,
    "packets_recv": 16683219,
    "packets_sent": 7870156
  },
  "temperature": [
    {
      "sensor_key": "ACPI\\ThermalZone\\TZ00_0",
      "temperature": 27.85
    },
    {
      "sensor_key": "ACPI\\ThermalZone\\TZ01_0",
      "temperature": 29.85
    }
  ],
  "timestamp": "2024-12-31T11:50:13.5018997-06:00"
}
2024/12/31 17:50:17 Received log message from agent {
  "name": "EventLog",
  "status": "Running",
  "timestamp": "2024-12-31T11:50:17.5022789-06:00"
}
2024/12/31 17:50:17 Received log message from agent {
  "name": "wuauserv",
  "status": "Stopped",
  "timestamp": "2024-12-31T11:50:17.5017537-06:00"
}
2024/12/31 17:50:18 Received log message from agent {
  "agent_id": "1234567890",
  "agent_name": "jarvis-agent-windows",
  "data": {
    "cpu": {
      "count": 8,
      "usage_percent": [
        6.349206349206349,
        7.8125,
        4.6875,
        0,
        1.5384615384615385,
        11.11111111111111,
        10.9375,
        84.375
      ]
    },
    "memory": {
      "free": 4452421632,
      "total": 16996769792,
      "usage_percent": 73,
      "used": 12544348160
    }
  },
  "level": "info",
  "message": "System metrics collected",
  "source": "system_monitor",
  "timestamp": "2024-12-31T11:50:17.5017537-06:00",
  "type": "metrics"
}
2024/12/31 17:50:18 Received log message from agent {
  "cpu": {
    "count": 8,
    "usage_percent": [
      6.349206349206349,
      7.8125,
      4.6875,
      0,
      1.5384615384615385,
      11.11111111111111,
      10.9375,
      84.375
    ]
  },
  "memory": {
    "free": 4452421632,
    "total": 16996769792,
    "usage_percent": 73,
    "used": 12544348160
  },
  "network": {
    "bytes_recv": 17747469380,
    "bytes_sent": 2340260895,
    "packets_recv": 16683227,
    "packets_sent": 7870164
  },
  "temperature": [
    {
      "sensor_key": "ACPI\\ThermalZone\\TZ00_0",
      "temperature": 27.85
    },
    {
      "sensor_key": "ACPI\\ThermalZone\\TZ01_0",
      "temperature": 29.85
    }
  ],
  "timestamp": "2024-12-31T11:50:17.5017537-06:00"
}
2024/12/31 17:52:44 Jarvis API Test Server starting on port 8080...
2024/12/31 17:53:05 Received log message from agent {
  "name": "wuauserv",
  "status": "Stopped",
  "timestamp": "2024-12-31T11:53:05.0584506-06:00"
}
2024/12/31 17:53:05 Received log message from agent {
  "name": "EventLog",
  "status": "Running",
  "timestamp": "2024-12-31T11:53:05.0591302-06:00"
}
2024/12/31 17:53:06 Received log message from agent {
  "agent_id": "1234567890",
  "agent_name": "jarvis-agent-windows",
  "data": {
    "cpu": {
      "count": 8,
      "usage_percent": [
        18.75,
        9.375,
        0,
        10.9375,
        0,
        0,
        42.1875,
        1.5625
      ]
    },
    "memory": {
      "free": 4548481024,
      "total": 16996769792,
      "usage_percent": 73,
      "used": 12448288768
    }
  },
  "level": "info",
  "message": "System metrics collected",
  "source": "system_monitor",
  "timestamp": "2024-12-31T11:53:05.0571651-06:00",
  "type": "metrics"
}
2024/12/31 17:53:06 Received log message from agent {
  "cpu": {
    "count": 8,
    "usage_percent": [
      18.75,
      9.375,
      0,
      10.9375,
      0,
      0,
      42.1875,
      1.5625
    ]
  },
  "memory": {
    "free": 4548481024,
    "total": 16996769792,
    "usage_percent": 73,
    "used": 12448288768
  },
  "network": {
    "bytes_recv": 17748175383,
    "bytes_sent": 2341727034,
    "packets_recv": 16685196,
    "packets_sent": 7871675
  },
  "temperature": [
    {
      "sensor_key": "ACPI\\ThermalZone\\TZ00_0",
      "temperature": 27.85
    },
    {
      "sensor_key": "ACPI\\ThermalZone\\TZ01_0",
      "temperature": 29.85
    }
  ],
  "timestamp": "2024-12-31T11:53:05.0571651-06:00"
}
2024/12/31 17:53:09 Received log message from agent {
  "name": "EventLog",
  "status": "Running",
  "timestamp": "2024-12-31T11:53:09.0591534-06:00"
}
2024/12/31 17:53:09 Received log message from agent {
  "name": "wuauserv",
  "status": "Stopped",
  "timestamp": "2024-12-31T11:53:09.0580803-06:00"
}
2024/12/31 17:53:10 Received log message from agent {
  "agent_id": "1234567890",
  "agent_name": "jarvis-agent-windows",
  "data": {
    "cpu": {
      "count": 8,
      "usage_percent": [
        6.25,
        4.6875,
        57.8125,
        4.6875,
        4.6875,
        7.8125,
        4.6875,
        7.8125
      ]
    },
    "memory": {
      "free": 4520693760,
      "total": 16996769792,
      "usage_percent": 73,
      "used": 12476076032
    }
  },
  "level": "info",
  "message": "System metrics collected",
  "source": "system_monitor",
  "timestamp": "2024-12-31T11:53:09.0573027-06:00",
  "type": "metrics"
}
2024/12/31 17:53:10 Received log message from agent {
  "cpu": {
    "count": 8,
    "usage_percent": [
      6.25,
      4.6875,
      57.8125,
      4.6875,
      4.6875,
      7.8125,
      4.6875,
      7.8125
    ]
  },
  "memory": {
    "free": 4520693760,
    "total": 16996769792,
    "usage_percent": 73,
    "used": 12476076032
  },
  "network": {
    "bytes_recv": 17748186135,
    "bytes_sent": 2341731403,
    "packets_recv": 16685213,
    "packets_sent": 7871690
  },
  "temperature": [
    {
      "sensor_key": "ACPI\\ThermalZone\\TZ00_0",
      "temperature": 27.85
    },
    {
      "sensor_key": "ACPI\\ThermalZone\\TZ01_0",
      "temperature": 29.85
    }
  ],
  "timestamp": "2024-12-31T11:53:09.0573027-06:00"
}
2024/12/31 17:53:13 Received log message from agent {
  "name": "EventLog",
  "status": "Running",
  "timestamp": "2024-12-31T11:53:13.0591143-06:00"
}
2024/12/31 17:53:13 Received log message from agent {
  "name": "wuauserv",
  "status": "Stopped",
  "timestamp": "2024-12-31T11:53:13.0581947-06:00"
}
2024/12/31 17:53:14 Received log message from agent {
  "agent_id": "1234567890",
  "agent_name": "jarvis-agent-windows",
  "data": {
    "cpu": {
      "count": 8,
      "usage_percent": [
        10.9375,
        1.5625,
        0,
        4.6875,
        3.125,
        0,
        29.6875,
        26.5625
      ]
    },
    "memory": {
      "free": 4545699840,
      "total": 16996769792,
      "usage_percent": 73,
      "used": 12451069952
    }
  },
  "level": "info",
  "message": "System metrics collected",
  "source": "system_monitor",
  "timestamp": "2024-12-31T11:53:13.0572573-06:00",
  "type": "metrics"
}
2024/12/31 17:53:14 Received log message from agent {
  "cpu": {
    "count": 8,
    "usage_percent": [
      10.9375,
      1.5625,
      0,
      4.6875,
      3.125,
      0,
      29.6875,
      26.5625
    ]
  },
  "memory": {
    "free": 4545699840,
    "total": 16996769792,
    "usage_percent": 73,
    "used": 12451069952
  },
  "network": {
    "bytes_recv": 17748202063,
    "bytes_sent": 2341740940,
    "packets_recv": 16685245,
    "packets_sent": 7871712
  },
  "temperature": [
    {
      "sensor_key": "ACPI\\ThermalZone\\TZ00_0",
      "temperature": 27.85
    },
    {
      "sensor_key": "ACPI\\ThermalZone\\TZ01_0",
      "temperature": 29.85
    }
  ],
  "timestamp": "2024-12-31T11:53:13.0572573-06:00"
}
2024/12/31 17:53:17 Received log message from agent {
  "name": "wuauserv",
  "status": "Stopped",
  "timestamp": "2024-12-31T11:53:17.0583209-06:00"
}
2024/12/31 17:53:17 Received log message from agent {
  "name": "EventLog",
  "status": "Running",
  "timestamp": "2024-12-31T11:53:17.0593786-06:00"
}
2024/12/31 17:53:18 Received log message from agent {
  "agent_id": "1234567890",
  "agent_name": "jarvis-agent-windows",
  "data": {
    "cpu": {
      "count": 8,
      "usage_percent": [
        10.9375,
        4.6875,
        0,
        42.1875,
        0,
        29.6875,
        0,
        3.125
      ]
    },
    "memory": {
      "free": 4552089600,
      "total": 16996769792,
      "usage_percent": 73,
      "used": 12444680192
    }
  },
  "level": "info",
  "message": "System metrics collected",
  "source": "system_monitor",
  "timestamp": "2024-12-31T11:53:17.0571187-06:00",
  "type": "metrics"
}
2024/12/31 17:53:18 Received log message from agent {
  "cpu": {
    "count": 8,
    "usage_percent": [
      10.9375,
      4.6875,
      0,
      42.1875,
      0,
      29.6875,
      0,
      3.125
    ]
  },
  "memory": {
    "free": 4552089600,
    "total": 16996769792,
    "usage_percent": 73,
    "used": 12444680192
  },
  "network": {
    "bytes_recv": 17748208035,
    "bytes_sent": 2341741438,
    "packets_recv": 16685250,
    "packets_sent": 7871718
  },
  "temperature": [
    {
      "sensor_key": "ACPI\\ThermalZone\\TZ00_0",
      "temperature": 27.85
    },
    {
      "sensor_key": "ACPI\\ThermalZone\\TZ01_0",
      "temperature": 29.85
    }
  ],
  "timestamp": "2024-12-31T11:53:17.0571187-06:00"
}
2024/12/31 17:53:21 Received log message from agent {
  "name": "wuauserv",
  "status": "Stopped",
  "timestamp": "2024-12-31T11:53:21.0580434-06:00"
}
2024/12/31 17:53:21 Received log message from agent {
  "name": "EventLog",
  "status": "Running",
  "timestamp": "2024-12-31T11:53:21.0580434-06:00"
}
2024/12/31 17:53:22 Received log message from agent {
  "agent_id": "1234567890",
  "agent_name": "jarvis-agent-windows",
  "data": {
    "cpu": {
      "count": 8,
      "usage_percent": [
        32.8125,
        1.5625,
        9.375,
        0,
        9.375,
        0,
        0,
        29.6875
      ]
    },
    "memory": {
      "free": 4515946496,
      "total": 16996769792,
      "usage_percent": 73,
      "used": 12480823296
    }
  },
  "level": "info",
  "message": "System metrics collected",
  "source": "system_monitor",
  "timestamp": "2024-12-31T11:53:21.057382-06:00",
  "type": "metrics"
}
2024/12/31 17:53:22 Received log message from agent {
  "cpu": {
    "count": 8,
    "usage_percent": [
      32.8125,
      1.5625,
      9.375,
      0,
      9.375,
      0,
      0,
      29.6875
    ]
  },
  "memory": {
    "free": 4515946496,
    "total": 16996769792,
    "usage_percent": 73,
    "used": 12480823296
  },
  "network": {
    "bytes_recv": 17748213689,
    "bytes_sent": 2341741679,
    "packets_recv": 16685254,
    "packets_sent": 7871721
  },
  "temperature": [
    {
      "sensor_key": "ACPI\\ThermalZone\\TZ00_0",
      "temperature": 27.85
    },
    {
      "sensor_key": "ACPI\\ThermalZone\\TZ01_0",
      "temperature": 29.85
    }
  ],
  "timestamp": "2024-12-31T11:53:21.057382-06:00"
}
2024/12/31 17:53:25 Received log message from agent {
  "name": "wuauserv",
  "status": "Stopped",
  "timestamp": "2024-12-31T11:53:25.0580178-06:00"
}
2024/12/31 17:53:25 Received log message from agent {
  "name": "EventLog",
  "status": "Running",
  "timestamp": "2024-12-31T11:53:25.058249-06:00"
}
2024/12/31 17:53:26 Received log message from agent {
  "agent_id": "1234567890",
  "agent_name": "jarvis-agent-windows",
  "data": {
    "cpu": {
      "count": 8,
      "usage_percent": [
        40.625,
        28.125,
        7.8125,
        0,
        0,
        1.5625,
        0,
        10.9375
      ]
    },
    "memory": {
      "free": 4541280256,
      "total": 16996769792,
      "usage_percent": 73,
      "used": 12455489536
    }
  },
  "level": "info",
  "message": "System metrics collected",
  "source": "system_monitor",
  "timestamp": "2024-12-31T11:53:25.0574128-06:00",
  "type": "metrics"
}
2024/12/31 17:53:26 Received log message from agent {
  "cpu": {
    "count": 8,
    "usage_percent": [
      40.625,
      28.125,
      7.8125,
      0,
      0,
      1.5625,
      0,
      10.9375
    ]
  },
  "memory": {
    "free": 4541280256,
    "total": 16996769792,
    "usage_percent": 73,
    "used": 12455489536
  },
  "network": {
    "bytes_recv": 17748214793,
    "bytes_sent": 2341742126,
    "packets_recv": 16685262,
    "packets_sent": 7871728
  },
  "temperature": [
    {
      "sensor_key": "ACPI\\ThermalZone\\TZ00_0",
      "temperature": 27.85
    },
    {
      "sensor_key": "ACPI\\ThermalZone\\TZ01_0",
      "temperature": 29.85
    }
  ],
  "timestamp": "2024-12-31T11:53:25.0574128-06:00"
}
2024/12/31 17:53:29 Received log message from agent {
  "name": "EventLog",
  "status": "Running",
  "timestamp": "2024-12-31T11:53:29.0590088-06:00"
}
2024/12/31 17:53:29 Received log message from agent {
  "name": "wuauserv",
  "status": "Stopped",
  "timestamp": "2024-12-31T11:53:29.0584933-06:00"
}
2024/12/31 17:53:30 Received log message from agent {
  "agent_id": "1234567890",
  "agent_name": "jarvis-agent-windows",
  "data": {
    "cpu": {
      "count": 8,
      "usage_percent": [
        29.6875,
        35.9375,
        0,
        0,
        0,
        0,
        0,
        4.6875
      ]
    },
    "memory": {
      "free": 4549521408,
      "total": 16996769792,
      "usage_percent": 73,
      "used": 12447248384
    }
  },
  "level": "info",
  "message": "System metrics collected",
  "source": "system_monitor",
  "timestamp": "2024-12-31T11:53:29.0570357-06:00",
  "type": "metrics"
}
2024/12/31 17:53:30 Received log message from agent {
  "cpu": {
    "count": 8,
    "usage_percent": [
      29.6875,
      35.9375,
      0,
      0,
      0,
      0,
      0,
      4.6875
    ]
  },
  "memory": {
    "free": 4549521408,
    "total": 16996769792,
    "usage_percent": 73,
    "used": 12447248384
  },
  "network": {
    "bytes_recv": 17748216054,
    "bytes_sent": 2341742855,
    "packets_recv": 16685271,
    "packets_sent": 7871740
  },
  "temperature": [
    {
      "sensor_key": "ACPI\\ThermalZone\\TZ00_0",
      "temperature": 27.85
    },
    {
      "sensor_key": "ACPI\\ThermalZone\\TZ01_0",
      "temperature": 29.85
    }
  ],
  "timestamp": "2024-12-31T11:53:29.0570357-06:00"
}
2024/12/31 17:54:38 Received log message from agent {
  "agent_id": "1234567890",
  "agent_name": "jarvis-agent-windows",
  "data": {
    "event": {
      "channel": "Security",
      "computer": "dansDesktop",
      "event_data": {
        "Event": {
          "EventData": {
            "ClientProcessId": "14928",
            "CountOfCredentialsReturned": "1",
            "ProcessCreationTime": "2024-12-16T14:59:56.2501338Z",
            "ReadOperation": "%%8099",
            "ReturnCode": "0",
            "SubjectDomainName": "DANSDESKTOP",
            "SubjectLogonId": "0x4c0db",
            "SubjectUserName": "danfe",
            "SubjectUserSid": "S-1-5-21-1680856076-1700718083-3477311726-1001",
            "TargetName": "NordPass/PasswordGenerator",
            "Type": "1"
          },
          "System": {
            "Channel": "Security",
            "Computer": "dansDesktop",
            "Correlation": {},
            "EventID": "5379",
            "EventRecordID": "8313359",
            "Execution": {
              "ProcessID": "1128",
              "ThreadID": "72460"
            },
            "Keywords": "0x8020000000000000",
            "Level": "0",
            "Opcode": "0",
            "Provider": {
              "Guid": "{54849625-5478-4994-a5ba-3e3b0328c30d}",
              "Name": "Microsoft-Windows-Security-Auditing"
            },
            "Security": {
              "UserID": ""
            },
            "Task": "13824",
            "TimeCreated": {
              "SystemTime": "2024-12-31T17:54:37.8910430Z"
            },
            "Version": "0"
          }
        }
      },
      "level": "0",
      "message": ""
    }
  },
  "level": "Unknown",
  "message": "dansDesktop",
  "source": "windows_logs",
  "timestamp": "2024-12-31T11:54:38.9012257-06:00",
  "type": "event"
}
2024/12/31 17:54:38 Received log message from agent {
  "agent_id": "1234567890",
  "agent_name": "jarvis-agent-windows",
  "data": {
    "event": {
      "channel": "Security",
      "computer": "dansDesktop",
      "event_data": {
        "Event": {
          "EventData": {
            "ClientProcessId": "14928",
            "CountOfCredentialsReturned": "1",
            "ProcessCreationTime": "2024-12-16T14:59:56.2501338Z",
            "ReadOperation": "%%8099",
            "ReturnCode": "0",
            "SubjectDomainName": "DANSDESKTOP",
            "SubjectLogonId": "0x4c0db",
            "SubjectUserName": "danfe",
            "SubjectUserSid": "S-1-5-21-1680856076-1700718083-3477311726-1001",
            "TargetName": "NordPass/RecoveryCodeInfo",
            "Type": "1"
          },
          "System": {
            "Channel": "Security",
            "Computer": "dansDesktop",
            "Correlation": {},
            "EventID": "5379",
            "EventRecordID": "8313360",
            "Execution": {
              "ProcessID": "1128",
              "ThreadID": "70732"
            },
            "Keywords": "0x8020000000000000",
            "Level": "0",
            "Opcode": "0",
            "Provider": {
              "Guid": "{54849625-5478-4994-a5ba-3e3b0328c30d}",
              "Name": "Microsoft-Windows-Security-Auditing"
            },
            "Security": {
              "UserID": ""
            },
            "Task": "13824",
            "TimeCreated": {
              "SystemTime": "2024-12-31T17:54:37.8911276Z"
            },
            "Version": "0"
          }
        }
      },
      "level": "0",
      "message": ""
    }
  },
  "level": "Unknown",
  "message": "dansDesktop",
  "source": "windows_logs",
  "timestamp": "2024-12-31T11:54:38.9035636-06:00",
  "type": "event"
}
2024/12/31 17:54:38 Received log message from agent {
  "agent_id": "1234567890",
  "agent_name": "jarvis-agent-windows",
  "data": {
    "event": {
      "channel": "Security",
      "computer": "dansDesktop",
      "event_data": {
        "Event": {
          "EventData": {
            "ClientProcessId": "14928",
            "CountOfCredentialsReturned": "1",
            "ProcessCreationTime": "2024-12-16T14:59:56.2501338Z",
            "ReadOperation": "%%8099",
            "ReturnCode": "0",
            "SubjectDomainName": "DANSDESKTOP",
            "SubjectLogonId": "0x4c0db",
            "SubjectUserName": "danfe",
            "SubjectUserSid": "S-1-5-21-1680856076-1700718083-3477311726-1001",
            "TargetName": "NordPass/Upsell",
            "Type": "1"
          },
          "System": {
            "Channel": "Security",
            "Computer": "dansDesktop",
            "Correlation": {},
            "EventID": "5379",
            "EventRecordID": "8313361",
            "Execution": {
              "ProcessID": "1128",
              "ThreadID": "69652"
            },
            "Keywords": "0x8020000000000000",
            "Level": "0",
            "Opcode": "0",
            "Provider": {
              "Guid": "{54849625-5478-4994-a5ba-3e3b0328c30d}",
              "Name": "Microsoft-Windows-Security-Auditing"
            },
            "Security": {
              "UserID": ""
            },
            "Task": "13824",
            "TimeCreated": {
              "SystemTime": "2024-12-31T17:54:37.8913202Z"
            },
            "Version": "0"
          }
        }
      },
      "level": "0",
      "message": ""
    }
  },
  "level": "Unknown",
  "message": "dansDesktop",
  "source": "windows_logs",
  "timestamp": "2024-12-31T11:54:38.9048251-06:00",
  "type": "event"
}
2024/12/31 17:54:38 Received log message from agent {
  "agent_id": "1234567890",
  "agent_name": "jarvis-agent-windows",
  "data": {
    "event": {
      "channel": "Security",
      "computer": "dansDesktop",
      "event_data": {
        "Event": {
          "EventData": {
            "ClientProcessId": "14928",
            "CountOfCredentialsReturned": "1",
            "ProcessCreationTime": "2024-12-16T14:59:56.2501338Z",
            "ReadOperation": "%%8099",
            "ReturnCode": "0",
            "SubjectDomainName": "DANSDESKTOP",
            "SubjectLogonId": "0x4c0db",
            "SubjectUserName": "danfe",
            "SubjectUserSid": "S-1-5-21-1680856076-1700718083-3477311726-1001",
            "TargetName": "NordPass/IsCrashReportingEnabled",
            "Type": "1"
          },
          "System": {
            "Channel": "Security",
            "Computer": "dansDesktop",
            "Correlation": {},
            "EventID": "5379",
            "EventRecordID": "8313362",
            "Execution": {
              "ProcessID": "1128",
              "ThreadID": "70756"
            },
            "Keywords": "0x8020000000000000",
            "Level": "0",
            "Opcode": "0",
            "Provider": {
              "Guid": "{54849625-5478-4994-a5ba-3e3b0328c30d}",
              "Name": "Microsoft-Windows-Security-Auditing"
            },
            "Security": {
              "UserID": ""
            },
            "Task": "13824",
            "TimeCreated": {
              "SystemTime": "2024-12-31T17:54:37.8914242Z"
            },
            "Version": "0"
          }
        }
      },
      "level": "0",
      "message": ""
    }
  },
  "level": "Unknown",
  "message": "dansDesktop",
  "source": "windows_logs",
  "timestamp": "2024-12-31T11:54:38.9059414-06:00",
  "type": "event"
}
2024/12/31 17:54:38 Received log message from agent {
  "agent_id": "1234567890",
  "agent_name": "jarvis-agent-windows",
  "data": {
    "event": {
      "channel": "Security",
      "computer": "dansDesktop",
      "event_data": {
        "Event": {
          "EventData": {
            "ClientProcessId": "14928",
            "CountOfCredentialsReturned": "1",
            "ProcessCreationTime": "2024-12-16T14:59:56.2501338Z",
            "ReadOperation": "%%8099",
            "ReturnCode": "0",
            "SubjectDomainName": "DANSDESKTOP",
            "SubjectLogonId": "0x4c0db",
            "SubjectUserName": "danfe",
            "SubjectUserSid": "S-1-5-21-1680856076-1700718083-3477311726-1001",
            "TargetName": "NordPass/VaultState",
            "Type": "1"
          },
          "System": {
            "Channel": "Security",
            "Computer": "dansDesktop",
            "Correlation": {},
            "EventID": "5379",
            "EventRecordID": "8313363",
            "Execution": {
              "ProcessID": "1128",
              "ThreadID": "70732"
            },
            "Keywords": "0x8020000000000000",
            "Level": "0",
            "Opcode": "0",
            "Provider": {
              "Guid": "{54849625-5478-4994-a5ba-3e3b0328c30d}",
              "Name": "Microsoft-Windows-Security-Auditing"
            },
            "Security": {
              "UserID": ""
            },
            "Task": "13824",
            "TimeCreated": {
              "SystemTime": "2024-12-31T17:54:37.8915563Z"
            },
            "Version": "0"
          }
        }
      },
      "level": "0",
      "message": ""
    }
  },
  "level": "Unknown",
  "message": "dansDesktop",
  "source": "windows_logs",
  "timestamp": "2024-12-31T11:54:38.9070206-06:00",
  "type": "event"
}
2024/12/31 17:54:38 Received log message from agent {
  "agent_id": "1234567890",
  "agent_name": "jarvis-agent-windows",
  "data": {
    "event": {
      "channel": "Security",
      "computer": "dansDesktop",
      "event_data": {
        "Event": {
          "EventData": {
            "ClientProcessId": "14928",
            "CountOfCredentialsReturned": "1",
            "ProcessCreationTime": "2024-12-16T14:59:56.2501338Z",
            "ReadOperation": "%%8099",
            "ReturnCode": "0",
            "SubjectDomainName": "DANSDESKTOP",
            "SubjectLogonId": "0x4c0db",
            "SubjectUserName": "danfe",
            "SubjectUserSid": "S-1-5-21-1680856076-1700718083-3477311726-1001",
            "TargetName": "NordPass/WebInstallerTrackingEvents",
            "Type": "1"
          },
          "System": {
            "Channel": "Security",
            "Computer": "dansDesktop",
            "Correlation": {},
            "EventID": "5379",
            "EventRecordID": "8313364",
            "Execution": {
              "ProcessID": "1128",
              "ThreadID": "72460"
            },
            "Keywords": "0x8020000000000000",
            "Level": "0",
            "Opcode": "0",
            "Provider": {
              "Guid": "{54849625-5478-4994-a5ba-3e3b0328c30d}",
              "Name": "Microsoft-Windows-Security-Auditing"
            },
            "Security": {
              "UserID": ""
            },
            "Task": "13824",
            "TimeCreated": {
              "SystemTime": "2024-12-31T17:54:37.8917276Z"
            },
            "Version": "0"
          }
        }
      },
      "level": "0",
      "message": ""
    }
  },
  "level": "Unknown",
  "message": "dansDesktop",
  "source": "windows_logs",
  "timestamp": "2024-12-31T11:54:38.9080915-06:00",
  "type": "event"
}
2024/12/31 17:54:38 Received log message from agent {
  "agent_id": "1234567890",
  "agent_name": "jarvis-agent-windows",
  "data": {
    "event": {
      "channel": "Security",
      "computer": "dansDesktop",
      "event_data": {
        "Event": {
          "EventData": {
            "ClientProcessId": "14928",
            "CountOfCredentialsReturned": "1",
            "ProcessCreationTime": "2024-12-16T14:59:56.2501338Z",
            "ReadOperation": "%%8099",
            "ReturnCode": "0",
            "SubjectDomainName": "DANSDESKTOP",
            "SubjectLogonId": "0x4c0db",
            "SubjectUserName": "danfe",
            "SubjectUserSid": "S-1-5-21-1680856076-1700718083-3477311726-1001",
            "TargetName": "NordPass/HasNeverLoggedIn",
            "Type": "1"
          },
          "System": {
            "Channel": "Security",
            "Computer": "dansDesktop",
            "Correlation": {},
            "EventID": "5379",
            "EventRecordID": "8313365",
            "Execution": {
              "ProcessID": "1128",
              "ThreadID": "70756"
            },
            "Keywords": "0x8020000000000000",
            "Level": "0",
            "Opcode": "0",
            "Provider": {
              "Guid": "{54849625-5478-4994-a5ba-3e3b0328c30d}",
              "Name": "Microsoft-Windows-Security-Auditing"
            },
            "Security": {
              "UserID": ""
            },
            "Task": "13824",
            "TimeCreated": {
              "SystemTime": "2024-12-31T17:54:37.8917842Z"
            },
            "Version": "0"
          }
        }
      },
      "level": "0",
      "message": ""
    }
  },
  "level": "Unknown",
  "message": "dansDesktop",
  "source": "windows_logs",
  "timestamp": "2024-12-31T11:54:38.9092208-06:00",
  "type": "event"
}
2024/12/31 17:54:38 Received log message from agent {
  "agent_id": "1234567890",
  "agent_name": "jarvis-agent-windows",
  "data": {
    "event": {
      "channel": "Security",
      "computer": "dansDesktop",
      "event_data": {
        "Event": {
          "EventData": {
            "ClientProcessId": "14928",
            "CountOfCredentialsReturned": "1",
            "ProcessCreationTime": "2024-12-16T14:59:56.2501338Z",
            "ReadOperation": "%%8099",
            "ReturnCode": "0",
            "SubjectDomainName": "DANSDESKTOP",
            "SubjectLogonId": "0x4c0db",
            "SubjectUserName": "danfe",
            "SubjectUserSid": "S-1-5-21-1680856076-1700718083-3477311726-1001",
            "TargetName": "NordPass/IsFirstStart",
            "Type": "1"
          },
          "System": {
            "Channel": "Security",
            "Computer": "dansDesktop",
            "Correlation": {},
            "EventID": "5379",
            "EventRecordID": "8313366",
            "Execution": {
              "ProcessID": "1128",
              "ThreadID": "70732"
            },
            "Keywords": "0x8020000000000000",
            "Level": "0",
            "Opcode": "0",
            "Provider": {
              "Guid": "{54849625-5478-4994-a5ba-3e3b0328c30d}",
              "Name": "Microsoft-Windows-Security-Auditing"
            },
            "Security": {
              "UserID": ""
            },
            "Task": "13824",
            "TimeCreated": {
              "SystemTime": "2024-12-31T17:54:37.8918526Z"
            },
            "Version": "0"
          }
        }
      },
      "level": "0",
      "message": ""
    }
  },
  "level": "Unknown",
  "message": "dansDesktop",
  "source": "windows_logs",
  "timestamp": "2024-12-31T11:54:38.9103181-06:00",
  "type": "event"
}
2024/12/31 17:54:38 Received log message from agent {
  "agent_id": "1234567890",
  "agent_name": "jarvis-agent-windows",
  "data": {
    "event": {
      "channel": "Security",
      "computer": "dansDesktop",
      "event_data": {
        "Event": {
          "EventData": {
            "ClientProcessId": "14928",
            "CountOfCredentialsReturned": "1",
            "ProcessCreationTime": "2024-12-16T14:59:56.2501338Z",
            "ReadOperation": "%%8099",
            "ReturnCode": "0",
            "SubjectDomainName": "DANSDESKTOP",
            "SubjectLogonId": "0x4c0db",
            "SubjectUserName": "danfe",
            "SubjectUserSid": "S-1-5-21-1680856076-1700718083-3477311726-1001",
            "TargetName": "NordPass/SendActionsTimeRemaining",
            "Type": "1"
          },
          "System": {
            "Channel": "Security",
            "Computer": "dansDesktop",
            "Correlation": {},
            "EventID": "5379",
            "EventRecordID": "8313367",
            "Execution": {
              "ProcessID": "1128",
              "ThreadID": "69652"
            },
            "Keywords": "0x8020000000000000",
            "Level": "0",
            "Opcode": "0",
            "Provider": {
              "Guid": "{54849625-5478-4994-a5ba-3e3b0328c30d}",
              "Name": "Microsoft-Windows-Security-Auditing"
            },
            "Security": {
              "UserID": ""
            },
            "Task": "13824",
            "TimeCreated": {
              "SystemTime": "2024-12-31T17:54:37.8919800Z"
            },
            "Version": "0"
          }
        }
      },
      "level": "0",
      "message": ""
    }
  },
  "level": "Unknown",
  "message": "dansDesktop",
  "source": "windows_logs",
  "timestamp": "2024-12-31T11:54:38.9108282-06:00",
  "type": "event"
}
2024/12/31 17:54:38 Received log message from agent {
  "agent_id": "1234567890",
  "agent_name": "jarvis-agent-windows",
  "data": {
    "event": {
      "channel": "Security",
      "computer": "dansDesktop",
      "event_data": {
        "Event": {
          "EventData": {
            "ClientProcessId": "14928",
            "CountOfCredentialsReturned": "1",
            "ProcessCreationTime": "2024-12-16T14:59:56.2501338Z",
            "ReadOperation": "%%8099",
            "ReturnCode": "0",
            "SubjectDomainName": "DANSDESKTOP",
            "SubjectLogonId": "0x4c0db",
            "SubjectUserName": "danfe",
            "SubjectUserSid": "S-1-5-21-1680856076-1700718083-3477311726-1001",
            "TargetName": "NordPass/LastKnownEmail",
            "Type": "1"
          },
          "System": {
            "Channel": "Security",
            "Computer": "dansDesktop",
            "Correlation": {},
            "EventID": "5379",
            "EventRecordID": "8313368",
            "Execution": {
              "ProcessID": "1128",
              "ThreadID": "70732"
            },
            "Keywords": "0x8020000000000000",
            "Level": "0",
            "Opcode": "0",
            "Provider": {
              "Guid": "{54849625-5478-4994-a5ba-3e3b0328c30d}",
              "Name": "Microsoft-Windows-Security-Auditing"
            },
            "Security": {
              "UserID": ""
            },
            "Task": "13824",
            "TimeCreated": {
              "SystemTime": "2024-12-31T17:54:37.8922264Z"
            },
            "Version": "0"
          }
        }
      },
      "level": "0",
      "message": ""
    }
  },
  "level": "Unknown",
  "message": "dansDesktop",
  "source": "windows_logs",
  "timestamp": "2024-12-31T11:54:38.9118613-06:00",
  "type": "event"
}
2024/12/31 17:54:38 Received log message from agent {
  "agent_id": "1234567890",
  "agent_name": "jarvis-agent-windows",
  "data": {
    "event": {
      "channel": "Security",
      "computer": "dansDesktop",
      "event_data": {
        "Event": {
          "EventData": {
            "ClientProcessId": "14928",
            "CountOfCredentialsReturned": "1",
            "ProcessCreationTime": "2024-12-16T14:59:56.2501338Z",
            "ReadOperation": "%%8099",
            "ReturnCode": "0",
            "SubjectDomainName": "DANSDESKTOP",
            "SubjectLogonId": "0x4c0db",
            "SubjectUserName": "danfe",
            "SubjectUserSid": "S-1-5-21-1680856076-1700718083-3477311726-1001",
            "TargetName": "NordPass/SidebarState",
            "Type": "1"
          },
          "System": {
            "Channel": "Security",
            "Computer": "dansDesktop",
            "Correlation": {},
            "EventID": "5379",
            "EventRecordID": "8313369",
            "Execution": {
              "ProcessID": "1128",
              "ThreadID": "69652"
            },
            "Keywords": "0x8020000000000000",
            "Level": "0",
            "Opcode": "0",
            "Provider": {
              "Guid": "{54849625-5478-4994-a5ba-3e3b0328c30d}",
              "Name": "Microsoft-Windows-Security-Auditing"
            },
            "Security": {
              "UserID": ""
            },
            "Task": "13824",
            "TimeCreated": {
              "SystemTime": "2024-12-31T17:54:37.8923272Z"
            },
            "Version": "0"
          }
        }
      },
      "level": "0",
      "message": ""
    }
  },
  "level": "Unknown",
  "message": "dansDesktop",
  "source": "windows_logs",
  "timestamp": "2024-12-31T11:54:38.9134103-06:00",
  "type": "event"
}
2024/12/31 17:54:38 Received log message from agent {
  "agent_id": "1234567890",
  "agent_name": "jarvis-agent-windows",
  "data": {
    "event": {
      "channel": "Security",
      "computer": "dansDesktop",
      "event_data": {
        "Event": {
          "EventData": {
            "ClientProcessId": "14928",
            "CountOfCredentialsReturned": "1",
            "ProcessCreationTime": "2024-12-16T14:59:56.2501338Z",
            "ReadOperation": "%%8099",
            "ReturnCode": "0",
            "SubjectDomainName": "DANSDESKTOP",
            "SubjectLogonId": "0x4c0db",
            "SubjectUserName": "danfe",
            "SubjectUserSid": "S-1-5-21-1680856076-1700718083-3477311726-1001",
            "TargetName": "NordPass/IsAutoStartTrial",
            "Type": "1"
          },
          "System": {
            "Channel": "Security",
            "Computer": "dansDesktop",
            "Correlation": {},
            "EventID": "5379",
            "EventRecordID": "8313370",
            "Execution": {
              "ProcessID": "1128",
              "ThreadID": "70756"
            },
            "Keywords": "0x8020000000000000",
            "Level": "0",
            "Opcode": "0",
            "Provider": {
              "Guid": "{54849625-5478-4994-a5ba-3e3b0328c30d}",
              "Name": "Microsoft-Windows-Security-Auditing"
            },
            "Security": {
              "UserID": ""
            },
            "Task": "13824",
            "TimeCreated": {
              "SystemTime": "2024-12-31T17:54:37.8924902Z"
            },
            "Version": "0"
          }
        }
      },
      "level": "0",
      "message": ""
    }
  },
  "level": "Unknown",
  "message": "dansDesktop",
  "source": "windows_logs",
  "timestamp": "2024-12-31T11:54:38.9144484-06:00",
  "type": "event"
}
2024/12/31 17:54:38 Received log message from agent {
  "agent_id": "1234567890",
  "agent_name": "jarvis-agent-windows",
  "data": {
    "event": {
      "channel": "Security",
      "computer": "dansDesktop",
      "event_data": {
        "Event": {
          "EventData": {
            "ClientProcessId": "14928",
            "CountOfCredentialsReturned": "1",
            "ProcessCreationTime": "2024-12-16T14:59:56.2501338Z",
            "ReadOperation": "%%8099",
            "ReturnCode": "0",
            "SubjectDomainName": "DANSDESKTOP",
            "SubjectLogonId": "0x4c0db",
            "SubjectUserName": "danfe",
            "SubjectUserSid": "S-1-5-21-1680856076-1700718083-3477311726-1001",
            "TargetName": "NordPass/MiscData",
            "Type": "1"
          },
          "System": {
            "Channel": "Security",
            "Computer": "dansDesktop",
            "Correlation": {},
            "EventID": "5379",
            "EventRecordID": "8313371",
            "Execution": {
              "ProcessID": "1128",
              "ThreadID": "72460"
            },
            "Keywords": "0x8020000000000000",
            "Level": "0",
            "Opcode": "0",
            "Provider": {
              "Guid": "{54849625-5478-4994-a5ba-3e3b0328c30d}",
              "Name": "Microsoft-Windows-Security-Auditing"
            },
            "Security": {
              "UserID": ""
            },
            "Task": "13824",
            "TimeCreated": {
              "SystemTime": "2024-12-31T17:54:37.8925862Z"
            },
            "Version": "0"
          }
        }
      },
      "level": "0",
      "message": ""
    }
  },
  "level": "Unknown",
  "message": "dansDesktop",
  "source": "windows_logs",
  "timestamp": "2024-12-31T11:54:38.9156015-06:00",
  "type": "event"
}
