2024/12/31 00:32:29 Received log message from agent {
  "Event": {
    "EventData": {
      "ClientProcessId": "14928",
      "CountOfCredentialsReturned": "1",
      "ProcessCreationTime": "2024-12-16T14:59:56.2501338Z",
      "ReadOperation": "%%8099",
      "ReturnCode": "0",
      "SubjectDomainName": "DANSDESKTOP",
      "SubjectLogonId": "0x4c0db",
      "SubjectUserName": "danfe",
      "SubjectUserSid": "S-1-5-21-1680856076-1700718083-3477311726-1001",
      "TargetName": "NordPass/split_Features2",
      "Type": "1"
    },
    "System": {
      "Channel": "Security",
      "Computer": "dansDesktop",
      "Correlation": {},
      "EventID": "5379",
      "EventRecordID": "8252639",
      "Execution": {
        "ProcessID": "1128",
        "ThreadID": "54268"
      },
      "Keywords": "0x8020000000000000",
      "Level": "0",
      "Opcode": "0",
      "Provider": {
        "Guid": "{54849625-5478-4994-a5ba-3e3b0328c30d}",
        "Name": "Microsoft-Windows-Security-Auditing"
      },
      "Security": {
        "UserID": ""
      },
      "Task": "13824",
      "TimeCreated": {
        "SystemTime": "2024-12-31T00:32:27.9973194Z"
      },
      "Version": "0"
    }
  }
}
2024/12/31 00:32:29 Received log message from agent {
  "Event": {
    "EventData": {
      "ClientProcessId": "14928",
      "CountOfCredentialsReturned": "1",
      "ProcessCreationTime": "2024-12-16T14:59:56.2501338Z",
      "ReadOperation": "%%8099",
      "ReturnCode": "0",
      "SubjectDomainName": "DANSDESKTOP",
      "SubjectLogonId": "0x4c0db",
      "SubjectUserName": "danfe",
      "SubjectUserSid": "S-1-5-21-1680856076-1700718083-3477311726-1001",
      "TargetName": "NordPass/split_Features3",
      "Type": "1"
    },
    "System": {
      "Channel": "Security",
      "Computer": "dansDesktop",
      "Correlation": {},
      "EventID": "5379",
      "EventRecordID": "8252640",
      "Execution": {
        "ProcessID": "1128",
        "ThreadID": "54268"
      },
      "Keywords": "0x8020000000000000",
      "Level": "0",
      "Opcode": "0",
      "Provider": {
        "Guid": "{54849625-5478-4994-a5ba-3e3b0328c30d}",
        "Name": "Microsoft-Windows-Security-Auditing"
      },
      "Security": {
        "UserID": ""
      },
      "Task": "13824",
      "TimeCreated": {
        "SystemTime": "2024-12-31T00:32:27.9976928Z"
      },
      "Version": "0"
    }
  }
}
2024/12/31 00:32:29 Received log message from agent {
  "Event": {
    "EventData": {
      "ClientProcessId": "14928",
      "CountOfCredentialsReturned": "1",
      "ProcessCreationTime": "2024-12-16T14:59:56.2501338Z",
      "ReadOperation": "%%8099",
      "ReturnCode": "0",
      "SubjectDomainName": "DANSDESKTOP",
      "SubjectLogonId": "0x4c0db",
      "SubjectUserName": "danfe",
      "SubjectUserSid": "S-1-5-21-1680856076-1700718083-3477311726-1001",
      "TargetName": "NordPass/split_Features4",
      "Type": "1"
    },
    "System": {
      "Channel": "Security",
      "Computer": "dansDesktop",
      "Correlation": {},
      "EventID": "5379",
      "EventRecordID": "8252641",
      "Execution": {
        "ProcessID": "1128",
        "ThreadID": "54268"
      },
      "Keywords": "0x8020000000000000",
      "Level": "0",
      "Opcode": "0",
      "Provider": {
        "Guid": "{54849625-5478-4994-a5ba-3e3b0328c30d}",
        "Name": "Microsoft-Windows-Security-Auditing"
      },
      "Security": {
        "UserID": ""
      },
      "Task": "13824",
      "TimeCreated": {
        "SystemTime": "2024-12-31T00:32:27.9980547Z"
      },
      "Version": "0"
    }
  }
}
2024/12/31 00:32:29 Received log message from agent {
  "Event": {
    "EventData": {
      "ClientProcessId": "14928",
      "CountOfCredentialsReturned": "1",
      "ProcessCreationTime": "2024-12-16T14:59:56.2501338Z",
      "ReadOperation": "%%8099",
      "ReturnCode": "0",
      "SubjectDomainName": "DANSDESKTOP",
      "SubjectLogonId": "0x4c0db",
      "SubjectUserName": "danfe",
      "SubjectUserSid": "S-1-5-21-1680856076-1700718083-3477311726-1001",
      "TargetName": "NordPass/split_Features5",
      "Type": "1"
    },
    "System": {
      "Channel": "Security",
      "Computer": "dansDesktop",
      "Correlation": {},
      "EventID": "5379",
      "EventRecordID": "8252642",
      "Execution": {
        "ProcessID": "1128",
        "ThreadID": "54268"
      },
      "Keywords": "0x8020000000000000",
      "Level": "0",
      "Opcode": "0",
      "Provider": {
        "Guid": "{54849625-5478-4994-a5ba-3e3b0328c30d}",
        "Name": "Microsoft-Windows-Security-Auditing"
      },
      "Security": {
        "UserID": ""
      },
      "Task": "13824",
      "TimeCreated": {
        "SystemTime": "2024-12-31T00:32:27.9984324Z"
      },
      "Version": "0"
    }
  }
}
2024/12/31 00:32:29 Received log message from agent {
  "Event": {
    "EventData": {
      "ClientProcessId": "14928",
      "CountOfCredentialsReturned": "1",
      "ProcessCreationTime": "2024-12-16T14:59:56.2501338Z",
      "ReadOperation": "%%8099",
      "ReturnCode": "0",
      "SubjectDomainName": "DANSDESKTOP",
      "SubjectLogonId": "0x4c0db",
      "SubjectUserName": "danfe",
      "SubjectUserSid": "S-1-5-21-1680856076-1700718083-3477311726-1001",
      "TargetName": "NordPass/split_Features6",
      "Type": "1"
    },
    "System": {
      "Channel": "Security",
      "Computer": "dansDesktop",
      "Correlation": {},
      "EventID": "5379",
      "EventRecordID": "8252643",
      "Execution": {
        "ProcessID": "1128",
        "ThreadID": "54268"
      },
      "Keywords": "0x8020000000000000",
      "Level": "0",
      "Opcode": "0",
      "Provider": {
        "Guid": "{54849625-5478-4994-a5ba-3e3b0328c30d}",
        "Name": "Microsoft-Windows-Security-Auditing"
      },
      "Security": {
        "UserID": ""
      },
      "Task": "13824",
      "TimeCreated": {
        "SystemTime": "2024-12-31T00:32:27.9988061Z"
      },
      "Version": "0"
    }
  }
}
2024/12/31 00:32:29 Received log message from agent {
  "Event": {
    "EventData": {
      "ClientProcessId": "14928",
      "CountOfCredentialsReturned": "1",
      "ProcessCreationTime": "2024-12-16T14:59:56.2501338Z",
      "ReadOperation": "%%8099",
      "ReturnCode": "0",
      "SubjectDomainName": "DANSDESKTOP",
      "SubjectLogonId": "0x4c0db",
      "SubjectUserName": "danfe",
      "SubjectUserSid": "S-1-5-21-1680856076-1700718083-3477311726-1001",
      "TargetName": "NordPass/split_Features7",
      "Type": "1"
    },
    "System": {
      "Channel": "Security",
      "Computer": "dansDesktop",
      "Correlation": {},
      "EventID": "5379",
      "EventRecordID": "8252644",
      "Execution": {
        "ProcessID": "1128",
        "ThreadID": "54268"
      },
      "Keywords": "0x8020000000000000",
      "Level": "0",
      "Opcode": "0",
      "Provider": {
        "Guid": "{54849625-5478-4994-a5ba-3e3b0328c30d}",
        "Name": "Microsoft-Windows-Security-Auditing"
      },
      "Security": {
        "UserID": ""
      },
      "Task": "13824",
      "TimeCreated": {
        "SystemTime": "2024-12-31T00:32:27.9991832Z"
      },
      "Version": "0"
    }
  }
}
2024/12/31 00:32:29 Received log message from agent {
  "Event": {
    "EventData": {
      "ClientProcessId": "14928",
      "CountOfCredentialsReturned": "1",
      "ProcessCreationTime": "2024-12-16T14:59:56.2501338Z",
      "ReadOperation": "%%8099",
      "ReturnCode": "0",
      "SubjectDomainName": "DANSDESKTOP",
      "SubjectLogonId": "0x4c0db",
      "SubjectUserName": "danfe",
      "SubjectUserSid": "S-1-5-21-1680856076-1700718083-3477311726-1001",
      "TargetName": "NordPass/split_Features8",
      "Type": "1"
    },
    "System": {
      "Channel": "Security",
      "Computer": "dansDesktop",
      "Correlation": {},
      "EventID": "5379",
      "EventRecordID": "8252645",
      "Execution": {
        "ProcessID": "1128",
        "ThreadID": "54268"
      },
      "Keywords": "0x8020000000000000",
      "Level": "0",
      "Opcode": "0",
      "Provider": {
        "Guid": "{54849625-5478-4994-a5ba-3e3b0328c30d}",
        "Name": "Microsoft-Windows-Security-Auditing"
      },
      "Security": {
        "UserID": ""
      },
      "Task": "13824",
      "TimeCreated": {
        "SystemTime": "2024-12-31T00:32:27.9995520Z"
      },
      "Version": "0"
    }
  }
}
2024/12/31 00:32:29 Received log message from agent {
  "Event": {
    "EventData": {
      "ClientProcessId": "14928",
      "CountOfCredentialsReturned": "1",
      "ProcessCreationTime": "2024-12-16T14:59:56.2501338Z",
      "ReadOperation": "%%8099",
      "ReturnCode": "0",
      "SubjectDomainName": "DANSDESKTOP",
      "SubjectLogonId": "0x4c0db",
      "SubjectUserName": "danfe",
      "SubjectUserSid": "S-1-5-21-1680856076-1700718083-3477311726-1001",
      "TargetName": "NordPass/split_Features9",
      "Type": "1"
    },
    "System": {
      "Channel": "Security",
      "Computer": "dansDesktop",
      "Correlation": {},
      "EventID": "5379",
      "EventRecordID": "8252646",
      "Execution": {
        "ProcessID": "1128",
        "ThreadID": "54268"
      },
      "Keywords": "0x8020000000000000",
      "Level": "0",
      "Opcode": "0",
      "Provider": {
        "Guid": "{54849625-5478-4994-a5ba-3e3b0328c30d}",
        "Name": "Microsoft-Windows-Security-Auditing"
      },
      "Security": {
        "UserID": ""
      },
      "Task": "13824",
      "TimeCreated": {
        "SystemTime": "2024-12-31T00:32:27.9999159Z"
      },
      "Version": "0"
    }
  }
}
2024/12/31 00:32:29 Received log message from agent {
  "Event": {
    "EventData": {
      "ClientProcessId": "14928",
      "CountOfCredentialsReturned": "1",
      "ProcessCreationTime": "2024-12-16T14:59:56.2501338Z",
      "ReadOperation": "%%8099",
      "ReturnCode": "0",
      "SubjectDomainName": "DANSDESKTOP",
      "SubjectLogonId": "0x4c0db",
      "SubjectUserName": "danfe",
      "SubjectUserSid": "S-1-5-21-1680856076-1700718083-3477311726-1001",
      "TargetName": "NordPass/split_Features10",
      "Type": "1"
    },
    "System": {
      "Channel": "Security",
      "Computer": "dansDesktop",
      "Correlation": {},
      "EventID": "5379",
      "EventRecordID": "8252647",
      "Execution": {
        "ProcessID": "1128",
        "ThreadID": "54268"
      },
      "Keywords": "0x8020000000000000",
      "Level": "0",
      "Opcode": "0",
      "Provider": {
        "Guid": "{54849625-5478-4994-a5ba-3e3b0328c30d}",
        "Name": "Microsoft-Windows-Security-Auditing"
      },
      "Security": {
        "UserID": ""
      },
      "Task": "13824",
      "TimeCreated": {
        "SystemTime": "2024-12-31T00:32:28.0002731Z"
      },
      "Version": "0"
    }
  }
}
2024/12/31 00:32:29 Received log message from agent {
  "Event": {
    "EventData": {
      "ClientProcessId": "14928",
      "CountOfCredentialsReturned": "1",
      "ProcessCreationTime": "2024-12-16T14:59:56.2501338Z",
      "ReadOperation": "%%8099",
      "ReturnCode": "0",
      "SubjectDomainName": "DANSDESKTOP",
      "SubjectLogonId": "0x4c0db",
      "SubjectUserName": "danfe",
      "SubjectUserSid": "S-1-5-21-1680856076-1700718083-3477311726-1001",
      "TargetName": "NordPass/split_Features11",
      "Type": "1"
    },
    "System": {
      "Channel": "Security",
      "Computer": "dansDesktop",
      "Correlation": {},
      "EventID": "5379",
      "EventRecordID": "8252648",
      "Execution": {
        "ProcessID": "1128",
        "ThreadID": "54268"
      },
      "Keywords": "0x8020000000000000",
      "Level": "0",
      "Opcode": "0",
      "Provider": {
        "Guid": "{54849625-5478-4994-a5ba-3e3b0328c30d}",
        "Name": "Microsoft-Windows-Security-Auditing"
      },
      "Security": {
        "UserID": ""
      },
      "Task": "13824",
      "TimeCreated": {
        "SystemTime": "2024-12-31T00:32:28.0005947Z"
      },
      "Version": "0"
    }
  }
}
2024/12/31 00:32:29 Received log message from agent {
  "Event": {
    "EventData": {
      "ClientProcessId": "14928",
      "CountOfCredentialsReturned": "1",
      "ProcessCreationTime": "2024-12-16T14:59:56.2501338Z",
      "ReadOperation": "%%8099",
      "ReturnCode": "0",
      "SubjectDomainName": "DANSDESKTOP",
      "SubjectLogonId": "0x4c0db",
      "SubjectUserName": "danfe",
      "SubjectUserSid": "S-1-5-21-1680856076-1700718083-3477311726-1001",
      "TargetName": "NordPass/split_Features12",
      "Type": "1"
    },
    "System": {
      "Channel": "Security",
      "Computer": "dansDesktop",
      "Correlation": {},
      "EventID": "5379",
      "EventRecordID": "8252649",
      "Execution": {
        "ProcessID": "1128",
        "ThreadID": "54268"
      },
      "Keywords": "0x8020000000000000",
      "Level": "0",
      "Opcode": "0",
      "Provider": {
        "Guid": "{54849625-5478-4994-a5ba-3e3b0328c30d}",
        "Name": "Microsoft-Windows-Security-Auditing"
      },
      "Security": {
        "UserID": ""
      },
      "Task": "13824",
      "TimeCreated": {
        "SystemTime": "2024-12-31T00:32:28.0008370Z"
      },
      "Version": "0"
    }
  }
}
2024/12/31 00:32:29 Received log message from agent {
  "agent_id": "1234567890",
  "agent_name": "jarvis-agent-windows",
  "data": {
    "cpu": {
      "count": 8,
      "usage_percent": [
        15.151515151515152,
        6.153846153846154,
        1.5384615384615385,
        1.5625,
        17.1875,
        0,
        0,
        45.3125
      ]
    },
    "memory": {
      "free": 4699750400,
      "total": 16996769792,
      "usage_percent": 72,
      "used": 12297019392
    }
  },
  "level": "info",
  "message": "System metrics collected",
  "source": "system_monitor",
  "timestamp": "2024-12-30T18:32:28.1749204-06:00",
  "type": "metrics"
}
2024/12/31 00:32:29 Received log message from agent {
  "cpu": {
    "count": 8,
    "usage_percent": [
      15.151515151515152,
      6.153846153846154,
      1.5384615384615385,
      1.5625,
      17.1875,
      0,
      0,
      45.3125
    ]
  },
  "memory": {
    "free": 4699750400,
    "total": 16996769792,
    "usage_percent": 72,
    "used": 12297019392
  },
  "network": {
    "bytes_recv": 17041978994,
    "bytes_sent": 1970956187,
    "packets_recv": 15804956,
    "packets_sent": 7395224
  },
  "temperature": [
    {
      "sensor_key": "ACPI\\ThermalZone\\TZ00_0",
      "temperature": 27.85
    },
    {
      "sensor_key": "ACPI\\ThermalZone\\TZ01_0",
      "temperature": 29.85
    }
  ],
  "timestamp": "2024-12-30T18:32:28.1749204-06:00"
}
2024/12/31 00:32:32 Received log message from agent {
  "name": "EventLog",
  "status": "Running",
  "timestamp": "2024-12-30T18:32:32.1777488-06:00"
}
2024/12/31 00:32:32 Received log message from agent {
  "name": "wuauserv",
  "status": "Stopped",
  "timestamp": "2024-12-30T18:32:32.1764433-06:00"
}
2024/12/31 00:32:33 Received log message from agent {
  "agent_id": "1234567890",
  "agent_name": "jarvis-agent-windows",
  "data": {
    "cpu": {
      "count": 8,
      "usage_percent": [
        34.375,
        6.25,
        15.625,
        0,
        12.5,
        0,
        9.375,
        14.0625
      ]
    },
    "memory": {
      "free": 4697374720,
      "total": 16996769792,
      "usage_percent": 72,
      "used": 12299395072
    }
  },
  "level": "info",
  "message": "System metrics collected",
  "source": "system_monitor",
  "timestamp": "2024-12-30T18:32:32.1750197-06:00",
  "type": "metrics"
}
2024/12/31 00:32:33 Received log message from agent {
  "cpu": {
    "count": 8,
    "usage_percent": [
      34.375,
      6.25,
      15.625,
      0,
      12.5,
      0,
      9.375,
      14.0625
    ]
  },
  "memory": {
    "free": 4697374720,
    "total": 16996769792,
    "usage_percent": 72,
    "used": 12299395072
  },
  "network": {
    "bytes_recv": 17041986479,
    "bytes_sent": 1970961861,
    "packets_recv": 15804989,
    "packets_sent": 7395253
  },
  "temperature": [
    {
      "sensor_key": "ACPI\\ThermalZone\\TZ00_0",
      "temperature": 27.85
    },
    {
      "sensor_key": "ACPI\\ThermalZone\\TZ01_0",
      "temperature": 29.85
    }
  ],
  "timestamp": "2024-12-30T18:32:32.1750197-06:00"
}
2024/12/31 00:32:36 Received log message from agent {
  "name": "wuauserv",
  "status": "Stopped",
  "timestamp": "2024-12-30T18:32:36.1747954-06:00"
}
2024/12/31 00:32:36 Received log message from agent {
  "name": "EventLog",
  "status": "Running",
  "timestamp": "2024-12-30T18:32:36.1752983-06:00"
}
2024/12/31 00:32:37 Received log message from agent {
  "agent_id": "1234567890",
  "agent_name": "jarvis-agent-windows",
  "data": {
    "cpu": {
      "count": 8,
      "usage_percent": [
        23.4375,
        6.25,
        9.375,
        7.8125,
        21.875,
        4.6875,
        7.8125,
        35.9375
      ]
    },
    "memory": {
      "free": 4698001408,
      "total": 16996769792,
      "usage_percent": 72,
      "used": 12298768384
    }
  },
  "level": "info",
  "message": "System metrics collected",
  "source": "system_monitor",
  "timestamp": "2024-12-30T18:32:36.1746707-06:00",
  "type": "metrics"
}
2024/12/31 00:32:37 Received log message from agent {
  "cpu": {
    "count": 8,
    "usage_percent": [
      23.4375,
      6.25,
      9.375,
      7.8125,
      21.875,
      4.6875,
      7.8125,
      35.9375
    ]
  },
  "memory": {
    "free": 4698001408,
    "total": 16996769792,
    "usage_percent": 72,
    "used": 12298768384
  },
  "network": {
    "bytes_recv": 17042022071,
    "bytes_sent": 1970998194,
    "packets_recv": 15805094,
    "packets_sent": 7395349
  },
  "temperature": [
    {
      "sensor_key": "ACPI\\ThermalZone\\TZ00_0",
      "temperature": 27.85
    },
    {
      "sensor_key": "ACPI\\ThermalZone\\TZ01_0",
      "temperature": 29.85
    }
  ],
  "timestamp": "2024-12-30T18:32:36.1746707-06:00"
}
2024/12/31 14:31:54 Jarvis API Test Server starting on port 8080...
2024/12/31 14:44:05 Received log message from agent {
  "name": "EventLog",
  "status": "Running",
  "timestamp": "2024-12-31T08:44:05.3545517-06:00"
}
2024/12/31 14:44:05 Received log message from agent {
  "name": "wuauserv",
  "status": "Stopped",
  "timestamp": "2024-12-31T08:44:05.353577-06:00"
}
2024/12/31 14:44:06 Received log message from agent {
  "agent_id": "1234567890",
  "agent_name": "jarvis-agent-windows",
  "data": {
    "cpu": {
      "count": 8,
      "usage_percent": [
        24.242424242424242,
        10.9375,
        26.5625,
        0,
        10.9375,
        0,
        0,
        6.153846153846154
      ]
    },
    "memory": {
      "free": 4477845504,
      "total": 16996769792,
      "usage_percent": 73,
      "used": 12518924288
    }
  },
  "level": "info",
  "message": "System metrics collected",
  "source": "system_monitor",
  "timestamp": "2024-12-31T08:44:05.3533328-06:00",
  "type": "metrics"
}
2024/12/31 14:44:06 Received log message from agent {
  "cpu": {
    "count": 8,
    "usage_percent": [
      24.242424242424242,
      10.9375,
      26.5625,
      0,
      10.9375,
      0,
      0,
      6.153846153846154
    ]
  },
  "memory": {
    "free": 4477845504,
    "total": 16996769792,
    "usage_percent": 73,
    "used": 12518924288
  },
  "network": {
    "bytes_recv": 17590538809,
    "bytes_sent": 2067681529,
    "packets_recv": 16422399,
    "packets_sent": 7730845
  },
  "temperature": [
    {
      "sensor_key": "ACPI\\ThermalZone\\TZ00_0",
      "temperature": 27.85
    },
    {
      "sensor_key": "ACPI\\ThermalZone\\TZ01_0",
      "temperature": 29.85
    }
  ],
  "timestamp": "2024-12-31T08:44:05.3533328-06:00"
}
2024/12/31 14:44:09 Received log message from agent {
  "name": "wuauserv",
  "status": "Stopped",
  "timestamp": "2024-12-31T08:44:09.353329-06:00"
}
2024/12/31 14:44:09 Received log message from agent {
  "name": "EventLog",
  "status": "Running",
  "timestamp": "2024-12-31T08:44:09.353329-06:00"
}
2024/12/31 14:44:10 Received log message from agent {
  "agent_id": "1234567890",
  "agent_name": "jarvis-agent-windows",
  "data": {
    "cpu": {
      "count": 8,
      "usage_percent": [
        16.923076923076923,
        0,
        6.349206349206349,
        0,
        0,
        57.14285714285714,
        0,
        6.349206349206349
      ]
    },
    "memory": {
      "free": 4432564224,
      "total": 16996769792,
      "usage_percent": 73,
      "used": 12564205568
    }
  },
  "level": "info",
  "message": "System metrics collected",
  "source": "system_monitor",
  "timestamp": "2024-12-31T08:44:09.3532633-06:00",
  "type": "metrics"
}
2024/12/31 14:44:10 Received log message from agent {
  "cpu": {
    "count": 8,
    "usage_percent": [
      16.923076923076923,
      0,
      6.349206349206349,
      0,
      0,
      57.14285714285714,
      0,
      6.349206349206349
    ]
  },
  "memory": {
    "free": 4432564224,
    "total": 16996769792,
    "usage_percent": 73,
    "used": 12564205568
  },
  "network": {
    "bytes_recv": 17590546187,
    "bytes_sent": 2067687636,
    "packets_recv": 16422422,
    "packets_sent": 7730863
  },
  "temperature": [
    {
      "sensor_key": "ACPI\\ThermalZone\\TZ00_0",
      "temperature": 27.85
    },
    {
      "sensor_key": "ACPI\\ThermalZone\\TZ01_0",
      "temperature": 29.85
    }
  ],
  "timestamp": "2024-12-31T08:44:09.3530795-06:00"
}
2024/12/31 14:44:13 Received log message from agent {
  "name": "EventLog",
  "status": "Running",
  "timestamp": "2024-12-31T08:44:13.3533729-06:00"
}
2024/12/31 14:44:13 Received log message from agent {
  "name": "wuauserv",
  "status": "Stopped",
  "timestamp": "2024-12-31T08:44:13.353293-06:00"
}
2024/12/31 14:44:14 Received log message from agent {
  "agent_id": "1234567890",
  "agent_name": "jarvis-agent-windows",
  "data": {
    "cpu": {
      "count": 8,
      "usage_percent": [
        21.53846153846154,
        6.349206349206349,
        3.076923076923077,
        0,
        6.25,
        0,
        25,
        10.76923076923077
      ]
    },
    "memory": {
      "free": 4467941376,
      "total": 16996769792,
      "usage_percent": 73,
      "used": 12528828416
    }
  },
  "level": "info",
  "message": "System metrics collected",
  "source": "system_monitor",
  "timestamp": "2024-12-31T08:44:13.3529393-06:00",
  "type": "metrics"
}
2024/12/31 14:44:14 Received log message from agent {
  "cpu": {
    "count": 8,
    "usage_percent": [
      21.53846153846154,
      6.349206349206349,
      3.076923076923077,
      0,
      6.25,
      0,
      25,
      10.76923076923077
    ]
  },
  "memory": {
    "free": 4467941376,
    "total": 16996769792,
    "usage_percent": 73,
    "used": 12528828416
  },
  "network": {
    "bytes_recv": 17590561145,
    "bytes_sent": 2067696212,
    "packets_recv": 16422465,
    "packets_sent": 7730901
  },
  "temperature": [
    {
      "sensor_key": "ACPI\\ThermalZone\\TZ00_0",
      "temperature": 27.85
    },
    {
      "sensor_key": "ACPI\\ThermalZone\\TZ01_0",
      "temperature": 29.85
    }
  ],
  "timestamp": "2024-12-31T08:44:13.3529393-06:00"
}
2024/12/31 14:44:17 Received log message from agent {
  "name": "wuauserv",
  "status": "Stopped",
  "timestamp": "2024-12-31T08:44:17.3537134-06:00"
}
2024/12/31 14:44:17 Received log message from agent {
  "name": "EventLog",
  "status": "Running",
  "timestamp": "2024-12-31T08:44:17.3539912-06:00"
}
2024/12/31 14:44:18 Received log message from agent {
  "agent_id": "1234567890",
  "agent_name": "jarvis-agent-windows",
  "data": {
    "cpu": {
      "count": 8,
      "usage_percent": [
        23.076923076923077,
        6.25,
        0,
        14.0625,
        0,
        0,
        0,
        26.984126984126984
      ]
    },
    "memory": {
      "free": 4464676864,
      "total": 16996769792,
      "usage_percent": 73,
      "used": 12532092928
    }
  },
  "level": "info",
  "message": "System metrics collected",
  "source": "system_monitor",
  "timestamp": "2024-12-31T08:44:17.353287-06:00",
  "type": "metrics"
}
2024/12/31 14:44:18 Received log message from agent {
  "cpu": {
    "count": 8,
    "usage_percent": [
      23.076923076923077,
      6.25,
      0,
      14.0625,
      0,
      0,
      0,
      26.984126984126984
    ]
  },
  "memory": {
    "free": 4464676864,
    "total": 16996769792,
    "usage_percent": 73,
    "used": 12532092928
  },
  "network": {
    "bytes_recv": 17590565094,
    "bytes_sent": 2067700188,
    "packets_recv": 16422491,
    "packets_sent": 7730926
  },
  "temperature": [
    {
      "sensor_key": "ACPI\\ThermalZone\\TZ00_0",
      "temperature": 27.85
    },
    {
      "sensor_key": "ACPI\\ThermalZone\\TZ01_0",
      "temperature": 29.85
    }
  ],
  "timestamp": "2024-12-31T08:44:17.353287-06:00"
}
2024/12/31 14:44:21 Received log message from agent {
  "name": "wuauserv",
  "status": "Stopped",
  "timestamp": "2024-12-31T08:44:21.3537384-06:00"
}
2024/12/31 14:44:21 Received log message from agent {
  "name": "EventLog",
  "status": "Running",
  "timestamp": "2024-12-31T08:44:21.3539502-06:00"
}
2024/12/31 14:44:22 Received log message from agent {
  "agent_id": "1234567890",
  "agent_name": "jarvis-agent-windows",
  "data": {
    "cpu": {
      "count": 8,
      "usage_percent": [
        60.9375,
        10.9375,
        0,
        0,
        0,
        0,
        0,
        13.846153846153847
      ]
    },
    "memory": {
      "free": 4473270272,
      "total": 16996769792,
      "usage_percent": 73,
      "used": 12523499520
    }
  },
  "level": "info",
  "message": "System metrics collected",
  "source": "system_monitor",
  "timestamp": "2024-12-31T08:44:21.3530374-06:00",
  "type": "metrics"
}
2024/12/31 14:44:22 Received log message from agent {
  "cpu": {
    "count": 8,
    "usage_percent": [
      60.9375,
      10.9375,
      0,
      0,
      0,
      0,
      0,
      13.846153846153847
    ]
  },
  "memory": {
    "free": 4473270272,
    "total": 16996769792,
    "usage_percent": 73,
    "used": 12523499520
  },
  "network": {
    "bytes_recv": 17590566866,
    "bytes_sent": 2067701311,
    "packets_recv": 16422508,
    "packets_sent": 7730943
  },
  "temperature": [
    {
      "sensor_key": "ACPI\\ThermalZone\\TZ00_0",
      "temperature": 27.85
    },
    {
      "sensor_key": "ACPI\\ThermalZone\\TZ01_0",
      "temperature": 29.85
    }
  ],
  "timestamp": "2024-12-31T08:44:21.3530374-06:00"
}
2024/12/31 14:44:25 Received log message from agent {
  "name": "EventLog",
  "status": "Running",
  "timestamp": "2024-12-31T08:44:25.353612-06:00"
}
2024/12/31 14:44:25 Received log message from agent {
  "name": "wuauserv",
  "status": "Stopped",
  "timestamp": "2024-12-31T08:44:25.3534193-06:00"
}
2024/12/31 14:44:26 Received log message from agent {
  "agent_id": "1234567890",
  "agent_name": "jarvis-agent-windows",
  "data": {
    "cpu": {
      "count": 8,
      "usage_percent": [
        1.5625,
        10.9375,
        26.153846153846157,
        3.125,
        26.984126984126984,
        0,
        0,
        19.047619047619047
      ]
    },
    "memory": {
      "free": 4442591232,
      "total": 16996769792,
      "usage_percent": 73,
      "used": 12554178560
    }
  },
  "level": "info",
  "message": "System metrics collected",
  "source": "system_monitor",
  "timestamp": "2024-12-31T08:44:25.3530411-06:00",
  "type": "metrics"
}
2024/12/31 14:44:26 Received log message from agent {
  "cpu": {
    "count": 8,
    "usage_percent": [
      1.5625,
      10.9375,
      26.153846153846157,
      3.125,
      26.984126984126984,
      0,
      0,
      19.047619047619047
    ]
  },
  "memory": {
    "free": 4442591232,
    "total": 16996769792,
    "usage_percent": 73,
    "used": 12554178560
  },
  "network": {
    "bytes_recv": 17590582435,
    "bytes_sent": 2067712964,
    "packets_recv": 16422542,
    "packets_sent": 7730972
  },
  "temperature": [
    {
      "sensor_key": "ACPI\\ThermalZone\\TZ00_0",
      "temperature": 27.85
    },
    {
      "sensor_key": "ACPI\\ThermalZone\\TZ01_0",
      "temperature": 29.85
    }
  ],
  "timestamp": "2024-12-31T08:44:25.3530411-06:00"
}
2024/12/31 14:44:28 Received log message from agent {
  "Event": {
    "System": {
      "Channel": "Microsoft-Windows-PowerShell/Operational",
      "Computer": "dansDesktop",
      "Correlation": {},
      "EventID": "40961",
      "EventRecordID": "3448",
      "Execution": {
        "ProcessID": "29804",
        "ThreadID": "70212"
      },
      "Keywords": "0x0",
      "Level": "4",
      "Opcode": "1",
      "Provider": {
        "Guid": "{a0c1853b-5c40-4b15-8766-3cf1c58f985a}",
        "Name": "Microsoft-Windows-PowerShell"
      },
      "Security": {
        "UserID": "S-1-5-21-1680856076-1700718083-3477311726-1001"
      },
      "Task": "4",
      "TimeCreated": {
        "SystemTime": "2024-12-31T14:44:27.6173242Z"
      },
      "Version": "1"
    }
  }
}
2024/12/31 14:44:28 Received log message from agent {
  "Event": {
    "System": {
      "Channel": "Microsoft-Windows-PowerShell/Operational",
      "Computer": "dansDesktop",
      "Correlation": {},
      "EventID": "40962",
      "EventRecordID": "3450",
      "Execution": {
        "ProcessID": "29804",
        "ThreadID": "70212"
      },
      "Keywords": "0x0",
      "Level": "4",
      "Opcode": "2",
      "Provider": {
        "Guid": "{a0c1853b-5c40-4b15-8766-3cf1c58f985a}",
        "Name": "Microsoft-Windows-PowerShell"
      },
      "Security": {
        "UserID": "S-1-5-21-1680856076-1700718083-3477311726-1001"
      },
      "Task": "4",
      "TimeCreated": {
        "SystemTime": "2024-12-31T14:44:27.8152797Z"
      },
      "Version": "1"
    }
  }
}
2024/12/31 14:44:28 Received log message from agent {
  "Event": {
    "EventData": {
      "param1": "29804",
      "param2": "DefaultAppDomain"
    },
    "System": {
      "Channel": "Microsoft-Windows-PowerShell/Operational",
      "Computer": "dansDesktop",
      "Correlation": {},
      "EventID": "53504",
      "EventRecordID": "3449",
      "Execution": {
        "ProcessID": "29804",
        "ThreadID": "3664"
      },
      "Keywords": "0x0",
      "Level": "4",
      "Opcode": "10",
      "Provider": {
        "Guid": "{a0c1853b-5c40-4b15-8766-3cf1c58f985a}",
        "Name": "Microsoft-Windows-PowerShell"
      },
      "Security": {
        "UserID": "S-1-5-21-1680856076-1700718083-3477311726-1001"
      },
      "Task": "111",
      "TimeCreated": {
        "SystemTime": "2024-12-31T14:44:27.6730938Z"
      },
      "Version": "1"
    }
  }
}
2024/12/31 14:44:29 Received log message from agent {
  "name": "wuauserv",
  "status": "Stopped",
  "timestamp": "2024-12-31T08:44:29.3534725-06:00"
}
2024/12/31 14:44:29 Received log message from agent {
  "name": "EventLog",
  "status": "Running",
  "timestamp": "2024-12-31T08:44:29.3536414-06:00"
}
2024/12/31 14:44:30 Received log message from agent {
  "agent_id": "1234567890",
  "agent_name": "jarvis-agent-windows",
  "data": {
    "cpu": {
      "count": 8,
      "usage_percent": [
        34.92063492063492,
        1.5384615384615385,
        3.125,
        3.076923076923077,
        6.153846153846154,
        0,
        0,
        36.507936507936506
      ]
    },
    "memory": {
      "free": 4407586816,
      "total": 16996769792,
      "usage_percent": 74,
      "used": 12589182976
    }
  },
  "level": "info",
  "message": "System metrics collected",
  "source": "system_monitor",
  "timestamp": "2024-12-31T08:44:29.3530264-06:00",
  "type": "metrics"
}
2024/12/31 14:44:30 Received log message from agent {
  "cpu": {
    "count": 8,
    "usage_percent": [
      34.92063492063492,
      1.5384615384615385,
      3.125,
      3.076923076923077,
      6.153846153846154,
      0,
      0,
      36.507936507936506
    ]
  },
  "memory": {
    "free": 4407586816,
    "total": 16996769792,
    "usage_percent": 74,
    "used": 12589182976
  },
  "network": {
    "bytes_recv": 17590584821,
    "bytes_sent": 2067714023,
    "packets_recv": 16422553,
    "packets_sent": 7730981
  },
  "temperature": [
    {
      "sensor_key": "ACPI\\ThermalZone\\TZ00_0",
      "temperature": 27.85
    },
    {
      "sensor_key": "ACPI\\ThermalZone\\TZ01_0",
      "temperature": 29.85
    }
  ],
  "timestamp": "2024-12-31T08:44:29.3530264-06:00"
}
2024/12/31 14:47:07 Jarvis API Test Server starting on port 8080...
2024/12/31 14:58:37 Received log message from agent {
  "name": "wuauserv",
  "status": "Stopped",
  "timestamp": "2024-12-31T08:58:37.5328208-06:00"
}
2024/12/31 14:58:37 Received log message from agent {
  "name": "EventLog",
  "status": "Running",
  "timestamp": "2024-12-31T08:58:37.534253-06:00"
}
2024/12/31 14:58:37 Received log message from agent {
  "Event": {
    "EventData": {
      "ClientProcessId": "14928",
      "CountOfCredentialsReturned": "1",
      "ProcessCreationTime": "2024-12-16T14:59:56.2501338Z",
      "ReadOperation": "%%8099",
      "ReturnCode": "0",
      "SubjectDomainName": "DANSDESKTOP",
      "SubjectLogonId": "0x4c0db",
      "SubjectUserName": "danfe",
      "SubjectUserSid": "S-1-5-21-1680856076-1700718083-3477311726-1001",
      "TargetName": "NordPass/IsCrashReportingEnabled",
      "Type": "1"
    },
    "System": {
      "Channel": "Security",
      "Computer": "dansDesktop",
      "Correlation": {},
      "EventID": "5379",
      "EventRecordID": "8302790",
      "Execution": {
        "ProcessID": "1128",
        "ThreadID": "58468"
      },
      "Keywords": "0x8020000000000000",
      "Level": "0",
      "Opcode": "0",
      "Provider": {
        "Guid": "{54849625-5478-4994-a5ba-3e3b0328c30d}",
        "Name": "Microsoft-Windows-Security-Auditing"
      },
      "Security": {
        "UserID": ""
      },
      "Task": "13824",
      "TimeCreated": {
        "SystemTime": "2024-12-31T14:58:36.5972346Z"
      },
      "Version": "0"
    }
  }
}
2024/12/31 14:58:37 Received log message from agent {
  "Event": {
    "EventData": {
      "ClientProcessId": "14928",
      "CountOfCredentialsReturned": "1",
      "ProcessCreationTime": "2024-12-16T14:59:56.2501338Z",
      "ReadOperation": "%%8099",
      "ReturnCode": "0",
      "SubjectDomainName": "DANSDESKTOP",
      "SubjectLogonId": "0x4c0db",
      "SubjectUserName": "danfe",
      "SubjectUserSid": "S-1-5-21-1680856076-1700718083-3477311726-1001",
      "TargetName": "NordPass/Upsell",
      "Type": "1"
    },
    "System": {
      "Channel": "Security",
      "Computer": "dansDesktop",
      "Correlation": {},
      "EventID": "5379",
      "EventRecordID": "8302791",
      "Execution": {
        "ProcessID": "1128",
        "ThreadID": "69652"
      },
      "Keywords": "0x8020000000000000",
      "Level": "0",
      "Opcode": "0",
      "Provider": {
        "Guid": "{54849625-5478-4994-a5ba-3e3b0328c30d}",
        "Name": "Microsoft-Windows-Security-Auditing"
      },
      "Security": {
        "UserID": ""
      },
      "Task": "13824",
      "TimeCreated": {
        "SystemTime": "2024-12-31T14:58:36.5972609Z"
      },
      "Version": "0"
    }
  }
}
2024/12/31 14:58:37 Received log message from agent {
  "Event": {
    "EventData": {
      "ClientProcessId": "14928",
      "CountOfCredentialsReturned": "1",
      "ProcessCreationTime": "2024-12-16T14:59:56.2501338Z",
      "ReadOperation": "%%8099",
      "ReturnCode": "0",
      "SubjectDomainName": "DANSDESKTOP",
      "SubjectLogonId": "0x4c0db",
      "SubjectUserName": "danfe",
      "SubjectUserSid": "S-1-5-21-1680856076-1700718083-3477311726-1001",
      "TargetName": "NordPass/PasswordGenerator",
      "Type": "1"
    },
    "System": {
      "Channel": "Security",
      "Computer": "dansDesktop",
      "Correlation": {},
      "EventID": "5379",
      "EventRecordID": "8302792",
      "Execution": {
        "ProcessID": "1128",
        "ThreadID": "66196"
      },
      "Keywords": "0x8020000000000000",
      "Level": "0",
      "Opcode": "0",
      "Provider": {
        "Guid": "{54849625-5478-4994-a5ba-3e3b0328c30d}",
        "Name": "Microsoft-Windows-Security-Auditing"
      },
      "Security": {
        "UserID": ""
      },
      "Task": "13824",
      "TimeCreated": {
        "SystemTime": "2024-12-31T14:58:36.5972990Z"
      },
      "Version": "0"
    }
  }
}
2024/12/31 14:58:37 Received log message from agent {
  "Event": {
    "EventData": {
      "ClientProcessId": "14928",
      "CountOfCredentialsReturned": "1",
      "ProcessCreationTime": "2024-12-16T14:59:56.2501338Z",
      "ReadOperation": "%%8099",
      "ReturnCode": "0",
      "SubjectDomainName": "DANSDESKTOP",
      "SubjectLogonId": "0x4c0db",
      "SubjectUserName": "danfe",
      "SubjectUserSid": "S-1-5-21-1680856076-1700718083-3477311726-1001",
      "TargetName": "NordPass/RecoveryCodeInfo",
      "Type": "1"
    },
    "System": {
      "Channel": "Security",
      "Computer": "dansDesktop",
      "Correlation": {},
      "EventID": "5379",
      "EventRecordID": "8302793",
      "Execution": {
        "ProcessID": "1128",
        "ThreadID": "62736"
      },
      "Keywords": "0x8020000000000000",
      "Level": "0",
      "Opcode": "0",
      "Provider": {
        "Guid": "{54849625-5478-4994-a5ba-3e3b0328c30d}",
        "Name": "Microsoft-Windows-Security-Auditing"
      },
      "Security": {
        "UserID": ""
      },
      "Task": "13824",
      "TimeCreated": {
        "SystemTime": "2024-12-31T14:58:36.5973603Z"
      },
      "Version": "0"
    }
  }
}
2024/12/31 14:58:37 Received log message from agent {
  "Event": {
    "EventData": {
      "ClientProcessId": "14928",
      "CountOfCredentialsReturned": "1",
      "ProcessCreationTime": "2024-12-16T14:59:56.2501338Z",
      "ReadOperation": "%%8099",
      "ReturnCode": "0",
      "SubjectDomainName": "DANSDESKTOP",
      "SubjectLogonId": "0x4c0db",
      "SubjectUserName": "danfe",
      "SubjectUserSid": "S-1-5-21-1680856076-1700718083-3477311726-1001",
      "TargetName": "NordPass/WebInstallerTrackingEvents",
      "Type": "1"
    },
    "System": {
      "Channel": "Security",
      "Computer": "dansDesktop",
      "Correlation": {},
      "EventID": "5379",
      "EventRecordID": "8302794",
      "Execution": {
        "ProcessID": "1128",
        "ThreadID": "22968"
      },
      "Keywords": "0x8020000000000000",
      "Level": "0",
      "Opcode": "0",
      "Provider": {
        "Guid": "{54849625-5478-4994-a5ba-3e3b0328c30d}",
        "Name": "Microsoft-Windows-Security-Auditing"
      },
      "Security": {
        "UserID": ""
      },
      "Task": "13824",
      "TimeCreated": {
        "SystemTime": "2024-12-31T14:58:36.5973901Z"
      },
      "Version": "0"
    }
  }
}
2024/12/31 14:58:37 Received log message from agent {
  "Event": {
    "EventData": {
      "ClientProcessId": "14928",
      "CountOfCredentialsReturned": "1",
      "ProcessCreationTime": "2024-12-16T14:59:56.2501338Z",
      "ReadOperation": "%%8099",
      "ReturnCode": "0",
      "SubjectDomainName": "DANSDESKTOP",
      "SubjectLogonId": "0x4c0db",
      "SubjectUserName": "danfe",
      "SubjectUserSid": "S-1-5-21-1680856076-1700718083-3477311726-1001",
      "TargetName": "NordPass/HasNeverLoggedIn",
      "Type": "1"
    },
    "System": {
      "Channel": "Security",
      "Computer": "dansDesktop",
      "Correlation": {},
      "EventID": "5379",
      "EventRecordID": "8302795",
      "Execution": {
        "ProcessID": "1128",
        "ThreadID": "66196"
      },
      "Keywords": "0x8020000000000000",
      "Level": "0",
      "Opcode": "0",
      "Provider": {
        "Guid": "{54849625-5478-4994-a5ba-3e3b0328c30d}",
        "Name": "Microsoft-Windows-Security-Auditing"
      },
      "Security": {
        "UserID": ""
      },
      "Task": "13824",
      "TimeCreated": {
        "SystemTime": "2024-12-31T14:58:36.5974191Z"
      },
      "Version": "0"
    }
  }
}
2024/12/31 14:58:37 Received log message from agent {
  "Event": {
    "EventData": {
      "ClientProcessId": "14928",
      "CountOfCredentialsReturned": "1",
      "ProcessCreationTime": "2024-12-16T14:59:56.2501338Z",
      "ReadOperation": "%%8099",
      "ReturnCode": "0",
      "SubjectDomainName": "DANSDESKTOP",
      "SubjectLogonId": "0x4c0db",
      "SubjectUserName": "danfe",
      "SubjectUserSid": "S-1-5-21-1680856076-1700718083-3477311726-1001",
      "TargetName": "NordPass/VaultState",
      "Type": "1"
    },
    "System": {
      "Channel": "Security",
      "Computer": "dansDesktop",
      "Correlation": {},
      "EventID": "5379",
      "EventRecordID": "8302796",
      "Execution": {
        "ProcessID": "1128",
        "ThreadID": "69652"
      },
      "Keywords": "0x8020000000000000",
      "Level": "0",
      "Opcode": "0",
      "Provider": {
        "Guid": "{54849625-5478-4994-a5ba-3e3b0328c30d}",
        "Name": "Microsoft-Windows-Security-Auditing"
      },
      "Security": {
        "UserID": ""
      },
      "Task": "13824",
      "TimeCreated": {
        "SystemTime": "2024-12-31T14:58:36.5974618Z"
      },
      "Version": "0"
    }
  }
}
2024/12/31 14:58:37 Received log message from agent {
  "Event": {
    "EventData": {
      "ClientProcessId": "14928",
      "CountOfCredentialsReturned": "1",
      "ProcessCreationTime": "2024-12-16T14:59:56.2501338Z",
      "ReadOperation": "%%8099",
      "ReturnCode": "0",
      "SubjectDomainName": "DANSDESKTOP",
      "SubjectLogonId": "0x4c0db",
      "SubjectUserName": "danfe",
      "SubjectUserSid": "S-1-5-21-1680856076-1700718083-3477311726-1001",
      "TargetName": "NordPass/SendActionsTimeRemaining",
      "Type": "1"
    },
    "System": {
      "Channel": "Security",
      "Computer": "dansDesktop",
      "Correlation": {},
      "EventID": "5379",
      "EventRecordID": "8302797",
      "Execution": {
        "ProcessID": "1128",
        "ThreadID": "66196"
      },
      "Keywords": "0x8020000000000000",
      "Level": "0",
      "Opcode": "0",
      "Provider": {
        "Guid": "{54849625-5478-4994-a5ba-3e3b0328c30d}",
        "Name": "Microsoft-Windows-Security-Auditing"
      },
      "Security": {
        "UserID": ""
      },
      "Task": "13824",
      "TimeCreated": {
        "SystemTime": "2024-12-31T14:58:36.5974997Z"
      },
      "Version": "0"
    }
  }
}
2024/12/31 14:58:37 Received log message from agent {
  "Event": {
    "EventData": {
      "ClientProcessId": "14928",
      "CountOfCredentialsReturned": "1",
      "ProcessCreationTime": "2024-12-16T14:59:56.2501338Z",
      "ReadOperation": "%%8099",
      "ReturnCode": "0",
      "SubjectDomainName": "DANSDESKTOP",
      "SubjectLogonId": "0x4c0db",
      "SubjectUserName": "danfe",
      "SubjectUserSid": "S-1-5-21-1680856076-1700718083-3477311726-1001",
      "TargetName": "NordPass/IsFirstStart",
      "Type": "1"
    },
    "System": {
      "Channel": "Security",
      "Computer": "dansDesktop",
      "Correlation": {},
      "EventID": "5379",
      "EventRecordID": "8302798",
      "Execution": {
        "ProcessID": "1128",
        "ThreadID": "22968"
      },
      "Keywords": "0x8020000000000000",
      "Level": "0",
      "Opcode": "0",
      "Provider": {
        "Guid": "{54849625-5478-4994-a5ba-3e3b0328c30d}",
        "Name": "Microsoft-Windows-Security-Auditing"
      },
      "Security": {
        "UserID": ""
      },
      "Task": "13824",
      "TimeCreated": {
        "SystemTime": "2024-12-31T14:58:36.5975214Z"
      },
      "Version": "0"
    }
  }
}
2024/12/31 14:58:37 Received log message from agent {
  "Event": {
    "EventData": {
      "ClientProcessId": "14928",
      "CountOfCredentialsReturned": "1",
      "ProcessCreationTime": "2024-12-16T14:59:56.2501338Z",
      "ReadOperation": "%%8099",
      "ReturnCode": "0",
      "SubjectDomainName": "DANSDESKTOP",
      "SubjectLogonId": "0x4c0db",
      "SubjectUserName": "danfe",
      "SubjectUserSid": "S-1-5-21-1680856076-1700718083-3477311726-1001",
      "TargetName": "NordPass/LastKnownEmail",
      "Type": "1"
    },
    "System": {
      "Channel": "Security",
      "Computer": "dansDesktop",
      "Correlation": {},
      "EventID": "5379",
      "EventRecordID": "8302799",
      "Execution": {
        "ProcessID": "1128",
        "ThreadID": "69652"
      },
      "Keywords": "0x8020000000000000",
      "Level": "0",
      "Opcode": "0",
      "Provider": {
        "Guid": "{54849625-5478-4994-a5ba-3e3b0328c30d}",
        "Name": "Microsoft-Windows-Security-Auditing"
      },
      "Security": {
        "UserID": ""
      },
      "Task": "13824",
      "TimeCreated": {
        "SystemTime": "2024-12-31T14:58:36.5975598Z"
      },
      "Version": "0"
    }
  }
}
2024/12/31 14:58:37 Received log message from agent {
  "Event": {
    "EventData": {
      "ClientProcessId": "14928",
      "CountOfCredentialsReturned": "1",
      "ProcessCreationTime": "2024-12-16T14:59:56.2501338Z",
      "ReadOperation": "%%8099",
      "ReturnCode": "0",
      "SubjectDomainName": "DANSDESKTOP",
      "SubjectLogonId": "0x4c0db",
      "SubjectUserName": "danfe",
      "SubjectUserSid": "S-1-5-21-1680856076-1700718083-3477311726-1001",
      "TargetName": "NordPass/IsAutoStartTrial",
      "Type": "1"
    },
    "System": {
      "Channel": "Security",
      "Computer": "dansDesktop",
      "Correlation": {},
      "EventID": "5379",
      "EventRecordID": "8302800",
      "Execution": {
        "ProcessID": "1128",
        "ThreadID": "62736"
      },
      "Keywords": "0x8020000000000000",
      "Level": "0",
      "Opcode": "0",
      "Provider": {
        "Guid": "{54849625-5478-4994-a5ba-3e3b0328c30d}",
        "Name": "Microsoft-Windows-Security-Auditing"
      },
      "Security": {
        "UserID": ""
      },
      "Task": "13824",
      "TimeCreated": {
        "SystemTime": "2024-12-31T14:58:36.5975866Z"
      },
      "Version": "0"
    }
  }
}
2024/12/31 14:58:37 Received log message from agent {
  "Event": {
    "EventData": {
      "ClientProcessId": "14928",
      "CountOfCredentialsReturned": "1",
      "ProcessCreationTime": "2024-12-16T14:59:56.2501338Z",
      "ReadOperation": "%%8099",
      "ReturnCode": "0",
      "SubjectDomainName": "DANSDESKTOP",
      "SubjectLogonId": "0x4c0db",
      "SubjectUserName": "danfe",
      "SubjectUserSid": "S-1-5-21-1680856076-1700718083-3477311726-1001",
      "TargetName": "NordPass/SidebarState",
      "Type": "1"
    },
    "System": {
      "Channel": "Security",
      "Computer": "dansDesktop",
      "Correlation": {},
      "EventID": "5379",
      "EventRecordID": "8302801",
      "Execution": {
        "ProcessID": "1128",
        "ThreadID": "22968"
      },
      "Keywords": "0x8020000000000000",
      "Level": "0",
      "Opcode": "0",
      "Provider": {
        "Guid": "{54849625-5478-4994-a5ba-3e3b0328c30d}",
        "Name": "Microsoft-Windows-Security-Auditing"
      },
      "Security": {
        "UserID": ""
      },
      "Task": "13824",
      "TimeCreated": {
        "SystemTime": "2024-12-31T14:58:36.5976215Z"
      },
      "Version": "0"
    }
  }
}
2024/12/31 14:58:37 Received log message from agent {
  "Event": {
    "EventData": {
      "ClientProcessId": "14928",
      "CountOfCredentialsReturned": "1",
      "ProcessCreationTime": "2024-12-16T14:59:56.2501338Z",
      "ReadOperation": "%%8099",
      "ReturnCode": "0",
      "SubjectDomainName": "DANSDESKTOP",
      "SubjectLogonId": "0x4c0db",
      "SubjectUserName": "danfe",
      "SubjectUserSid": "S-1-5-21-1680856076-1700718083-3477311726-1001",
      "TargetName": "NordPass/Environment",
      "Type": "1"
    },
    "System": {
      "Channel": "Security",
      "Computer": "dansDesktop",
      "Correlation": {},
      "EventID": "5379",
      "EventRecordID": "8302802",
      "Execution": {
        "ProcessID": "1128",
        "ThreadID": "69652"
      },
      "Keywords": "0x8020000000000000",
      "Level": "0",
      "Opcode": "0",
      "Provider": {
        "Guid": "{54849625-5478-4994-a5ba-3e3b0328c30d}",
        "Name": "Microsoft-Windows-Security-Auditing"
      },
      "Security": {
        "UserID": ""
      },
      "Task": "13824",
      "TimeCreated": {
        "SystemTime": "2024-12-31T14:58:36.5976426Z"
      },
      "Version": "0"
    }
  }
}
2024/12/31 14:58:37 Received log message from agent {
  "Event": {
    "EventData": {
      "ClientProcessId": "14928",
      "CountOfCredentialsReturned": "1",
      "ProcessCreationTime": "2024-12-16T14:59:56.2501338Z",
      "ReadOperation": "%%8099",
      "ReturnCode": "0",
      "SubjectDomainName": "DANSDESKTOP",
      "SubjectLogonId": "0x4c0db",
      "SubjectUserName": "danfe",
      "SubjectUserSid": "S-1-5-21-1680856076-1700718083-3477311726-1001",
      "TargetName": "NordPass/MiscData",
      "Type": "1"
    },
    "System": {
      "Channel": "Security",
      "Computer": "dansDesktop",
      "Correlation": {},
      "EventID": "5379",
      "EventRecordID": "8302803",
      "Execution": {
        "ProcessID": "1128",
        "ThreadID": "66196"
      },
      "Keywords": "0x8020000000000000",
      "Level": "0",
      "Opcode": "0",
      "Provider": {
        "Guid": "{54849625-5478-4994-a5ba-3e3b0328c30d}",
        "Name": "Microsoft-Windows-Security-Auditing"
      },
      "Security": {
        "UserID": ""
      },
      "Task": "13824",
      "TimeCreated": {
        "SystemTime": "2024-12-31T14:58:36.5976818Z"
      },
      "Version": "0"
    }
  }
}
