2024/12/31 15:49:37 Received log message from agent {
  "Event": {
    "EventData": {
      "ClientProcessId": "14928",
      "CountOfCredentialsReturned": "1",
      "ProcessCreationTime": "2024-12-16T14:59:56.2501338Z",
      "ReadOperation": "%%8099",
      "ReturnCode": "0",
      "SubjectDomainName": "DANSDESKTOP",
      "SubjectLogonId": "0x4c0db",
      "SubjectUserName": "danfe",
      "SubjectUserSid": "S-1-5-21-1680856076-1700718083-3477311726-1001",
      "TargetName": "NordPass/split_Features1",
      "Type": "1"
    },
    "System": {
      "Channel": "Security",
      "Computer": "dansDesktop",
      "Correlation": {},
      "EventID": "5379",
      "EventRecordID": "8305787",
      "Execution": {
        "ProcessID": "1128",
        "ThreadID": "16200"
      },
      "Keywords": "0x8020000000000000",
      "Level": "0",
      "Opcode": "0",
      "Provider": {
        "Guid": "{54849625-5478-4994-a5ba-3e3b0328c30d}",
        "Name": "Microsoft-Windows-Security-Auditing"
      },
      "Security": {
        "UserID": ""
      },
      "Task": "13824",
      "TimeCreated": {
        "SystemTime": "2024-12-31T15:49:36.9541424Z"
      },
      "Version": "0"
    }
  }
}
2024/12/31 15:49:37 Received log message from agent {
  "Event": {
    "EventData": {
      "ClientProcessId": "14928",
      "CountOfCredentialsReturned": "1",
      "ProcessCreationTime": "2024-12-16T14:59:56.2501338Z",
      "ReadOperation": "%%8099",
      "ReturnCode": "0",
      "SubjectDomainName": "DANSDESKTOP",
      "SubjectLogonId": "0x4c0db",
      "SubjectUserName": "danfe",
      "SubjectUserSid": "S-1-5-21-1680856076-1700718083-3477311726-1001",
      "TargetName": "NordPass/split_Features2",
      "Type": "1"
    },
    "System": {
      "Channel": "Security",
      "Computer": "dansDesktop",
      "Correlation": {},
      "EventID": "5379",
      "EventRecordID": "8305788",
      "Execution": {
        "ProcessID": "1128",
        "ThreadID": "16200"
      },
      "Keywords": "0x8020000000000000",
      "Level": "0",
      "Opcode": "0",
      "Provider": {
        "Guid": "{54849625-5478-4994-a5ba-3e3b0328c30d}",
        "Name": "Microsoft-Windows-Security-Auditing"
      },
      "Security": {
        "UserID": ""
      },
      "Task": "13824",
      "TimeCreated": {
        "SystemTime": "2024-12-31T15:49:36.9544650Z"
      },
      "Version": "0"
    }
  }
}
2024/12/31 15:49:37 Received log message from agent {
  "Event": {
    "EventData": {
      "ClientProcessId": "14928",
      "CountOfCredentialsReturned": "1",
      "ProcessCreationTime": "2024-12-16T14:59:56.2501338Z",
      "ReadOperation": "%%8099",
      "ReturnCode": "0",
      "SubjectDomainName": "DANSDESKTOP",
      "SubjectLogonId": "0x4c0db",
      "SubjectUserName": "danfe",
      "SubjectUserSid": "S-1-5-21-1680856076-1700718083-3477311726-1001",
      "TargetName": "NordPass/split_Features3",
      "Type": "1"
    },
    "System": {
      "Channel": "Security",
      "Computer": "dansDesktop",
      "Correlation": {},
      "EventID": "5379",
      "EventRecordID": "8305789",
      "Execution": {
        "ProcessID": "1128",
        "ThreadID": "16200"
      },
      "Keywords": "0x8020000000000000",
      "Level": "0",
      "Opcode": "0",
      "Provider": {
        "Guid": "{54849625-5478-4994-a5ba-3e3b0328c30d}",
        "Name": "Microsoft-Windows-Security-Auditing"
      },
      "Security": {
        "UserID": ""
      },
      "Task": "13824",
      "TimeCreated": {
        "SystemTime": "2024-12-31T15:49:36.9547810Z"
      },
      "Version": "0"
    }
  }
}
2024/12/31 15:49:37 Received log message from agent {
  "Event": {
    "EventData": {
      "ClientProcessId": "14928",
      "CountOfCredentialsReturned": "1",
      "ProcessCreationTime": "2024-12-16T14:59:56.2501338Z",
      "ReadOperation": "%%8099",
      "ReturnCode": "0",
      "SubjectDomainName": "DANSDESKTOP",
      "SubjectLogonId": "0x4c0db",
      "SubjectUserName": "danfe",
      "SubjectUserSid": "S-1-5-21-1680856076-1700718083-3477311726-1001",
      "TargetName": "NordPass/split_Features4",
      "Type": "1"
    },
    "System": {
      "Channel": "Security",
      "Computer": "dansDesktop",
      "Correlation": {},
      "EventID": "5379",
      "EventRecordID": "8305790",
      "Execution": {
        "ProcessID": "1128",
        "ThreadID": "16200"
      },
      "Keywords": "0x8020000000000000",
      "Level": "0",
      "Opcode": "0",
      "Provider": {
        "Guid": "{54849625-5478-4994-a5ba-3e3b0328c30d}",
        "Name": "Microsoft-Windows-Security-Auditing"
      },
      "Security": {
        "UserID": ""
      },
      "Task": "13824",
      "TimeCreated": {
        "SystemTime": "2024-12-31T15:49:36.9550987Z"
      },
      "Version": "0"
    }
  }
}
2024/12/31 15:49:37 Received log message from agent {
  "Event": {
    "EventData": {
      "ClientProcessId": "14928",
      "CountOfCredentialsReturned": "1",
      "ProcessCreationTime": "2024-12-16T14:59:56.2501338Z",
      "ReadOperation": "%%8099",
      "ReturnCode": "0",
      "SubjectDomainName": "DANSDESKTOP",
      "SubjectLogonId": "0x4c0db",
      "SubjectUserName": "danfe",
      "SubjectUserSid": "S-1-5-21-1680856076-1700718083-3477311726-1001",
      "TargetName": "NordPass/split_Features5",
      "Type": "1"
    },
    "System": {
      "Channel": "Security",
      "Computer": "dansDesktop",
      "Correlation": {},
      "EventID": "5379",
      "EventRecordID": "8305791",
      "Execution": {
        "ProcessID": "1128",
        "ThreadID": "16200"
      },
      "Keywords": "0x8020000000000000",
      "Level": "0",
      "Opcode": "0",
      "Provider": {
        "Guid": "{54849625-5478-4994-a5ba-3e3b0328c30d}",
        "Name": "Microsoft-Windows-Security-Auditing"
      },
      "Security": {
        "UserID": ""
      },
      "Task": "13824",
      "TimeCreated": {
        "SystemTime": "2024-12-31T15:49:36.9554383Z"
      },
      "Version": "0"
    }
  }
}
2024/12/31 15:49:37 Received log message from agent {
  "Event": {
    "EventData": {
      "ClientProcessId": "14928",
      "CountOfCredentialsReturned": "1",
      "ProcessCreationTime": "2024-12-16T14:59:56.2501338Z",
      "ReadOperation": "%%8099",
      "ReturnCode": "0",
      "SubjectDomainName": "DANSDESKTOP",
      "SubjectLogonId": "0x4c0db",
      "SubjectUserName": "danfe",
      "SubjectUserSid": "S-1-5-21-1680856076-1700718083-3477311726-1001",
      "TargetName": "NordPass/split_Features6",
      "Type": "1"
    },
    "System": {
      "Channel": "Security",
      "Computer": "dansDesktop",
      "Correlation": {},
      "EventID": "5379",
      "EventRecordID": "8305792",
      "Execution": {
        "ProcessID": "1128",
        "ThreadID": "16200"
      },
      "Keywords": "0x8020000000000000",
      "Level": "0",
      "Opcode": "0",
      "Provider": {
        "Guid": "{54849625-5478-4994-a5ba-3e3b0328c30d}",
        "Name": "Microsoft-Windows-Security-Auditing"
      },
      "Security": {
        "UserID": ""
      },
      "Task": "13824",
      "TimeCreated": {
        "SystemTime": "2024-12-31T15:49:36.9557530Z"
      },
      "Version": "0"
    }
  }
}
2024/12/31 15:49:37 Received log message from agent {
  "Event": {
    "EventData": {
      "ClientProcessId": "14928",
      "CountOfCredentialsReturned": "1",
      "ProcessCreationTime": "2024-12-16T14:59:56.2501338Z",
      "ReadOperation": "%%8099",
      "ReturnCode": "0",
      "SubjectDomainName": "DANSDESKTOP",
      "SubjectLogonId": "0x4c0db",
      "SubjectUserName": "danfe",
      "SubjectUserSid": "S-1-5-21-1680856076-1700718083-3477311726-1001",
      "TargetName": "NordPass/split_Features7",
      "Type": "1"
    },
    "System": {
      "Channel": "Security",
      "Computer": "dansDesktop",
      "Correlation": {},
      "EventID": "5379",
      "EventRecordID": "8305793",
      "Execution": {
        "ProcessID": "1128",
        "ThreadID": "16200"
      },
      "Keywords": "0x8020000000000000",
      "Level": "0",
      "Opcode": "0",
      "Provider": {
        "Guid": "{54849625-5478-4994-a5ba-3e3b0328c30d}",
        "Name": "Microsoft-Windows-Security-Auditing"
      },
      "Security": {
        "UserID": ""
      },
      "Task": "13824",
      "TimeCreated": {
        "SystemTime": "2024-12-31T15:49:36.9560697Z"
      },
      "Version": "0"
    }
  }
}
2024/12/31 15:49:37 Received log message from agent {
  "Event": {
    "EventData": {
      "ClientProcessId": "14928",
      "CountOfCredentialsReturned": "1",
      "ProcessCreationTime": "2024-12-16T14:59:56.2501338Z",
      "ReadOperation": "%%8099",
      "ReturnCode": "0",
      "SubjectDomainName": "DANSDESKTOP",
      "SubjectLogonId": "0x4c0db",
      "SubjectUserName": "danfe",
      "SubjectUserSid": "S-1-5-21-1680856076-1700718083-3477311726-1001",
      "TargetName": "NordPass/split_Features8",
      "Type": "1"
    },
    "System": {
      "Channel": "Security",
      "Computer": "dansDesktop",
      "Correlation": {},
      "EventID": "5379",
      "EventRecordID": "8305794",
      "Execution": {
        "ProcessID": "1128",
        "ThreadID": "16200"
      },
      "Keywords": "0x8020000000000000",
      "Level": "0",
      "Opcode": "0",
      "Provider": {
        "Guid": "{54849625-5478-4994-a5ba-3e3b0328c30d}",
        "Name": "Microsoft-Windows-Security-Auditing"
      },
      "Security": {
        "UserID": ""
      },
      "Task": "13824",
      "TimeCreated": {
        "SystemTime": "2024-12-31T15:49:36.9563846Z"
      },
      "Version": "0"
    }
  }
}
2024/12/31 15:49:37 Received log message from agent {
  "Event": {
    "EventData": {
      "ClientProcessId": "14928",
      "CountOfCredentialsReturned": "1",
      "ProcessCreationTime": "2024-12-16T14:59:56.2501338Z",
      "ReadOperation": "%%8099",
      "ReturnCode": "0",
      "SubjectDomainName": "DANSDESKTOP",
      "SubjectLogonId": "0x4c0db",
      "SubjectUserName": "danfe",
      "SubjectUserSid": "S-1-5-21-1680856076-1700718083-3477311726-1001",
      "TargetName": "NordPass/split_Features9",
      "Type": "1"
    },
    "System": {
      "Channel": "Security",
      "Computer": "dansDesktop",
      "Correlation": {},
      "EventID": "5379",
      "EventRecordID": "8305795",
      "Execution": {
        "ProcessID": "1128",
        "ThreadID": "16200"
      },
      "Keywords": "0x8020000000000000",
      "Level": "0",
      "Opcode": "0",
      "Provider": {
        "Guid": "{54849625-5478-4994-a5ba-3e3b0328c30d}",
        "Name": "Microsoft-Windows-Security-Auditing"
      },
      "Security": {
        "UserID": ""
      },
      "Task": "13824",
      "TimeCreated": {
        "SystemTime": "2024-12-31T15:49:36.9566799Z"
      },
      "Version": "0"
    }
  }
}
2024/12/31 15:49:37 Received log message from agent {
  "Event": {
    "EventData": {
      "ClientProcessId": "14928",
      "CountOfCredentialsReturned": "1",
      "ProcessCreationTime": "2024-12-16T14:59:56.2501338Z",
      "ReadOperation": "%%8099",
      "ReturnCode": "0",
      "SubjectDomainName": "DANSDESKTOP",
      "SubjectLogonId": "0x4c0db",
      "SubjectUserName": "danfe",
      "SubjectUserSid": "S-1-5-21-1680856076-1700718083-3477311726-1001",
      "TargetName": "NordPass/split_Features10",
      "Type": "1"
    },
    "System": {
      "Channel": "Security",
      "Computer": "dansDesktop",
      "Correlation": {},
      "EventID": "5379",
      "EventRecordID": "8305796",
      "Execution": {
        "ProcessID": "1128",
        "ThreadID": "16200"
      },
      "Keywords": "0x8020000000000000",
      "Level": "0",
      "Opcode": "0",
      "Provider": {
        "Guid": "{54849625-5478-4994-a5ba-3e3b0328c30d}",
        "Name": "Microsoft-Windows-Security-Auditing"
      },
      "Security": {
        "UserID": ""
      },
      "Task": "13824",
      "TimeCreated": {
        "SystemTime": "2024-12-31T15:49:36.9569802Z"
      },
      "Version": "0"
    }
  }
}
2024/12/31 15:49:37 Received log message from agent {
  "Event": {
    "EventData": {
      "ClientProcessId": "14928",
      "CountOfCredentialsReturned": "1",
      "ProcessCreationTime": "2024-12-16T14:59:56.2501338Z",
      "ReadOperation": "%%8099",
      "ReturnCode": "0",
      "SubjectDomainName": "DANSDESKTOP",
      "SubjectLogonId": "0x4c0db",
      "SubjectUserName": "danfe",
      "SubjectUserSid": "S-1-5-21-1680856076-1700718083-3477311726-1001",
      "TargetName": "NordPass/split_Features11",
      "Type": "1"
    },
    "System": {
      "Channel": "Security",
      "Computer": "dansDesktop",
      "Correlation": {},
      "EventID": "5379",
      "EventRecordID": "8305797",
      "Execution": {
        "ProcessID": "1128",
        "ThreadID": "16200"
      },
      "Keywords": "0x8020000000000000",
      "Level": "0",
      "Opcode": "0",
      "Provider": {
        "Guid": "{54849625-5478-4994-a5ba-3e3b0328c30d}",
        "Name": "Microsoft-Windows-Security-Auditing"
      },
      "Security": {
        "UserID": ""
      },
      "Task": "13824",
      "TimeCreated": {
        "SystemTime": "2024-12-31T15:49:36.9572841Z"
      },
      "Version": "0"
    }
  }
}
2024/12/31 15:49:37 Received log message from agent {
  "Event": {
    "EventData": {
      "ClientProcessId": "14928",
      "CountOfCredentialsReturned": "1",
      "ProcessCreationTime": "2024-12-16T14:59:56.2501338Z",
      "ReadOperation": "%%8099",
      "ReturnCode": "0",
      "SubjectDomainName": "DANSDESKTOP",
      "SubjectLogonId": "0x4c0db",
      "SubjectUserName": "danfe",
      "SubjectUserSid": "S-1-5-21-1680856076-1700718083-3477311726-1001",
      "TargetName": "NordPass/split_Features12",
      "Type": "1"
    },
    "System": {
      "Channel": "Security",
      "Computer": "dansDesktop",
      "Correlation": {},
      "EventID": "5379",
      "EventRecordID": "8305798",
      "Execution": {
        "ProcessID": "1128",
        "ThreadID": "16200"
      },
      "Keywords": "0x8020000000000000",
      "Level": "0",
      "Opcode": "0",
      "Provider": {
        "Guid": "{54849625-5478-4994-a5ba-3e3b0328c30d}",
        "Name": "Microsoft-Windows-Security-Auditing"
      },
      "Security": {
        "UserID": ""
      },
      "Task": "13824",
      "TimeCreated": {
        "SystemTime": "2024-12-31T15:49:36.9575370Z"
      },
      "Version": "0"
    }
  }
}
2024/12/31 15:49:38 Received log message from agent {
  "agent_id": "1234567890",
  "agent_name": "jarvis-agent-windows",
  "data": {
    "cpu": {
      "count": 8,
      "usage_percent": [
        20,
        15.384615384615385,
        0,
        21.53846153846154,
        16.923076923076923,
        6.25,
        0,
        3.076923076923077
      ]
    },
    "memory": {
      "free": 3833827328,
      "total": 16996769792,
      "usage_percent": 77,
      "used": 13162942464
    }
  },
  "level": "info",
  "message": "System metrics collected",
  "source": "system_monitor",
  "timestamp": "2024-12-31T09:49:37.9483526-06:00",
  "type": "metrics"
}
2024/12/31 15:49:38 Received log message from agent {
  "cpu": {
    "count": 8,
    "usage_percent": [
      20,
      15.384615384615385,
      0,
      21.53846153846154,
      16.923076923076923,
      6.25,
      0,
      3.076923076923077
    ]
  },
  "memory": {
    "free": 3833827328,
    "total": 16996769792,
    "usage_percent": 77,
    "used": 13162942464
  },
  "network": {
    "bytes_recv": 17713353819,
    "bytes_sent": 2092984676,
    "packets_recv": 16534315,
    "packets_sent": 7775394
  },
  "temperature": [
    {
      "sensor_key": "ACPI\\ThermalZone\\TZ00_0",
      "temperature": 27.85
    },
    {
      "sensor_key": "ACPI\\ThermalZone\\TZ01_0",
      "temperature": 29.85
    }
  ],
  "timestamp": "2024-12-31T09:49:37.9483526-06:00"
}
2024/12/31 15:49:41 Received log message from agent {
  "name": "wuauserv",
  "status": "Stopped",
  "timestamp": "2024-12-31T09:49:41.948093-06:00"
}
2024/12/31 15:49:41 Received log message from agent {
  "name": "EventLog",
  "status": "Running",
  "timestamp": "2024-12-31T09:49:41.9485974-06:00"
}
2024/12/31 15:49:42 Received log message from agent {
  "agent_id": "1234567890",
  "agent_name": "jarvis-agent-windows",
  "data": {
    "cpu": {
      "count": 8,
      "usage_percent": [
        45.3125,
        14.0625,
        0,
        3.125,
        4.761904761904762,
        0,
        14.0625,
        13.846153846153847
      ]
    },
    "memory": {
      "free": 3848646656,
      "total": 16996769792,
      "usage_percent": 77,
      "used": 13148123136
    }
  },
  "level": "info",
  "message": "System metrics collected",
  "source": "system_monitor",
  "timestamp": "2024-12-31T09:49:41.9479634-06:00",
  "type": "metrics"
}
2024/12/31 15:49:42 Received log message from agent {
  "cpu": {
    "count": 8,
    "usage_percent": [
      45.3125,
      14.0625,
      0,
      3.125,
      4.761904761904762,
      0,
      14.0625,
      13.846153846153847
    ]
  },
  "memory": {
    "free": 3848646656,
    "total": 16996769792,
    "usage_percent": 77,
    "used": 13148123136
  },
  "network": {
    "bytes_recv": 17713362328,
    "bytes_sent": 2092989164,
    "packets_recv": 16534337,
    "packets_sent": 7775412
  },
  "temperature": [
    {
      "sensor_key": "ACPI\\ThermalZone\\TZ00_0",
      "temperature": 27.85
    },
    {
      "sensor_key": "ACPI\\ThermalZone\\TZ01_0",
      "temperature": 29.85
    }
  ],
  "timestamp": "2024-12-31T09:49:41.9479634-06:00"
}
2024/12/31 15:49:45 Received log message from agent {
  "name": "EventLog",
  "status": "Running",
  "timestamp": "2024-12-31T09:49:45.94792-06:00"
}
2024/12/31 15:49:45 Received log message from agent {
  "name": "wuauserv",
  "status": "Stopped",
  "timestamp": "2024-12-31T09:49:45.94792-06:00"
}
2024/12/31 15:49:46 Received log message from agent {
  "agent_id": "1234567890",
  "agent_name": "jarvis-agent-windows",
  "data": {
    "cpu": {
      "count": 8,
      "usage_percent": [
        52.307692307692314,
        0,
        32.8125,
        0,
        0,
        1.5384615384615385,
        0,
        1.5625
      ]
    },
    "memory": {
      "free": 3833917440,
      "total": 16996769792,
      "usage_percent": 77,
      "used": 13162852352
    }
  },
  "level": "info",
  "message": "System metrics collected",
  "source": "system_monitor",
  "timestamp": "2024-12-31T09:49:45.9477819-06:00",
  "type": "metrics"
}
2024/12/31 15:49:46 Received log message from agent {
  "cpu": {
    "count": 8,
    "usage_percent": [
      52.307692307692314,
      0,
      32.8125,
      0,
      0,
      1.5384615384615385,
      0,
      1.5625
    ]
  },
  "memory": {
    "free": 3833917440,
    "total": 16996769792,
    "usage_percent": 77,
    "used": 13162852352
  },
  "network": {
    "bytes_recv": 17713377758,
    "bytes_sent": 2093001589,
    "packets_recv": 16534382,
    "packets_sent": 7775447
  },
  "temperature": [
    {
      "sensor_key": "ACPI\\ThermalZone\\TZ00_0",
      "temperature": 27.85
    },
    {
      "sensor_key": "ACPI\\ThermalZone\\TZ01_0",
      "temperature": 29.85
    }
  ],
  "timestamp": "2024-12-31T09:49:45.9477819-06:00"
}
2024/12/31 15:49:49 Received log message from agent {
  "name": "wuauserv",
  "status": "Stopped",
  "timestamp": "2024-12-31T09:49:49.9487042-06:00"
}
2024/12/31 15:49:49 Received log message from agent {
  "name": "EventLog",
  "status": "Running",
  "timestamp": "2024-12-31T09:49:49.9488512-06:00"
}
2024/12/31 15:49:50 Received log message from agent {
  "agent_id": "1234567890",
  "agent_name": "jarvis-agent-windows",
  "data": {
    "cpu": {
      "count": 8,
      "usage_percent": [
        35.9375,
        4.615384615384616,
        1.5384615384615385,
        16.923076923076923,
        0,
        0,
        20.3125,
        0
      ]
    },
    "memory": {
      "free": 3834503168,
      "total": 16996769792,
      "usage_percent": 77,
      "used": 13162266624
    }
  },
  "level": "info",
  "message": "System metrics collected",
  "source": "system_monitor",
  "timestamp": "2024-12-31T09:49:49.948362-06:00",
  "type": "metrics"
}
2024/12/31 15:49:50 Received log message from agent {
  "cpu": {
    "count": 8,
    "usage_percent": [
      35.9375,
      4.615384615384616,
      1.5384615384615385,
      16.923076923076923,
      0,
      0,
      20.3125,
      0
    ]
  },
  "memory": {
    "free": 3834503168,
    "total": 16996769792,
    "usage_percent": 77,
    "used": 13162266624
  },
  "network": {
    "bytes_recv": 17713378252,
    "bytes_sent": 2093001736,
    "packets_recv": 16534385,
    "packets_sent": 7775449
  },
  "temperature": [
    {
      "sensor_key": "ACPI\\ThermalZone\\TZ00_0",
      "temperature": 27.85
    },
    {
      "sensor_key": "ACPI\\ThermalZone\\TZ01_0",
      "temperature": 29.85
    }
  ],
  "timestamp": "2024-12-31T09:49:49.948362-06:00"
}
2024/12/31 15:50:58 Received log message from agent {
  "name": "wuauserv",
  "status": "Stopped",
  "timestamp": "2024-12-31T09:50:58.6782051-06:00"
}
2024/12/31 15:50:58 Received log message from agent {
  "name": "EventLog",
  "status": "Running",
  "timestamp": "2024-12-31T09:50:58.6786045-06:00"
}
2024/12/31 15:50:59 Received log message from agent {
  "agent_id": "1234567890",
  "agent_name": "jarvis-agent-windows",
  "data": {
    "cpu": {
      "count": 8,
      "usage_percent": [
        1.5384615384615385,
        0,
        31.25,
        42.1875,
        0,
        0,
        0,
        0
      ]
    },
    "memory": {
      "free": 3750219776,
      "total": 16996769792,
      "usage_percent": 77,
      "used": 13246550016
    }
  },
  "level": "info",
  "message": "System metrics collected",
  "source": "system_monitor",
  "timestamp": "2024-12-31T09:50:58.6777384-06:00",
  "type": "metrics"
}
2024/12/31 15:50:59 Received log message from agent {
  "cpu": {
    "count": 8,
    "usage_percent": [
      1.5384615384615385,
      0,
      31.25,
      42.1875,
      0,
      0,
      0,
      0
    ]
  },
  "memory": {
    "free": 3750219776,
    "total": 16996769792,
    "usage_percent": 77,
    "used": 13246550016
  },
  "network": {
    "bytes_recv": 17713531993,
    "bytes_sent": 2093091205,
    "packets_recv": 16534716,
    "packets_sent": 7775730
  },
  "temperature": [
    {
      "sensor_key": "ACPI\\ThermalZone\\TZ00_0",
      "temperature": 27.85
    },
    {
      "sensor_key": "ACPI\\ThermalZone\\TZ01_0",
      "temperature": 29.85
    }
  ],
  "timestamp": "2024-12-31T09:50:58.6777384-06:00"
}
2024/12/31 15:51:02 Received log message from agent {
  "name": "EventLog",
  "status": "Running",
  "timestamp": "2024-12-31T09:51:02.6785147-06:00"
}
2024/12/31 15:51:02 Received log message from agent {
  "name": "wuauserv",
  "status": "Stopped",
  "timestamp": "2024-12-31T09:51:02.678001-06:00"
}
2024/12/31 15:51:03 Received log message from agent {
  "agent_id": "1234567890",
  "agent_name": "jarvis-agent-windows",
  "data": {
    "cpu": {
      "count": 8,
      "usage_percent": [
        18.461538461538463,
        7.6923076923076925,
        0,
        3.125,
        43.07692307692308,
        0,
        0,
        4.6875
      ]
    },
    "memory": {
      "free": 3745292288,
      "total": 16996769792,
      "usage_percent": 77,
      "used": 13251477504
    }
  },
  "level": "info",
  "message": "System metrics collected",
  "source": "system_monitor",
  "timestamp": "2024-12-31T09:51:02.6776904-06:00",
  "type": "metrics"
}
2024/12/31 15:51:03 Received log message from agent {
  "cpu": {
    "count": 8,
    "usage_percent": [
      18.461538461538463,
      7.6923076923076925,
      0,
      3.125,
      43.07692307692308,
      0,
      0,
      4.6875
    ]
  },
  "memory": {
    "free": 3745292288,
    "total": 16996769792,
    "usage_percent": 77,
    "used": 13251477504
  },
  "network": {
    "bytes_recv": 17713532419,
    "bytes_sent": 2093091424,
    "packets_recv": 16534719,
    "packets_sent": 7775733
  },
  "temperature": [
    {
      "sensor_key": "ACPI\\ThermalZone\\TZ00_0",
      "temperature": 27.85
    },
    {
      "sensor_key": "ACPI\\ThermalZone\\TZ01_0",
      "temperature": 29.85
    }
  ],
  "timestamp": "2024-12-31T09:51:02.6776904-06:00"
}
2024/12/31 15:51:06 Received log message from agent {
  "name": "EventLog",
  "status": "Running",
  "timestamp": "2024-12-31T09:51:06.6777597-06:00"
}
2024/12/31 15:51:06 Received log message from agent {
  "name": "wuauserv",
  "status": "Stopped",
  "timestamp": "2024-12-31T09:51:06.6777597-06:00"
}
2024/12/31 15:51:07 Received log message from agent {
  "agent_id": "1234567890",
  "agent_name": "jarvis-agent-windows",
  "data": {
    "cpu": {
      "count": 8,
      "usage_percent": [
        1.5384615384615385,
        15.384615384615385,
        0,
        17.1875,
        17.1875,
        3.125,
        0,
        53.96825396825397
      ]
    },
    "memory": {
      "free": 3743932416,
      "total": 16996769792,
      "usage_percent": 77,
      "used": 13252837376
    }
  },
  "level": "info",
  "message": "System metrics collected",
  "source": "system_monitor",
  "timestamp": "2024-12-31T09:51:06.6776353-06:00",
  "type": "metrics"
}
2024/12/31 15:51:07 Received log message from agent {
  "cpu": {
    "count": 8,
    "usage_percent": [
      1.5384615384615385,
      15.384615384615385,
      0,
      17.1875,
      17.1875,
      3.125,
      0,
      53.96825396825397
    ]
  },
  "memory": {
    "free": 3743932416,
    "total": 16996769792,
    "usage_percent": 77,
    "used": 13252837376
  },
  "network": {
    "bytes_recv": 17713548153,
    "bytes_sent": 2093101384,
    "packets_recv": 16534748,
    "packets_sent": 7775758
  },
  "temperature": [
    {
      "sensor_key": "ACPI\\ThermalZone\\TZ00_0",
      "temperature": 27.85
    },
    {
      "sensor_key": "ACPI\\ThermalZone\\TZ01_0",
      "temperature": 29.85
    }
  ],
  "timestamp": "2024-12-31T09:51:06.6776353-06:00"
}
2024/12/31 15:51:10 Received log message from agent {
  "name": "wuauserv",
  "status": "Stopped",
  "timestamp": "2024-12-31T09:51:10.6777584-06:00"
}
2024/12/31 15:51:10 Received log message from agent {
  "name": "EventLog",
  "status": "Running",
  "timestamp": "2024-12-31T09:51:10.678347-06:00"
}
2024/12/31 15:51:11 Received log message from agent {
  "agent_id": "1234567890",
  "agent_name": "jarvis-agent-windows",
  "data": {
    "cpu": {
      "count": 8,
      "usage_percent": [
        32.8125,
        14.285714285714285,
        0,
        6.349206349206349,
        1.5873015873015872,
        0,
        1.5625,
        16.923076923076923
      ]
    },
    "memory": {
      "free": 3729473536,
      "total": 16996769792,
      "usage_percent": 78,
      "used": 13267296256
    }
  },
  "level": "info",
  "message": "System metrics collected",
  "source": "system_monitor",
  "timestamp": "2024-12-31T09:51:10.6775236-06:00",
  "type": "metrics"
}
2024/12/31 15:51:11 Received log message from agent {
  "cpu": {
    "count": 8,
    "usage_percent": [
      32.8125,
      14.285714285714285,
      0,
      6.349206349206349,
      1.5873015873015872,
      0,
      1.5625,
      16.923076923076923
    ]
  },
  "memory": {
    "free": 3729473536,
    "total": 16996769792,
    "usage_percent": 78,
    "used": 13267296256
  },
  "network": {
    "bytes_recv": 17713551344,
    "bytes_sent": 2093103546,
    "packets_recv": 16534762,
    "packets_sent": 7775773
  },
  "temperature": [
    {
      "sensor_key": "ACPI\\ThermalZone\\TZ00_0",
      "temperature": 27.85
    },
    {
      "sensor_key": "ACPI\\ThermalZone\\TZ01_0",
      "temperature": 29.85
    }
  ],
  "timestamp": "2024-12-31T09:51:10.6775236-06:00"
}
2024/12/31 15:51:14 Received log message from agent {
  "name": "EventLog",
  "status": "Running",
  "timestamp": "2024-12-31T09:51:14.677441-06:00"
}
2024/12/31 15:51:14 Received log message from agent {
  "name": "wuauserv",
  "status": "Stopped",
  "timestamp": "2024-12-31T09:51:14.677441-06:00"
}
2024/12/31 15:51:15 Received log message from agent {
  "agent_id": "1234567890",
  "agent_name": "jarvis-agent-windows",
  "data": {
    "cpu": {
      "count": 8,
      "usage_percent": [
        20.634920634920633,
        3.1746031746031744,
        14.285714285714285,
        0,
        0,
        0,
        18.75,
        14.0625
      ]
    },
    "memory": {
      "free": 3694624768,
      "total": 16996769792,
      "usage_percent": 78,
      "used": 13302145024
    }
  },
  "level": "info",
  "message": "System metrics collected",
  "source": "system_monitor",
  "timestamp": "2024-12-31T09:51:14.677441-06:00",
  "type": "metrics"
}
2024/12/31 15:51:15 Received log message from agent {
  "cpu": {
    "count": 8,
    "usage_percent": [
      20.634920634920633,
      3.1746031746031744,
      14.285714285714285,
      0,
      0,
      0,
      18.75,
      14.0625
    ]
  },
  "memory": {
    "free": 3694624768,
    "total": 16996769792,
    "usage_percent": 78,
    "used": 13302145024
  },
  "network": {
    "bytes_recv": 17713576414,
    "bytes_sent": 2093120711,
    "packets_recv": 16534831,
    "packets_sent": 7775834
  },
  "temperature": [
    {
      "sensor_key": "ACPI\\ThermalZone\\TZ00_0",
      "temperature": 27.85
    },
    {
      "sensor_key": "ACPI\\ThermalZone\\TZ01_0",
      "temperature": 29.85
    }
  ],
  "timestamp": "2024-12-31T09:51:14.6773887-06:00"
}
2024/12/31 15:51:18 Received log message from agent {
  "name": "wuauserv",
  "status": "Stopped",
  "timestamp": "2024-12-31T09:51:18.6777199-06:00"
}
2024/12/31 15:51:18 Received log message from agent {
  "name": "EventLog",
  "status": "Running",
  "timestamp": "2024-12-31T09:51:18.6777199-06:00"
}
2024/12/31 15:51:19 Received log message from agent {
  "agent_id": "1234567890",
  "agent_name": "jarvis-agent-windows",
  "data": {
    "cpu": {
      "count": 8,
      "usage_percent": [
        43.75,
        11.11111111111111,
        6.25,
        7.8125,
        6.25,
        16.923076923076923,
        13.846153846153847,
        12.5
      ]
    },
    "memory": {
      "free": 3693981696,
      "total": 16996769792,
      "usage_percent": 78,
      "used": 13302788096
    }
  },
  "level": "info",
  "message": "System metrics collected",
  "source": "system_monitor",
  "timestamp": "2024-12-31T09:51:18.6775021-06:00",
  "type": "metrics"
}
2024/12/31 15:51:19 Received log message from agent {
  "cpu": {
    "count": 8,
    "usage_percent": [
      43.75,
      11.11111111111111,
      6.25,
      7.8125,
      6.25,
      16.923076923076923,
      13.846153846153847,
      12.5
    ]
  },
  "memory": {
    "free": 3693981696,
    "total": 16996769792,
    "usage_percent": 78,
    "used": 13302788096
  },
  "network": {
    "bytes_recv": 17713577674,
    "bytes_sent": 2093121623,
    "packets_recv": 16534844,
    "packets_sent": 7775848
  },
  "temperature": [
    {
      "sensor_key": "ACPI\\ThermalZone\\TZ00_0",
      "temperature": 27.85
    },
    {
      "sensor_key": "ACPI\\ThermalZone\\TZ01_0",
      "temperature": 29.85
    }
  ],
  "timestamp": "2024-12-31T09:51:18.6775021-06:00"
}
2024/12/31 15:51:22 Received log message from agent {
  "name": "wuauserv",
  "status": "Stopped",
  "timestamp": "2024-12-31T09:51:22.677934-06:00"
}
2024/12/31 15:51:22 Received log message from agent {
  "name": "EventLog",
  "status": "Running",
  "timestamp": "2024-12-31T09:51:22.6782855-06:00"
}
2024/12/31 15:51:23 Received log message from agent {
  "agent_id": "1234567890",
  "agent_name": "jarvis-agent-windows",
  "data": {
    "cpu": {
      "count": 8,
      "usage_percent": [
        52.38095238095239,
        3.1746031746031744,
        1.5873015873015872,
        14.0625,
        1.5625,
        7.936507936507936,
        1.5873015873015872,
        3.125
      ]
    },
    "memory": {
      "free": 3716214784,
      "total": 16996769792,
      "usage_percent": 78,
      "used": 13280555008
    }
  },
  "level": "info",
  "message": "System metrics collected",
  "source": "system_monitor",
  "timestamp": "2024-12-31T09:51:22.6772198-06:00",
  "type": "metrics"
}
2024/12/31 15:51:23 Received log message from agent {
  "cpu": {
    "count": 8,
    "usage_percent": [
      52.38095238095239,
      3.1746031746031744,
      1.5873015873015872,
      14.0625,
      1.5625,
      7.936507936507936,
      1.5873015873015872,
      3.125
    ]
  },
  "memory": {
    "free": 3716214784,
    "total": 16996769792,
    "usage_percent": 78,
    "used": 13280555008
  },
  "network": {
    "bytes_recv": 17713578742,
    "bytes_sent": 2093121825,
    "packets_recv": 16534849,
    "packets_sent": 7775851
  },
  "temperature": [
    {
      "sensor_key": "ACPI\\ThermalZone\\TZ00_0",
      "temperature": 27.85
    },
    {
      "sensor_key": "ACPI\\ThermalZone\\TZ01_0",
      "temperature": 29.85
    }
  ],
  "timestamp": "2024-12-31T09:51:22.6772198-06:00"
}
2024/12/31 15:51:24 Received log message from agent {
  "response_time": 155159700,
  "status": "Up",
  "status_code": 200,
  "timestamp": "2024-12-31T09:51:24.8330113-06:00",
  "url": "https://www.google.com"
}
2024/12/31 15:51:25 Received log message from agent {
  "response_time": 383353900,
  "status": "Up",
  "status_code": 200,
  "timestamp": "2024-12-31T09:51:25.0612055-06:00",
  "url": "https://www.github.com"
}
2024/12/31 15:51:26 Received log message from agent {
  "name": "wuauserv",
  "status": "Stopped",
  "timestamp": "2024-12-31T09:51:26.6778893-06:00"
}
2024/12/31 15:51:26 Received log message from agent {
  "name": "EventLog",
  "status": "Running",
  "timestamp": "2024-12-31T09:51:26.6783958-06:00"
}
2024/12/31 15:51:27 Received log message from agent {
  "agent_id": "1234567890",
  "agent_name": "jarvis-agent-windows",
  "data": {
    "cpu": {
      "count": 8,
      "usage_percent": [
        26.5625,
        0,
        25.396825396825395,
        9.375,
        1.5625,
        0,
        0,
        9.523809523809524
      ]
    },
    "memory": {
      "free": 3720916992,
      "total": 16996769792,
      "usage_percent": 78,
      "used": 13275852800
    }
  },
  "level": "info",
  "message": "System metrics collected",
  "source": "system_monitor",
  "timestamp": "2024-12-31T09:51:26.6775837-06:00",
  "type": "metrics"
}
2024/12/31 15:51:27 Received log message from agent {
  "cpu": {
    "count": 8,
    "usage_percent": [
      26.5625,
      0,
      25.396825396825395,
      9.375,
      1.5625,
      0,
      0,
      9.523809523809524
    ]
  },
  "memory": {
    "free": 3720916992,
    "total": 16996769792,
    "usage_percent": 78,
    "used": 13275852800
  },
  "network": {
    "bytes_recv": 17713638741,
    "bytes_sent": 2093141011,
    "packets_recv": 16534924,
    "packets_sent": 7775901
  },
  "temperature": [
    {
      "sensor_key": "ACPI\\ThermalZone\\TZ00_0",
      "temperature": 27.85
    },
    {
      "sensor_key": "ACPI\\ThermalZone\\TZ01_0",
      "temperature": 29.85
    }
  ],
  "timestamp": "2024-12-31T09:51:26.6775837-06:00"
}
2024/12/31 15:51:30 Received log message from agent {
  "name": "wuauserv",
  "status": "Stopped",
  "timestamp": "2024-12-31T09:51:30.6780294-06:00"
}
2024/12/31 15:51:30 Received log message from agent {
  "name": "EventLog",
  "status": "Running",
  "timestamp": "2024-12-31T09:51:30.6785924-06:00"
}
2024/12/31 15:51:31 Received log message from agent {
  "agent_id": "1234567890",
  "agent_name": "jarvis-agent-windows",
  "data": {
    "cpu": {
      "count": 8,
      "usage_percent": [
        44.44444444444444,
        3.125,
        17.1875,
        1.5384615384615385,
        0,
        1.5625,
        0,
        11.11111111111111
      ]
    },
    "memory": {
      "free": 3718873088,
      "total": 16996769792,
      "usage_percent": 78,
      "used": 13277896704
    }
  },
  "level": "info",
  "message": "System metrics collected",
  "source": "system_monitor",
  "timestamp": "2024-12-31T09:51:30.6777731-06:00",
  "type": "metrics"
}
2024/12/31 15:51:31 Received log message from agent {
  "cpu": {
    "count": 8,
    "usage_percent": [
      44.44444444444444,
      3.125,
      17.1875,
      1.5384615384615385,
      0,
      1.5625,
      0,
      11.11111111111111
    ]
  },
  "memory": {
    "free": 3718873088,
    "total": 16996769792,
    "usage_percent": 78,
    "used": 13277896704
  },
  "network": {
    "bytes_recv": 17713639580,
    "bytes_sent": 2093141654,
    "packets_recv": 16534933,
    "packets_sent": 7775910
  },
  "temperature": [
    {
      "sensor_key": "ACPI\\ThermalZone\\TZ00_0",
      "temperature": 27.85
    },
    {
      "sensor_key": "ACPI\\ThermalZone\\TZ01_0",
      "temperature": 29.85
    }
  ],
  "timestamp": "2024-12-31T09:51:30.6777731-06:00"
}
2024/12/31 15:51:34 Received log message from agent {
  "name": "EventLog",
  "status": "Running",
  "timestamp": "2024-12-31T09:51:34.6780154-06:00"
}
2024/12/31 15:51:34 Received log message from agent {
  "name": "wuauserv",
  "status": "Stopped",
  "timestamp": "2024-12-31T09:51:34.6778422-06:00"
}
2024/12/31 15:51:35 Received log message from agent {
  "agent_id": "1234567890",
  "agent_name": "jarvis-agent-windows",
  "data": {
    "cpu": {
      "count": 8,
      "usage_percent": [
        34.375,
        6.153846153846154,
        9.375,
        4.6875,
        3.1746031746031744,
        4.761904761904762,
        44.44444444444444,
        4.615384615384616
      ]
    },
    "memory": {
      "free": 3727245312,
      "total": 16996769792,
      "usage_percent": 78,
      "used": 13269524480
    }
  },
  "level": "info",
  "message": "System metrics collected",
  "source": "system_monitor",
  "timestamp": "2024-12-31T09:51:34.677606-06:00",
  "type": "metrics"
}
2024/12/31 15:51:35 Received log message from agent {
  "cpu": {
    "count": 8,
    "usage_percent": [
      34.375,
      6.153846153846154,
      9.375,
      4.6875,
      3.1746031746031744,
      4.761904761904762,
      44.44444444444444,
      4.615384615384616
    ]
  },
  "memory": {
    "free": 3727245312,
    "total": 16996769792,
    "usage_percent": 78,
    "used": 13269524480
  },
  "network": {
    "bytes_recv": 17713648406,
    "bytes_sent": 2093141809,
    "packets_recv": 16534937,
    "packets_sent": 7775912
  },
  "temperature": [
    {
      "sensor_key": "ACPI\\ThermalZone\\TZ00_0",
      "temperature": 27.85
    },
    {
      "sensor_key": "ACPI\\ThermalZone\\TZ01_0",
      "temperature": 29.85
    }
  ],
  "timestamp": "2024-12-31T09:51:34.677606-06:00"
}
2024/12/31 15:51:37 Received log message from agent {
  "Event": {
    "EventData": {
      "ClientProcessId": "14928",
      "CountOfCredentialsReturned": "1",
      "ProcessCreationTime": "2024-12-16T14:59:56.2501338Z",
      "ReadOperation": "%%8099",
      "ReturnCode": "0",
      "SubjectDomainName": "DANSDESKTOP",
      "SubjectLogonId": "0x4c0db",
      "SubjectUserName": "danfe",
      "SubjectUserSid": "S-1-5-21-1680856076-1700718083-3477311726-1001",
      "TargetName": "NordPass/PasswordGenerator",
      "Type": "1"
    },
    "System": {
      "Channel": "Security",
      "Computer": "dansDesktop",
      "Correlation": {},
      "EventID": "5379",
      "EventRecordID": "8305854",
      "Execution": {
        "ProcessID": "1128",
        "ThreadID": "69652"
      },
      "Keywords": "0x8020000000000000",
      "Level": "0",
      "Opcode": "0",
      "Provider": {
        "Guid": "{54849625-5478-4994-a5ba-3e3b0328c30d}",
        "Name": "Microsoft-Windows-Security-Auditing"
      },
      "Security": {
        "UserID": ""
      },
      "Task": "13824",
      "TimeCreated": {
        "SystemTime": "2024-12-31T15:51:36.9548013Z"
      },
      "Version": "0"
    }
  }
}
2024/12/31 15:51:37 Received log message from agent {
  "Event": {
    "EventData": {
      "ClientProcessId": "14928",
      "CountOfCredentialsReturned": "1",
      "ProcessCreationTime": "2024-12-16T14:59:56.2501338Z",
      "ReadOperation": "%%8099",
      "ReturnCode": "0",
      "SubjectDomainName": "DANSDESKTOP",
      "SubjectLogonId": "0x4c0db",
      "SubjectUserName": "danfe",
      "SubjectUserSid": "S-1-5-21-1680856076-1700718083-3477311726-1001",
      "TargetName": "NordPass/RecoveryCodeInfo",
      "Type": "1"
    },
    "System": {
      "Channel": "Security",
      "Computer": "dansDesktop",
      "Correlation": {},
      "EventID": "5379",
      "EventRecordID": "8305853",
      "Execution": {
        "ProcessID": "1128",
        "ThreadID": "71124"
      },
      "Keywords": "0x8020000000000000",
      "Level": "0",
      "Opcode": "0",
      "Provider": {
        "Guid": "{54849625-5478-4994-a5ba-3e3b0328c30d}",
        "Name": "Microsoft-Windows-Security-Auditing"
      },
      "Security": {
        "UserID": ""
      },
      "Task": "13824",
      "TimeCreated": {
        "SystemTime": "2024-12-31T15:51:36.9546929Z"
      },
      "Version": "0"
    }
  }
}
2024/12/31 15:51:37 Received log message from agent {
  "Event": {
    "EventData": {
      "ClientProcessId": "14928",
      "CountOfCredentialsReturned": "1",
      "ProcessCreationTime": "2024-12-16T14:59:56.2501338Z",
      "ReadOperation": "%%8099",
      "ReturnCode": "0",
      "SubjectDomainName": "DANSDESKTOP",
      "SubjectLogonId": "0x4c0db",
      "SubjectUserName": "danfe",
      "SubjectUserSid": "S-1-5-21-1680856076-1700718083-3477311726-1001",
      "TargetName": "NordPass/Upsell",
      "Type": "1"
    },
    "System": {
      "Channel": "Security",
      "Computer": "dansDesktop",
      "Correlation": {},
      "EventID": "5379",
      "EventRecordID": "8305855",
      "Execution": {
        "ProcessID": "1128",
        "ThreadID": "16200"
      },
      "Keywords": "0x8020000000000000",
      "Level": "0",
      "Opcode": "0",
      "Provider": {
        "Guid": "{54849625-5478-4994-a5ba-3e3b0328c30d}",
        "Name": "Microsoft-Windows-Security-Auditing"
      },
      "Security": {
        "UserID": ""
      },
      "Task": "13824",
      "TimeCreated": {
        "SystemTime": "2024-12-31T15:51:36.9548844Z"
      },
      "Version": "0"
    }
  }
}
2024/12/31 15:51:37 Received log message from agent {
  "Event": {
    "EventData": {
      "ClientProcessId": "14928",
      "CountOfCredentialsReturned": "1",
      "ProcessCreationTime": "2024-12-16T14:59:56.2501338Z",
      "ReadOperation": "%%8099",
      "ReturnCode": "0",
      "SubjectDomainName": "DANSDESKTOP",
      "SubjectLogonId": "0x4c0db",
      "SubjectUserName": "danfe",
      "SubjectUserSid": "S-1-5-21-1680856076-1700718083-3477311726-1001",
      "TargetName": "NordPass/VaultState",
      "Type": "1"
    },
    "System": {
      "Channel": "Security",
      "Computer": "dansDesktop",
      "Correlation": {},
      "EventID": "5379",
      "EventRecordID": "8305856",
      "Execution": {
        "ProcessID": "1128",
        "ThreadID": "71124"
      },
      "Keywords": "0x8020000000000000",
      "Level": "0",
      "Opcode": "0",
      "Provider": {
        "Guid": "{54849625-5478-4994-a5ba-3e3b0328c30d}",
        "Name": "Microsoft-Windows-Security-Auditing"
      },
      "Security": {
        "UserID": ""
      },
      "Task": "13824",
      "TimeCreated": {
        "SystemTime": "2024-12-31T15:51:36.9549520Z"
      },
      "Version": "0"
    }
  }
}
2024/12/31 15:51:37 Received log message from agent {
  "Event": {
    "EventData": {
      "ClientProcessId": "14928",
      "CountOfCredentialsReturned": "1",
      "ProcessCreationTime": "2024-12-16T14:59:56.2501338Z",
      "ReadOperation": "%%8099",
      "ReturnCode": "0",
      "SubjectDomainName": "DANSDESKTOP",
      "SubjectLogonId": "0x4c0db",
      "SubjectUserName": "danfe",
      "SubjectUserSid": "S-1-5-21-1680856076-1700718083-3477311726-1001",
      "TargetName": "NordPass/IsCrashReportingEnabled",
      "Type": "1"
    },
    "System": {
      "Channel": "Security",
      "Computer": "dansDesktop",
      "Correlation": {},
      "EventID": "5379",
      "EventRecordID": "8305857",
      "Execution": {
        "ProcessID": "1128",
        "ThreadID": "28904"
      },
      "Keywords": "0x8020000000000000",
      "Level": "0",
      "Opcode": "0",
      "Provider": {
        "Guid": "{54849625-5478-4994-a5ba-3e3b0328c30d}",
        "Name": "Microsoft-Windows-Security-Auditing"
      },
      "Security": {
        "UserID": ""
      },
      "Task": "13824",
      "TimeCreated": {
        "SystemTime": "2024-12-31T15:51:36.9550436Z"
      },
      "Version": "0"
    }
  }
}
2024/12/31 15:51:37 Received log message from agent {
  "Event": {
    "EventData": {
      "ClientProcessId": "14928",
      "CountOfCredentialsReturned": "1",
      "ProcessCreationTime": "2024-12-16T14:59:56.2501338Z",
      "ReadOperation": "%%8099",
      "ReturnCode": "0",
      "SubjectDomainName": "DANSDESKTOP",
      "SubjectLogonId": "0x4c0db",
      "SubjectUserName": "danfe",
      "SubjectUserSid": "S-1-5-21-1680856076-1700718083-3477311726-1001",
      "TargetName": "NordPass/WebInstallerTrackingEvents",
      "Type": "1"
    },
    "System": {
      "Channel": "Security",
      "Computer": "dansDesktop",
      "Correlation": {},
      "EventID": "5379",
      "EventRecordID": "8305858",
      "Execution": {
        "ProcessID": "1128",
        "ThreadID": "69652"
      },
      "Keywords": "0x8020000000000000",
      "Level": "0",
      "Opcode": "0",
      "Provider": {
        "Guid": "{54849625-5478-4994-a5ba-3e3b0328c30d}",
        "Name": "Microsoft-Windows-Security-Auditing"
      },
      "Security": {
        "UserID": ""
      },
      "Task": "13824",
      "TimeCreated": {
        "SystemTime": "2024-12-31T15:51:36.9551306Z"
      },
      "Version": "0"
    }
  }
}
2024/12/31 15:51:37 Received log message from agent {
  "Event": {
    "EventData": {
      "ClientProcessId": "14928",
      "CountOfCredentialsReturned": "1",
      "ProcessCreationTime": "2024-12-16T14:59:56.2501338Z",
      "ReadOperation": "%%8099",
      "ReturnCode": "0",
      "SubjectDomainName": "DANSDESKTOP",
      "SubjectLogonId": "0x4c0db",
      "SubjectUserName": "danfe",
      "SubjectUserSid": "S-1-5-21-1680856076-1700718083-3477311726-1001",
      "TargetName": "NordPass/IsFirstStart",
      "Type": "1"
    },
    "System": {
      "Channel": "Security",
      "Computer": "dansDesktop",
      "Correlation": {},
      "EventID": "5379",
      "EventRecordID": "8305859",
      "Execution": {
        "ProcessID": "1128",
        "ThreadID": "16200"
      },
      "Keywords": "0x8020000000000000",
      "Level": "0",
      "Opcode": "0",
      "Provider": {
        "Guid": "{54849625-5478-4994-a5ba-3e3b0328c30d}",
        "Name": "Microsoft-Windows-Security-Auditing"
      },
      "Security": {
        "UserID": ""
      },
      "Task": "13824",
      "TimeCreated": {
        "SystemTime": "2024-12-31T15:51:36.9551613Z"
      },
      "Version": "0"
    }
  }
}
2024/12/31 15:51:37 Received log message from agent {
  "Event": {
    "EventData": {
      "ClientProcessId": "14928",
      "CountOfCredentialsReturned": "1",
      "ProcessCreationTime": "2024-12-16T14:59:56.2501338Z",
      "ReadOperation": "%%8099",
      "ReturnCode": "0",
      "SubjectDomainName": "DANSDESKTOP",
      "SubjectLogonId": "0x4c0db",
      "SubjectUserName": "danfe",
      "SubjectUserSid": "S-1-5-21-1680856076-1700718083-3477311726-1001",
      "TargetName": "NordPass/HasNeverLoggedIn",
      "Type": "1"
    },
    "System": {
      "Channel": "Security",
      "Computer": "dansDesktop",
      "Correlation": {},
      "EventID": "5379",
      "EventRecordID": "8305860",
      "Execution": {
        "ProcessID": "1128",
        "ThreadID": "71124"
      },
      "Keywords": "0x8020000000000000",
      "Level": "0",
      "Opcode": "0",
      "Provider": {
        "Guid": "{54849625-5478-4994-a5ba-3e3b0328c30d}",
        "Name": "Microsoft-Windows-Security-Auditing"
      },
      "Security": {
        "UserID": ""
      },
      "Task": "13824",
      "TimeCreated": {
        "SystemTime": "2024-12-31T15:51:36.9552253Z"
      },
      "Version": "0"
    }
  }
}
2024/12/31 15:51:37 Received log message from agent {
  "Event": {
    "EventData": {
      "ClientProcessId": "14928",
      "CountOfCredentialsReturned": "1",
      "ProcessCreationTime": "2024-12-16T14:59:56.2501338Z",
      "ReadOperation": "%%8099",
      "ReturnCode": "0",
      "SubjectDomainName": "DANSDESKTOP",
      "SubjectLogonId": "0x4c0db",
      "SubjectUserName": "danfe",
      "SubjectUserSid": "S-1-5-21-1680856076-1700718083-3477311726-1001",
      "TargetName": "NordPass/SendActionsTimeRemaining",
      "Type": "1"
    },
    "System": {
      "Channel": "Security",
      "Computer": "dansDesktop",
      "Correlation": {},
      "EventID": "5379",
      "EventRecordID": "8305861",
      "Execution": {
        "ProcessID": "1128",
        "ThreadID": "28904"
      },
      "Keywords": "0x8020000000000000",
      "Level": "0",
      "Opcode": "0",
      "Provider": {
        "Guid": "{54849625-5478-4994-a5ba-3e3b0328c30d}",
        "Name": "Microsoft-Windows-Security-Auditing"
      },
      "Security": {
        "UserID": ""
      },
      "Task": "13824",
      "TimeCreated": {
        "SystemTime": "2024-12-31T15:51:36.9552691Z"
      },
      "Version": "0"
    }
  }
}
