2024/12/31 23:25:41 Received log message from agent {
  "agent_id": "1234567890",
  "agent_name": "jarvis-agent-windows",
  "data": {
    "event": {
      "channel": "Security",
      "computer": "dansDesktop",
      "event_data": {
        "Event": {
          "EventData": {
            "ClientProcessId": "14928",
            "CountOfCredentialsReturned": "1",
            "ProcessCreationTime": "2024-12-16T14:59:56.2501338Z",
            "ReadOperation": "%%8099",
            "ReturnCode": "0",
            "SubjectDomainName": "DANSDESKTOP",
            "SubjectLogonId": "0x4c0db",
            "SubjectUserName": "danfe",
            "SubjectUserSid": "S-1-5-21-1680856076-1700718083-3477311726-1001",
            "TargetName": "NordPass/SendActionsTimeRemaining",
            "Type": "1"
          },
          "System": {
            "Channel": "Security",
            "Computer": "dansDesktop",
            "Correlation": {},
            "EventID": "5379",
            "EventRecordID": "8332307",
            "Execution": {
              "ProcessID": "1128",
              "ThreadID": "69652"
            },
            "Keywords": "0x8020000000000000",
            "Level": "0",
            "Opcode": "0",
            "Provider": {
              "Guid": "{54849625-5478-4994-a5ba-3e3b0328c30d}",
              "Name": "Microsoft-Windows-Security-Auditing"
            },
            "Security": {
              "UserID": ""
            },
            "Task": "13824",
            "TimeCreated": {
              "SystemTime": "2024-12-31T23:25:40.4425076Z"
            },
            "Version": "0"
          }
        }
      },
      "level": "0",
      "message": ""
    }
  },
  "level": "Unknown",
  "message": "dansDesktop",
  "source": "windows_logs",
  "timestamp": "2024-12-31T17:25:41.4538263-06:00",
  "type": "event"
}
2024/12/31 23:25:41 Received log message from agent {
  "agent_id": "1234567890",
  "agent_name": "jarvis-agent-windows",
  "data": {
    "event": {
      "channel": "Security",
      "computer": "dansDesktop",
      "event_data": {
        "Event": {
          "EventData": {
            "ClientProcessId": "14928",
            "CountOfCredentialsReturned": "1",
            "ProcessCreationTime": "2024-12-16T14:59:56.2501338Z",
            "ReadOperation": "%%8099",
            "ReturnCode": "0",
            "SubjectDomainName": "DANSDESKTOP",
            "SubjectLogonId": "0x4c0db",
            "SubjectUserName": "danfe",
            "SubjectUserSid": "S-1-5-21-1680856076-1700718083-3477311726-1001",
            "TargetName": "NordPass/IsAutoStartTrial",
            "Type": "1"
          },
          "System": {
            "Channel": "Security",
            "Computer": "dansDesktop",
            "Correlation": {},
            "EventID": "5379",
            "EventRecordID": "8332308",
            "Execution": {
              "ProcessID": "1128",
              "ThreadID": "71456"
            },
            "Keywords": "0x8020000000000000",
            "Level": "0",
            "Opcode": "0",
            "Provider": {
              "Guid": "{54849625-5478-4994-a5ba-3e3b0328c30d}",
              "Name": "Microsoft-Windows-Security-Auditing"
            },
            "Security": {
              "UserID": ""
            },
            "Task": "13824",
            "TimeCreated": {
              "SystemTime": "2024-12-31T23:25:40.4425783Z"
            },
            "Version": "0"
          }
        }
      },
      "level": "0",
      "message": ""
    }
  },
  "level": "Unknown",
  "message": "dansDesktop",
  "source": "windows_logs",
  "timestamp": "2024-12-31T17:25:41.4548533-06:00",
  "type": "event"
}
2024/12/31 23:25:41 Received log message from agent {
  "agent_id": "1234567890",
  "agent_name": "jarvis-agent-windows",
  "data": {
    "event": {
      "channel": "Security",
      "computer": "dansDesktop",
      "event_data": {
        "Event": {
          "EventData": {
            "ClientProcessId": "14928",
            "CountOfCredentialsReturned": "1",
            "ProcessCreationTime": "2024-12-16T14:59:56.2501338Z",
            "ReadOperation": "%%8099",
            "ReturnCode": "0",
            "SubjectDomainName": "DANSDESKTOP",
            "SubjectLogonId": "0x4c0db",
            "SubjectUserName": "danfe",
            "SubjectUserSid": "S-1-5-21-1680856076-1700718083-3477311726-1001",
            "TargetName": "NordPass/LastKnownEmail",
            "Type": "1"
          },
          "System": {
            "Channel": "Security",
            "Computer": "dansDesktop",
            "Correlation": {},
            "EventID": "5379",
            "EventRecordID": "8332309",
            "Execution": {
              "ProcessID": "1128",
              "ThreadID": "19024"
            },
            "Keywords": "0x8020000000000000",
            "Level": "0",
            "Opcode": "0",
            "Provider": {
              "Guid": "{54849625-5478-4994-a5ba-3e3b0328c30d}",
              "Name": "Microsoft-Windows-Security-Auditing"
            },
            "Security": {
              "UserID": ""
            },
            "Task": "13824",
            "TimeCreated": {
              "SystemTime": "2024-12-31T23:25:40.4426155Z"
            },
            "Version": "0"
          }
        }
      },
      "level": "0",
      "message": ""
    }
  },
  "level": "Unknown",
  "message": "dansDesktop",
  "source": "windows_logs",
  "timestamp": "2024-12-31T17:25:41.4556165-06:00",
  "type": "event"
}
2024/12/31 23:25:41 Received log message from agent {
  "agent_id": "1234567890",
  "agent_name": "jarvis-agent-windows",
  "data": {
    "event": {
      "channel": "Security",
      "computer": "dansDesktop",
      "event_data": {
        "Event": {
          "EventData": {
            "ClientProcessId": "14928",
            "CountOfCredentialsReturned": "1",
            "ProcessCreationTime": "2024-12-16T14:59:56.2501338Z",
            "ReadOperation": "%%8099",
            "ReturnCode": "0",
            "SubjectDomainName": "DANSDESKTOP",
            "SubjectLogonId": "0x4c0db",
            "SubjectUserName": "danfe",
            "SubjectUserSid": "S-1-5-21-1680856076-1700718083-3477311726-1001",
            "TargetName": "NordPass/SidebarState",
            "Type": "1"
          },
          "System": {
            "Channel": "Security",
            "Computer": "dansDesktop",
            "Correlation": {},
            "EventID": "5379",
            "EventRecordID": "8332310",
            "Execution": {
              "ProcessID": "1128",
              "ThreadID": "69652"
            },
            "Keywords": "0x8020000000000000",
            "Level": "0",
            "Opcode": "0",
            "Provider": {
              "Guid": "{54849625-5478-4994-a5ba-3e3b0328c30d}",
              "Name": "Microsoft-Windows-Security-Auditing"
            },
            "Security": {
              "UserID": ""
            },
            "Task": "13824",
            "TimeCreated": {
              "SystemTime": "2024-12-31T23:25:40.4426577Z"
            },
            "Version": "0"
          }
        }
      },
      "level": "0",
      "message": ""
    }
  },
  "level": "Unknown",
  "message": "dansDesktop",
  "source": "windows_logs",
  "timestamp": "2024-12-31T17:25:41.4571733-06:00",
  "type": "event"
}
2024/12/31 23:25:41 Received log message from agent {
  "agent_id": "1234567890",
  "agent_name": "jarvis-agent-windows",
  "data": {
    "event": {
      "channel": "Security",
      "computer": "dansDesktop",
      "event_data": {
        "Event": {
          "EventData": {
            "ClientProcessId": "14928",
            "CountOfCredentialsReturned": "1",
            "ProcessCreationTime": "2024-12-16T14:59:56.2501338Z",
            "ReadOperation": "%%8099",
            "ReturnCode": "0",
            "SubjectDomainName": "DANSDESKTOP",
            "SubjectLogonId": "0x4c0db",
            "SubjectUserName": "danfe",
            "SubjectUserSid": "S-1-5-21-1680856076-1700718083-3477311726-1001",
            "TargetName": "NordPass/MiscData",
            "Type": "1"
          },
          "System": {
            "Channel": "Security",
            "Computer": "dansDesktop",
            "Correlation": {},
            "EventID": "5379",
            "EventRecordID": "8332311",
            "Execution": {
              "ProcessID": "1128",
              "ThreadID": "70568"
            },
            "Keywords": "0x8020000000000000",
            "Level": "0",
            "Opcode": "0",
            "Provider": {
              "Guid": "{54849625-5478-4994-a5ba-3e3b0328c30d}",
              "Name": "Microsoft-Windows-Security-Auditing"
            },
            "Security": {
              "UserID": ""
            },
            "Task": "13824",
            "TimeCreated": {
              "SystemTime": "2024-12-31T23:25:40.4427034Z"
            },
            "Version": "0"
          }
        }
      },
      "level": "0",
      "message": ""
    }
  },
  "level": "Unknown",
  "message": "dansDesktop",
  "source": "windows_logs",
  "timestamp": "2024-12-31T17:25:41.4579745-06:00",
  "type": "event"
}
2024/12/31 23:25:41 Received log message from agent {
  "agent_id": "1234567890",
  "agent_name": "jarvis-agent-windows",
  "data": {
    "event": {
      "channel": "Security",
      "computer": "dansDesktop",
      "event_data": {
        "Event": {
          "EventData": {
            "ClientProcessId": "14928",
            "CountOfCredentialsReturned": "1",
            "ProcessCreationTime": "2024-12-16T14:59:56.2501338Z",
            "ReadOperation": "%%8099",
            "ReturnCode": "0",
            "SubjectDomainName": "DANSDESKTOP",
            "SubjectLogonId": "0x4c0db",
            "SubjectUserName": "danfe",
            "SubjectUserSid": "S-1-5-21-1680856076-1700718083-3477311726-1001",
            "TargetName": "NordPass/Environment",
            "Type": "1"
          },
          "System": {
            "Channel": "Security",
            "Computer": "dansDesktop",
            "Correlation": {},
            "EventID": "5379",
            "EventRecordID": "8332312",
            "Execution": {
              "ProcessID": "1128",
              "ThreadID": "19024"
            },
            "Keywords": "0x8020000000000000",
            "Level": "0",
            "Opcode": "0",
            "Provider": {
              "Guid": "{54849625-5478-4994-a5ba-3e3b0328c30d}",
              "Name": "Microsoft-Windows-Security-Auditing"
            },
            "Security": {
              "UserID": ""
            },
            "Task": "13824",
            "TimeCreated": {
              "SystemTime": "2024-12-31T23:25:40.4427335Z"
            },
            "Version": "0"
          }
        }
      },
      "level": "0",
      "message": ""
    }
  },
  "level": "Unknown",
  "message": "dansDesktop",
  "source": "windows_logs",
  "timestamp": "2024-12-31T17:25:41.4590649-06:00",
  "type": "event"
}
2024/12/31 23:25:41 Received log message from agent {
  "agent_id": "1234567890",
  "agent_name": "jarvis-agent-windows",
  "data": {
    "event": {
      "channel": "Security",
      "computer": "dansDesktop",
      "event_data": {
        "Event": {
          "EventData": {
            "ClientProcessId": "14928",
            "CountOfCredentialsReturned": "1",
            "ProcessCreationTime": "2024-12-16T14:59:56.2501338Z",
            "ReadOperation": "%%8099",
            "ReturnCode": "0",
            "SubjectDomainName": "DANSDESKTOP",
            "SubjectLogonId": "0x4c0db",
            "SubjectUserName": "danfe",
            "SubjectUserSid": "S-1-5-21-1680856076-1700718083-3477311726-1001",
            "TargetName": "NordPass/UserId",
            "Type": "1"
          },
          "System": {
            "Channel": "Security",
            "Computer": "dansDesktop",
            "Correlation": {},
            "EventID": "5379",
            "EventRecordID": "8332313",
            "Execution": {
              "ProcessID": "1128",
              "ThreadID": "69652"
            },
            "Keywords": "0x8020000000000000",
            "Level": "0",
            "Opcode": "0",
            "Provider": {
              "Guid": "{54849625-5478-4994-a5ba-3e3b0328c30d}",
              "Name": "Microsoft-Windows-Security-Auditing"
            },
            "Security": {
              "UserID": ""
            },
            "Task": "13824",
            "TimeCreated": {
              "SystemTime": "2024-12-31T23:25:40.4427737Z"
            },
            "Version": "0"
          }
        }
      },
      "level": "0",
      "message": ""
    }
  },
  "level": "Unknown",
  "message": "dansDesktop",
  "source": "windows_logs",
  "timestamp": "2024-12-31T17:25:41.4601884-06:00",
  "type": "event"
}
2024/12/31 23:25:41 Received log message from agent {
  "agent_id": "1234567890",
  "agent_name": "jarvis-agent-windows",
  "data": {
    "event": {
      "channel": "Security",
      "computer": "dansDesktop",
      "event_data": {
        "Event": {
          "EventData": {
            "ClientProcessId": "14928",
            "CountOfCredentialsReturned": "1",
            "ProcessCreationTime": "2024-12-16T14:59:56.2501338Z",
            "ReadOperation": "%%8099",
            "ReturnCode": "0",
            "SubjectDomainName": "DANSDESKTOP",
            "SubjectLogonId": "0x4c0db",
            "SubjectUserName": "danfe",
            "SubjectUserSid": "S-1-5-21-1680856076-1700718083-3477311726-1001",
            "TargetName": "NordPass/UserEmail",
            "Type": "1"
          },
          "System": {
            "Channel": "Security",
            "Computer": "dansDesktop",
            "Correlation": {},
            "EventID": "5379",
            "EventRecordID": "8332314",
            "Execution": {
              "ProcessID": "1128",
              "ThreadID": "71456"
            },
            "Keywords": "0x8020000000000000",
            "Level": "0",
            "Opcode": "0",
            "Provider": {
              "Guid": "{54849625-5478-4994-a5ba-3e3b0328c30d}",
              "Name": "Microsoft-Windows-Security-Auditing"
            },
            "Security": {
              "UserID": ""
            },
            "Task": "13824",
            "TimeCreated": {
              "SystemTime": "2024-12-31T23:25:40.4428235Z"
            },
            "Version": "0"
          }
        }
      },
      "level": "0",
      "message": ""
    }
  },
  "level": "Unknown",
  "message": "dansDesktop",
  "source": "windows_logs",
  "timestamp": "2024-12-31T17:25:41.4612401-06:00",
  "type": "event"
}
2024/12/31 23:25:41 Received log message from agent {
  "agent_id": "1234567890",
  "agent_name": "jarvis-agent-windows",
  "data": {
    "event": {
      "channel": "Security",
      "computer": "dansDesktop",
      "event_data": {
        "Event": {
          "EventData": {
            "ClientProcessId": "14928",
            "CountOfCredentialsReturned": "1",
            "ProcessCreationTime": "2024-12-16T14:59:56.2501338Z",
            "ReadOperation": "%%8099",
            "ReturnCode": "0",
            "SubjectDomainName": "DANSDESKTOP",
            "SubjectLogonId": "0x4c0db",
            "SubjectUserName": "danfe",
            "SubjectUserSid": "S-1-5-21-1680856076-1700718083-3477311726-1001",
            "TargetName": "NordPass/ClipboardClearingTime",
            "Type": "1"
          },
          "System": {
            "Channel": "Security",
            "Computer": "dansDesktop",
            "Correlation": {},
            "EventID": "5379",
            "EventRecordID": "8332315",
            "Execution": {
              "ProcessID": "1128",
              "ThreadID": "70568"
            },
            "Keywords": "0x8020000000000000",
            "Level": "0",
            "Opcode": "0",
            "Provider": {
              "Guid": "{54849625-5478-4994-a5ba-3e3b0328c30d}",
              "Name": "Microsoft-Windows-Security-Auditing"
            },
            "Security": {
              "UserID": ""
            },
            "Task": "13824",
            "TimeCreated": {
              "SystemTime": "2024-12-31T23:25:40.4428636Z"
            },
            "Version": "0"
          }
        }
      },
      "level": "0",
      "message": ""
    }
  },
  "level": "Unknown",
  "message": "dansDesktop",
  "source": "windows_logs",
  "timestamp": "2024-12-31T17:25:41.4622919-06:00",
  "type": "event"
}
2024/12/31 23:25:41 Received log message from agent {
  "agent_id": "1234567890",
  "agent_name": "jarvis-agent-windows",
  "data": {
    "event": {
      "channel": "Security",
      "computer": "dansDesktop",
      "event_data": {
        "Event": {
          "EventData": {
            "ClientProcessId": "14928",
            "CountOfCredentialsReturned": "1",
            "ProcessCreationTime": "2024-12-16T14:59:56.2501338Z",
            "ReadOperation": "%%8099",
            "ReturnCode": "0",
            "SubjectDomainName": "DANSDESKTOP",
            "SubjectLogonId": "0x4c0db",
            "SubjectUserName": "danfe",
            "SubjectUserSid": "S-1-5-21-1680856076-1700718083-3477311726-1001",
            "TargetName": "NordPass/IsNoPasskeysFoundDisabled",
            "Type": "1"
          },
          "System": {
            "Channel": "Security",
            "Computer": "dansDesktop",
            "Correlation": {},
            "EventID": "5379",
            "EventRecordID": "8332316",
            "Execution": {
              "ProcessID": "1128",
              "ThreadID": "19024"
            },
            "Keywords": "0x8020000000000000",
            "Level": "0",
            "Opcode": "0",
            "Provider": {
              "Guid": "{54849625-5478-4994-a5ba-3e3b0328c30d}",
              "Name": "Microsoft-Windows-Security-Auditing"
            },
            "Security": {
              "UserID": ""
            },
            "Task": "13824",
            "TimeCreated": {
              "SystemTime": "2024-12-31T23:25:40.4428931Z"
            },
            "Version": "0"
          }
        }
      },
      "level": "0",
      "message": ""
    }
  },
  "level": "Unknown",
  "message": "dansDesktop",
  "source": "windows_logs",
  "timestamp": "2024-12-31T17:25:41.4628083-06:00",
  "type": "event"
}
2024/12/31 23:25:41 Received log message from agent {
  "agent_id": "1234567890",
  "agent_name": "jarvis-agent-windows",
  "data": {
    "event": {
      "channel": "Security",
      "computer": "dansDesktop",
      "event_data": {
        "Event": {
          "EventData": {
            "ClientProcessId": "14928",
            "CountOfCredentialsReturned": "1",
            "ProcessCreationTime": "2024-12-16T14:59:56.2501338Z",
            "ReadOperation": "%%8099",
            "ReturnCode": "0",
            "SubjectDomainName": "DANSDESKTOP",
            "SubjectLogonId": "0x4c0db",
            "SubjectUserName": "danfe",
            "SubjectUserSid": "S-1-5-21-1680856076-1700718083-3477311726-1001",
            "TargetName": "NordPass/CompletedAutolockTileUserIds",
            "Type": "1"
          },
          "System": {
            "Channel": "Security",
            "Computer": "dansDesktop",
            "Correlation": {},
            "EventID": "5379",
            "EventRecordID": "8332317",
            "Execution": {
              "ProcessID": "1128",
              "ThreadID": "9708"
            },
            "Keywords": "0x8020000000000000",
            "Level": "0",
            "Opcode": "0",
            "Provider": {
              "Guid": "{54849625-5478-4994-a5ba-3e3b0328c30d}",
              "Name": "Microsoft-Windows-Security-Auditing"
            },
            "Security": {
              "UserID": ""
            },
            "Task": "13824",
            "TimeCreated": {
              "SystemTime": "2024-12-31T23:25:40.4429887Z"
            },
            "Version": "0"
          }
        }
      },
      "level": "0",
      "message": ""
    }
  },
  "level": "Unknown",
  "message": "dansDesktop",
  "source": "windows_logs",
  "timestamp": "2024-12-31T17:25:41.463845-06:00",
  "type": "event"
}
2024/12/31 23:25:41 Received log message from agent {
  "agent_id": "1234567890",
  "agent_name": "jarvis-agent-windows",
  "data": {
    "event": {
      "channel": "Security",
      "computer": "dansDesktop",
      "event_data": {
        "Event": {
          "EventData": {
            "ClientProcessId": "14928",
            "CountOfCredentialsReturned": "1",
            "ProcessCreationTime": "2024-12-16T14:59:56.2501338Z",
            "ReadOperation": "%%8099",
            "ReturnCode": "0",
            "SubjectDomainName": "DANSDESKTOP",
            "SubjectLogonId": "0x4c0db",
            "SubjectUserName": "danfe",
            "SubjectUserSid": "S-1-5-21-1680856076-1700718083-3477311726-1001",
            "TargetName": "NordPass/CompletedBiometricsTileUserIds",
            "Type": "1"
          },
          "System": {
            "Channel": "Security",
            "Computer": "dansDesktop",
            "Correlation": {},
            "EventID": "5379",
            "EventRecordID": "8332318",
            "Execution": {
              "ProcessID": "1128",
              "ThreadID": "70568"
            },
            "Keywords": "0x8020000000000000",
            "Level": "0",
            "Opcode": "0",
            "Provider": {
              "Guid": "{54849625-5478-4994-a5ba-3e3b0328c30d}",
              "Name": "Microsoft-Windows-Security-Auditing"
            },
            "Security": {
              "UserID": ""
            },
            "Task": "13824",
            "TimeCreated": {
              "SystemTime": "2024-12-31T23:25:40.4430230Z"
            },
            "Version": "0"
          }
        }
      },
      "level": "0",
      "message": ""
    }
  },
  "level": "Unknown",
  "message": "dansDesktop",
  "source": "windows_logs",
  "timestamp": "2024-12-31T17:25:41.4643641-06:00",
  "type": "event"
}
2024/12/31 23:25:41 Received log message from agent {
  "agent_id": "1234567890",
  "agent_name": "jarvis-agent-windows",
  "data": {
    "event": {
      "channel": "Security",
      "computer": "dansDesktop",
      "event_data": {
        "Event": {
          "EventData": {
            "ClientProcessId": "14928",
            "CountOfCredentialsReturned": "1",
            "ProcessCreationTime": "2024-12-16T14:59:56.2501338Z",
            "ReadOperation": "%%8099",
            "ReturnCode": "0",
            "SubjectDomainName": "DANSDESKTOP",
            "SubjectLogonId": "0x4c0db",
            "SubjectUserName": "danfe",
            "SubjectUserSid": "S-1-5-21-1680856076-1700718083-3477311726-1001",
            "TargetName": "NordPass/SeenNotifications",
            "Type": "1"
          },
          "System": {
            "Channel": "Security",
            "Computer": "dansDesktop",
            "Correlation": {},
            "EventID": "5379",
            "EventRecordID": "8332319",
            "Execution": {
              "ProcessID": "1128",
              "ThreadID": "19024"
            },
            "Keywords": "0x8020000000000000",
            "Level": "0",
            "Opcode": "0",
            "Provider": {
              "Guid": "{54849625-5478-4994-a5ba-3e3b0328c30d}",
              "Name": "Microsoft-Windows-Security-Auditing"
            },
            "Security": {
              "UserID": ""
            },
            "Task": "13824",
            "TimeCreated": {
              "SystemTime": "2024-12-31T23:25:40.4430823Z"
            },
            "Version": "0"
          }
        }
      },
      "level": "0",
      "message": ""
    }
  },
  "level": "Unknown",
  "message": "dansDesktop",
  "source": "windows_logs",
  "timestamp": "2024-12-31T17:25:41.4654071-06:00",
  "type": "event"
}
2024/12/31 23:25:41 Received log message from agent {
  "agent_id": "1234567890",
  "agent_name": "jarvis-agent-windows",
  "data": {
    "event": {
      "channel": "Security",
      "computer": "dansDesktop",
      "event_data": {
        "Event": {
          "EventData": {
            "ClientProcessId": "14928",
            "CountOfCredentialsReturned": "1",
            "ProcessCreationTime": "2024-12-16T14:59:56.2501338Z",
            "ReadOperation": "%%8099",
            "ReturnCode": "0",
            "SubjectDomainName": "DANSDESKTOP",
            "SubjectLogonId": "0x4c0db",
            "SubjectUserName": "danfe",
            "SubjectUserSid": "S-1-5-21-1680856076-1700718083-3477311726-1001",
            "TargetName": "NordPass/ShouldHideMaskFAQUserIds",
            "Type": "1"
          },
          "System": {
            "Channel": "Security",
            "Computer": "dansDesktop",
            "Correlation": {},
            "EventID": "5379",
            "EventRecordID": "8332320",
            "Execution": {
              "ProcessID": "1128",
              "ThreadID": "70568"
            },
            "Keywords": "0x8020000000000000",
            "Level": "0",
            "Opcode": "0",
            "Provider": {
              "Guid": "{54849625-5478-4994-a5ba-3e3b0328c30d}",
              "Name": "Microsoft-Windows-Security-Auditing"
            },
            "Security": {
              "UserID": ""
            },
            "Task": "13824",
            "TimeCreated": {
              "SystemTime": "2024-12-31T23:25:40.4431409Z"
            },
            "Version": "0"
          }
        }
      },
      "level": "0",
      "message": ""
    }
  },
  "level": "Unknown",
  "message": "dansDesktop",
  "source": "windows_logs",
  "timestamp": "2024-12-31T17:25:41.4664445-06:00",
  "type": "event"
}
2024/12/31 23:25:41 Received log message from agent {
  "agent_id": "1234567890",
  "agent_name": "jarvis-agent-windows",
  "data": {
    "event": {
      "channel": "Security",
      "computer": "dansDesktop",
      "event_data": {
        "Event": {
          "EventData": {
            "ClientProcessId": "14928",
            "CountOfCredentialsReturned": "1",
            "ProcessCreationTime": "2024-12-16T14:59:56.2501338Z",
            "ReadOperation": "%%8099",
            "ReturnCode": "0",
            "SubjectDomainName": "DANSDESKTOP",
            "SubjectLogonId": "0x4c0db",
            "SubjectUserName": "danfe",
            "SubjectUserSid": "S-1-5-21-1680856076-1700718083-3477311726-1001",
            "TargetName": "NordPass/PasskeysBannerDismissedDomainsByUserId",
            "Type": "1"
          },
          "System": {
            "Channel": "Security",
            "Computer": "dansDesktop",
            "Correlation": {},
            "EventID": "5379",
            "EventRecordID": "8332321",
            "Execution": {
              "ProcessID": "1128",
              "ThreadID": "9708"
            },
            "Keywords": "0x8020000000000000",
            "Level": "0",
            "Opcode": "0",
            "Provider": {
              "Guid": "{54849625-5478-4994-a5ba-3e3b0328c30d}",
              "Name": "Microsoft-Windows-Security-Auditing"
            },
            "Security": {
              "UserID": ""
            },
            "Task": "13824",
            "TimeCreated": {
              "SystemTime": "2024-12-31T23:25:40.4432100Z"
            },
            "Version": "0"
          }
        }
      },
      "level": "0",
      "message": ""
    }
  },
  "level": "Unknown",
  "message": "dansDesktop",
  "source": "windows_logs",
  "timestamp": "2024-12-31T17:25:41.4674773-06:00",
  "type": "event"
}
2024/12/31 23:25:41 Received log message from agent {
  "agent_id": "1234567890",
  "agent_name": "jarvis-agent-windows",
  "data": {
    "event": {
      "channel": "Security",
      "computer": "dansDesktop",
      "event_data": {
        "Event": {
          "EventData": {
            "ClientProcessId": "14928",
            "CountOfCredentialsReturned": "1",
            "ProcessCreationTime": "2024-12-16T14:59:56.2501338Z",
            "ReadOperation": "%%8099",
            "ReturnCode": "0",
            "SubjectDomainName": "DANSDESKTOP",
            "SubjectLogonId": "0x4c0db",
            "SubjectUserName": "danfe",
            "SubjectUserSid": "S-1-5-21-1680856076-1700718083-3477311726-1001",
            "TargetName": "NordPass/DisplayFilter",
            "Type": "1"
          },
          "System": {
            "Channel": "Security",
            "Computer": "dansDesktop",
            "Correlation": {},
            "EventID": "5379",
            "EventRecordID": "8332322",
            "Execution": {
              "ProcessID": "1128",
              "ThreadID": "19024"
            },
            "Keywords": "0x8020000000000000",
            "Level": "0",
            "Opcode": "0",
            "Provider": {
              "Guid": "{54849625-5478-4994-a5ba-3e3b0328c30d}",
              "Name": "Microsoft-Windows-Security-Auditing"
            },
            "Security": {
              "UserID": ""
            },
            "Task": "13824",
            "TimeCreated": {
              "SystemTime": "2024-12-31T23:25:40.4432466Z"
            },
            "Version": "0"
          }
        }
      },
      "level": "0",
      "message": ""
    }
  },
  "level": "Unknown",
  "message": "dansDesktop",
  "source": "windows_logs",
  "timestamp": "2024-12-31T17:25:41.4679888-06:00",
  "type": "event"
}
2024/12/31 23:25:41 Received log message from agent {
  "agent_id": "1234567890",
  "agent_name": "jarvis-agent-windows",
  "data": {
    "event": {
      "channel": "Security",
      "computer": "dansDesktop",
      "event_data": {
        "Event": {
          "EventData": {
            "ClientProcessId": "14928",
            "CountOfCredentialsReturned": "1",
            "ProcessCreationTime": "2024-12-16T14:59:56.2501338Z",
            "ReadOperation": "%%8099",
            "ReturnCode": "0",
            "SubjectDomainName": "DANSDESKTOP",
            "SubjectLogonId": "0x4c0db",
            "SubjectUserName": "danfe",
            "SubjectUserSid": "S-1-5-21-1680856076-1700718083-3477311726-1001",
            "TargetName": "NordPass/LatestVersionInstalledAt",
            "Type": "1"
          },
          "System": {
            "Channel": "Security",
            "Computer": "dansDesktop",
            "Correlation": {},
            "EventID": "5379",
            "EventRecordID": "8332323",
            "Execution": {
              "ProcessID": "1128",
              "ThreadID": "70568"
            },
            "Keywords": "0x8020000000000000",
            "Level": "0",
            "Opcode": "0",
            "Provider": {
              "Guid": "{54849625-5478-4994-a5ba-3e3b0328c30d}",
              "Name": "Microsoft-Windows-Security-Auditing"
            },
            "Security": {
              "UserID": ""
            },
            "Task": "13824",
            "TimeCreated": {
              "SystemTime": "2024-12-31T23:25:40.4432987Z"
            },
            "Version": "0"
          }
        }
      },
      "level": "0",
      "message": ""
    }
  },
  "level": "Unknown",
  "message": "dansDesktop",
  "source": "windows_logs",
  "timestamp": "2024-12-31T17:25:41.4690236-06:00",
  "type": "event"
}
2024/12/31 23:25:41 Received log message from agent {
  "agent_id": "1234567890",
  "agent_name": "jarvis-agent-windows",
  "data": {
    "event": {
      "channel": "Security",
      "computer": "dansDesktop",
      "event_data": {
        "Event": {
          "EventData": {
            "ClientProcessId": "14928",
            "CountOfCredentialsReturned": "1",
            "ProcessCreationTime": "2024-12-16T14:59:56.2501338Z",
            "ReadOperation": "%%8099",
            "ReturnCode": "0",
            "SubjectDomainName": "DANSDESKTOP",
            "SubjectLogonId": "0x4c0db",
            "SubjectUserName": "danfe",
            "SubjectUserSid": "S-1-5-21-1680856076-1700718083-3477311726-1001",
            "TargetName": "NordPass/isWelcomeToStandaloneIntroShown",
            "Type": "1"
          },
          "System": {
            "Channel": "Security",
            "Computer": "dansDesktop",
            "Correlation": {},
            "EventID": "5379",
            "EventRecordID": "8332324",
            "Execution": {
              "ProcessID": "1128",
              "ThreadID": "9708"
            },
            "Keywords": "0x8020000000000000",
            "Level": "0",
            "Opcode": "0",
            "Provider": {
              "Guid": "{54849625-5478-4994-a5ba-3e3b0328c30d}",
              "Name": "Microsoft-Windows-Security-Auditing"
            },
            "Security": {
              "UserID": ""
            },
            "Task": "13824",
            "TimeCreated": {
              "SystemTime": "2024-12-31T23:25:40.4433291Z"
            },
            "Version": "0"
          }
        }
      },
      "level": "0",
      "message": ""
    }
  },
  "level": "Unknown",
  "message": "dansDesktop",
  "source": "windows_logs",
  "timestamp": "2024-12-31T17:25:41.4695388-06:00",
  "type": "event"
}
2024/12/31 23:25:41 Received log message from agent {
  "agent_id": "1234567890",
  "agent_name": "jarvis-agent-windows",
  "data": {
    "event": {
      "channel": "Security",
      "computer": "dansDesktop",
      "event_data": {
        "Event": {
          "EventData": {
            "ClientProcessId": "14928",
            "CountOfCredentialsReturned": "1",
            "ProcessCreationTime": "2024-12-16T14:59:56.2501338Z",
            "ReadOperation": "%%8099",
            "ReturnCode": "0",
            "SubjectDomainName": "DANSDESKTOP",
            "SubjectLogonId": "0x4c0db",
            "SubjectUserName": "danfe",
            "SubjectUserSid": "S-1-5-21-1680856076-1700718083-3477311726-1001",
            "TargetName": "NordPass/isFullAppViewIntroShown",
            "Type": "1"
          },
          "System": {
            "Channel": "Security",
            "Computer": "dansDesktop",
            "Correlation": {},
            "EventID": "5379",
            "EventRecordID": "8332325",
            "Execution": {
              "ProcessID": "1128",
              "ThreadID": "19024"
            },
            "Keywords": "0x8020000000000000",
            "Level": "0",
            "Opcode": "0",
            "Provider": {
              "Guid": "{54849625-5478-4994-a5ba-3e3b0328c30d}",
              "Name": "Microsoft-Windows-Security-Auditing"
            },
            "Security": {
              "UserID": ""
            },
            "Task": "13824",
            "TimeCreated": {
              "SystemTime": "2024-12-31T23:25:40.4433763Z"
            },
            "Version": "0"
          }
        }
      },
      "level": "0",
      "message": ""
    }
  },
  "level": "Unknown",
  "message": "dansDesktop",
  "source": "windows_logs",
  "timestamp": "2024-12-31T17:25:41.4705739-06:00",
  "type": "event"
}
2024/12/31 23:25:41 Received log message from agent {
  "agent_id": "1234567890",
  "agent_name": "jarvis-agent-windows",
  "data": {
    "event": {
      "channel": "Security",
      "computer": "dansDesktop",
      "event_data": {
        "Event": {
          "EventData": {
            "ClientProcessId": "14928",
            "CountOfCredentialsReturned": "1",
            "ProcessCreationTime": "2024-12-16T14:59:56.2501338Z",
            "ReadOperation": "%%8099",
            "ReturnCode": "0",
            "SubjectDomainName": "DANSDESKTOP",
            "SubjectLogonId": "0x4c0db",
            "SubjectUserName": "danfe",
            "SubjectUserSid": "S-1-5-21-1680856076-1700718083-3477311726-1001",
            "TargetName": "NordPass/Features",
            "Type": "1"
          },
          "System": {
            "Channel": "Security",
            "Computer": "dansDesktop",
            "Correlation": {},
            "EventID": "5379",
            "EventRecordID": "8332326",
            "Execution": {
              "ProcessID": "1128",
              "ThreadID": "70568"
            },
            "Keywords": "0x8020000000000000",
            "Level": "0",
            "Opcode": "0",
            "Provider": {
              "Guid": "{54849625-5478-4994-a5ba-3e3b0328c30d}",
              "Name": "Microsoft-Windows-Security-Auditing"
            },
            "Security": {
              "UserID": ""
            },
            "Task": "13824",
            "TimeCreated": {
              "SystemTime": "2024-12-31T23:25:40.4434560Z"
            },
            "Version": "0"
          }
        }
      },
      "level": "0",
      "message": ""
    }
  },
  "level": "Unknown",
  "message": "dansDesktop",
  "source": "windows_logs",
  "timestamp": "2024-12-31T17:25:41.4710914-06:00",
  "type": "event"
}
2024/12/31 23:25:41 Received log message from agent {
  "agent_id": "1234567890",
  "agent_name": "jarvis-agent-windows",
  "data": {
    "event": {
      "channel": "Security",
      "computer": "dansDesktop",
      "event_data": {
        "Event": {
          "EventData": {
            "ClientProcessId": "14928",
            "CountOfCredentialsReturned": "1",
            "ProcessCreationTime": "2024-12-16T14:59:56.2501338Z",
            "ReadOperation": "%%8099",
            "ReturnCode": "0",
            "SubjectDomainName": "DANSDESKTOP",
            "SubjectLogonId": "0x4c0db",
            "SubjectUserName": "danfe",
            "SubjectUserSid": "S-1-5-21-1680856076-1700718083-3477311726-1001",
            "TargetName": "NordPass/SubscriptionData",
            "Type": "1"
          },
          "System": {
            "Channel": "Security",
            "Computer": "dansDesktop",
            "Correlation": {},
            "EventID": "5379",
            "EventRecordID": "8332327",
            "Execution": {
              "ProcessID": "1128",
              "ThreadID": "9708"
            },
            "Keywords": "0x8020000000000000",
            "Level": "0",
            "Opcode": "0",
            "Provider": {
              "Guid": "{54849625-5478-4994-a5ba-3e3b0328c30d}",
              "Name": "Microsoft-Windows-Security-Auditing"
            },
            "Security": {
              "UserID": ""
            },
            "Task": "13824",
            "TimeCreated": {
              "SystemTime": "2024-12-31T23:25:40.4435298Z"
            },
            "Version": "0"
          }
        }
      },
      "level": "0",
      "message": ""
    }
  },
  "level": "Unknown",
  "message": "dansDesktop",
  "source": "windows_logs",
  "timestamp": "2024-12-31T17:25:41.4723398-06:00",
  "type": "event"
}
2024/12/31 23:25:41 Received log message from agent {
  "agent_id": "1234567890",
  "agent_name": "jarvis-agent-windows",
  "data": {
    "event": {
      "channel": "Security",
      "computer": "dansDesktop",
      "event_data": {
        "Event": {
          "EventData": {
            "ClientProcessId": "14928",
            "CountOfCredentialsReturned": "1",
            "ProcessCreationTime": "2024-12-16T14:59:56.2501338Z",
            "ReadOperation": "%%8099",
            "ReturnCode": "0",
            "SubjectDomainName": "DANSDESKTOP",
            "SubjectLogonId": "0x4c0db",
            "SubjectUserName": "danfe",
            "SubjectUserSid": "S-1-5-21-1680856076-1700718083-3477311726-1001",
            "TargetName": "NordPass/HasBeenUpdated",
            "Type": "1"
          },
          "System": {
            "Channel": "Security",
            "Computer": "dansDesktop",
            "Correlation": {},
            "EventID": "5379",
            "EventRecordID": "8332328",
            "Execution": {
              "ProcessID": "1128",
              "ThreadID": "19024"
            },
            "Keywords": "0x8020000000000000",
            "Level": "0",
            "Opcode": "0",
            "Provider": {
              "Guid": "{54849625-5478-4994-a5ba-3e3b0328c30d}",
              "Name": "Microsoft-Windows-Security-Auditing"
            },
            "Security": {
              "UserID": ""
            },
            "Task": "13824",
            "TimeCreated": {
              "SystemTime": "2024-12-31T23:25:40.4435754Z"
            },
            "Version": "0"
          }
        }
      },
      "level": "0",
      "message": ""
    }
  },
  "level": "Unknown",
  "message": "dansDesktop",
  "source": "windows_logs",
  "timestamp": "2024-12-31T17:25:41.4742817-06:00",
  "type": "event"
}
2024/12/31 23:25:41 Received log message from agent {
  "agent_id": "1234567890",
  "agent_name": "jarvis-agent-windows",
  "data": {
    "event": {
      "channel": "Security",
      "computer": "dansDesktop",
      "event_data": {
        "Event": {
          "EventData": {
            "ClientProcessId": "14928",
            "CountOfCredentialsReturned": "1",
            "ProcessCreationTime": "2024-12-16T14:59:56.2501338Z",
            "ReadOperation": "%%8099",
            "ReturnCode": "3221226021",
            "SubjectDomainName": "DANSDESKTOP",
            "SubjectLogonId": "0x4c0db",
            "SubjectUserName": "danfe",
            "SubjectUserSid": "S-1-5-21-1680856076-1700718083-3477311726-1001",
            "TargetName": "NordPass/AutoLock-",
            "Type": "1"
          },
          "System": {
            "Channel": "Security",
            "Computer": "dansDesktop",
            "Correlation": {},
            "EventID": "5379",
            "EventRecordID": "8332329",
            "Execution": {
              "ProcessID": "1128",
              "ThreadID": "70568"
            },
            "Keywords": "0x8020000000000000",
            "Level": "0",
            "Opcode": "0",
            "Provider": {
              "Guid": "{54849625-5478-4994-a5ba-3e3b0328c30d}",
              "Name": "Microsoft-Windows-Security-Auditing"
            },
            "Security": {
              "UserID": ""
            },
            "Task": "13824",
            "TimeCreated": {
              "SystemTime": "2024-12-31T23:25:40.4436485Z"
            },
            "Version": "0"
          }
        }
      },
      "level": "0",
      "message": ""
    }
  },
  "level": "Unknown",
  "message": "dansDesktop",
  "source": "windows_logs",
  "timestamp": "2024-12-31T17:25:41.4762135-06:00",
  "type": "event"
}
2024/12/31 23:25:41 Received log message from agent {
  "agent_id": "1234567890",
  "agent_name": "jarvis-agent-windows",
  "data": {
    "event": {
      "channel": "Security",
      "computer": "dansDesktop",
      "event_data": {
        "Event": {
          "EventData": {
            "ClientProcessId": "14928",
            "CountOfCredentialsReturned": "1",
            "ProcessCreationTime": "2024-12-16T14:59:56.2501338Z",
            "ReadOperation": "%%8099",
            "ReturnCode": "0",
            "SubjectDomainName": "DANSDESKTOP",
            "SubjectLogonId": "0x4c0db",
            "SubjectUserName": "danfe",
            "SubjectUserSid": "S-1-5-21-1680856076-1700718083-3477311726-1001",
            "TargetName": "NordPass/InstallTime",
            "Type": "1"
          },
          "System": {
            "Channel": "Security",
            "Computer": "dansDesktop",
            "Correlation": {},
            "EventID": "5379",
            "EventRecordID": "8332330",
            "Execution": {
              "ProcessID": "1128",
              "ThreadID": "9708"
            },
            "Keywords": "0x8020000000000000",
            "Level": "0",
            "Opcode": "0",
            "Provider": {
              "Guid": "{54849625-5478-4994-a5ba-3e3b0328c30d}",
              "Name": "Microsoft-Windows-Security-Auditing"
            },
            "Security": {
              "UserID": ""
            },
            "Task": "13824",
            "TimeCreated": {
              "SystemTime": "2024-12-31T23:25:40.4436840Z"
            },
            "Version": "0"
          }
        }
      },
      "level": "0",
      "message": ""
    }
  },
  "level": "Unknown",
  "message": "dansDesktop",
  "source": "windows_logs",
  "timestamp": "2024-12-31T17:25:41.4773209-06:00",
  "type": "event"
}
2024/12/31 23:25:41 Received log message from agent {
  "agent_id": "1234567890",
  "agent_name": "jarvis-agent-windows",
  "data": {
    "event": {
      "channel": "Security",
      "computer": "dansDesktop",
      "event_data": {
        "Event": {
          "EventData": {
            "ClientProcessId": "14928",
            "CountOfCredentialsReturned": "1",
            "ProcessCreationTime": "2024-12-16T14:59:56.2501338Z",
            "ReadOperation": "%%8099",
            "ReturnCode": "0",
            "SubjectDomainName": "DANSDESKTOP",
            "SubjectLogonId": "0x4c0db",
            "SubjectUserName": "danfe",
            "SubjectUserSid": "S-1-5-21-1680856076-1700718083-3477311726-1001",
            "TargetName": "NordPass/StartHidden",
            "Type": "1"
          },
          "System": {
            "Channel": "Security",
            "Computer": "dansDesktop",
            "Correlation": {},
            "EventID": "5379",
            "EventRecordID": "8332331",
            "Execution": {
              "ProcessID": "1128",
              "ThreadID": "19024"
            },
            "Keywords": "0x8020000000000000",
            "Level": "0",
            "Opcode": "0",
            "Provider": {
              "Guid": "{54849625-5478-4994-a5ba-3e3b0328c30d}",
              "Name": "Microsoft-Windows-Security-Auditing"
            },
            "Security": {
              "UserID": ""
            },
            "Task": "13824",
            "TimeCreated": {
              "SystemTime": "2024-12-31T23:25:40.4437197Z"
            },
            "Version": "0"
          }
        }
      },
      "level": "0",
      "message": ""
    }
  },
  "level": "Unknown",
  "message": "dansDesktop",
  "source": "windows_logs",
  "timestamp": "2024-12-31T17:25:41.4784109-06:00",
  "type": "event"
}
2024/12/31 23:25:41 Received log message from agent {
  "agent_id": "1234567890",
  "agent_name": "jarvis-agent-windows",
  "data": {
    "event": {
      "channel": "Security",
      "computer": "dansDesktop",
      "event_data": {
        "Event": {
          "EventData": {
            "ClientProcessId": "14928",
            "CountOfCredentialsReturned": "1",
            "ProcessCreationTime": "2024-12-16T14:59:56.2501338Z",
            "ReadOperation": "%%8099",
            "ReturnCode": "0",
            "SubjectDomainName": "DANSDESKTOP",
            "SubjectLogonId": "0x4c0db",
            "SubjectUserName": "danfe",
            "SubjectUserSid": "S-1-5-21-1680856076-1700718083-3477311726-1001",
            "TargetName": "NordPass/WindowState",
            "Type": "1"
          },
          "System": {
            "Channel": "Security",
            "Computer": "dansDesktop",
            "Correlation": {},
            "EventID": "5379",
            "EventRecordID": "8332332",
            "Execution": {
              "ProcessID": "1128",
              "ThreadID": "70568"
            },
            "Keywords": "0x8020000000000000",
            "Level": "0",
            "Opcode": "0",
            "Provider": {
              "Guid": "{54849625-5478-4994-a5ba-3e3b0328c30d}",
              "Name": "Microsoft-Windows-Security-Auditing"
            },
            "Security": {
              "UserID": ""
            },
            "Task": "13824",
            "TimeCreated": {
              "SystemTime": "2024-12-31T23:25:40.4437722Z"
            },
            "Version": "0"
          }
        }
      },
      "level": "0",
      "message": ""
    }
  },
  "level": "Unknown",
  "message": "dansDesktop",
  "source": "windows_logs",
  "timestamp": "2024-12-31T17:25:41.4789276-06:00",
  "type": "event"
}
2024/12/31 23:25:41 Received log message from agent {
  "agent_id": "1234567890",
  "agent_name": "jarvis-agent-windows",
  "data": {
    "event": {
      "channel": "Security",
      "computer": "dansDesktop",
      "event_data": {
        "Event": {
          "EventData": {
            "ClientProcessId": "14928",
            "CountOfCredentialsReturned": "1",
            "ProcessCreationTime": "2024-12-16T14:59:56.2501338Z",
            "ReadOperation": "%%8099",
            "ReturnCode": "0",
            "SubjectDomainName": "DANSDESKTOP",
            "SubjectLogonId": "0x4c0db",
            "SubjectUserName": "danfe",
            "SubjectUserSid": "S-1-5-21-1680856076-1700718083-3477311726-1001",
            "TargetName": "NordPass/ConnectedBrowsers",
            "Type": "1"
          },
          "System": {
            "Channel": "Security",
            "Computer": "dansDesktop",
            "Correlation": {},
            "EventID": "5379",
            "EventRecordID": "8332333",
            "Execution": {
              "ProcessID": "1128",
              "ThreadID": "11992"
            },
            "Keywords": "0x8020000000000000",
            "Level": "0",
            "Opcode": "0",
            "Provider": {
              "Guid": "{54849625-5478-4994-a5ba-3e3b0328c30d}",
              "Name": "Microsoft-Windows-Security-Auditing"
            },
            "Security": {
              "UserID": ""
            },
            "Task": "13824",
            "TimeCreated": {
              "SystemTime": "2024-12-31T23:25:40.4438142Z"
            },
            "Version": "0"
          }
        }
      },
      "level": "0",
      "message": ""
    }
  },
  "level": "Unknown",
  "message": "dansDesktop",
  "source": "windows_logs",
  "timestamp": "2024-12-31T17:25:41.4800254-06:00",
  "type": "event"
}
