2024/12/31 15:52:37 Received log message from agent {
  "Event": {
    "EventData": {
      "ClientProcessId": "14928",
      "CountOfCredentialsReturned": "1",
      "ProcessCreationTime": "2024-12-16T14:59:56.2501338Z",
      "ReadOperation": "%%8099",
      "ReturnCode": "0",
      "SubjectDomainName": "DANSDESKTOP",
      "SubjectLogonId": "0x4c0db",
      "SubjectUserName": "danfe",
      "SubjectUserSid": "S-1-5-21-1680856076-1700718083-3477311726-1001",
      "TargetName": "NordPass/split_Features12",
      "Type": "1"
    },
    "System": {
      "Channel": "Security",
      "Computer": "dansDesktop",
      "Correlation": {},
      "EventID": "5379",
      "EventRecordID": "8305960",
      "Execution": {
        "ProcessID": "1128",
        "ThreadID": "16200"
      },
      "Keywords": "0x8020000000000000",
      "Level": "0",
      "Opcode": "0",
      "Provider": {
        "Guid": "{54849625-5478-4994-a5ba-3e3b0328c30d}",
        "Name": "Microsoft-Windows-Security-Auditing"
      },
      "Security": {
        "UserID": ""
      },
      "Task": "13824",
      "TimeCreated": {
        "SystemTime": "2024-12-31T15:52:36.9661273Z"
      },
      "Version": "0"
    }
  }
}
2024/12/31 15:52:38 Received log message from agent {
  "name": "EventLog",
  "status": "Running",
  "timestamp": "2024-12-31T09:52:38.6781549-06:00"
}
2024/12/31 15:52:38 Received log message from agent {
  "name": "wuauserv",
  "status": "Stopped",
  "timestamp": "2024-12-31T09:52:38.678003-06:00"
}
2024/12/31 15:52:39 Received log message from agent {
  "agent_id": "1234567890",
  "agent_name": "jarvis-agent-windows",
  "data": {
    "cpu": {
      "count": 8,
      "usage_percent": [
        40.625,
        13.846153846153847,
        0,
        0,
        1.5625,
        0,
        0,
        23.076923076923077
      ]
    },
    "memory": {
      "free": 3691757568,
      "total": 16996769792,
      "usage_percent": 78,
      "used": 13305012224
    }
  },
  "level": "info",
  "message": "System metrics collected",
  "source": "system_monitor",
  "timestamp": "2024-12-31T09:52:38.6777572-06:00",
  "type": "metrics"
}
2024/12/31 15:52:39 Received log message from agent {
  "cpu": {
    "count": 8,
    "usage_percent": [
      40.625,
      13.846153846153847,
      0,
      0,
      1.5625,
      0,
      0,
      23.076923076923077
    ]
  },
  "memory": {
    "free": 3691757568,
    "total": 16996769792,
    "usage_percent": 78,
    "used": 13305012224
  },
  "network": {
    "bytes_recv": 17713876155,
    "bytes_sent": 2093238759,
    "packets_recv": 16535389,
    "packets_sent": 7776264
  },
  "temperature": [
    {
      "sensor_key": "ACPI\\ThermalZone\\TZ00_0",
      "temperature": 27.85
    },
    {
      "sensor_key": "ACPI\\ThermalZone\\TZ01_0",
      "temperature": 29.85
    }
  ],
  "timestamp": "2024-12-31T09:52:38.6777572-06:00"
}
2024/12/31 15:52:42 Received log message from agent {
  "name": "EventLog",
  "status": "Running",
  "timestamp": "2024-12-31T09:52:42.6785252-06:00"
}
2024/12/31 15:52:42 Received log message from agent {
  "name": "wuauserv",
  "status": "Stopped",
  "timestamp": "2024-12-31T09:52:42.6779528-06:00"
}
2024/12/31 15:52:43 Received log message from agent {
  "agent_id": "1234567890",
  "agent_name": "jarvis-agent-windows",
  "data": {
    "cpu": {
      "count": 8,
      "usage_percent": [
        58.730158730158735,
        0,
        0,
        1.5384615384615385,
        3.1746031746031744,
        0,
        0,
        6.25
      ]
    },
    "memory": {
      "free": 3699499008,
      "total": 16996769792,
      "usage_percent": 78,
      "used": 13297270784
    }
  },
  "level": "info",
  "message": "System metrics collected",
  "source": "system_monitor",
  "timestamp": "2024-12-31T09:52:42.677463-06:00",
  "type": "metrics"
}
2024/12/31 15:52:43 Received log message from agent {
  "cpu": {
    "count": 8,
    "usage_percent": [
      58.730158730158735,
      0,
      0,
      1.5384615384615385,
      3.1746031746031744,
      0,
      0,
      6.25
    ]
  },
  "memory": {
    "free": 3699499008,
    "total": 16996769792,
    "usage_percent": 78,
    "used": 13297270784
  },
  "network": {
    "bytes_recv": 17713876802,
    "bytes_sent": 2093239149,
    "packets_recv": 16535394,
    "packets_sent": 7776270
  },
  "temperature": [
    {
      "sensor_key": "ACPI\\ThermalZone\\TZ00_0",
      "temperature": 27.85
    },
    {
      "sensor_key": "ACPI\\ThermalZone\\TZ01_0",
      "temperature": 29.85
    }
  ],
  "timestamp": "2024-12-31T09:52:42.677463-06:00"
}
2024/12/31 15:52:46 Received log message from agent {
  "name": "wuauserv",
  "status": "Stopped",
  "timestamp": "2024-12-31T09:52:46.6775997-06:00"
}
2024/12/31 15:52:46 Received log message from agent {
  "name": "EventLog",
  "status": "Running",
  "timestamp": "2024-12-31T09:52:46.6775997-06:00"
}
2024/12/31 15:52:47 Received log message from agent {
  "agent_id": "1234567890",
  "agent_name": "jarvis-agent-windows",
  "data": {
    "cpu": {
      "count": 8,
      "usage_percent": [
        1.5625,
        4.6875,
        1.5873015873015872,
        0,
        0,
        0,
        0,
        64.0625
      ]
    },
    "memory": {
      "free": 3707035648,
      "total": 16996769792,
      "usage_percent": 78,
      "used": 13289734144
    }
  },
  "level": "info",
  "message": "System metrics collected",
  "source": "system_monitor",
  "timestamp": "2024-12-31T09:52:46.6774619-06:00",
  "type": "metrics"
}
2024/12/31 15:52:47 Received log message from agent {
  "cpu": {
    "count": 8,
    "usage_percent": [
      1.5625,
      4.6875,
      1.5873015873015872,
      0,
      0,
      0,
      0,
      64.0625
    ]
  },
  "memory": {
    "free": 3707035648,
    "total": 16996769792,
    "usage_percent": 78,
    "used": 13289734144
  },
  "network": {
    "bytes_recv": 17713883211,
    "bytes_sent": 2093244326,
    "packets_recv": 16535417,
    "packets_sent": 7776289
  },
  "temperature": [
    {
      "sensor_key": "ACPI\\ThermalZone\\TZ00_0",
      "temperature": 27.85
    },
    {
      "sensor_key": "ACPI\\ThermalZone\\TZ01_0",
      "temperature": 29.85
    }
  ],
  "timestamp": "2024-12-31T09:52:46.6774619-06:00"
}
2024/12/31 15:52:50 Received log message from agent {
  "name": "EventLog",
  "status": "Running",
  "timestamp": "2024-12-31T09:52:50.6786564-06:00"
}
2024/12/31 15:52:50 Received log message from agent {
  "name": "wuauserv",
  "status": "Stopped",
  "timestamp": "2024-12-31T09:52:50.678147-06:00"
}
2024/12/31 15:52:51 Received log message from agent {
  "agent_id": "1234567890",
  "agent_name": "jarvis-agent-windows",
  "data": {
    "cpu": {
      "count": 8,
      "usage_percent": [
        26.5625,
        0,
        30.158730158730158,
        9.523809523809524,
        1.5873015873015872,
        1.5873015873015872,
        0,
        7.8125
      ]
    },
    "memory": {
      "free": 3716415488,
      "total": 16996769792,
      "usage_percent": 78,
      "used": 13280354304
    }
  },
  "level": "info",
  "message": "System metrics collected",
  "source": "system_monitor",
  "timestamp": "2024-12-31T09:52:50.6775832-06:00",
  "type": "metrics"
}
2024/12/31 15:52:51 Received log message from agent {
  "cpu": {
    "count": 8,
    "usage_percent": [
      26.5625,
      0,
      30.158730158730158,
      9.523809523809524,
      1.5873015873015872,
      1.5873015873015872,
      0,
      7.8125
    ]
  },
  "memory": {
    "free": 3716415488,
    "total": 16996769792,
    "usage_percent": 78,
    "used": 13280354304
  },
  "network": {
    "bytes_recv": 17713896683,
    "bytes_sent": 2093255213,
    "packets_recv": 16535450,
    "packets_sent": 7776313
  },
  "temperature": [
    {
      "sensor_key": "ACPI\\ThermalZone\\TZ00_0",
      "temperature": 27.85
    },
    {
      "sensor_key": "ACPI\\ThermalZone\\TZ01_0",
      "temperature": 29.85
    }
  ],
  "timestamp": "2024-12-31T09:52:50.6775832-06:00"
}
2024/12/31 15:52:54 Received log message from agent {
  "name": "wuauserv",
  "status": "Stopped",
  "timestamp": "2024-12-31T09:52:54.6780069-06:00"
}
2024/12/31 15:52:54 Received log message from agent {
  "name": "EventLog",
  "status": "Running",
  "timestamp": "2024-12-31T09:52:54.6780843-06:00"
}
2024/12/31 15:52:54 Received log message from agent {
  "response_time": 106402400,
  "status": "Up",
  "status_code": 200,
  "timestamp": "2024-12-31T09:52:54.7842079-06:00",
  "url": "https://www.google.com"
}
2024/12/31 15:52:54 Received log message from agent {
  "response_time": 240170800,
  "status": "Up",
  "status_code": 200,
  "timestamp": "2024-12-31T09:52:54.9177269-06:00",
  "url": "https://www.github.com"
}
2024/12/31 15:52:55 Received log message from agent {
  "agent_id": "1234567890",
  "agent_name": "jarvis-agent-windows",
  "data": {
    "cpu": {
      "count": 8,
      "usage_percent": [
        49.23076923076923,
        3.1746031746031744,
        1.5625,
        0,
        0,
        1.5625,
        14.0625,
        1.5625
      ]
    },
    "memory": {
      "free": 3729780736,
      "total": 16996769792,
      "usage_percent": 78,
      "used": 13266989056
    }
  },
  "level": "info",
  "message": "System metrics collected",
  "source": "system_monitor",
  "timestamp": "2024-12-31T09:52:54.6775561-06:00",
  "type": "metrics"
}
2024/12/31 15:52:55 Received log message from agent {
  "cpu": {
    "count": 8,
    "usage_percent": [
      49.23076923076923,
      3.1746031746031744,
      1.5625,
      0,
      0,
      1.5625,
      14.0625,
      1.5625
    ]
  },
  "memory": {
    "free": 3729780736,
    "total": 16996769792,
    "usage_percent": 78,
    "used": 13266989056
  },
  "network": {
    "bytes_recv": 17713937760,
    "bytes_sent": 2093260918,
    "packets_recv": 16535501,
    "packets_sent": 7776346
  },
  "temperature": [
    {
      "sensor_key": "ACPI\\ThermalZone\\TZ00_0",
      "temperature": 27.85
    },
    {
      "sensor_key": "ACPI\\ThermalZone\\TZ01_0",
      "temperature": 29.85
    }
  ],
  "timestamp": "2024-12-31T09:52:54.6775561-06:00"
}
2024/12/31 15:52:58 Received log message from agent {
  "name": "EventLog",
  "status": "Running",
  "timestamp": "2024-12-31T09:52:58.6774263-06:00"
}
2024/12/31 15:52:58 Received log message from agent {
  "name": "wuauserv",
  "status": "Stopped",
  "timestamp": "2024-12-31T09:52:58.6774263-06:00"
}
2024/12/31 15:52:59 Received log message from agent {
  "agent_id": "1234567890",
  "agent_name": "jarvis-agent-windows",
  "data": {
    "cpu": {
      "count": 8,
      "usage_percent": [
        7.8125,
        7.6923076923076925,
        56.25,
        0,
        0,
        0,
        0,
        0
      ]
    },
    "memory": {
      "free": 3729162240,
      "total": 16996769792,
      "usage_percent": 78,
      "used": 13267607552
    }
  },
  "level": "info",
  "message": "System metrics collected",
  "source": "system_monitor",
  "timestamp": "2024-12-31T09:52:58.6774263-06:00",
  "type": "metrics"
}
2024/12/31 15:52:59 Received log message from agent {
  "cpu": {
    "count": 8,
    "usage_percent": [
      7.8125,
      7.6923076923076925,
      56.25,
      0,
      0,
      0,
      0,
      0
    ]
  },
  "memory": {
    "free": 3729162240,
    "total": 16996769792,
    "usage_percent": 78,
    "used": 13267607552
  },
  "network": {
    "bytes_recv": 17713938557,
    "bytes_sent": 2093261295,
    "packets_recv": 16535505,
    "packets_sent": 7776351
  },
  "temperature": [
    {
      "sensor_key": "ACPI\\ThermalZone\\TZ00_0",
      "temperature": 27.85
    },
    {
      "sensor_key": "ACPI\\ThermalZone\\TZ01_0",
      "temperature": 29.85
    }
  ],
  "timestamp": "2024-12-31T09:52:58.6774263-06:00"
}
2024/12/31 15:53:02 Received log message from agent {
  "name": "EventLog",
  "status": "Running",
  "timestamp": "2024-12-31T09:53:02.678305-06:00"
}
2024/12/31 15:53:02 Received log message from agent {
  "name": "wuauserv",
  "status": "Stopped",
  "timestamp": "2024-12-31T09:53:02.6781312-06:00"
}
2024/12/31 15:53:03 Received log message from agent {
  "agent_id": "1234567890",
  "agent_name": "jarvis-agent-windows",
  "data": {
    "cpu": {
      "count": 8,
      "usage_percent": [
        20.634920634920633,
        0,
        18.75,
        0,
        0,
        0,
        1.5625,
        36.92307692307693
      ]
    },
    "memory": {
      "free": 3725398016,
      "total": 16996769792,
      "usage_percent": 78,
      "used": 13271371776
    }
  },
  "level": "info",
  "message": "System metrics collected",
  "source": "system_monitor",
  "timestamp": "2024-12-31T09:53:02.6778655-06:00",
  "type": "metrics"
}
2024/12/31 15:53:03 Received log message from agent {
  "cpu": {
    "count": 8,
    "usage_percent": [
      20.634920634920633,
      0,
      18.75,
      0,
      0,
      0,
      1.5625,
      36.92307692307693
    ]
  },
  "memory": {
    "free": 3725398016,
    "total": 16996769792,
    "usage_percent": 78,
    "used": 13271371776
  },
  "network": {
    "bytes_recv": 17713939108,
    "bytes_sent": 2093261443,
    "packets_recv": 16535507,
    "packets_sent": 7776353
  },
  "temperature": [
    {
      "sensor_key": "ACPI\\ThermalZone\\TZ00_0",
      "temperature": 27.85
    },
    {
      "sensor_key": "ACPI\\ThermalZone\\TZ01_0",
      "temperature": 29.85
    }
  ],
  "timestamp": "2024-12-31T09:53:02.6778655-06:00"
}
2024/12/31 15:53:06 Received log message from agent {
  "name": "EventLog",
  "status": "Running",
  "timestamp": "2024-12-31T09:53:06.6796259-06:00"
}
2024/12/31 15:53:06 Received log message from agent {
  "name": "wuauserv",
  "status": "Stopped",
  "timestamp": "2024-12-31T09:53:06.6790383-06:00"
}
2024/12/31 15:53:07 Received log message from agent {
  "agent_id": "1234567890",
  "agent_name": "jarvis-agent-windows",
  "data": {
    "cpu": {
      "count": 8,
      "usage_percent": [
        30.158730158730158,
        3.1746031746031744,
        1.5873015873015872,
        0,
        6.25,
        1.5873015873015872,
        0,
        44.44444444444444
      ]
    },
    "memory": {
      "free": 3725152256,
      "total": 16996769792,
      "usage_percent": 78,
      "used": 13271617536
    }
  },
  "level": "info",
  "message": "System metrics collected",
  "source": "system_monitor",
  "timestamp": "2024-12-31T09:53:06.6777981-06:00",
  "type": "metrics"
}
2024/12/31 15:53:07 Received log message from agent {
  "cpu": {
    "count": 8,
    "usage_percent": [
      30.158730158730158,
      3.1746031746031744,
      1.5873015873015872,
      0,
      6.25,
      1.5873015873015872,
      0,
      44.44444444444444
    ]
  },
  "memory": {
    "free": 3725152256,
    "total": 16996769792,
    "usage_percent": 78,
    "used": 13271617536
  },
  "network": {
    "bytes_recv": 17713947930,
    "bytes_sent": 2093261574,
    "packets_recv": 16535511,
    "packets_sent": 7776355
  },
  "temperature": [
    {
      "sensor_key": "ACPI\\ThermalZone\\TZ00_0",
      "temperature": 27.85
    },
    {
      "sensor_key": "ACPI\\ThermalZone\\TZ01_0",
      "temperature": 29.85
    }
  ],
  "timestamp": "2024-12-31T09:53:06.6777981-06:00"
}
2024/12/31 15:53:10 Received log message from agent {
  "name": "EventLog",
  "status": "Running",
  "timestamp": "2024-12-31T09:53:10.6776817-06:00"
}
2024/12/31 15:53:10 Received log message from agent {
  "name": "wuauserv",
  "status": "Stopped",
  "timestamp": "2024-12-31T09:53:10.6775987-06:00"
}
2024/12/31 15:53:11 Received log message from agent {
  "agent_id": "1234567890",
  "agent_name": "jarvis-agent-windows",
  "data": {
    "cpu": {
      "count": 8,
      "usage_percent": [
        53.84615384615385,
        1.5384615384615385,
        12.698412698412698,
        0,
        0,
        0,
        0,
        1.5625
      ]
    },
    "memory": {
      "free": 3715125248,
      "total": 16996769792,
      "usage_percent": 78,
      "used": 13281644544
    }
  },
  "level": "info",
  "message": "System metrics collected",
  "source": "system_monitor",
  "timestamp": "2024-12-31T09:53:10.6773362-06:00",
  "type": "metrics"
}
2024/12/31 15:53:11 Received log message from agent {
  "cpu": {
    "count": 8,
    "usage_percent": [
      53.84615384615385,
      1.5384615384615385,
      12.698412698412698,
      0,
      0,
      0,
      0,
      1.5625
    ]
  },
  "memory": {
    "free": 3715125248,
    "total": 16996769792,
    "usage_percent": 78,
    "used": 13281644544
  },
  "network": {
    "bytes_recv": 17713949010,
    "bytes_sent": 2093262101,
    "packets_recv": 16535518,
    "packets_sent": 7776363
  },
  "temperature": [
    {
      "sensor_key": "ACPI\\ThermalZone\\TZ00_0",
      "temperature": 27.85
    },
    {
      "sensor_key": "ACPI\\ThermalZone\\TZ01_0",
      "temperature": 29.85
    }
  ],
  "timestamp": "2024-12-31T09:53:10.6773362-06:00"
}
2024/12/31 15:53:14 Received log message from agent {
  "name": "EventLog",
  "status": "Running",
  "timestamp": "2024-12-31T09:53:14.6778141-06:00"
}
2024/12/31 15:53:14 Received log message from agent {
  "name": "wuauserv",
  "status": "Stopped",
  "timestamp": "2024-12-31T09:53:14.6776548-06:00"
}
2024/12/31 15:53:15 Received log message from agent {
  "agent_id": "1234567890",
  "agent_name": "jarvis-agent-windows",
  "data": {
    "cpu": {
      "count": 8,
      "usage_percent": [
        20,
        14.0625,
        13.846153846153847,
        3.125,
        0,
        7.936507936507936,
        3.125,
        11.11111111111111
      ]
    },
    "memory": {
      "free": 3687849984,
      "total": 16996769792,
      "usage_percent": 78,
      "used": 13308919808
    }
  },
  "level": "info",
  "message": "System metrics collected",
  "source": "system_monitor",
  "timestamp": "2024-12-31T09:53:14.677423-06:00",
  "type": "metrics"
}
2024/12/31 15:53:15 Received log message from agent {
  "cpu": {
    "count": 8,
    "usage_percent": [
      20,
      14.0625,
      13.846153846153847,
      3.125,
      0,
      7.936507936507936,
      3.125,
      11.11111111111111
    ]
  },
  "memory": {
    "free": 3687849984,
    "total": 16996769792,
    "usage_percent": 78,
    "used": 13308919808
  },
  "network": {
    "bytes_recv": 17713966292,
    "bytes_sent": 2093273161,
    "packets_recv": 16535568,
    "packets_sent": 7776409
  },
  "temperature": [
    {
      "sensor_key": "ACPI\\ThermalZone\\TZ00_0",
      "temperature": 27.85
    },
    {
      "sensor_key": "ACPI\\ThermalZone\\TZ01_0",
      "temperature": 29.85
    }
  ],
  "timestamp": "2024-12-31T09:53:14.677423-06:00"
}
2024/12/31 15:53:18 Received log message from agent {
  "name": "wuauserv",
  "status": "Stopped",
  "timestamp": "2024-12-31T09:53:18.6776175-06:00"
}
2024/12/31 15:53:18 Received log message from agent {
  "name": "EventLog",
  "status": "Running",
  "timestamp": "2024-12-31T09:53:18.6779171-06:00"
}
2024/12/31 15:53:19 Received log message from agent {
  "agent_id": "1234567890",
  "agent_name": "jarvis-agent-windows",
  "data": {
    "cpu": {
      "count": 8,
      "usage_percent": [
        22.22222222222222,
        1.5625,
        27.692307692307693,
        1.5625,
        1.5625,
        0,
        0,
        23.809523809523807
      ]
    },
    "memory": {
      "free": 3708977152,
      "total": 16996769792,
      "usage_percent": 78,
      "used": 13287792640
    }
  },
  "level": "info",
  "message": "System metrics collected",
  "source": "system_monitor",
  "timestamp": "2024-12-31T09:53:18.6773161-06:00",
  "type": "metrics"
}
2024/12/31 15:53:19 Received log message from agent {
  "cpu": {
    "count": 8,
    "usage_percent": [
      22.22222222222222,
      1.5625,
      27.692307692307693,
      1.5625,
      1.5625,
      0,
      0,
      23.809523809523807
    ]
  },
  "memory": {
    "free": 3708977152,
    "total": 16996769792,
    "usage_percent": 78,
    "used": 13287792640
  },
  "network": {
    "bytes_recv": 17713973218,
    "bytes_sent": 2093278705,
    "packets_recv": 16535597,
    "packets_sent": 7776436
  },
  "temperature": [
    {
      "sensor_key": "ACPI\\ThermalZone\\TZ00_0",
      "temperature": 27.85
    },
    {
      "sensor_key": "ACPI\\ThermalZone\\TZ01_0",
      "temperature": 29.85
    }
  ],
  "timestamp": "2024-12-31T09:53:18.6773161-06:00"
}
2024/12/31 15:53:22 Received log message from agent {
  "name": "EventLog",
  "status": "Running",
  "timestamp": "2024-12-31T09:53:22.6782843-06:00"
}
2024/12/31 15:53:22 Received log message from agent {
  "name": "wuauserv",
  "status": "Stopped",
  "timestamp": "2024-12-31T09:53:22.6781271-06:00"
}
2024/12/31 15:53:23 Received log message from agent {
  "agent_id": "1234567890",
  "agent_name": "jarvis-agent-windows",
  "data": {
    "cpu": {
      "count": 8,
      "usage_percent": [
        32.30769230769231,
        3.125,
        39.0625,
        0,
        0,
        0,
        1.5873015873015872,
        0
      ]
    },
    "memory": {
      "free": 3719184384,
      "total": 16996769792,
      "usage_percent": 78,
      "used": 13277585408
    }
  },
  "level": "info",
  "message": "System metrics collected",
  "source": "system_monitor",
  "timestamp": "2024-12-31T09:53:22.6777086-06:00",
  "type": "metrics"
}
2024/12/31 15:53:23 Received log message from agent {
  "cpu": {
    "count": 8,
    "usage_percent": [
      32.30769230769231,
      3.125,
      39.0625,
      0,
      0,
      0,
      1.5873015873015872,
      0
    ]
  },
  "memory": {
    "free": 3719184384,
    "total": 16996769792,
    "usage_percent": 78,
    "used": 13277585408
  },
  "network": {
    "bytes_recv": 17713974651,
    "bytes_sent": 2093279385,
    "packets_recv": 16535609,
    "packets_sent": 7776446
  },
  "temperature": [
    {
      "sensor_key": "ACPI\\ThermalZone\\TZ00_0",
      "temperature": 27.85
    },
    {
      "sensor_key": "ACPI\\ThermalZone\\TZ01_0",
      "temperature": 29.85
    }
  ],
  "timestamp": "2024-12-31T09:53:22.6777086-06:00"
}
2024/12/31 15:53:24 Received log message from agent {
  "response_time": 118495900,
  "status": "Up",
  "status_code": 200,
  "timestamp": "2024-12-31T09:53:24.7962882-06:00",
  "url": "https://www.google.com"
}
2024/12/31 15:53:25 Received log message from agent {
  "response_time": 449687000,
  "status": "Up",
  "status_code": 200,
  "timestamp": "2024-12-31T09:53:25.1274793-06:00",
  "url": "https://www.github.com"
}
2024/12/31 15:53:26 Received log message from agent {
  "name": "EventLog",
  "status": "Running",
  "timestamp": "2024-12-31T09:53:26.6778309-06:00"
}
2024/12/31 15:53:26 Received log message from agent {
  "name": "wuauserv",
  "status": "Stopped",
  "timestamp": "2024-12-31T09:53:26.6776567-06:00"
}
2024/12/31 15:53:27 Received log message from agent {
  "agent_id": "1234567890",
  "agent_name": "jarvis-agent-windows",
  "data": {
    "cpu": {
      "count": 8,
      "usage_percent": [
        14.285714285714285,
        1.5873015873015872,
        12.5,
        1.5625,
        0,
        0,
        0,
        46.875
      ]
    },
    "memory": {
      "free": 3714568192,
      "total": 16996769792,
      "usage_percent": 78,
      "used": 13282201600
    }
  },
  "level": "info",
  "message": "System metrics collected",
  "source": "system_monitor",
  "timestamp": "2024-12-31T09:53:26.6775075-06:00",
  "type": "metrics"
}
2024/12/31 15:53:27 Received log message from agent {
  "cpu": {
    "count": 8,
    "usage_percent": [
      14.285714285714285,
      1.5873015873015872,
      12.5,
      1.5625,
      0,
      0,
      0,
      46.875
    ]
  },
  "memory": {
    "free": 3714568192,
    "total": 16996769792,
    "usage_percent": 78,
    "used": 13282201600
  },
  "network": {
    "bytes_recv": 17714044102,
    "bytes_sent": 2093287984,
    "packets_recv": 16535682,
    "packets_sent": 7776486
  },
  "temperature": [
    {
      "sensor_key": "ACPI\\ThermalZone\\TZ00_0",
      "temperature": 27.85
    },
    {
      "sensor_key": "ACPI\\ThermalZone\\TZ01_0",
      "temperature": 29.85
    }
  ],
  "timestamp": "2024-12-31T09:53:26.6775075-06:00"
}
2024/12/31 15:53:30 Received log message from agent {
  "name": "wuauserv",
  "status": "Stopped",
  "timestamp": "2024-12-31T09:53:30.6781399-06:00"
}
2024/12/31 15:53:30 Received log message from agent {
  "name": "EventLog",
  "status": "Running",
  "timestamp": "2024-12-31T09:53:30.678514-06:00"
}
2024/12/31 15:53:31 Received log message from agent {
  "agent_id": "1234567890",
  "agent_name": "jarvis-agent-windows",
  "data": {
    "cpu": {
      "count": 8,
      "usage_percent": [
        42.1875,
        15.625,
        1.5873015873015872,
        17.46031746031746,
        1.5873015873015872,
        3.125,
        0,
        3.076923076923077
      ]
    },
    "memory": {
      "free": 3722969088,
      "total": 16996769792,
      "usage_percent": 78,
      "used": 13273800704
    }
  },
  "level": "info",
  "message": "System metrics collected",
  "source": "system_monitor",
  "timestamp": "2024-12-31T09:53:30.6778158-06:00",
  "type": "metrics"
}
2024/12/31 15:53:31 Received log message from agent {
  "cpu": {
    "count": 8,
    "usage_percent": [
      42.1875,
      15.625,
      1.5873015873015872,
      17.46031746031746,
      1.5873015873015872,
      3.125,
      0,
      3.076923076923077
    ]
  },
  "memory": {
    "free": 3722969088,
    "total": 16996769792,
    "usage_percent": 78,
    "used": 13273800704
  },
  "network": {
    "bytes_recv": 17714044983,
    "bytes_sent": 2093289708,
    "packets_recv": 16535686,
    "packets_sent": 7776490
  },
  "temperature": [
    {
      "sensor_key": "ACPI\\ThermalZone\\TZ00_0",
      "temperature": 27.85
    },
    {
      "sensor_key": "ACPI\\ThermalZone\\TZ01_0",
      "temperature": 29.85
    }
  ],
  "timestamp": "2024-12-31T09:53:30.6778158-06:00"
}
2024/12/31 15:53:34 Received log message from agent {
  "name": "wuauserv",
  "status": "Stopped",
  "timestamp": "2024-12-31T09:53:34.677745-06:00"
}
2024/12/31 15:53:34 Received log message from agent {
  "name": "EventLog",
  "status": "Running",
  "timestamp": "2024-12-31T09:53:34.677903-06:00"
}
2024/12/31 15:53:35 Received log message from agent {
  "agent_id": "1234567890",
  "agent_name": "jarvis-agent-windows",
  "data": {
    "cpu": {
      "count": 8,
      "usage_percent": [
        55.223880597014926,
        1.5625,
        10.9375,
        6.349206349206349,
        3.125,
        0,
        0,
        1.5873015873015872
      ]
    },
    "memory": {
      "free": 3714760704,
      "total": 16996769792,
      "usage_percent": 78,
      "used": 13282009088
    }
  },
  "level": "info",
  "message": "System metrics collected",
  "source": "system_monitor",
  "timestamp": "2024-12-31T09:53:34.6775044-06:00",
  "type": "metrics"
}
2024/12/31 15:53:35 Received log message from agent {
  "cpu": {
    "count": 8,
    "usage_percent": [
      55.223880597014926,
      1.5625,
      10.9375,
      6.349206349206349,
      3.125,
      0,
      0,
      1.5873015873015872
    ]
  },
  "memory": {
    "free": 3714760704,
    "total": 16996769792,
    "usage_percent": 78,
    "used": 13282009088
  },
  "network": {
    "bytes_recv": 17714060570,
    "bytes_sent": 2093293219,
    "packets_recv": 16535705,
    "packets_sent": 7776506
  },
  "temperature": [
    {
      "sensor_key": "ACPI\\ThermalZone\\TZ00_0",
      "temperature": 27.85
    },
    {
      "sensor_key": "ACPI\\ThermalZone\\TZ01_0",
      "temperature": 29.85
    }
  ],
  "timestamp": "2024-12-31T09:53:34.6775044-06:00"
}
2024/12/31 15:53:37 Received log message from agent {
  "Event": {
    "EventData": {
      "ClientProcessId": "14928",
      "CountOfCredentialsReturned": "1",
      "ProcessCreationTime": "2024-12-16T14:59:56.2501338Z",
      "ReadOperation": "%%8099",
      "ReturnCode": "0",
      "SubjectDomainName": "DANSDESKTOP",
      "SubjectLogonId": "0x4c0db",
      "SubjectUserName": "danfe",
      "SubjectUserSid": "S-1-5-21-1680856076-1700718083-3477311726-1001",
      "TargetName": "NordPass/IsCrashReportingEnabled",
      "Type": "1"
    },
    "System": {
      "Channel": "Security",
      "Computer": "dansDesktop",
      "Correlation": {},
      "EventID": "5379",
      "EventRecordID": "8305962",
      "Execution": {
        "ProcessID": "1128",
        "ThreadID": "16200"
      },
      "Keywords": "0x8020000000000000",
      "Level": "0",
      "Opcode": "0",
      "Provider": {
        "Guid": "{54849625-5478-4994-a5ba-3e3b0328c30d}",
        "Name": "Microsoft-Windows-Security-Auditing"
      },
      "Security": {
        "UserID": ""
      },
      "Task": "13824",
      "TimeCreated": {
        "SystemTime": "2024-12-31T15:53:36.9654787Z"
      },
      "Version": "0"
    }
  }
}
2024/12/31 15:53:37 Received log message from agent {
  "Event": {
    "EventData": {
      "ClientProcessId": "14928",
      "CountOfCredentialsReturned": "1",
      "ProcessCreationTime": "2024-12-16T14:59:56.2501338Z",
      "ReadOperation": "%%8099",
      "ReturnCode": "0",
      "SubjectDomainName": "DANSDESKTOP",
      "SubjectLogonId": "0x4c0db",
      "SubjectUserName": "danfe",
      "SubjectUserSid": "S-1-5-21-1680856076-1700718083-3477311726-1001",
      "TargetName": "NordPass/PasswordGenerator",
      "Type": "1"
    },
    "System": {
      "Channel": "Security",
      "Computer": "dansDesktop",
      "Correlation": {},
      "EventID": "5379",
      "EventRecordID": "8305963",
      "Execution": {
        "ProcessID": "1128",
        "ThreadID": "4736"
      },
      "Keywords": "0x8020000000000000",
      "Level": "0",
      "Opcode": "0",
      "Provider": {
        "Guid": "{54849625-5478-4994-a5ba-3e3b0328c30d}",
        "Name": "Microsoft-Windows-Security-Auditing"
      },
      "Security": {
        "UserID": ""
      },
      "Task": "13824",
      "TimeCreated": {
        "SystemTime": "2024-12-31T15:53:36.9655167Z"
      },
      "Version": "0"
    }
  }
}
2024/12/31 15:53:37 Received log message from agent {
  "Event": {
    "EventData": {
      "ClientProcessId": "14928",
      "CountOfCredentialsReturned": "1",
      "ProcessCreationTime": "2024-12-16T14:59:56.2501338Z",
      "ReadOperation": "%%8099",
      "ReturnCode": "0",
      "SubjectDomainName": "DANSDESKTOP",
      "SubjectLogonId": "0x4c0db",
      "SubjectUserName": "danfe",
      "SubjectUserSid": "S-1-5-21-1680856076-1700718083-3477311726-1001",
      "TargetName": "NordPass/Upsell",
      "Type": "1"
    },
    "System": {
      "Channel": "Security",
      "Computer": "dansDesktop",
      "Correlation": {},
      "EventID": "5379",
      "EventRecordID": "8305961",
      "Execution": {
        "ProcessID": "1128",
        "ThreadID": "28904"
      },
      "Keywords": "0x8020000000000000",
      "Level": "0",
      "Opcode": "0",
      "Provider": {
        "Guid": "{54849625-5478-4994-a5ba-3e3b0328c30d}",
        "Name": "Microsoft-Windows-Security-Auditing"
      },
      "Security": {
        "UserID": ""
      },
      "Task": "13824",
      "TimeCreated": {
        "SystemTime": "2024-12-31T15:53:36.9654216Z"
      },
      "Version": "0"
    }
  }
}
2024/12/31 15:53:37 Received log message from agent {
  "Event": {
    "EventData": {
      "ClientProcessId": "14928",
      "CountOfCredentialsReturned": "1",
      "ProcessCreationTime": "2024-12-16T14:59:56.2501338Z",
      "ReadOperation": "%%8099",
      "ReturnCode": "0",
      "SubjectDomainName": "DANSDESKTOP",
      "SubjectLogonId": "0x4c0db",
      "SubjectUserName": "danfe",
      "SubjectUserSid": "S-1-5-21-1680856076-1700718083-3477311726-1001",
      "TargetName": "NordPass/RecoveryCodeInfo",
      "Type": "1"
    },
    "System": {
      "Channel": "Security",
      "Computer": "dansDesktop",
      "Correlation": {},
      "EventID": "5379",
      "EventRecordID": "8305964",
      "Execution": {
        "ProcessID": "1128",
        "ThreadID": "71124"
      },
      "Keywords": "0x8020000000000000",
      "Level": "0",
      "Opcode": "0",
      "Provider": {
        "Guid": "{54849625-5478-4994-a5ba-3e3b0328c30d}",
        "Name": "Microsoft-Windows-Security-Auditing"
      },
      "Security": {
        "UserID": ""
      },
      "Task": "13824",
      "TimeCreated": {
        "SystemTime": "2024-12-31T15:53:36.9655516Z"
      },
      "Version": "0"
    }
  }
}
2024/12/31 15:53:37 Received log message from agent {
  "Event": {
    "EventData": {
      "ClientProcessId": "14928",
      "CountOfCredentialsReturned": "1",
      "ProcessCreationTime": "2024-12-16T14:59:56.2501338Z",
      "ReadOperation": "%%8099",
      "ReturnCode": "0",
      "SubjectDomainName": "DANSDESKTOP",
      "SubjectLogonId": "0x4c0db",
      "SubjectUserName": "danfe",
      "SubjectUserSid": "S-1-5-21-1680856076-1700718083-3477311726-1001",
      "TargetName": "NordPass/HasNeverLoggedIn",
      "Type": "1"
    },
    "System": {
      "Channel": "Security",
      "Computer": "dansDesktop",
      "Correlation": {},
      "EventID": "5379",
      "EventRecordID": "8305966",
      "Execution": {
        "ProcessID": "1128",
        "ThreadID": "4736"
      },
      "Keywords": "0x8020000000000000",
      "Level": "0",
      "Opcode": "0",
      "Provider": {
        "Guid": "{54849625-5478-4994-a5ba-3e3b0328c30d}",
        "Name": "Microsoft-Windows-Security-Auditing"
      },
      "Security": {
        "UserID": ""
      },
      "Task": "13824",
      "TimeCreated": {
        "SystemTime": "2024-12-31T15:53:36.9655986Z"
      },
      "Version": "0"
    }
  }
}
2024/12/31 15:53:37 Received log message from agent {
  "Event": {
    "EventData": {
      "ClientProcessId": "14928",
      "CountOfCredentialsReturned": "1",
      "ProcessCreationTime": "2024-12-16T14:59:56.2501338Z",
      "ReadOperation": "%%8099",
      "ReturnCode": "0",
      "SubjectDomainName": "DANSDESKTOP",
      "SubjectLogonId": "0x4c0db",
      "SubjectUserName": "danfe",
      "SubjectUserSid": "S-1-5-21-1680856076-1700718083-3477311726-1001",
      "TargetName": "NordPass/VaultState",
      "Type": "1"
    },
    "System": {
      "Channel": "Security",
      "Computer": "dansDesktop",
      "Correlation": {},
      "EventID": "5379",
      "EventRecordID": "8305965",
      "Execution": {
        "ProcessID": "1128",
        "ThreadID": "28904"
      },
      "Keywords": "0x8020000000000000",
      "Level": "0",
      "Opcode": "0",
      "Provider": {
        "Guid": "{54849625-5478-4994-a5ba-3e3b0328c30d}",
        "Name": "Microsoft-Windows-Security-Auditing"
      },
      "Security": {
        "UserID": ""
      },
      "Task": "13824",
      "TimeCreated": {
        "SystemTime": "2024-12-31T15:53:36.9655744Z"
      },
      "Version": "0"
    }
  }
}
2024/12/31 15:53:37 Received log message from agent {
  "Event": {
    "EventData": {
      "ClientProcessId": "14928",
      "CountOfCredentialsReturned": "1",
      "ProcessCreationTime": "2024-12-16T14:59:56.2501338Z",
      "ReadOperation": "%%8099",
      "ReturnCode": "0",
      "SubjectDomainName": "DANSDESKTOP",
      "SubjectLogonId": "0x4c0db",
      "SubjectUserName": "danfe",
      "SubjectUserSid": "S-1-5-21-1680856076-1700718083-3477311726-1001",
      "TargetName": "NordPass/WebInstallerTrackingEvents",
      "Type": "1"
    },
    "System": {
      "Channel": "Security",
      "Computer": "dansDesktop",
      "Correlation": {},
      "EventID": "5379",
      "EventRecordID": "8305967",
      "Execution": {
        "ProcessID": "1128",
        "ThreadID": "16200"
      },
      "Keywords": "0x8020000000000000",
      "Level": "0",
      "Opcode": "0",
      "Provider": {
        "Guid": "{54849625-5478-4994-a5ba-3e3b0328c30d}",
        "Name": "Microsoft-Windows-Security-Auditing"
      },
      "Security": {
        "UserID": ""
      },
      "Task": "13824",
      "TimeCreated": {
        "SystemTime": "2024-12-31T15:53:36.9656336Z"
      },
      "Version": "0"
    }
  }
}
2024/12/31 15:53:37 Received log message from agent {
  "Event": {
    "EventData": {
      "ClientProcessId": "14928",
      "CountOfCredentialsReturned": "1",
      "ProcessCreationTime": "2024-12-16T14:59:56.2501338Z",
      "ReadOperation": "%%8099",
      "ReturnCode": "0",
      "SubjectDomainName": "DANSDESKTOP",
      "SubjectLogonId": "0x4c0db",
      "SubjectUserName": "danfe",
      "SubjectUserSid": "S-1-5-21-1680856076-1700718083-3477311726-1001",
      "TargetName": "NordPass/IsFirstStart",
      "Type": "1"
    },
    "System": {
      "Channel": "Security",
      "Computer": "dansDesktop",
      "Correlation": {},
      "EventID": "5379",
      "EventRecordID": "8305968",
      "Execution": {
        "ProcessID": "1128",
        "ThreadID": "28904"
      },
      "Keywords": "0x8020000000000000",
      "Level": "0",
      "Opcode": "0",
      "Provider": {
        "Guid": "{54849625-5478-4994-a5ba-3e3b0328c30d}",
        "Name": "Microsoft-Windows-Security-Auditing"
      },
      "Security": {
        "UserID": ""
      },
      "Task": "13824",
      "TimeCreated": {
        "SystemTime": "2024-12-31T15:53:36.9656552Z"
      },
      "Version": "0"
    }
  }
}
2024/12/31 15:53:37 Received log message from agent {
  "Event": {
    "EventData": {
      "ClientProcessId": "14928",
      "CountOfCredentialsReturned": "1",
      "ProcessCreationTime": "2024-12-16T14:59:56.2501338Z",
      "ReadOperation": "%%8099",
      "ReturnCode": "0",
      "SubjectDomainName": "DANSDESKTOP",
      "SubjectLogonId": "0x4c0db",
      "SubjectUserName": "danfe",
      "SubjectUserSid": "S-1-5-21-1680856076-1700718083-3477311726-1001",
      "TargetName": "NordPass/SendActionsTimeRemaining",
      "Type": "1"
    },
    "System": {
      "Channel": "Security",
      "Computer": "dansDesktop",
      "Correlation": {},
      "EventID": "5379",
      "EventRecordID": "8305969",
      "Execution": {
        "ProcessID": "1128",
        "ThreadID": "4736"
      },
      "Keywords": "0x8020000000000000",
      "Level": "0",
      "Opcode": "0",
      "Provider": {
        "Guid": "{54849625-5478-4994-a5ba-3e3b0328c30d}",
        "Name": "Microsoft-Windows-Security-Auditing"
      },
      "Security": {
        "UserID": ""
      },
      "Task": "13824",
      "TimeCreated": {
        "SystemTime": "2024-12-31T15:53:36.9656799Z"
      },
      "Version": "0"
    }
  }
}
2024/12/31 15:53:37 Received log message from agent {
  "Event": {
    "EventData": {
      "ClientProcessId": "14928",
      "CountOfCredentialsReturned": "1",
      "ProcessCreationTime": "2024-12-16T14:59:56.2501338Z",
      "ReadOperation": "%%8099",
      "ReturnCode": "0",
      "SubjectDomainName": "DANSDESKTOP",
      "SubjectLogonId": "0x4c0db",
      "SubjectUserName": "danfe",
      "SubjectUserSid": "S-1-5-21-1680856076-1700718083-3477311726-1001",
      "TargetName": "NordPass/LastKnownEmail",
      "Type": "1"
    },
    "System": {
      "Channel": "Security",
      "Computer": "dansDesktop",
      "Correlation": {},
      "EventID": "5379",
      "EventRecordID": "8305971",
      "Execution": {
        "ProcessID": "1128",
        "ThreadID": "28904"
      },
      "Keywords": "0x8020000000000000",
      "Level": "0",
      "Opcode": "0",
      "Provider": {
        "Guid": "{54849625-5478-4994-a5ba-3e3b0328c30d}",
        "Name": "Microsoft-Windows-Security-Auditing"
      },
      "Security": {
        "UserID": ""
      },
      "Task": "13824",
      "TimeCreated": {
        "SystemTime": "2024-12-31T15:53:36.9657281Z"
      },
      "Version": "0"
    }
  }
}
2024/12/31 15:53:37 Received log message from agent {
  "Event": {
    "EventData": {
      "ClientProcessId": "14928",
      "CountOfCredentialsReturned": "1",
      "ProcessCreationTime": "2024-12-16T14:59:56.2501338Z",
      "ReadOperation": "%%8099",
      "ReturnCode": "0",
      "SubjectDomainName": "DANSDESKTOP",
      "SubjectLogonId": "0x4c0db",
      "SubjectUserName": "danfe",
      "SubjectUserSid": "S-1-5-21-1680856076-1700718083-3477311726-1001",
      "TargetName": "NordPass/IsAutoStartTrial",
      "Type": "1"
    },
    "System": {
      "Channel": "Security",
      "Computer": "dansDesktop",
      "Correlation": {},
      "EventID": "5379",
      "EventRecordID": "8305970",
      "Execution": {
        "ProcessID": "1128",
        "ThreadID": "71124"
      },
      "Keywords": "0x8020000000000000",
      "Level": "0",
      "Opcode": "0",
      "Provider": {
        "Guid": "{54849625-5478-4994-a5ba-3e3b0328c30d}",
        "Name": "Microsoft-Windows-Security-Auditing"
      },
      "Security": {
        "UserID": ""
      },
      "Task": "13824",
      "TimeCreated": {
        "SystemTime": "2024-12-31T15:53:36.9656955Z"
      },
      "Version": "0"
    }
  }
}
2024/12/31 15:53:37 Received log message from agent {
  "Event": {
    "EventData": {
      "ClientProcessId": "14928",
      "CountOfCredentialsReturned": "1",
      "ProcessCreationTime": "2024-12-16T14:59:56.2501338Z",
      "ReadOperation": "%%8099",
      "ReturnCode": "0",
      "SubjectDomainName": "DANSDESKTOP",
      "SubjectLogonId": "0x4c0db",
      "SubjectUserName": "danfe",
      "SubjectUserSid": "S-1-5-21-1680856076-1700718083-3477311726-1001",
      "TargetName": "NordPass/SidebarState",
      "Type": "1"
    },
    "System": {
      "Channel": "Security",
      "Computer": "dansDesktop",
      "Correlation": {},
      "EventID": "5379",
      "EventRecordID": "8305972",
      "Execution": {
        "ProcessID": "1128",
        "ThreadID": "16200"
      },
      "Keywords": "0x8020000000000000",
      "Level": "0",
      "Opcode": "0",
      "Provider": {
        "Guid": "{54849625-5478-4994-a5ba-3e3b0328c30d}",
        "Name": "Microsoft-Windows-Security-Auditing"
      },
      "Security": {
        "UserID": ""
      },
      "Task": "13824",
      "TimeCreated": {
        "SystemTime": "2024-12-31T15:53:36.9657576Z"
      },
      "Version": "0"
    }
  }
}
2024/12/31 15:53:37 Received log message from agent {
  "Event": {
    "EventData": {
      "ClientProcessId": "14928",
      "CountOfCredentialsReturned": "1",
      "ProcessCreationTime": "2024-12-16T14:59:56.2501338Z",
      "ReadOperation": "%%8099",
      "ReturnCode": "0",
      "SubjectDomainName": "DANSDESKTOP",
      "SubjectLogonId": "0x4c0db",
      "SubjectUserName": "danfe",
      "SubjectUserSid": "S-1-5-21-1680856076-1700718083-3477311726-1001",
      "TargetName": "NordPass/UserEmail",
      "Type": "1"
    },
    "System": {
      "Channel": "Security",
      "Computer": "dansDesktop",
      "Correlation": {},
      "EventID": "5379",
      "EventRecordID": "8305974",
      "Execution": {
        "ProcessID": "1128",
        "ThreadID": "16200"
      },
      "Keywords": "0x8020000000000000",
      "Level": "0",
      "Opcode": "0",
      "Provider": {
        "Guid": "{54849625-5478-4994-a5ba-3e3b0328c30d}",
        "Name": "Microsoft-Windows-Security-Auditing"
      },
      "Security": {
        "UserID": ""
      },
      "Task": "13824",
      "TimeCreated": {
        "SystemTime": "2024-12-31T15:53:36.9658302Z"
      },
      "Version": "0"
    }
  }
}
2024/12/31 15:53:37 Received log message from agent {
  "Event": {
    "EventData": {
      "ClientProcessId": "14928",
      "CountOfCredentialsReturned": "1",
      "ProcessCreationTime": "2024-12-16T14:59:56.2501338Z",
      "ReadOperation": "%%8099",
      "ReturnCode": "0",
      "SubjectDomainName": "DANSDESKTOP",
      "SubjectLogonId": "0x4c0db",
      "SubjectUserName": "danfe",
      "SubjectUserSid": "S-1-5-21-1680856076-1700718083-3477311726-1001",
      "TargetName": "NordPass/UserId",
      "Type": "1"
    },
    "System": {
      "Channel": "Security",
      "Computer": "dansDesktop",
      "Correlation": {},
      "EventID": "5379",
      "EventRecordID": "8305973",
      "Execution": {
        "ProcessID": "1128",
        "ThreadID": "28904"
      },
      "Keywords": "0x8020000000000000",
      "Level": "0",
      "Opcode": "0",
      "Provider": {
        "Guid": "{54849625-5478-4994-a5ba-3e3b0328c30d}",
        "Name": "Microsoft-Windows-Security-Auditing"
      },
      "Security": {
        "UserID": ""
      },
      "Task": "13824",
      "TimeCreated": {
        "SystemTime": "2024-12-31T15:53:36.9658020Z"
      },
      "Version": "0"
    }
  }
}
2024/12/31 15:53:37 Received log message from agent {
  "Event": {
    "EventData": {
      "ClientProcessId": "14928",
      "CountOfCredentialsReturned": "1",
      "ProcessCreationTime": "2024-12-16T14:59:56.2501338Z",
      "ReadOperation": "%%8099",
      "ReturnCode": "0",
      "SubjectDomainName": "DANSDESKTOP",
      "SubjectLogonId": "0x4c0db",
      "SubjectUserName": "danfe",
      "SubjectUserSid": "S-1-5-21-1680856076-1700718083-3477311726-1001",
      "TargetName": "NordPass/Environment",
      "Type": "1"
    },
    "System": {
      "Channel": "Security",
      "Computer": "dansDesktop",
      "Correlation": {},
      "EventID": "5379",
      "EventRecordID": "8305975",
      "Execution": {
        "ProcessID": "1128",
        "ThreadID": "4736"
      },
      "Keywords": "0x8020000000000000",
      "Level": "0",
      "Opcode": "0",
      "Provider": {
        "Guid": "{54849625-5478-4994-a5ba-3e3b0328c30d}",
        "Name": "Microsoft-Windows-Security-Auditing"
      },
      "Security": {
        "UserID": ""
      },
      "Task": "13824",
      "TimeCreated": {
        "SystemTime": "2024-12-31T15:53:36.9658530Z"
      },
      "Version": "0"
    }
  }
}
2024/12/31 15:53:37 Received log message from agent {
  "Event": {
    "EventData": {
      "ClientProcessId": "14928",
      "CountOfCredentialsReturned": "1",
      "ProcessCreationTime": "2024-12-16T14:59:56.2501338Z",
      "ReadOperation": "%%8099",
      "ReturnCode": "0",
      "SubjectDomainName": "DANSDESKTOP",
      "SubjectLogonId": "0x4c0db",
      "SubjectUserName": "danfe",
      "SubjectUserSid": "S-1-5-21-1680856076-1700718083-3477311726-1001",
      "TargetName": "NordPass/ClipboardClearingTime",
      "Type": "1"
    },
    "System": {
      "Channel": "Security",
      "Computer": "dansDesktop",
      "Correlation": {},
      "EventID": "5379",
      "EventRecordID": "8305976",
      "Execution": {
        "ProcessID": "1128",
        "ThreadID": "28904"
      },
      "Keywords": "0x8020000000000000",
      "Level": "0",
      "Opcode": "0",
      "Provider": {
        "Guid": "{54849625-5478-4994-a5ba-3e3b0328c30d}",
        "Name": "Microsoft-Windows-Security-Auditing"
      },
      "Security": {
        "UserID": ""
      },
      "Task": "13824",
      "TimeCreated": {
        "SystemTime": "2024-12-31T15:53:36.9658692Z"
      },
      "Version": "0"
    }
  }
}
2024/12/31 15:53:37 Received log message from agent {
  "Event": {
    "EventData": {
      "ClientProcessId": "14928",
      "CountOfCredentialsReturned": "1",
      "ProcessCreationTime": "2024-12-16T14:59:56.2501338Z",
      "ReadOperation": "%%8099",
      "ReturnCode": "0",
      "SubjectDomainName": "DANSDESKTOP",
      "SubjectLogonId": "0x4c0db",
      "SubjectUserName": "danfe",
      "SubjectUserSid": "S-1-5-21-1680856076-1700718083-3477311726-1001",
      "TargetName": "NordPass/MiscData",
      "Type": "1"
    },
    "System": {
      "Channel": "Security",
      "Computer": "dansDesktop",
      "Correlation": {},
      "EventID": "5379",
      "EventRecordID": "8305977",
      "Execution": {
        "ProcessID": "1128",
        "ThreadID": "71124"
      },
      "Keywords": "0x8020000000000000",
      "Level": "0",
      "Opcode": "0",
      "Provider": {
        "Guid": "{54849625-5478-4994-a5ba-3e3b0328c30d}",
        "Name": "Microsoft-Windows-Security-Auditing"
      },
      "Security": {
        "UserID": ""
      },
      "Task": "13824",
      "TimeCreated": {
        "SystemTime": "2024-12-31T15:53:36.9658960Z"
      },
      "Version": "0"
    }
  }
}
2024/12/31 15:53:37 Received log message from agent {
  "Event": {
    "EventData": {
      "ClientProcessId": "14928",
      "CountOfCredentialsReturned": "1",
      "ProcessCreationTime": "2024-12-16T14:59:56.2501338Z",
      "ReadOperation": "%%8099",
      "ReturnCode": "0",
      "SubjectDomainName": "DANSDESKTOP",
      "SubjectLogonId": "0x4c0db",
      "SubjectUserName": "danfe",
      "SubjectUserSid": "S-1-5-21-1680856076-1700718083-3477311726-1001",
      "TargetName": "NordPass/IsNoPasskeysFoundDisabled",
      "Type": "1"
    },
    "System": {
      "Channel": "Security",
      "Computer": "dansDesktop",
      "Correlation": {},
      "EventID": "5379",
      "EventRecordID": "8305978",
      "Execution": {
        "ProcessID": "1128",
        "ThreadID": "16200"
      },
      "Keywords": "0x8020000000000000",
      "Level": "0",
      "Opcode": "0",
      "Provider": {
        "Guid": "{54849625-5478-4994-a5ba-3e3b0328c30d}",
        "Name": "Microsoft-Windows-Security-Auditing"
      },
      "Security": {
        "UserID": ""
      },
      "Task": "13824",
      "TimeCreated": {
        "SystemTime": "2024-12-31T15:53:36.9659128Z"
      },
      "Version": "0"
    }
  }
}
