2024/12/31 15:51:38 Received log message from agent {
  "Event": {
    "EventData": {
      "ClientProcessId": "14928",
      "CountOfCredentialsReturned": "1",
      "ProcessCreationTime": "2024-12-16T14:59:56.2501338Z",
      "ReadOperation": "%%8099",
      "ReturnCode": "0",
      "SubjectDomainName": "DANSDESKTOP",
      "SubjectLogonId": "0x4c0db",
      "SubjectUserName": "danfe",
      "SubjectUserSid": "S-1-5-21-1680856076-1700718083-3477311726-1001",
      "TargetName": "NordPass/split_Features9",
      "Type": "1"
    },
    "System": {
      "Channel": "Security",
      "Computer": "dansDesktop",
      "Correlation": {},
      "EventID": "5379",
      "EventRecordID": "8305903",
      "Execution": {
        "ProcessID": "1128",
        "ThreadID": "16200"
      },
      "Keywords": "0x8020000000000000",
      "Level": "0",
      "Opcode": "0",
      "Provider": {
        "Guid": "{54849625-5478-4994-a5ba-3e3b0328c30d}",
        "Name": "Microsoft-Windows-Security-Auditing"
      },
      "Security": {
        "UserID": ""
      },
      "Task": "13824",
      "TimeCreated": {
        "SystemTime": "2024-12-31T15:51:36.9636603Z"
      },
      "Version": "0"
    }
  }
}
2024/12/31 15:51:38 Received log message from agent {
  "Event": {
    "EventData": {
      "ClientProcessId": "14928",
      "CountOfCredentialsReturned": "1",
      "ProcessCreationTime": "2024-12-16T14:59:56.2501338Z",
      "ReadOperation": "%%8099",
      "ReturnCode": "0",
      "SubjectDomainName": "DANSDESKTOP",
      "SubjectLogonId": "0x4c0db",
      "SubjectUserName": "danfe",
      "SubjectUserSid": "S-1-5-21-1680856076-1700718083-3477311726-1001",
      "TargetName": "NordPass/split_Features10",
      "Type": "1"
    },
    "System": {
      "Channel": "Security",
      "Computer": "dansDesktop",
      "Correlation": {},
      "EventID": "5379",
      "EventRecordID": "8305904",
      "Execution": {
        "ProcessID": "1128",
        "ThreadID": "16200"
      },
      "Keywords": "0x8020000000000000",
      "Level": "0",
      "Opcode": "0",
      "Provider": {
        "Guid": "{54849625-5478-4994-a5ba-3e3b0328c30d}",
        "Name": "Microsoft-Windows-Security-Auditing"
      },
      "Security": {
        "UserID": ""
      },
      "Task": "13824",
      "TimeCreated": {
        "SystemTime": "2024-12-31T15:51:36.9643451Z"
      },
      "Version": "0"
    }
  }
}
2024/12/31 15:51:38 Received log message from agent {
  "Event": {
    "EventData": {
      "ClientProcessId": "14928",
      "CountOfCredentialsReturned": "1",
      "ProcessCreationTime": "2024-12-16T14:59:56.2501338Z",
      "ReadOperation": "%%8099",
      "ReturnCode": "0",
      "SubjectDomainName": "DANSDESKTOP",
      "SubjectLogonId": "0x4c0db",
      "SubjectUserName": "danfe",
      "SubjectUserSid": "S-1-5-21-1680856076-1700718083-3477311726-1001",
      "TargetName": "NordPass/split_Features11",
      "Type": "1"
    },
    "System": {
      "Channel": "Security",
      "Computer": "dansDesktop",
      "Correlation": {},
      "EventID": "5379",
      "EventRecordID": "8305905",
      "Execution": {
        "ProcessID": "1128",
        "ThreadID": "16200"
      },
      "Keywords": "0x8020000000000000",
      "Level": "0",
      "Opcode": "0",
      "Provider": {
        "Guid": "{54849625-5478-4994-a5ba-3e3b0328c30d}",
        "Name": "Microsoft-Windows-Security-Auditing"
      },
      "Security": {
        "UserID": ""
      },
      "Task": "13824",
      "TimeCreated": {
        "SystemTime": "2024-12-31T15:51:36.9650492Z"
      },
      "Version": "0"
    }
  }
}
2024/12/31 15:51:38 Received log message from agent {
  "Event": {
    "EventData": {
      "ClientProcessId": "14928",
      "CountOfCredentialsReturned": "1",
      "ProcessCreationTime": "2024-12-16T14:59:56.2501338Z",
      "ReadOperation": "%%8099",
      "ReturnCode": "0",
      "SubjectDomainName": "DANSDESKTOP",
      "SubjectLogonId": "0x4c0db",
      "SubjectUserName": "danfe",
      "SubjectUserSid": "S-1-5-21-1680856076-1700718083-3477311726-1001",
      "TargetName": "NordPass/split_Features12",
      "Type": "1"
    },
    "System": {
      "Channel": "Security",
      "Computer": "dansDesktop",
      "Correlation": {},
      "EventID": "5379",
      "EventRecordID": "8305906",
      "Execution": {
        "ProcessID": "1128",
        "ThreadID": "16200"
      },
      "Keywords": "0x8020000000000000",
      "Level": "0",
      "Opcode": "0",
      "Provider": {
        "Guid": "{54849625-5478-4994-a5ba-3e3b0328c30d}",
        "Name": "Microsoft-Windows-Security-Auditing"
      },
      "Security": {
        "UserID": ""
      },
      "Task": "13824",
      "TimeCreated": {
        "SystemTime": "2024-12-31T15:51:36.9656012Z"
      },
      "Version": "0"
    }
  }
}
2024/12/31 15:51:38 Received log message from agent {
  "name": "wuauserv",
  "status": "Stopped",
  "timestamp": "2024-12-31T09:51:38.6778189-06:00"
}
2024/12/31 15:51:38 Received log message from agent {
  "name": "EventLog",
  "status": "Running",
  "timestamp": "2024-12-31T09:51:38.6788916-06:00"
}
2024/12/31 15:51:39 Received log message from agent {
  "agent_id": "1234567890",
  "agent_name": "jarvis-agent-windows",
  "data": {
    "cpu": {
      "count": 8,
      "usage_percent": [
        0,
        0,
        0,
        0,
        73.84615384615385,
        0,
        0,
        1.5625
      ]
    },
    "memory": {
      "free": 3723382784,
      "total": 16996769792,
      "usage_percent": 78,
      "used": 13273387008
    }
  },
  "level": "info",
  "message": "System metrics collected",
  "source": "system_monitor",
  "timestamp": "2024-12-31T09:51:38.6776305-06:00",
  "type": "metrics"
}
2024/12/31 15:51:39 Received log message from agent {
  "cpu": {
    "count": 8,
    "usage_percent": [
      0,
      0,
      0,
      0,
      73.84615384615385,
      0,
      0,
      1.5625
    ]
  },
  "memory": {
    "free": 3723382784,
    "total": 16996769792,
    "usage_percent": 78,
    "used": 13273387008
  },
  "network": {
    "bytes_recv": 17713656245,
    "bytes_sent": 2093149403,
    "packets_recv": 16534961,
    "packets_sent": 7775934
  },
  "temperature": [
    {
      "sensor_key": "ACPI\\ThermalZone\\TZ00_0",
      "temperature": 27.85
    },
    {
      "sensor_key": "ACPI\\ThermalZone\\TZ01_0",
      "temperature": 29.85
    }
  ],
  "timestamp": "2024-12-31T09:51:38.6776305-06:00"
}
2024/12/31 15:51:42 Received log message from agent {
  "name": "EventLog",
  "status": "Running",
  "timestamp": "2024-12-31T09:51:42.6778808-06:00"
}
2024/12/31 15:51:42 Received log message from agent {
  "name": "wuauserv",
  "status": "Stopped",
  "timestamp": "2024-12-31T09:51:42.6778808-06:00"
}
2024/12/31 15:51:43 Received log message from agent {
  "agent_id": "1234567890",
  "agent_name": "jarvis-agent-windows",
  "data": {
    "cpu": {
      "count": 8,
      "usage_percent": [
        44.61538461538462,
        14.0625,
        1.5873015873015872,
        0,
        0,
        0,
        0,
        15.625
      ]
    },
    "memory": {
      "free": 3723419648,
      "total": 16996769792,
      "usage_percent": 78,
      "used": 13273350144
    }
  },
  "level": "info",
  "message": "System metrics collected",
  "source": "system_monitor",
  "timestamp": "2024-12-31T09:51:42.6777514-06:00",
  "type": "metrics"
}
2024/12/31 15:51:43 Received log message from agent {
  "cpu": {
    "count": 8,
    "usage_percent": [
      44.61538461538462,
      14.0625,
      1.5873015873015872,
      0,
      0,
      0,
      0,
      15.625
    ]
  },
  "memory": {
    "free": 3723419648,
    "total": 16996769792,
    "usage_percent": 78,
    "used": 13273350144
  },
  "network": {
    "bytes_recv": 17713657110,
    "bytes_sent": 2093149883,
    "packets_recv": 16534969,
    "packets_sent": 7775942
  },
  "temperature": [
    {
      "sensor_key": "ACPI\\ThermalZone\\TZ00_0",
      "temperature": 27.85
    },
    {
      "sensor_key": "ACPI\\ThermalZone\\TZ01_0",
      "temperature": 29.85
    }
  ],
  "timestamp": "2024-12-31T09:51:42.6777514-06:00"
}
2024/12/31 15:51:46 Received log message from agent {
  "name": "wuauserv",
  "status": "Stopped",
  "timestamp": "2024-12-31T09:51:46.6775176-06:00"
}
2024/12/31 15:51:46 Received log message from agent {
  "name": "EventLog",
  "status": "Running",
  "timestamp": "2024-12-31T09:51:46.6775176-06:00"
}
2024/12/31 15:51:47 Received log message from agent {
  "agent_id": "1234567890",
  "agent_name": "jarvis-agent-windows",
  "data": {
    "cpu": {
      "count": 8,
      "usage_percent": [
        3.125,
        1.5625,
        48.4375,
        0,
        15.384615384615385,
        0,
        0,
        4.6875
      ]
    },
    "memory": {
      "free": 3703308288,
      "total": 16996769792,
      "usage_percent": 78,
      "used": 13293461504
    }
  },
  "level": "info",
  "message": "System metrics collected",
  "source": "system_monitor",
  "timestamp": "2024-12-31T09:51:46.6775176-06:00",
  "type": "metrics"
}
2024/12/31 15:51:47 Received log message from agent {
  "cpu": {
    "count": 8,
    "usage_percent": [
      3.125,
      1.5625,
      48.4375,
      0,
      15.384615384615385,
      0,
      0,
      4.6875
    ]
  },
  "memory": {
    "free": 3703308288,
    "total": 16996769792,
    "usage_percent": 78,
    "used": 13293461504
  },
  "network": {
    "bytes_recv": 17713675632,
    "bytes_sent": 2093166089,
    "packets_recv": 16535025,
    "packets_sent": 7775984
  },
  "temperature": [
    {
      "sensor_key": "ACPI\\ThermalZone\\TZ00_0",
      "temperature": 27.85
    },
    {
      "sensor_key": "ACPI\\ThermalZone\\TZ01_0",
      "temperature": 29.85
    }
  ],
  "timestamp": "2024-12-31T09:51:46.6775176-06:00"
}
2024/12/31 15:51:50 Received log message from agent {
  "name": "wuauserv",
  "status": "Stopped",
  "timestamp": "2024-12-31T09:51:50.6776915-06:00"
}
2024/12/31 15:51:50 Received log message from agent {
  "name": "EventLog",
  "status": "Running",
  "timestamp": "2024-12-31T09:51:50.6776915-06:00"
}
2024/12/31 15:51:51 Received log message from agent {
  "agent_id": "1234567890",
  "agent_name": "jarvis-agent-windows",
  "data": {
    "cpu": {
      "count": 8,
      "usage_percent": [
        4.6875,
        7.8125,
        6.25,
        73.4375,
        4.6875,
        6.25,
        4.6875,
        4.6875
      ]
    },
    "memory": {
      "free": 3707543552,
      "total": 16996769792,
      "usage_percent": 78,
      "used": 13289226240
    }
  },
  "level": "info",
  "message": "System metrics collected",
  "source": "system_monitor",
  "timestamp": "2024-12-31T09:51:50.677506-06:00",
  "type": "metrics"
}
2024/12/31 15:51:51 Received log message from agent {
  "cpu": {
    "count": 8,
    "usage_percent": [
      4.6875,
      7.8125,
      6.25,
      73.4375,
      4.6875,
      6.25,
      4.6875,
      4.6875
    ]
  },
  "memory": {
    "free": 3707543552,
    "total": 16996769792,
    "usage_percent": 78,
    "used": 13289226240
  },
  "network": {
    "bytes_recv": 17713676256,
    "bytes_sent": 2093166220,
    "packets_recv": 16535027,
    "packets_sent": 7775986
  },
  "temperature": [
    {
      "sensor_key": "ACPI\\ThermalZone\\TZ00_0",
      "temperature": 27.85
    },
    {
      "sensor_key": "ACPI\\ThermalZone\\TZ01_0",
      "temperature": 29.85
    }
  ],
  "timestamp": "2024-12-31T09:51:50.677506-06:00"
}
2024/12/31 15:51:54 Received log message from agent {
  "name": "wuauserv",
  "status": "Stopped",
  "timestamp": "2024-12-31T09:51:54.6778666-06:00"
}
2024/12/31 15:51:54 Received log message from agent {
  "name": "EventLog",
  "status": "Running",
  "timestamp": "2024-12-31T09:51:54.6778666-06:00"
}
2024/12/31 15:51:54 Received log message from agent {
  "response_time": 141635100,
  "status": "Up",
  "status_code": 200,
  "timestamp": "2024-12-31T09:51:54.8195017-06:00",
  "url": "https://www.google.com"
}
2024/12/31 15:51:54 Received log message from agent {
  "response_time": 233329300,
  "status": "Up",
  "status_code": 200,
  "timestamp": "2024-12-31T09:51:54.9111959-06:00",
  "url": "https://www.github.com"
}
2024/12/31 15:51:55 Received log message from agent {
  "agent_id": "1234567890",
  "agent_name": "jarvis-agent-windows",
  "data": {
    "cpu": {
      "count": 8,
      "usage_percent": [
        35.9375,
        15.625,
        0,
        0,
        0,
        0,
        0,
        20.3125
      ]
    },
    "memory": {
      "free": 3704414208,
      "total": 16996769792,
      "usage_percent": 78,
      "used": 13292355584
    }
  },
  "level": "info",
  "message": "System metrics collected",
  "source": "system_monitor",
  "timestamp": "2024-12-31T09:51:54.6775763-06:00",
  "type": "metrics"
}
2024/12/31 15:51:55 Received log message from agent {
  "cpu": {
    "count": 8,
    "usage_percent": [
      35.9375,
      15.625,
      0,
      0,
      0,
      0,
      0,
      20.3125
    ]
  },
  "memory": {
    "free": 3704414208,
    "total": 16996769792,
    "usage_percent": 78,
    "used": 13292355584
  },
  "network": {
    "bytes_recv": 17713725726,
    "bytes_sent": 2093171721,
    "packets_recv": 16535084,
    "packets_sent": 7776019
  },
  "temperature": [
    {
      "sensor_key": "ACPI\\ThermalZone\\TZ00_0",
      "temperature": 27.85
    },
    {
      "sensor_key": "ACPI\\ThermalZone\\TZ01_0",
      "temperature": 29.85
    }
  ],
  "timestamp": "2024-12-31T09:51:54.6775763-06:00"
}
2024/12/31 15:51:58 Received log message from agent {
  "name": "EventLog",
  "status": "Running",
  "timestamp": "2024-12-31T09:51:58.6786532-06:00"
}
2024/12/31 15:51:58 Received log message from agent {
  "name": "wuauserv",
  "status": "Stopped",
  "timestamp": "2024-12-31T09:51:58.6783489-06:00"
}
2024/12/31 15:51:59 Received log message from agent {
  "agent_id": "1234567890",
  "agent_name": "jarvis-agent-windows",
  "data": {
    "cpu": {
      "count": 8,
      "usage_percent": [
        33.84615384615385,
        22.22222222222222,
        0,
        7.8125,
        0,
        1.5873015873015872,
        0,
        18.75
      ]
    },
    "memory": {
      "free": 3706302464,
      "total": 16996769792,
      "usage_percent": 78,
      "used": 13290467328
    }
  },
  "level": "info",
  "message": "System metrics collected",
  "source": "system_monitor",
  "timestamp": "2024-12-31T09:51:58.6777624-06:00",
  "type": "metrics"
}
2024/12/31 15:51:59 Received log message from agent {
  "cpu": {
    "count": 8,
    "usage_percent": [
      33.84615384615385,
      22.22222222222222,
      0,
      7.8125,
      0,
      1.5873015873015872,
      0,
      18.75
    ]
  },
  "memory": {
    "free": 3706302464,
    "total": 16996769792,
    "usage_percent": 78,
    "used": 13290467328
  },
  "network": {
    "bytes_recv": 17713726747,
    "bytes_sent": 2093172073,
    "packets_recv": 16535092,
    "packets_sent": 7776025
  },
  "temperature": [
    {
      "sensor_key": "ACPI\\ThermalZone\\TZ00_0",
      "temperature": 27.85
    },
    {
      "sensor_key": "ACPI\\ThermalZone\\TZ01_0",
      "temperature": 29.85
    }
  ],
  "timestamp": "2024-12-31T09:51:58.6777624-06:00"
}
2024/12/31 15:52:02 Received log message from agent {
  "name": "wuauserv",
  "status": "Stopped",
  "timestamp": "2024-12-31T09:52:02.677913-06:00"
}
2024/12/31 15:52:02 Received log message from agent {
  "name": "EventLog",
  "status": "Running",
  "timestamp": "2024-12-31T09:52:02.6780702-06:00"
}
2024/12/31 15:52:03 Received log message from agent {
  "agent_id": "1234567890",
  "agent_name": "jarvis-agent-windows",
  "data": {
    "cpu": {
      "count": 8,
      "usage_percent": [
        15.625,
        1.5625,
        0,
        1.5384615384615385,
        1.5625,
        3.125,
        50,
        12.698412698412698
      ]
    },
    "memory": {
      "free": 3705204736,
      "total": 16996769792,
      "usage_percent": 78,
      "used": 13291565056
    }
  },
  "level": "info",
  "message": "System metrics collected",
  "source": "system_monitor",
  "timestamp": "2024-12-31T09:52:02.677671-06:00",
  "type": "metrics"
}
2024/12/31 15:52:03 Received log message from agent {
  "cpu": {
    "count": 8,
    "usage_percent": [
      15.625,
      1.5625,
      0,
      1.5384615384615385,
      1.5625,
      3.125,
      50,
      12.698412698412698
    ]
  },
  "memory": {
    "free": 3705204736,
    "total": 16996769792,
    "usage_percent": 78,
    "used": 13291565056
  },
  "network": {
    "bytes_recv": 17713736728,
    "bytes_sent": 2093178452,
    "packets_recv": 16535120,
    "packets_sent": 7776049
  },
  "temperature": [
    {
      "sensor_key": "ACPI\\ThermalZone\\TZ00_0",
      "temperature": 27.85
    },
    {
      "sensor_key": "ACPI\\ThermalZone\\TZ01_0",
      "temperature": 29.85
    }
  ],
  "timestamp": "2024-12-31T09:52:02.677671-06:00"
}
2024/12/31 15:52:06 Received log message from agent {
  "name": "EventLog",
  "status": "Running",
  "timestamp": "2024-12-31T09:52:06.6774438-06:00"
}
2024/12/31 15:52:06 Received log message from agent {
  "name": "wuauserv",
  "status": "Stopped",
  "timestamp": "2024-12-31T09:52:06.6773595-06:00"
}
2024/12/31 15:52:07 Received log message from agent {
  "agent_id": "1234567890",
  "agent_name": "jarvis-agent-windows",
  "data": {
    "cpu": {
      "count": 8,
      "usage_percent": [
        44.44444444444444,
        9.375,
        1.5625,
        1.5625,
        0,
        0,
        0,
        20.3125
      ]
    },
    "memory": {
      "free": 3703283712,
      "total": 16996769792,
      "usage_percent": 78,
      "used": 13293486080
    }
  },
  "level": "info",
  "message": "System metrics collected",
  "source": "system_monitor",
  "timestamp": "2024-12-31T09:52:06.6771038-06:00",
  "type": "metrics"
}
2024/12/31 15:52:07 Received log message from agent {
  "cpu": {
    "count": 8,
    "usage_percent": [
      44.44444444444444,
      9.375,
      1.5625,
      1.5625,
      0,
      0,
      0,
      20.3125
    ]
  },
  "memory": {
    "free": 3703283712,
    "total": 16996769792,
    "usage_percent": 78,
    "used": 13293486080
  },
  "network": {
    "bytes_recv": 17713745750,
    "bytes_sent": 2093178951,
    "packets_recv": 16535128,
    "packets_sent": 7776057
  },
  "temperature": [
    {
      "sensor_key": "ACPI\\ThermalZone\\TZ00_0",
      "temperature": 27.85
    },
    {
      "sensor_key": "ACPI\\ThermalZone\\TZ01_0",
      "temperature": 29.85
    }
  ],
  "timestamp": "2024-12-31T09:52:06.6771038-06:00"
}
2024/12/31 15:52:10 Received log message from agent {
  "name": "EventLog",
  "status": "Running",
  "timestamp": "2024-12-31T09:52:10.6774901-06:00"
}
2024/12/31 15:52:10 Received log message from agent {
  "name": "wuauserv",
  "status": "Stopped",
  "timestamp": "2024-12-31T09:52:10.6774901-06:00"
}
2024/12/31 15:52:11 Received log message from agent {
  "agent_id": "1234567890",
  "agent_name": "jarvis-agent-windows",
  "data": {
    "cpu": {
      "count": 8,
      "usage_percent": [
        29.230769230769234,
        9.375,
        3.125,
        9.523809523809524,
        10.9375,
        1.5873015873015872,
        0,
        18.461538461538463
      ]
    },
    "memory": {
      "free": 3700809728,
      "total": 16996769792,
      "usage_percent": 78,
      "used": 13295960064
    }
  },
  "level": "info",
  "message": "System metrics collected",
  "source": "system_monitor",
  "timestamp": "2024-12-31T09:52:10.6772884-06:00",
  "type": "metrics"
}
2024/12/31 15:52:11 Received log message from agent {
  "cpu": {
    "count": 8,
    "usage_percent": [
      29.230769230769234,
      9.375,
      3.125,
      9.523809523809524,
      10.9375,
      1.5873015873015872,
      0,
      18.461538461538463
    ]
  },
  "memory": {
    "free": 3700809728,
    "total": 16996769792,
    "usage_percent": 78,
    "used": 13295960064
  },
  "network": {
    "bytes_recv": 17713755004,
    "bytes_sent": 2093185543,
    "packets_recv": 16535154,
    "packets_sent": 7776079
  },
  "temperature": [
    {
      "sensor_key": "ACPI\\ThermalZone\\TZ00_0",
      "temperature": 27.85
    },
    {
      "sensor_key": "ACPI\\ThermalZone\\TZ01_0",
      "temperature": 29.85
    }
  ],
  "timestamp": "2024-12-31T09:52:10.6772884-06:00"
}
2024/12/31 15:52:14 Received log message from agent {
  "name": "wuauserv",
  "status": "Stopped",
  "timestamp": "2024-12-31T09:52:14.6780747-06:00"
}
2024/12/31 15:52:14 Received log message from agent {
  "name": "EventLog",
  "status": "Running",
  "timestamp": "2024-12-31T09:52:14.6783902-06:00"
}
2024/12/31 15:52:15 Received log message from agent {
  "agent_id": "1234567890",
  "agent_name": "jarvis-agent-windows",
  "data": {
    "cpu": {
      "count": 8,
      "usage_percent": [
        41.269841269841265,
        21.875,
        4.6875,
        0,
        1.5625,
        1.5873015873015872,
        0,
        18.461538461538463
      ]
    },
    "memory": {
      "free": 3668029440,
      "total": 16996769792,
      "usage_percent": 78,
      "used": 13328740352
    }
  },
  "level": "info",
  "message": "System metrics collected",
  "source": "system_monitor",
  "timestamp": "2024-12-31T09:52:14.6776772-06:00",
  "type": "metrics"
}
2024/12/31 15:52:15 Received log message from agent {
  "cpu": {
    "count": 8,
    "usage_percent": [
      41.269841269841265,
      21.875,
      4.6875,
      0,
      1.5625,
      1.5873015873015872,
      0,
      18.461538461538463
    ]
  },
  "memory": {
    "free": 3668029440,
    "total": 16996769792,
    "usage_percent": 78,
    "used": 13328740352
  },
  "network": {
    "bytes_recv": 17713783064,
    "bytes_sent": 2093205224,
    "packets_recv": 16535228,
    "packets_sent": 7776142
  },
  "temperature": [
    {
      "sensor_key": "ACPI\\ThermalZone\\TZ00_0",
      "temperature": 27.85
    },
    {
      "sensor_key": "ACPI\\ThermalZone\\TZ01_0",
      "temperature": 29.85
    }
  ],
  "timestamp": "2024-12-31T09:52:14.6776772-06:00"
}
2024/12/31 15:52:18 Received log message from agent {
  "name": "EventLog",
  "status": "Running",
  "timestamp": "2024-12-31T09:52:18.6778219-06:00"
}
2024/12/31 15:52:18 Received log message from agent {
  "name": "wuauserv",
  "status": "Stopped",
  "timestamp": "2024-12-31T09:52:18.6778219-06:00"
}
2024/12/31 15:52:19 Received log message from agent {
  "agent_id": "1234567890",
  "agent_name": "jarvis-agent-windows",
  "data": {
    "cpu": {
      "count": 8,
      "usage_percent": [
        6.349206349206349,
        4.6875,
        4.6875,
        0,
        15.625,
        0,
        49.23076923076923,
        3.076923076923077
      ]
    },
    "memory": {
      "free": 3693072384,
      "total": 16996769792,
      "usage_percent": 78,
      "used": 13303697408
    }
  },
  "level": "info",
  "message": "System metrics collected",
  "source": "system_monitor",
  "timestamp": "2024-12-31T09:52:18.6776558-06:00",
  "type": "metrics"
}
2024/12/31 15:52:19 Received log message from agent {
  "cpu": {
    "count": 8,
    "usage_percent": [
      6.349206349206349,
      4.6875,
      4.6875,
      0,
      15.625,
      0,
      49.23076923076923,
      3.076923076923077
    ]
  },
  "memory": {
    "free": 3693072384,
    "total": 16996769792,
    "usage_percent": 78,
    "used": 13303697408
  },
  "network": {
    "bytes_recv": 17713793872,
    "bytes_sent": 2093212851,
    "packets_recv": 16535258,
    "packets_sent": 7776168
  },
  "temperature": [
    {
      "sensor_key": "ACPI\\ThermalZone\\TZ00_0",
      "temperature": 27.85
    },
    {
      "sensor_key": "ACPI\\ThermalZone\\TZ01_0",
      "temperature": 29.85
    }
  ],
  "timestamp": "2024-12-31T09:52:18.6776558-06:00"
}
2024/12/31 15:52:22 Received log message from agent {
  "name": "EventLog",
  "status": "Running",
  "timestamp": "2024-12-31T09:52:22.6782341-06:00"
}
2024/12/31 15:52:22 Received log message from agent {
  "name": "wuauserv",
  "status": "Stopped",
  "timestamp": "2024-12-31T09:52:22.6780688-06:00"
}
2024/12/31 15:52:23 Received log message from agent {
  "agent_id": "1234567890",
  "agent_name": "jarvis-agent-windows",
  "data": {
    "cpu": {
      "count": 8,
      "usage_percent": [
        49.23076923076923,
        25,
        1.5873015873015872,
        0,
        0,
        0,
        6.25,
        1.5625
      ]
    },
    "memory": {
      "free": 3698401280,
      "total": 16996769792,
      "usage_percent": 78,
      "used": 13298368512
    }
  },
  "level": "info",
  "message": "System metrics collected",
  "source": "system_monitor",
  "timestamp": "2024-12-31T09:52:22.6778156-06:00",
  "type": "metrics"
}
2024/12/31 15:52:23 Received log message from agent {
  "cpu": {
    "count": 8,
    "usage_percent": [
      49.23076923076923,
      25,
      1.5873015873015872,
      0,
      0,
      0,
      6.25,
      1.5625
    ]
  },
  "memory": {
    "free": 3698401280,
    "total": 16996769792,
    "usage_percent": 78,
    "used": 13298368512
  },
  "network": {
    "bytes_recv": 17713795625,
    "bytes_sent": 2093213635,
    "packets_recv": 16535275,
    "packets_sent": 7776182
  },
  "temperature": [
    {
      "sensor_key": "ACPI\\ThermalZone\\TZ00_0",
      "temperature": 27.85
    },
    {
      "sensor_key": "ACPI\\ThermalZone\\TZ01_0",
      "temperature": 29.85
    }
  ],
  "timestamp": "2024-12-31T09:52:22.6778156-06:00"
}
2024/12/31 15:52:24 Received log message from agent {
  "response_time": 127435000,
  "status": "Up",
  "status_code": 200,
  "timestamp": "2024-12-31T09:52:24.8051197-06:00",
  "url": "https://www.google.com"
}
2024/12/31 15:52:25 Received log message from agent {
  "response_time": 419613400,
  "status": "Up",
  "status_code": 200,
  "timestamp": "2024-12-31T09:52:25.0972981-06:00",
  "url": "https://www.github.com"
}
2024/12/31 15:52:26 Received log message from agent {
  "name": "EventLog",
  "status": "Running",
  "timestamp": "2024-12-31T09:52:26.6772847-06:00"
}
2024/12/31 15:52:26 Received log message from agent {
  "name": "wuauserv",
  "status": "Stopped",
  "timestamp": "2024-12-31T09:52:26.6772847-06:00"
}
2024/12/31 15:52:27 Received log message from agent {
  "agent_id": "1234567890",
  "agent_name": "jarvis-agent-windows",
  "data": {
    "cpu": {
      "count": 8,
      "usage_percent": [
        15.625,
        1.5625,
        35.9375,
        0,
        15.625,
        0,
        1.5384615384615385,
        11.11111111111111
      ]
    },
    "memory": {
      "free": 3687362560,
      "total": 16996769792,
      "usage_percent": 78,
      "used": 13309407232
    }
  },
  "level": "info",
  "message": "System metrics collected",
  "source": "system_monitor",
  "timestamp": "2024-12-31T09:52:26.6772847-06:00",
  "type": "metrics"
}
2024/12/31 15:52:27 Received log message from agent {
  "cpu": {
    "count": 8,
    "usage_percent": [
      15.625,
      1.5625,
      35.9375,
      0,
      15.625,
      0,
      1.5384615384615385,
      11.11111111111111
    ]
  },
  "memory": {
    "free": 3687362560,
    "total": 16996769792,
    "usage_percent": 78,
    "used": 13309407232
  },
  "network": {
    "bytes_recv": 17713856079,
    "bytes_sent": 2093226592,
    "packets_recv": 16535353,
    "packets_sent": 7776232
  },
  "temperature": [
    {
      "sensor_key": "ACPI\\ThermalZone\\TZ00_0",
      "temperature": 27.85
    },
    {
      "sensor_key": "ACPI\\ThermalZone\\TZ01_0",
      "temperature": 29.85
    }
  ],
  "timestamp": "2024-12-31T09:52:26.6772847-06:00"
}
2024/12/31 15:52:30 Received log message from agent {
  "name": "EventLog",
  "status": "Running",
  "timestamp": "2024-12-31T09:52:30.6794596-06:00"
}
2024/12/31 15:52:30 Received log message from agent {
  "name": "wuauserv",
  "status": "Stopped",
  "timestamp": "2024-12-31T09:52:30.6783155-06:00"
}
2024/12/31 15:52:31 Received log message from agent {
  "agent_id": "1234567890",
  "agent_name": "jarvis-agent-windows",
  "data": {
    "cpu": {
      "count": 8,
      "usage_percent": [
        34.375,
        11.11111111111111,
        1.5873015873015872,
        1.5625,
        0,
        7.936507936507936,
        0,
        25
      ]
    },
    "memory": {
      "free": 3688882176,
      "total": 16996769792,
      "usage_percent": 78,
      "used": 13307887616
    }
  },
  "level": "info",
  "message": "System metrics collected",
  "source": "system_monitor",
  "timestamp": "2024-12-31T09:52:30.6775255-06:00",
  "type": "metrics"
}
2024/12/31 15:52:31 Received log message from agent {
  "cpu": {
    "count": 8,
    "usage_percent": [
      34.375,
      11.11111111111111,
      1.5873015873015872,
      1.5625,
      0,
      7.936507936507936,
      0,
      25
    ]
  },
  "memory": {
    "free": 3688882176,
    "total": 16996769792,
    "usage_percent": 78,
    "used": 13307887616
  },
  "network": {
    "bytes_recv": 17713859367,
    "bytes_sent": 2093227026,
    "packets_recv": 16535359,
    "packets_sent": 7776237
  },
  "temperature": [
    {
      "sensor_key": "ACPI\\ThermalZone\\TZ00_0",
      "temperature": 27.85
    },
    {
      "sensor_key": "ACPI\\ThermalZone\\TZ01_0",
      "temperature": 29.85
    }
  ],
  "timestamp": "2024-12-31T09:52:30.6775255-06:00"
}
2024/12/31 15:52:34 Received log message from agent {
  "name": "wuauserv",
  "status": "Stopped",
  "timestamp": "2024-12-31T09:52:34.6778817-06:00"
}
2024/12/31 15:52:34 Received log message from agent {
  "name": "EventLog",
  "status": "Running",
  "timestamp": "2024-12-31T09:52:34.6782337-06:00"
}
2024/12/31 15:52:35 Received log message from agent {
  "agent_id": "1234567890",
  "agent_name": "jarvis-agent-windows",
  "data": {
    "cpu": {
      "count": 8,
      "usage_percent": [
        28.125,
        6.153846153846154,
        0,
        1.5384615384615385,
        1.5384615384615385,
        0,
        0,
        35.38461538461539
      ]
    },
    "memory": {
      "free": 3693694976,
      "total": 16996769792,
      "usage_percent": 78,
      "used": 13303074816
    }
  },
  "level": "info",
  "message": "System metrics collected",
  "source": "system_monitor",
  "timestamp": "2024-12-31T09:52:34.6773985-06:00",
  "type": "metrics"
}
2024/12/31 15:52:35 Received log message from agent {
  "cpu": {
    "count": 8,
    "usage_percent": [
      28.125,
      6.153846153846154,
      0,
      1.5384615384615385,
      1.5384615384615385,
      0,
      0,
      35.38461538461539
    ]
  },
  "memory": {
    "free": 3693694976,
    "total": 16996769792,
    "usage_percent": 78,
    "used": 13303074816
  },
  "network": {
    "bytes_recv": 17713867951,
    "bytes_sent": 2093227080,
    "packets_recv": 16535360,
    "packets_sent": 7776238
  },
  "temperature": [
    {
      "sensor_key": "ACPI\\ThermalZone\\TZ00_0",
      "temperature": 27.85
    },
    {
      "sensor_key": "ACPI\\ThermalZone\\TZ01_0",
      "temperature": 29.85
    }
  ],
  "timestamp": "2024-12-31T09:52:34.6773985-06:00"
}
2024/12/31 15:52:37 Received log message from agent {
  "Event": {
    "EventData": {
      "ClientProcessId": "14928",
      "CountOfCredentialsReturned": "1",
      "ProcessCreationTime": "2024-12-16T14:59:56.2501338Z",
      "ReadOperation": "%%8099",
      "ReturnCode": "0",
      "SubjectDomainName": "DANSDESKTOP",
      "SubjectLogonId": "0x4c0db",
      "SubjectUserName": "danfe",
      "SubjectUserSid": "S-1-5-21-1680856076-1700718083-3477311726-1001",
      "TargetName": "NordPass/Upsell",
      "Type": "1"
    },
    "System": {
      "Channel": "Security",
      "Computer": "dansDesktop",
      "Correlation": {},
      "EventID": "5379",
      "EventRecordID": "8305909",
      "Execution": {
        "ProcessID": "1128",
        "ThreadID": "28904"
      },
      "Keywords": "0x8020000000000000",
      "Level": "0",
      "Opcode": "0",
      "Provider": {
        "Guid": "{54849625-5478-4994-a5ba-3e3b0328c30d}",
        "Name": "Microsoft-Windows-Security-Auditing"
      },
      "Security": {
        "UserID": ""
      },
      "Task": "13824",
      "TimeCreated": {
        "SystemTime": "2024-12-31T15:52:36.9546727Z"
      },
      "Version": "0"
    }
  }
}
2024/12/31 15:52:37 Received log message from agent {
  "Event": {
    "EventData": {
      "ClientProcessId": "14928",
      "CountOfCredentialsReturned": "1",
      "ProcessCreationTime": "2024-12-16T14:59:56.2501338Z",
      "ReadOperation": "%%8099",
      "ReturnCode": "0",
      "SubjectDomainName": "DANSDESKTOP",
      "SubjectLogonId": "0x4c0db",
      "SubjectUserName": "danfe",
      "SubjectUserSid": "S-1-5-21-1680856076-1700718083-3477311726-1001",
      "TargetName": "NordPass/IsCrashReportingEnabled",
      "Type": "1"
    },
    "System": {
      "Channel": "Security",
      "Computer": "dansDesktop",
      "Correlation": {},
      "EventID": "5379",
      "EventRecordID": "8305908",
      "Execution": {
        "ProcessID": "1128",
        "ThreadID": "16200"
      },
      "Keywords": "0x8020000000000000",
      "Level": "0",
      "Opcode": "0",
      "Provider": {
        "Guid": "{54849625-5478-4994-a5ba-3e3b0328c30d}",
        "Name": "Microsoft-Windows-Security-Auditing"
      },
      "Security": {
        "UserID": ""
      },
      "Task": "13824",
      "TimeCreated": {
        "SystemTime": "2024-12-31T15:52:36.9545554Z"
      },
      "Version": "0"
    }
  }
}
2024/12/31 15:52:37 Received log message from agent {
  "Event": {
    "EventData": {
      "ClientProcessId": "14928",
      "CountOfCredentialsReturned": "1",
      "ProcessCreationTime": "2024-12-16T14:59:56.2501338Z",
      "ReadOperation": "%%8099",
      "ReturnCode": "0",
      "SubjectDomainName": "DANSDESKTOP",
      "SubjectLogonId": "0x4c0db",
      "SubjectUserName": "danfe",
      "SubjectUserSid": "S-1-5-21-1680856076-1700718083-3477311726-1001",
      "TargetName": "NordPass/PasswordGenerator",
      "Type": "1"
    },
    "System": {
      "Channel": "Security",
      "Computer": "dansDesktop",
      "Correlation": {},
      "EventID": "5379",
      "EventRecordID": "8305907",
      "Execution": {
        "ProcessID": "1128",
        "ThreadID": "69652"
      },
      "Keywords": "0x8020000000000000",
      "Level": "0",
      "Opcode": "0",
      "Provider": {
        "Guid": "{54849625-5478-4994-a5ba-3e3b0328c30d}",
        "Name": "Microsoft-Windows-Security-Auditing"
      },
      "Security": {
        "UserID": ""
      },
      "Task": "13824",
      "TimeCreated": {
        "SystemTime": "2024-12-31T15:52:36.9544794Z"
      },
      "Version": "0"
    }
  }
}
2024/12/31 15:52:37 Received log message from agent {
  "Event": {
    "EventData": {
      "ClientProcessId": "14928",
      "CountOfCredentialsReturned": "1",
      "ProcessCreationTime": "2024-12-16T14:59:56.2501338Z",
      "ReadOperation": "%%8099",
      "ReturnCode": "0",
      "SubjectDomainName": "DANSDESKTOP",
      "SubjectLogonId": "0x4c0db",
      "SubjectUserName": "danfe",
      "SubjectUserSid": "S-1-5-21-1680856076-1700718083-3477311726-1001",
      "TargetName": "NordPass/VaultState",
      "Type": "1"
    },
    "System": {
      "Channel": "Security",
      "Computer": "dansDesktop",
      "Correlation": {},
      "EventID": "5379",
      "EventRecordID": "8305910",
      "Execution": {
        "ProcessID": "1128",
        "ThreadID": "16200"
      },
      "Keywords": "0x8020000000000000",
      "Level": "0",
      "Opcode": "0",
      "Provider": {
        "Guid": "{54849625-5478-4994-a5ba-3e3b0328c30d}",
        "Name": "Microsoft-Windows-Security-Auditing"
      },
      "Security": {
        "UserID": ""
      },
      "Task": "13824",
      "TimeCreated": {
        "SystemTime": "2024-12-31T15:52:36.9547412Z"
      },
      "Version": "0"
    }
  }
}
2024/12/31 15:52:37 Received log message from agent {
  "Event": {
    "EventData": {
      "ClientProcessId": "14928",
      "CountOfCredentialsReturned": "1",
      "ProcessCreationTime": "2024-12-16T14:59:56.2501338Z",
      "ReadOperation": "%%8099",
      "ReturnCode": "0",
      "SubjectDomainName": "DANSDESKTOP",
      "SubjectLogonId": "0x4c0db",
      "SubjectUserName": "danfe",
      "SubjectUserSid": "S-1-5-21-1680856076-1700718083-3477311726-1001",
      "TargetName": "NordPass/WebInstallerTrackingEvents",
      "Type": "1"
    },
    "System": {
      "Channel": "Security",
      "Computer": "dansDesktop",
      "Correlation": {},
      "EventID": "5379",
      "EventRecordID": "8305911",
      "Execution": {
        "ProcessID": "1128",
        "ThreadID": "4736"
      },
      "Keywords": "0x8020000000000000",
      "Level": "0",
      "Opcode": "0",
      "Provider": {
        "Guid": "{54849625-5478-4994-a5ba-3e3b0328c30d}",
        "Name": "Microsoft-Windows-Security-Auditing"
      },
      "Security": {
        "UserID": ""
      },
      "Task": "13824",
      "TimeCreated": {
        "SystemTime": "2024-12-31T15:52:36.9548344Z"
      },
      "Version": "0"
    }
  }
}
2024/12/31 15:52:37 Received log message from agent {
  "Event": {
    "EventData": {
      "ClientProcessId": "14928",
      "CountOfCredentialsReturned": "1",
      "ProcessCreationTime": "2024-12-16T14:59:56.2501338Z",
      "ReadOperation": "%%8099",
      "ReturnCode": "0",
      "SubjectDomainName": "DANSDESKTOP",
      "SubjectLogonId": "0x4c0db",
      "SubjectUserName": "danfe",
      "SubjectUserSid": "S-1-5-21-1680856076-1700718083-3477311726-1001",
      "TargetName": "NordPass/HasNeverLoggedIn",
      "Type": "1"
    },
    "System": {
      "Channel": "Security",
      "Computer": "dansDesktop",
      "Correlation": {},
      "EventID": "5379",
      "EventRecordID": "8305913",
      "Execution": {
        "ProcessID": "1128",
        "ThreadID": "16200"
      },
      "Keywords": "0x8020000000000000",
      "Level": "0",
      "Opcode": "0",
      "Provider": {
        "Guid": "{54849625-5478-4994-a5ba-3e3b0328c30d}",
        "Name": "Microsoft-Windows-Security-Auditing"
      },
      "Security": {
        "UserID": ""
      },
      "Task": "13824",
      "TimeCreated": {
        "SystemTime": "2024-12-31T15:52:36.9550646Z"
      },
      "Version": "0"
    }
  }
}
2024/12/31 15:52:37 Received log message from agent {
  "Event": {
    "EventData": {
      "ClientProcessId": "14928",
      "CountOfCredentialsReturned": "1",
      "ProcessCreationTime": "2024-12-16T14:59:56.2501338Z",
      "ReadOperation": "%%8099",
      "ReturnCode": "0",
      "SubjectDomainName": "DANSDESKTOP",
      "SubjectLogonId": "0x4c0db",
      "SubjectUserName": "danfe",
      "SubjectUserSid": "S-1-5-21-1680856076-1700718083-3477311726-1001",
      "TargetName": "NordPass/RecoveryCodeInfo",
      "Type": "1"
    },
    "System": {
      "Channel": "Security",
      "Computer": "dansDesktop",
      "Correlation": {},
      "EventID": "5379",
      "EventRecordID": "8305912",
      "Execution": {
        "ProcessID": "1128",
        "ThreadID": "71124"
      },
      "Keywords": "0x8020000000000000",
      "Level": "0",
      "Opcode": "0",
      "Provider": {
        "Guid": "{54849625-5478-4994-a5ba-3e3b0328c30d}",
        "Name": "Microsoft-Windows-Security-Auditing"
      },
      "Security": {
        "UserID": ""
      },
      "Task": "13824",
      "TimeCreated": {
        "SystemTime": "2024-12-31T15:52:36.9549604Z"
      },
      "Version": "0"
    }
  }
}
2024/12/31 15:52:37 Received log message from agent {
  "Event": {
    "EventData": {
      "ClientProcessId": "14928",
      "CountOfCredentialsReturned": "1",
      "ProcessCreationTime": "2024-12-16T14:59:56.2501338Z",
      "ReadOperation": "%%8099",
      "ReturnCode": "0",
      "SubjectDomainName": "DANSDESKTOP",
      "SubjectLogonId": "0x4c0db",
      "SubjectUserName": "danfe",
      "SubjectUserSid": "S-1-5-21-1680856076-1700718083-3477311726-1001",
      "TargetName": "NordPass/IsFirstStart",
      "Type": "1"
    },
    "System": {
      "Channel": "Security",
      "Computer": "dansDesktop",
      "Correlation": {},
      "EventID": "5379",
      "EventRecordID": "8305914",
      "Execution": {
        "ProcessID": "1128",
        "ThreadID": "28904"
      },
      "Keywords": "0x8020000000000000",
      "Level": "0",
      "Opcode": "0",
      "Provider": {
        "Guid": "{54849625-5478-4994-a5ba-3e3b0328c30d}",
        "Name": "Microsoft-Windows-Security-Auditing"
      },
      "Security": {
        "UserID": ""
      },
      "Task": "13824",
      "TimeCreated": {
        "SystemTime": "2024-12-31T15:52:36.9551340Z"
      },
      "Version": "0"
    }
  }
}
2024/12/31 15:52:37 Received log message from agent {
  "Event": {
    "EventData": {
      "ClientProcessId": "14928",
      "CountOfCredentialsReturned": "1",
      "ProcessCreationTime": "2024-12-16T14:59:56.2501338Z",
      "ReadOperation": "%%8099",
      "ReturnCode": "0",
      "SubjectDomainName": "DANSDESKTOP",
      "SubjectLogonId": "0x4c0db",
      "SubjectUserName": "danfe",
      "SubjectUserSid": "S-1-5-21-1680856076-1700718083-3477311726-1001",
      "TargetName": "NordPass/SendActionsTimeRemaining",
      "Type": "1"
    },
    "System": {
      "Channel": "Security",
      "Computer": "dansDesktop",
      "Correlation": {},
      "EventID": "5379",
      "EventRecordID": "8305915",
      "Execution": {
        "ProcessID": "1128",
        "ThreadID": "4736"
      },
      "Keywords": "0x8020000000000000",
      "Level": "0",
      "Opcode": "0",
      "Provider": {
        "Guid": "{54849625-5478-4994-a5ba-3e3b0328c30d}",
        "Name": "Microsoft-Windows-Security-Auditing"
      },
      "Security": {
        "UserID": ""
      },
      "Task": "13824",
      "TimeCreated": {
        "SystemTime": "2024-12-31T15:52:36.9551902Z"
      },
      "Version": "0"
    }
  }
}
2024/12/31 15:52:37 Received log message from agent {
  "Event": {
    "EventData": {
      "ClientProcessId": "14928",
      "CountOfCredentialsReturned": "1",
      "ProcessCreationTime": "2024-12-16T14:59:56.2501338Z",
      "ReadOperation": "%%8099",
      "ReturnCode": "0",
      "SubjectDomainName": "DANSDESKTOP",
      "SubjectLogonId": "0x4c0db",
      "SubjectUserName": "danfe",
      "SubjectUserSid": "S-1-5-21-1680856076-1700718083-3477311726-1001",
      "TargetName": "NordPass/IsAutoStartTrial",
      "Type": "1"
    },
    "System": {
      "Channel": "Security",
      "Computer": "dansDesktop",
      "Correlation": {},
      "EventID": "5379",
      "EventRecordID": "8305916",
      "Execution": {
        "ProcessID": "1128",
        "ThreadID": "71124"
      },
      "Keywords": "0x8020000000000000",
      "Level": "0",
      "Opcode": "0",
      "Provider": {
        "Guid": "{54849625-5478-4994-a5ba-3e3b0328c30d}",
        "Name": "Microsoft-Windows-Security-Auditing"
      },
      "Security": {
        "UserID": ""
      },
      "Task": "13824",
      "TimeCreated": {
        "SystemTime": "2024-12-31T15:52:36.9552341Z"
      },
      "Version": "0"
    }
  }
}
2024/12/31 15:52:37 Received log message from agent {
  "Event": {
    "EventData": {
      "ClientProcessId": "14928",
      "CountOfCredentialsReturned": "1",
      "ProcessCreationTime": "2024-12-16T14:59:56.2501338Z",
      "ReadOperation": "%%8099",
      "ReturnCode": "0",
      "SubjectDomainName": "DANSDESKTOP",
      "SubjectLogonId": "0x4c0db",
      "SubjectUserName": "danfe",
      "SubjectUserSid": "S-1-5-21-1680856076-1700718083-3477311726-1001",
      "TargetName": "NordPass/LastKnownEmail",
      "Type": "1"
    },
    "System": {
      "Channel": "Security",
      "Computer": "dansDesktop",
      "Correlation": {},
      "EventID": "5379",
      "EventRecordID": "8305917",
      "Execution": {
        "ProcessID": "1128",
        "ThreadID": "28904"
      },
      "Keywords": "0x8020000000000000",
      "Level": "0",
      "Opcode": "0",
      "Provider": {
        "Guid": "{54849625-5478-4994-a5ba-3e3b0328c30d}",
        "Name": "Microsoft-Windows-Security-Auditing"
      },
      "Security": {
        "UserID": ""
      },
      "Task": "13824",
      "TimeCreated": {
        "SystemTime": "2024-12-31T15:52:36.9553283Z"
      },
      "Version": "0"
    }
  }
}
2024/12/31 15:52:37 Received log message from agent {
  "Event": {
    "EventData": {
      "ClientProcessId": "14928",
      "CountOfCredentialsReturned": "1",
      "ProcessCreationTime": "2024-12-16T14:59:56.2501338Z",
      "ReadOperation": "%%8099",
      "ReturnCode": "0",
      "SubjectDomainName": "DANSDESKTOP",
      "SubjectLogonId": "0x4c0db",
      "SubjectUserName": "danfe",
      "SubjectUserSid": "S-1-5-21-1680856076-1700718083-3477311726-1001",
      "TargetName": "NordPass/MiscData",
      "Type": "1"
    },
    "System": {
      "Channel": "Security",
      "Computer": "dansDesktop",
      "Correlation": {},
      "EventID": "5379",
      "EventRecordID": "8305919",
      "Execution": {
        "ProcessID": "1128",
        "ThreadID": "71124"
      },
      "Keywords": "0x8020000000000000",
      "Level": "0",
      "Opcode": "0",
      "Provider": {
        "Guid": "{54849625-5478-4994-a5ba-3e3b0328c30d}",
        "Name": "Microsoft-Windows-Security-Auditing"
      },
      "Security": {
        "UserID": ""
      },
      "Task": "13824",
      "TimeCreated": {
        "SystemTime": "2024-12-31T15:52:36.9554759Z"
      },
      "Version": "0"
    }
  }
}
2024/12/31 15:52:37 Received log message from agent {
  "Event": {
    "EventData": {
      "ClientProcessId": "14928",
      "CountOfCredentialsReturned": "1",
      "ProcessCreationTime": "2024-12-16T14:59:56.2501338Z",
      "ReadOperation": "%%8099",
      "ReturnCode": "0",
      "SubjectDomainName": "DANSDESKTOP",
      "SubjectLogonId": "0x4c0db",
      "SubjectUserName": "danfe",
      "SubjectUserSid": "S-1-5-21-1680856076-1700718083-3477311726-1001",
      "TargetName": "NordPass/SidebarState",
      "Type": "1"
    },
    "System": {
      "Channel": "Security",
      "Computer": "dansDesktop",
      "Correlation": {},
      "EventID": "5379",
      "EventRecordID": "8305918",
      "Execution": {
        "ProcessID": "1128",
        "ThreadID": "4736"
      },
      "Keywords": "0x8020000000000000",
      "Level": "0",
      "Opcode": "0",
      "Provider": {
        "Guid": "{54849625-5478-4994-a5ba-3e3b0328c30d}",
        "Name": "Microsoft-Windows-Security-Auditing"
      },
      "Security": {
        "UserID": ""
      },
      "Task": "13824",
      "TimeCreated": {
        "SystemTime": "2024-12-31T15:52:36.9554399Z"
      },
      "Version": "0"
    }
  }
}
2024/12/31 15:52:37 Received log message from agent {
  "Event": {
    "EventData": {
      "ClientProcessId": "14928",
      "CountOfCredentialsReturned": "1",
      "ProcessCreationTime": "2024-12-16T14:59:56.2501338Z",
      "ReadOperation": "%%8099",
      "ReturnCode": "0",
      "SubjectDomainName": "DANSDESKTOP",
      "SubjectLogonId": "0x4c0db",
      "SubjectUserName": "danfe",
      "SubjectUserSid": "S-1-5-21-1680856076-1700718083-3477311726-1001",
      "TargetName": "NordPass/Environment",
      "Type": "1"
    },
    "System": {
      "Channel": "Security",
      "Computer": "dansDesktop",
      "Correlation": {},
      "EventID": "5379",
      "EventRecordID": "8305920",
      "Execution": {
        "ProcessID": "1128",
        "ThreadID": "16200"
      },
      "Keywords": "0x8020000000000000",
      "Level": "0",
      "Opcode": "0",
      "Provider": {
        "Guid": "{54849625-5478-4994-a5ba-3e3b0328c30d}",
        "Name": "Microsoft-Windows-Security-Auditing"
      },
      "Security": {
        "UserID": ""
      },
      "Task": "13824",
      "TimeCreated": {
        "SystemTime": "2024-12-31T15:52:36.9555739Z"
      },
      "Version": "0"
    }
  }
}
2024/12/31 15:52:37 Received log message from agent {
  "Event": {
    "EventData": {
      "ClientProcessId": "14928",
      "CountOfCredentialsReturned": "1",
      "ProcessCreationTime": "2024-12-16T14:59:56.2501338Z",
      "ReadOperation": "%%8099",
      "ReturnCode": "0",
      "SubjectDomainName": "DANSDESKTOP",
      "SubjectLogonId": "0x4c0db",
      "SubjectUserName": "danfe",
      "SubjectUserSid": "S-1-5-21-1680856076-1700718083-3477311726-1001",
      "TargetName": "NordPass/UserEmail",
      "Type": "1"
    },
    "System": {
      "Channel": "Security",
      "Computer": "dansDesktop",
      "Correlation": {},
      "EventID": "5379",
      "EventRecordID": "8305921",
      "Execution": {
        "ProcessID": "1128",
        "ThreadID": "71124"
      },
      "Keywords": "0x8020000000000000",
      "Level": "0",
      "Opcode": "0",
      "Provider": {
        "Guid": "{54849625-5478-4994-a5ba-3e3b0328c30d}",
        "Name": "Microsoft-Windows-Security-Auditing"
      },
      "Security": {
        "UserID": ""
      },
      "Task": "13824",
      "TimeCreated": {
        "SystemTime": "2024-12-31T15:52:36.9556776Z"
      },
      "Version": "0"
    }
  }
}
