2024/12/31 15:54:38 Received log message from agent {
  "Event": {
    "EventData": {
      "ClientProcessId": "14928",
      "CountOfCredentialsReturned": "1",
      "ProcessCreationTime": "2024-12-16T14:59:56.2501338Z",
      "ReadOperation": "%%8099",
      "ReturnCode": "0",
      "SubjectDomainName": "DANSDESKTOP",
      "SubjectLogonId": "0x4c0db",
      "SubjectUserName": "danfe",
      "SubjectUserSid": "S-1-5-21-1680856076-1700718083-3477311726-1001",
      "TargetName": "NordPass/split_Features12",
      "Type": "1"
    },
    "System": {
      "Channel": "Security",
      "Computer": "dansDesktop",
      "Correlation": {},
      "EventID": "5379",
      "EventRecordID": "8306068",
      "Execution": {
        "ProcessID": "1128",
        "ThreadID": "28904"
      },
      "Keywords": "0x8020000000000000",
      "Level": "0",
      "Opcode": "0",
      "Provider": {
        "Guid": "{54849625-5478-4994-a5ba-3e3b0328c30d}",
        "Name": "Microsoft-Windows-Security-Auditing"
      },
      "Security": {
        "UserID": ""
      },
      "Task": "13824",
      "TimeCreated": {
        "SystemTime": "2024-12-31T15:54:36.9958511Z"
      },
      "Version": "0"
    }
  }
}
2024/12/31 15:54:38 Received log message from agent {
  "name": "wuauserv",
  "status": "Stopped",
  "timestamp": "2024-12-31T09:54:38.6775468-06:00"
}
2024/12/31 15:54:38 Received log message from agent {
  "name": "EventLog",
  "status": "Running",
  "timestamp": "2024-12-31T09:54:38.6780495-06:00"
}
2024/12/31 15:54:39 Received log message from agent {
  "agent_id": "1234567890",
  "agent_name": "jarvis-agent-windows",
  "data": {
    "cpu": {
      "count": 8,
      "usage_percent": [
        31.25,
        10.76923076923077,
        28.57142857142857,
        1.5625,
        0,
        0,
        0,
        7.8125
      ]
    },
    "memory": {
      "free": 3399090176,
      "total": 16996769792,
      "usage_percent": 80,
      "used": 13597679616
    }
  },
  "level": "info",
  "message": "System metrics collected",
  "source": "system_monitor",
  "timestamp": "2024-12-31T09:54:38.6773859-06:00",
  "type": "metrics"
}
2024/12/31 15:54:39 Received log message from agent {
  "cpu": {
    "count": 8,
    "usage_percent": [
      31.25,
      10.76923076923077,
      28.57142857142857,
      1.5625,
      0,
      0,
      0,
      7.8125
    ]
  },
  "memory": {
    "free": 3399090176,
    "total": 16996769792,
    "usage_percent": 80,
    "used": 13597679616
  },
  "network": {
    "bytes_recv": 17714380468,
    "bytes_sent": 2093441103,
    "packets_recv": 16536299,
    "packets_sent": 7776998
  },
  "temperature": [
    {
      "sensor_key": "ACPI\\ThermalZone\\TZ00_0",
      "temperature": 27.85
    },
    {
      "sensor_key": "ACPI\\ThermalZone\\TZ01_0",
      "temperature": 29.85
    }
  ],
  "timestamp": "2024-12-31T09:54:38.6773859-06:00"
}
2024/12/31 15:54:42 Received log message from agent {
  "name": "EventLog",
  "status": "Running",
  "timestamp": "2024-12-31T09:54:42.6776385-06:00"
}
2024/12/31 15:54:42 Received log message from agent {
  "name": "wuauserv",
  "status": "Stopped",
  "timestamp": "2024-12-31T09:54:42.6774976-06:00"
}
2024/12/31 15:54:43 Received log message from agent {
  "agent_id": "1234567890",
  "agent_name": "jarvis-agent-windows",
  "data": {
    "cpu": {
      "count": 8,
      "usage_percent": [
        25,
        9.375,
        44.44444444444444,
        4.6875,
        4.615384615384616,
        3.125,
        6.25,
        6.349206349206349
      ]
    },
    "memory": {
      "free": 3353993216,
      "total": 16996769792,
      "usage_percent": 80,
      "used": 13642776576
    }
  },
  "level": "info",
  "message": "System metrics collected",
  "source": "system_monitor",
  "timestamp": "2024-12-31T09:54:42.6772711-06:00",
  "type": "metrics"
}
2024/12/31 15:54:43 Received log message from agent {
  "cpu": {
    "count": 8,
    "usage_percent": [
      25,
      9.375,
      44.44444444444444,
      4.6875,
      4.615384615384616,
      3.125,
      6.25,
      6.349206349206349
    ]
  },
  "memory": {
    "free": 3353993216,
    "total": 16996769792,
    "usage_percent": 80,
    "used": 13642776576
  },
  "network": {
    "bytes_recv": 17714416150,
    "bytes_sent": 2093532294,
    "packets_recv": 16536389,
    "packets_sent": 7777093
  },
  "temperature": [
    {
      "sensor_key": "ACPI\\ThermalZone\\TZ00_0",
      "temperature": 27.85
    },
    {
      "sensor_key": "ACPI\\ThermalZone\\TZ01_0",
      "temperature": 29.85
    }
  ],
  "timestamp": "2024-12-31T09:54:42.6772711-06:00"
}
2024/12/31 15:54:46 Received log message from agent {
  "name": "EventLog",
  "status": "Running",
  "timestamp": "2024-12-31T09:54:46.6778424-06:00"
}
2024/12/31 15:54:46 Received log message from agent {
  "name": "wuauserv",
  "status": "Stopped",
  "timestamp": "2024-12-31T09:54:46.677321-06:00"
}
2024/12/31 15:54:47 Received log message from agent {
  "agent_id": "1234567890",
  "agent_name": "jarvis-agent-windows",
  "data": {
    "cpu": {
      "count": 8,
      "usage_percent": [
        0,
        3.125,
        6.25,
        1.5625,
        3.1746031746031744,
        10.76923076923077,
        56.25,
        3.125
      ]
    },
    "memory": {
      "free": 3392126976,
      "total": 16996769792,
      "usage_percent": 80,
      "used": 13604642816
    }
  },
  "level": "info",
  "message": "System metrics collected",
  "source": "system_monitor",
  "timestamp": "2024-12-31T09:54:46.677321-06:00",
  "type": "metrics"
}
2024/12/31 15:54:47 Received log message from agent {
  "cpu": {
    "count": 8,
    "usage_percent": [
      0,
      3.125,
      6.25,
      1.5625,
      3.1746031746031744,
      10.76923076923077,
      56.25,
      3.125
    ]
  },
  "memory": {
    "free": 3392126976,
    "total": 16996769792,
    "usage_percent": 80,
    "used": 13604642816
  },
  "network": {
    "bytes_recv": 17714428364,
    "bytes_sent": 2093543251,
    "packets_recv": 16536417,
    "packets_sent": 7777114
  },
  "temperature": [
    {
      "sensor_key": "ACPI\\ThermalZone\\TZ00_0",
      "temperature": 27.85
    },
    {
      "sensor_key": "ACPI\\ThermalZone\\TZ01_0",
      "temperature": 29.85
    }
  ],
  "timestamp": "2024-12-31T09:54:46.677321-06:00"
}
2024/12/31 15:54:50 Received log message from agent {
  "name": "EventLog",
  "status": "Running",
  "timestamp": "2024-12-31T09:54:50.6779791-06:00"
}
2024/12/31 15:54:50 Received log message from agent {
  "name": "wuauserv",
  "status": "Stopped",
  "timestamp": "2024-12-31T09:54:50.6778971-06:00"
}
2024/12/31 15:54:51 Received log message from agent {
  "agent_id": "1234567890",
  "agent_name": "jarvis-agent-windows",
  "data": {
    "cpu": {
      "count": 8,
      "usage_percent": [
        49.2063492063492,
        1.5625,
        0,
        0,
        0,
        6.25,
        0,
        15.384615384615385
      ]
    },
    "memory": {
      "free": 3390783488,
      "total": 16996769792,
      "usage_percent": 80,
      "used": 13605986304
    }
  },
  "level": "info",
  "message": "System metrics collected",
  "source": "system_monitor",
  "timestamp": "2024-12-31T09:54:50.6776021-06:00",
  "type": "metrics"
}
2024/12/31 15:54:51 Received log message from agent {
  "cpu": {
    "count": 8,
    "usage_percent": [
      49.2063492063492,
      1.5625,
      0,
      0,
      0,
      6.25,
      0,
      15.384615384615385
    ]
  },
  "memory": {
    "free": 3390783488,
    "total": 16996769792,
    "usage_percent": 80,
    "used": 13605986304
  },
  "network": {
    "bytes_recv": 17714438993,
    "bytes_sent": 2093556804,
    "packets_recv": 16536462,
    "packets_sent": 7777152
  },
  "temperature": [
    {
      "sensor_key": "ACPI\\ThermalZone\\TZ00_0",
      "temperature": 27.85
    },
    {
      "sensor_key": "ACPI\\ThermalZone\\TZ01_0",
      "temperature": 29.85
    }
  ],
  "timestamp": "2024-12-31T09:54:50.6776021-06:00"
}
2024/12/31 15:54:54 Received log message from agent {
  "name": "EventLog",
  "status": "Running",
  "timestamp": "2024-12-31T09:54:54.678881-06:00"
}
2024/12/31 15:54:54 Received log message from agent {
  "name": "wuauserv",
  "status": "Stopped",
  "timestamp": "2024-12-31T09:54:54.6783711-06:00"
}
2024/12/31 15:54:54 Received log message from agent {
  "response_time": 104860200,
  "status": "Up",
  "status_code": 200,
  "timestamp": "2024-12-31T09:54:54.7826844-06:00",
  "url": "https://www.google.com"
}
2024/12/31 15:54:55 Received log message from agent {
  "response_time": 426488200,
  "status": "Up",
  "status_code": 200,
  "timestamp": "2024-12-31T09:54:55.1043124-06:00",
  "url": "https://www.github.com"
}
2024/12/31 15:54:55 Received log message from agent {
  "agent_id": "1234567890",
  "agent_name": "jarvis-agent-windows",
  "data": {
    "cpu": {
      "count": 8,
      "usage_percent": [
        33.33333333333333,
        1.5873015873015872,
        37.5,
        1.5625,
        0,
        0,
        0,
        15.384615384615385
      ]
    },
    "memory": {
      "free": 3406819328,
      "total": 16996769792,
      "usage_percent": 79,
      "used": 13589950464
    }
  },
  "level": "info",
  "message": "System metrics collected",
  "source": "system_monitor",
  "timestamp": "2024-12-31T09:54:54.6778242-06:00",
  "type": "metrics"
}
2024/12/31 15:54:55 Received log message from agent {
  "cpu": {
    "count": 8,
    "usage_percent": [
      33.33333333333333,
      1.5873015873015872,
      37.5,
      1.5625,
      0,
      0,
      0,
      15.384615384615385
    ]
  },
  "memory": {
    "free": 3406819328,
    "total": 16996769792,
    "usage_percent": 79,
    "used": 13589950464
  },
  "network": {
    "bytes_recv": 17714506981,
    "bytes_sent": 2093574415,
    "packets_recv": 16536547,
    "packets_sent": 7777204
  },
  "temperature": [
    {
      "sensor_key": "ACPI\\ThermalZone\\TZ00_0",
      "temperature": 27.85
    },
    {
      "sensor_key": "ACPI\\ThermalZone\\TZ01_0",
      "temperature": 29.85
    }
  ],
  "timestamp": "2024-12-31T09:54:54.6778242-06:00"
}
2024/12/31 15:54:58 Received log message from agent {
  "name": "wuauserv",
  "status": "Stopped",
  "timestamp": "2024-12-31T09:54:58.6779581-06:00"
}
2024/12/31 15:54:58 Received log message from agent {
  "name": "EventLog",
  "status": "Running",
  "timestamp": "2024-12-31T09:54:58.6781183-06:00"
}
2024/12/31 15:54:59 Received log message from agent {
  "agent_id": "1234567890",
  "agent_name": "jarvis-agent-windows",
  "data": {
    "cpu": {
      "count": 8,
      "usage_percent": [
        44.61538461538462,
        0,
        3.125,
        0,
        4.6875,
        0,
        10.76923076923077,
        18.461538461538463
      ]
    },
    "memory": {
      "free": 3394043904,
      "total": 16996769792,
      "usage_percent": 80,
      "used": 13602725888
    }
  },
  "level": "info",
  "message": "System metrics collected",
  "source": "system_monitor",
  "timestamp": "2024-12-31T09:54:58.6776927-06:00",
  "type": "metrics"
}
2024/12/31 15:54:59 Received log message from agent {
  "cpu": {
    "count": 8,
    "usage_percent": [
      44.61538461538462,
      0,
      3.125,
      0,
      4.6875,
      0,
      10.76923076923077,
      18.461538461538463
    ]
  },
  "memory": {
    "free": 3394043904,
    "total": 16996769792,
    "usage_percent": 80,
    "used": 13602725888
  },
  "network": {
    "bytes_recv": 17714510254,
    "bytes_sent": 2093576394,
    "packets_recv": 16536573,
    "packets_sent": 7777230
  },
  "temperature": [
    {
      "sensor_key": "ACPI\\ThermalZone\\TZ00_0",
      "temperature": 27.85
    },
    {
      "sensor_key": "ACPI\\ThermalZone\\TZ01_0",
      "temperature": 29.85
    }
  ],
  "timestamp": "2024-12-31T09:54:58.6776927-06:00"
}
2024/12/31 15:55:02 Received log message from agent {
  "name": "wuauserv",
  "status": "Stopped",
  "timestamp": "2024-12-31T09:55:02.6779497-06:00"
}
2024/12/31 15:55:02 Received log message from agent {
  "name": "EventLog",
  "status": "Running",
  "timestamp": "2024-12-31T09:55:02.6779497-06:00"
}
2024/12/31 15:55:03 Received log message from agent {
  "agent_id": "1234567890",
  "agent_name": "jarvis-agent-windows",
  "data": {
    "cpu": {
      "count": 8,
      "usage_percent": [
        3.076923076923077,
        1.5625,
        9.523809523809524,
        4.6875,
        18.75,
        1.5873015873015872,
        0,
        28.125
      ]
    },
    "memory": {
      "free": 3396730880,
      "total": 16996769792,
      "usage_percent": 80,
      "used": 13600038912
    }
  },
  "level": "info",
  "message": "System metrics collected",
  "source": "system_monitor",
  "timestamp": "2024-12-31T09:55:02.6777147-06:00",
  "type": "metrics"
}
2024/12/31 15:55:03 Received log message from agent {
  "cpu": {
    "count": 8,
    "usage_percent": [
      3.076923076923077,
      1.5625,
      9.523809523809524,
      4.6875,
      18.75,
      1.5873015873015872,
      0,
      28.125
    ]
  },
  "memory": {
    "free": 3396730880,
    "total": 16996769792,
    "usage_percent": 80,
    "used": 13600038912
  },
  "network": {
    "bytes_recv": 17714515941,
    "bytes_sent": 2093576526,
    "packets_recv": 16536575,
    "packets_sent": 7777232
  },
  "temperature": [
    {
      "sensor_key": "ACPI\\ThermalZone\\TZ00_0",
      "temperature": 27.85
    },
    {
      "sensor_key": "ACPI\\ThermalZone\\TZ01_0",
      "temperature": 29.85
    }
  ],
  "timestamp": "2024-12-31T09:55:02.6777147-06:00"
}
2024/12/31 15:55:06 Received log message from agent {
  "name": "EventLog",
  "status": "Running",
  "timestamp": "2024-12-31T09:55:06.678008-06:00"
}
2024/12/31 15:55:06 Received log message from agent {
  "name": "wuauserv",
  "status": "Stopped",
  "timestamp": "2024-12-31T09:55:06.6778023-06:00"
}
2024/12/31 15:55:07 Received log message from agent {
  "agent_id": "1234567890",
  "agent_name": "jarvis-agent-windows",
  "data": {
    "cpu": {
      "count": 8,
      "usage_percent": [
        51.5625,
        0,
        0,
        6.153846153846154,
        0,
        0,
        0,
        25
      ]
    },
    "memory": {
      "free": 3396837376,
      "total": 16996769792,
      "usage_percent": 80,
      "used": 13599932416
    }
  },
  "level": "info",
  "message": "System metrics collected",
  "source": "system_monitor",
  "timestamp": "2024-12-31T09:55:06.6774638-06:00",
  "type": "metrics"
}
2024/12/31 15:55:07 Received log message from agent {
  "cpu": {
    "count": 8,
    "usage_percent": [
      51.5625,
      0,
      0,
      6.153846153846154,
      0,
      0,
      0,
      25
    ]
  },
  "memory": {
    "free": 3396837376,
    "total": 16996769792,
    "usage_percent": 80,
    "used": 13599932416
  },
  "network": {
    "bytes_recv": 17714524591,
    "bytes_sent": 2093576757,
    "packets_recv": 16536580,
    "packets_sent": 7777235
  },
  "temperature": [
    {
      "sensor_key": "ACPI\\ThermalZone\\TZ00_0",
      "temperature": 27.85
    },
    {
      "sensor_key": "ACPI\\ThermalZone\\TZ01_0",
      "temperature": 29.85
    }
  ],
  "timestamp": "2024-12-31T09:55:06.6774638-06:00"
}
2024/12/31 15:55:10 Received log message from agent {
  "name": "wuauserv",
  "status": "Stopped",
  "timestamp": "2024-12-31T09:55:10.677779-06:00"
}
2024/12/31 15:55:10 Received log message from agent {
  "name": "EventLog",
  "status": "Running",
  "timestamp": "2024-12-31T09:55:10.677779-06:00"
}
2024/12/31 15:55:11 Received log message from agent {
  "agent_id": "1234567890",
  "agent_name": "jarvis-agent-windows",
  "data": {
    "cpu": {
      "count": 8,
      "usage_percent": [
        0,
        1.5873015873015872,
        0,
        1.5625,
        1.5625,
        60.317460317460316,
        0,
        6.25
      ]
    },
    "memory": {
      "free": 3571220480,
      "total": 16996769792,
      "usage_percent": 78,
      "used": 13425549312
    }
  },
  "level": "info",
  "message": "System metrics collected",
  "source": "system_monitor",
  "timestamp": "2024-12-31T09:55:10.6775871-06:00",
  "type": "metrics"
}
2024/12/31 15:55:11 Received log message from agent {
  "cpu": {
    "count": 8,
    "usage_percent": [
      0,
      1.5873015873015872,
      0,
      1.5625,
      1.5625,
      60.317460317460316,
      0,
      6.25
    ]
  },
  "memory": {
    "free": 3571220480,
    "total": 16996769792,
    "usage_percent": 78,
    "used": 13425549312
  },
  "network": {
    "bytes_recv": 17714525778,
    "bytes_sent": 2093577340,
    "packets_recv": 16536588,
    "packets_sent": 7777243
  },
  "temperature": [
    {
      "sensor_key": "ACPI\\ThermalZone\\TZ00_0",
      "temperature": 27.85
    },
    {
      "sensor_key": "ACPI\\ThermalZone\\TZ01_0",
      "temperature": 29.85
    }
  ],
  "timestamp": "2024-12-31T09:55:10.6775871-06:00"
}
2024/12/31 15:55:14 Received log message from agent {
  "name": "EventLog",
  "status": "Running",
  "timestamp": "2024-12-31T09:55:14.6783051-06:00"
}
2024/12/31 15:55:14 Received log message from agent {
  "name": "wuauserv",
  "status": "Stopped",
  "timestamp": "2024-12-31T09:55:14.6780724-06:00"
}
2024/12/31 15:55:14 Received log message from agent {
  "Event": {
    "EventData": {
      "PrivilegeList": "SeAssignPrimaryTokenPrivilege\r\n\t\t\tSeTcbPrivilege\r\n\t\t\tSeSecurityPrivilege\r\n\t\t\tSeTakeOwnershipPrivilege\r\n\t\t\tSeLoadDriverPrivilege\r\n\t\t\tSeBackupPrivilege\r\n\t\t\tSeRestorePrivilege\r\n\t\t\tSeDebugPrivilege\r\n\t\t\tSeAuditPrivilege\r\n\t\t\tSeSystemEnvironmentPrivilege\r\n\t\t\tSeImpersonatePrivilege\r\n\t\t\tSeDelegateSessionUserImpersonatePrivilege",
      "SubjectDomainName": "NT AUTHORITY",
      "SubjectLogonId": "0x3e7",
      "SubjectUserName": "SYSTEM",
      "SubjectUserSid": "S-1-5-18"
    },
    "System": {
      "Channel": "Security",
      "Computer": "dansDesktop",
      "Correlation": {},
      "EventID": "4672",
      "EventRecordID": "8306070",
      "Execution": {
        "ProcessID": "1128",
        "ThreadID": "4736"
      },
      "Keywords": "0x8020000000000000",
      "Level": "0",
      "Opcode": "0",
      "Provider": {
        "Guid": "{54849625-5478-4994-a5ba-3e3b0328c30d}",
        "Name": "Microsoft-Windows-Security-Auditing"
      },
      "Security": {
        "UserID": ""
      },
      "Task": "12548",
      "TimeCreated": {
        "SystemTime": "2024-12-31T15:55:13.9959797Z"
      },
      "Version": "0"
    }
  }
}
2024/12/31 15:55:14 Received log message from agent {
  "Event": {
    "EventData": {
      "AuthenticationPackageName": "Negotiate",
      "ElevatedToken": "%%1842",
      "ImpersonationLevel": "%%1833",
      "IpAddress": "-",
      "IpPort": "-",
      "KeyLength": "0",
      "LmPackageName": "-",
      "LogonGuid": "{00000000-0000-0000-0000-000000000000}",
      "LogonProcessName": "Advapi  ",
      "LogonType": "5",
      "ProcessId": "0x444",
      "ProcessName": "C:\\Windows\\System32\\services.exe",
      "RemoteCredentialGuard": "-",
      "RestrictedAdminMode": "-",
      "SubjectDomainName": "WORKGROUP",
      "SubjectLogonId": "0x3e7",
      "SubjectUserName": "DANSDESKTOP$",
      "SubjectUserSid": "S-1-5-18",
      "TargetDomainName": "NT AUTHORITY",
      "TargetLinkedLogonId": "0x0",
      "TargetLogonId": "0x3e7",
      "TargetOutboundDomainName": "-",
      "TargetOutboundUserName": "-",
      "TargetUserName": "SYSTEM",
      "TargetUserSid": "S-1-5-18",
      "TransmittedServices": "-",
      "VirtualAccount": "%%1843",
      "WorkstationName": "-"
    },
    "System": {
      "Channel": "Security",
      "Computer": "dansDesktop",
      "Correlation": {},
      "EventID": "4624",
      "EventRecordID": "8306069",
      "Execution": {
        "ProcessID": "1128",
        "ThreadID": "4736"
      },
      "Keywords": "0x8020000000000000",
      "Level": "0",
      "Opcode": "0",
      "Provider": {
        "Guid": "{54849625-5478-4994-a5ba-3e3b0328c30d}",
        "Name": "Microsoft-Windows-Security-Auditing"
      },
      "Security": {
        "UserID": ""
      },
      "Task": "12544",
      "TimeCreated": {
        "SystemTime": "2024-12-31T15:55:13.9959740Z"
      },
      "Version": "3"
    }
  }
}
2024/12/31 15:55:15 Received log message from agent {
  "agent_id": "1234567890",
  "agent_name": "jarvis-agent-windows",
  "data": {
    "cpu": {
      "count": 8,
      "usage_percent": [
        25,
        26.5625,
        0,
        0,
        0,
        0,
        17.46031746031746,
        10.76923076923077
      ]
    },
    "memory": {
      "free": 3533148160,
      "total": 16996769792,
      "usage_percent": 79,
      "used": 13463621632
    }
  },
  "level": "info",
  "message": "System metrics collected",
  "source": "system_monitor",
  "timestamp": "2024-12-31T09:55:14.6777454-06:00",
  "type": "metrics"
}
2024/12/31 15:55:15 Received log message from agent {
  "cpu": {
    "count": 8,
    "usage_percent": [
      25,
      26.5625,
      0,
      0,
      0,
      0,
      17.46031746031746,
      10.76923076923077
    ]
  },
  "memory": {
    "free": 3533148160,
    "total": 16996769792,
    "usage_percent": 79,
    "used": 13463621632
  },
  "network": {
    "bytes_recv": 17714552489,
    "bytes_sent": 2093593204,
    "packets_recv": 16536661,
    "packets_sent": 7777314
  },
  "temperature": [
    {
      "sensor_key": "ACPI\\ThermalZone\\TZ00_0",
      "temperature": 27.85
    },
    {
      "sensor_key": "ACPI\\ThermalZone\\TZ01_0",
      "temperature": 29.85
    }
  ],
  "timestamp": "2024-12-31T09:55:14.6777454-06:00"
}
2024/12/31 15:55:18 Received log message from agent {
  "name": "wuauserv",
  "status": "Stopped",
  "timestamp": "2024-12-31T09:55:18.6774058-06:00"
}
2024/12/31 15:55:18 Received log message from agent {
  "name": "EventLog",
  "status": "Running",
  "timestamp": "2024-12-31T09:55:18.6781484-06:00"
}
2024/12/31 15:55:19 Received log message from agent {
  "agent_id": "1234567890",
  "agent_name": "jarvis-agent-windows",
  "data": {
    "cpu": {
      "count": 8,
      "usage_percent": [
        23.4375,
        7.6923076923076925,
        10.9375,
        0,
        0,
        26.984126984126984,
        0,
        18.75
      ]
    },
    "memory": {
      "free": 3560972288,
      "total": 16996769792,
      "usage_percent": 79,
      "used": 13435797504
    }
  },
  "level": "info",
  "message": "System metrics collected",
  "source": "system_monitor",
  "timestamp": "2024-12-31T09:55:18.6774058-06:00",
  "type": "metrics"
}
2024/12/31 15:55:19 Received log message from agent {
  "cpu": {
    "count": 8,
    "usage_percent": [
      23.4375,
      7.6923076923076925,
      10.9375,
      0,
      0,
      26.984126984126984,
      0,
      18.75
    ]
  },
  "memory": {
    "free": 3560972288,
    "total": 16996769792,
    "usage_percent": 79,
    "used": 13435797504
  },
  "network": {
    "bytes_recv": 17714559478,
    "bytes_sent": 2093597135,
    "packets_recv": 16536690,
    "packets_sent": 7777344
  },
  "temperature": [
    {
      "sensor_key": "ACPI\\ThermalZone\\TZ00_0",
      "temperature": 27.85
    },
    {
      "sensor_key": "ACPI\\ThermalZone\\TZ01_0",
      "temperature": 29.85
    }
  ],
  "timestamp": "2024-12-31T09:55:18.6774058-06:00"
}
2024/12/31 15:55:22 Received log message from agent {
  "name": "wuauserv",
  "status": "Stopped",
  "timestamp": "2024-12-31T09:55:22.6777069-06:00"
}
2024/12/31 15:55:22 Received log message from agent {
  "name": "EventLog",
  "status": "Running",
  "timestamp": "2024-12-31T09:55:22.6777069-06:00"
}
2024/12/31 15:55:23 Received log message from agent {
  "agent_id": "1234567890",
  "agent_name": "jarvis-agent-windows",
  "data": {
    "cpu": {
      "count": 8,
      "usage_percent": [
        28.125,
        7.936507936507936,
        0,
        0,
        17.46031746031746,
        0,
        0,
        25
      ]
    },
    "memory": {
      "free": 3564580864,
      "total": 16996769792,
      "usage_percent": 79,
      "used": 13432188928
    }
  },
  "level": "info",
  "message": "System metrics collected",
  "source": "system_monitor",
  "timestamp": "2024-12-31T09:55:22.6777069-06:00",
  "type": "metrics"
}
2024/12/31 15:55:23 Received log message from agent {
  "cpu": {
    "count": 8,
    "usage_percent": [
      28.125,
      7.936507936507936,
      0,
      0,
      17.46031746031746,
      0,
      0,
      25
    ]
  },
  "memory": {
    "free": 3564580864,
    "total": 16996769792,
    "usage_percent": 79,
    "used": 13432188928
  },
  "network": {
    "bytes_recv": 17714565262,
    "bytes_sent": 2093601374,
    "packets_recv": 16536705,
    "packets_sent": 7777354
  },
  "temperature": [
    {
      "sensor_key": "ACPI\\ThermalZone\\TZ00_0",
      "temperature": 27.85
    },
    {
      "sensor_key": "ACPI\\ThermalZone\\TZ01_0",
      "temperature": 29.85
    }
  ],
  "timestamp": "2024-12-31T09:55:22.6777069-06:00"
}
2024/12/31 15:55:24 Received log message from agent {
  "response_time": 121245800,
  "status": "Up",
  "status_code": 200,
  "timestamp": "2024-12-31T09:55:24.7989753-06:00",
  "url": "https://www.google.com"
}
2024/12/31 15:55:24 Received log message from agent {
  "response_time": 209395900,
  "status": "Up",
  "status_code": 200,
  "timestamp": "2024-12-31T09:55:24.8871254-06:00",
  "url": "https://www.github.com"
}
2024/12/31 15:55:26 Received log message from agent {
  "name": "EventLog",
  "status": "Running",
  "timestamp": "2024-12-31T09:55:26.6784677-06:00"
}
2024/12/31 15:55:26 Received log message from agent {
  "name": "wuauserv",
  "status": "Stopped",
  "timestamp": "2024-12-31T09:55:26.6779492-06:00"
}
2024/12/31 15:55:27 Received log message from agent {
  "agent_id": "1234567890",
  "agent_name": "jarvis-agent-windows",
  "data": {
    "cpu": {
      "count": 8,
      "usage_percent": [
        32.8125,
        7.8125,
        3.125,
        0,
        3.076923076923077,
        0,
        27.692307692307693,
        4.6875
      ]
    },
    "memory": {
      "free": 3565481984,
      "total": 16996769792,
      "usage_percent": 79,
      "used": 13431287808
    }
  },
  "level": "info",
  "message": "System metrics collected",
  "source": "system_monitor",
  "timestamp": "2024-12-31T09:55:26.6777606-06:00",
  "type": "metrics"
}
2024/12/31 15:55:27 Received log message from agent {
  "cpu": {
    "count": 8,
    "usage_percent": [
      32.8125,
      7.8125,
      3.125,
      0,
      3.076923076923077,
      0,
      27.692307692307693,
      4.6875
    ]
  },
  "memory": {
    "free": 3565481984,
    "total": 16996769792,
    "usage_percent": 79,
    "used": 13431287808
  },
  "network": {
    "bytes_recv": 17714603915,
    "bytes_sent": 2093607136,
    "packets_recv": 16536750,
    "packets_sent": 7777384
  },
  "temperature": [
    {
      "sensor_key": "ACPI\\ThermalZone\\TZ00_0",
      "temperature": 27.85
    },
    {
      "sensor_key": "ACPI\\ThermalZone\\TZ01_0",
      "temperature": 29.85
    }
  ],
  "timestamp": "2024-12-31T09:55:26.6777606-06:00"
}
2024/12/31 15:55:30 Received log message from agent {
  "name": "EventLog",
  "status": "Running",
  "timestamp": "2024-12-31T09:55:30.677788-06:00"
}
2024/12/31 15:55:30 Received log message from agent {
  "name": "wuauserv",
  "status": "Stopped",
  "timestamp": "2024-12-31T09:55:30.677788-06:00"
}
2024/12/31 15:55:31 Received log message from agent {
  "agent_id": "1234567890",
  "agent_name": "jarvis-agent-windows",
  "data": {
    "cpu": {
      "count": 8,
      "usage_percent": [
        4.6875,
        11.11111111111111,
        0,
        0,
        1.5625,
        53.96825396825397,
        0,
        1.5873015873015872
      ]
    },
    "memory": {
      "free": 3724869632,
      "total": 16996769792,
      "usage_percent": 78,
      "used": 13271900160
    }
  },
  "level": "info",
  "message": "System metrics collected",
  "source": "system_monitor",
  "timestamp": "2024-12-31T09:55:30.6776353-06:00",
  "type": "metrics"
}
2024/12/31 15:55:31 Received log message from agent {
  "cpu": {
    "count": 8,
    "usage_percent": [
      4.6875,
      11.11111111111111,
      0,
      0,
      1.5625,
      53.96825396825397,
      0,
      1.5873015873015872
    ]
  },
  "memory": {
    "free": 3724869632,
    "total": 16996769792,
    "usage_percent": 78,
    "used": 13271900160
  },
  "network": {
    "bytes_recv": 17714604629,
    "bytes_sent": 2093609842,
    "packets_recv": 16536754,
    "packets_sent": 7777389
  },
  "temperature": [
    {
      "sensor_key": "ACPI\\ThermalZone\\TZ00_0",
      "temperature": 27.85
    },
    {
      "sensor_key": "ACPI\\ThermalZone\\TZ01_0",
      "temperature": 29.85
    }
  ],
  "timestamp": "2024-12-31T09:55:30.6776353-06:00"
}
2024/12/31 15:55:34 Received log message from agent {
  "name": "wuauserv",
  "status": "Stopped",
  "timestamp": "2024-12-31T09:55:34.6779019-06:00"
}
2024/12/31 15:55:34 Received log message from agent {
  "name": "EventLog",
  "status": "Running",
  "timestamp": "2024-12-31T09:55:34.6780628-06:00"
}
2024/12/31 15:55:35 Received log message from agent {
  "agent_id": "1234567890",
  "agent_name": "jarvis-agent-windows",
  "data": {
    "cpu": {
      "count": 8,
      "usage_percent": [
        12.5,
        4.6875,
        7.936507936507936,
        12.5,
        0,
        0,
        0,
        27.692307692307693
      ]
    },
    "memory": {
      "free": 3724484608,
      "total": 16996769792,
      "usage_percent": 78,
      "used": 13272285184
    }
  },
  "level": "info",
  "message": "System metrics collected",
  "source": "system_monitor",
  "timestamp": "2024-12-31T09:55:34.6776552-06:00",
  "type": "metrics"
}
2024/12/31 15:55:35 Received log message from agent {
  "cpu": {
    "count": 8,
    "usage_percent": [
      12.5,
      4.6875,
      7.936507936507936,
      12.5,
      0,
      0,
      0,
      27.692307692307693
    ]
  },
  "memory": {
    "free": 3724484608,
    "total": 16996769792,
    "usage_percent": 78,
    "used": 13272285184
  },
  "network": {
    "bytes_recv": 17714615586,
    "bytes_sent": 2093610619,
    "packets_recv": 16536763,
    "packets_sent": 7777394
  },
  "temperature": [
    {
      "sensor_key": "ACPI\\ThermalZone\\TZ00_0",
      "temperature": 27.85
    },
    {
      "sensor_key": "ACPI\\ThermalZone\\TZ01_0",
      "temperature": 29.85
    }
  ],
  "timestamp": "2024-12-31T09:55:34.6776552-06:00"
}
2024/12/31 15:55:37 Received log message from agent {
  "Event": {
    "EventData": {
      "ClientProcessId": "14928",
      "CountOfCredentialsReturned": "1",
      "ProcessCreationTime": "2024-12-16T14:59:56.2501338Z",
      "ReadOperation": "%%8099",
      "ReturnCode": "0",
      "SubjectDomainName": "DANSDESKTOP",
      "SubjectLogonId": "0x4c0db",
      "SubjectUserName": "danfe",
      "SubjectUserSid": "S-1-5-21-1680856076-1700718083-3477311726-1001",
      "TargetName": "NordPass/Upsell",
      "Type": "1"
    },
    "System": {
      "Channel": "Security",
      "Computer": "dansDesktop",
      "Correlation": {},
      "EventID": "5379",
      "EventRecordID": "8306071",
      "Execution": {
        "ProcessID": "1128",
        "ThreadID": "28904"
      },
      "Keywords": "0x8020000000000000",
      "Level": "0",
      "Opcode": "0",
      "Provider": {
        "Guid": "{54849625-5478-4994-a5ba-3e3b0328c30d}",
        "Name": "Microsoft-Windows-Security-Auditing"
      },
      "Security": {
        "UserID": ""
      },
      "Task": "13824",
      "TimeCreated": {
        "SystemTime": "2024-12-31T15:55:36.9844351Z"
      },
      "Version": "0"
    }
  }
}
2024/12/31 15:55:37 Received log message from agent {
  "Event": {
    "EventData": {
      "ClientProcessId": "14928",
      "CountOfCredentialsReturned": "1",
      "ProcessCreationTime": "2024-12-16T14:59:56.2501338Z",
      "ReadOperation": "%%8099",
      "ReturnCode": "0",
      "SubjectDomainName": "DANSDESKTOP",
      "SubjectLogonId": "0x4c0db",
      "SubjectUserName": "danfe",
      "SubjectUserSid": "S-1-5-21-1680856076-1700718083-3477311726-1001",
      "TargetName": "NordPass/RecoveryCodeInfo",
      "Type": "1"
    },
    "System": {
      "Channel": "Security",
      "Computer": "dansDesktop",
      "Correlation": {},
      "EventID": "5379",
      "EventRecordID": "8306072",
      "Execution": {
        "ProcessID": "1128",
        "ThreadID": "71124"
      },
      "Keywords": "0x8020000000000000",
      "Level": "0",
      "Opcode": "0",
      "Provider": {
        "Guid": "{54849625-5478-4994-a5ba-3e3b0328c30d}",
        "Name": "Microsoft-Windows-Security-Auditing"
      },
      "Security": {
        "UserID": ""
      },
      "Task": "13824",
      "TimeCreated": {
        "SystemTime": "2024-12-31T15:55:36.9845207Z"
      },
      "Version": "0"
    }
  }
}
2024/12/31 15:55:37 Received log message from agent {
  "Event": {
    "EventData": {
      "ClientProcessId": "14928",
      "CountOfCredentialsReturned": "1",
      "ProcessCreationTime": "2024-12-16T14:59:56.2501338Z",
      "ReadOperation": "%%8099",
      "ReturnCode": "0",
      "SubjectDomainName": "DANSDESKTOP",
      "SubjectLogonId": "0x4c0db",
      "SubjectUserName": "danfe",
      "SubjectUserSid": "S-1-5-21-1680856076-1700718083-3477311726-1001",
      "TargetName": "NordPass/PasswordGenerator",
      "Type": "1"
    },
    "System": {
      "Channel": "Security",
      "Computer": "dansDesktop",
      "Correlation": {},
      "EventID": "5379",
      "EventRecordID": "8306073",
      "Execution": {
        "ProcessID": "1128",
        "ThreadID": "4736"
      },
      "Keywords": "0x8020000000000000",
      "Level": "0",
      "Opcode": "0",
      "Provider": {
        "Guid": "{54849625-5478-4994-a5ba-3e3b0328c30d}",
        "Name": "Microsoft-Windows-Security-Auditing"
      },
      "Security": {
        "UserID": ""
      },
      "Task": "13824",
      "TimeCreated": {
        "SystemTime": "2024-12-31T15:55:36.9845695Z"
      },
      "Version": "0"
    }
  }
}
2024/12/31 15:55:38 Received log message from agent {
  "Event": {
    "EventData": {
      "ClientProcessId": "14928",
      "CountOfCredentialsReturned": "1",
      "ProcessCreationTime": "2024-12-16T14:59:56.2501338Z",
      "ReadOperation": "%%8099",
      "ReturnCode": "0",
      "SubjectDomainName": "DANSDESKTOP",
      "SubjectLogonId": "0x4c0db",
      "SubjectUserName": "danfe",
      "SubjectUserSid": "S-1-5-21-1680856076-1700718083-3477311726-1001",
      "TargetName": "NordPass/IsCrashReportingEnabled",
      "Type": "1"
    },
    "System": {
      "Channel": "Security",
      "Computer": "dansDesktop",
      "Correlation": {},
      "EventID": "5379",
      "EventRecordID": "8306074",
      "Execution": {
        "ProcessID": "1128",
        "ThreadID": "16200"
      },
      "Keywords": "0x8020000000000000",
      "Level": "0",
      "Opcode": "0",
      "Provider": {
        "Guid": "{54849625-5478-4994-a5ba-3e3b0328c30d}",
        "Name": "Microsoft-Windows-Security-Auditing"
      },
      "Security": {
        "UserID": ""
      },
      "Task": "13824",
      "TimeCreated": {
        "SystemTime": "2024-12-31T15:55:36.9845736Z"
      },
      "Version": "0"
    }
  }
}
2024/12/31 15:55:38 Received log message from agent {
  "Event": {
    "EventData": {
      "ClientProcessId": "14928",
      "CountOfCredentialsReturned": "1",
      "ProcessCreationTime": "2024-12-16T14:59:56.2501338Z",
      "ReadOperation": "%%8099",
      "ReturnCode": "0",
      "SubjectDomainName": "DANSDESKTOP",
      "SubjectLogonId": "0x4c0db",
      "SubjectUserName": "danfe",
      "SubjectUserSid": "S-1-5-21-1680856076-1700718083-3477311726-1001",
      "TargetName": "NordPass/VaultState",
      "Type": "1"
    },
    "System": {
      "Channel": "Security",
      "Computer": "dansDesktop",
      "Correlation": {},
      "EventID": "5379",
      "EventRecordID": "8306075",
      "Execution": {
        "ProcessID": "1128",
        "ThreadID": "72372"
      },
      "Keywords": "0x8020000000000000",
      "Level": "0",
      "Opcode": "0",
      "Provider": {
        "Guid": "{54849625-5478-4994-a5ba-3e3b0328c30d}",
        "Name": "Microsoft-Windows-Security-Auditing"
      },
      "Security": {
        "UserID": ""
      },
      "Task": "13824",
      "TimeCreated": {
        "SystemTime": "2024-12-31T15:55:36.9847379Z"
      },
      "Version": "0"
    }
  }
}
2024/12/31 15:55:38 Received log message from agent {
  "Event": {
    "EventData": {
      "ClientProcessId": "14928",
      "CountOfCredentialsReturned": "1",
      "ProcessCreationTime": "2024-12-16T14:59:56.2501338Z",
      "ReadOperation": "%%8099",
      "ReturnCode": "0",
      "SubjectDomainName": "DANSDESKTOP",
      "SubjectLogonId": "0x4c0db",
      "SubjectUserName": "danfe",
      "SubjectUserSid": "S-1-5-21-1680856076-1700718083-3477311726-1001",
      "TargetName": "NordPass/WebInstallerTrackingEvents",
      "Type": "1"
    },
    "System": {
      "Channel": "Security",
      "Computer": "dansDesktop",
      "Correlation": {},
      "EventID": "5379",
      "EventRecordID": "8306076",
      "Execution": {
        "ProcessID": "1128",
        "ThreadID": "16200"
      },
      "Keywords": "0x8020000000000000",
      "Level": "0",
      "Opcode": "0",
      "Provider": {
        "Guid": "{54849625-5478-4994-a5ba-3e3b0328c30d}",
        "Name": "Microsoft-Windows-Security-Auditing"
      },
      "Security": {
        "UserID": ""
      },
      "Task": "13824",
      "TimeCreated": {
        "SystemTime": "2024-12-31T15:55:36.9848151Z"
      },
      "Version": "0"
    }
  }
}
2024/12/31 15:55:38 Received log message from agent {
  "Event": {
    "EventData": {
      "ClientProcessId": "14928",
      "CountOfCredentialsReturned": "1",
      "ProcessCreationTime": "2024-12-16T14:59:56.2501338Z",
      "ReadOperation": "%%8099",
      "ReturnCode": "0",
      "SubjectDomainName": "DANSDESKTOP",
      "SubjectLogonId": "0x4c0db",
      "SubjectUserName": "danfe",
      "SubjectUserSid": "S-1-5-21-1680856076-1700718083-3477311726-1001",
      "TargetName": "NordPass/IsFirstStart",
      "Type": "1"
    },
    "System": {
      "Channel": "Security",
      "Computer": "dansDesktop",
      "Correlation": {},
      "EventID": "5379",
      "EventRecordID": "8306077",
      "Execution": {
        "ProcessID": "1128",
        "ThreadID": "4736"
      },
      "Keywords": "0x8020000000000000",
      "Level": "0",
      "Opcode": "0",
      "Provider": {
        "Guid": "{54849625-5478-4994-a5ba-3e3b0328c30d}",
        "Name": "Microsoft-Windows-Security-Auditing"
      },
      "Security": {
        "UserID": ""
      },
      "Task": "13824",
      "TimeCreated": {
        "SystemTime": "2024-12-31T15:55:36.9848668Z"
      },
      "Version": "0"
    }
  }
}
2024/12/31 15:55:38 Received log message from agent {
  "Event": {
    "EventData": {
      "ClientProcessId": "14928",
      "CountOfCredentialsReturned": "1",
      "ProcessCreationTime": "2024-12-16T14:59:56.2501338Z",
      "ReadOperation": "%%8099",
      "ReturnCode": "0",
      "SubjectDomainName": "DANSDESKTOP",
      "SubjectLogonId": "0x4c0db",
      "SubjectUserName": "danfe",
      "SubjectUserSid": "S-1-5-21-1680856076-1700718083-3477311726-1001",
      "TargetName": "NordPass/HasNeverLoggedIn",
      "Type": "1"
    },
    "System": {
      "Channel": "Security",
      "Computer": "dansDesktop",
      "Correlation": {},
      "EventID": "5379",
      "EventRecordID": "8306078",
      "Execution": {
        "ProcessID": "1128",
        "ThreadID": "71124"
      },
      "Keywords": "0x8020000000000000",
      "Level": "0",
      "Opcode": "0",
      "Provider": {
        "Guid": "{54849625-5478-4994-a5ba-3e3b0328c30d}",
        "Name": "Microsoft-Windows-Security-Auditing"
      },
      "Security": {
        "UserID": ""
      },
      "Task": "13824",
      "TimeCreated": {
        "SystemTime": "2024-12-31T15:55:36.9849545Z"
      },
      "Version": "0"
    }
  }
}
2024/12/31 15:55:38 Received log message from agent {
  "Event": {
    "EventData": {
      "ClientProcessId": "14928",
      "CountOfCredentialsReturned": "1",
      "ProcessCreationTime": "2024-12-16T14:59:56.2501338Z",
      "ReadOperation": "%%8099",
      "ReturnCode": "0",
      "SubjectDomainName": "DANSDESKTOP",
      "SubjectLogonId": "0x4c0db",
      "SubjectUserName": "danfe",
      "SubjectUserSid": "S-1-5-21-1680856076-1700718083-3477311726-1001",
      "TargetName": "NordPass/SendActionsTimeRemaining",
      "Type": "1"
    },
    "System": {
      "Channel": "Security",
      "Computer": "dansDesktop",
      "Correlation": {},
      "EventID": "5379",
      "EventRecordID": "8306079",
      "Execution": {
        "ProcessID": "1128",
        "ThreadID": "72372"
      },
      "Keywords": "0x8020000000000000",
      "Level": "0",
      "Opcode": "0",
      "Provider": {
        "Guid": "{54849625-5478-4994-a5ba-3e3b0328c30d}",
        "Name": "Microsoft-Windows-Security-Auditing"
      },
      "Security": {
        "UserID": ""
      },
      "Task": "13824",
      "TimeCreated": {
        "SystemTime": "2024-12-31T15:55:36.9850082Z"
      },
      "Version": "0"
    }
  }
}
2024/12/31 15:55:38 Received log message from agent {
  "Event": {
    "EventData": {
      "ClientProcessId": "14928",
      "CountOfCredentialsReturned": "1",
      "ProcessCreationTime": "2024-12-16T14:59:56.2501338Z",
      "ReadOperation": "%%8099",
      "ReturnCode": "0",
      "SubjectDomainName": "DANSDESKTOP",
      "SubjectLogonId": "0x4c0db",
      "SubjectUserName": "danfe",
      "SubjectUserSid": "S-1-5-21-1680856076-1700718083-3477311726-1001",
      "TargetName": "NordPass/IsAutoStartTrial",
      "Type": "1"
    },
    "System": {
      "Channel": "Security",
      "Computer": "dansDesktop",
      "Correlation": {},
      "EventID": "5379",
      "EventRecordID": "8306080",
      "Execution": {
        "ProcessID": "1128",
        "ThreadID": "4736"
      },
      "Keywords": "0x8020000000000000",
      "Level": "0",
      "Opcode": "0",
      "Provider": {
        "Guid": "{54849625-5478-4994-a5ba-3e3b0328c30d}",
        "Name": "Microsoft-Windows-Security-Auditing"
      },
      "Security": {
        "UserID": ""
      },
      "Task": "13824",
      "TimeCreated": {
        "SystemTime": "2024-12-31T15:55:36.9850553Z"
      },
      "Version": "0"
    }
  }
}
2024/12/31 15:55:38 Received log message from agent {
  "Event": {
    "EventData": {
      "ClientProcessId": "14928",
      "CountOfCredentialsReturned": "1",
      "ProcessCreationTime": "2024-12-16T14:59:56.2501338Z",
      "ReadOperation": "%%8099",
      "ReturnCode": "0",
      "SubjectDomainName": "DANSDESKTOP",
      "SubjectLogonId": "0x4c0db",
      "SubjectUserName": "danfe",
      "SubjectUserSid": "S-1-5-21-1680856076-1700718083-3477311726-1001",
      "TargetName": "NordPass/LastKnownEmail",
      "Type": "1"
    },
    "System": {
      "Channel": "Security",
      "Computer": "dansDesktop",
      "Correlation": {},
      "EventID": "5379",
      "EventRecordID": "8306081",
      "Execution": {
        "ProcessID": "1128",
        "ThreadID": "16200"
      },
      "Keywords": "0x8020000000000000",
      "Level": "0",
      "Opcode": "0",
      "Provider": {
        "Guid": "{54849625-5478-4994-a5ba-3e3b0328c30d}",
        "Name": "Microsoft-Windows-Security-Auditing"
      },
      "Security": {
        "UserID": ""
      },
      "Task": "13824",
      "TimeCreated": {
        "SystemTime": "2024-12-31T15:55:36.9851562Z"
      },
      "Version": "0"
    }
  }
}
2024/12/31 15:55:38 Received log message from agent {
  "Event": {
    "EventData": {
      "ClientProcessId": "14928",
      "CountOfCredentialsReturned": "1",
      "ProcessCreationTime": "2024-12-16T14:59:56.2501338Z",
      "ReadOperation": "%%8099",
      "ReturnCode": "0",
      "SubjectDomainName": "DANSDESKTOP",
      "SubjectLogonId": "0x4c0db",
      "SubjectUserName": "danfe",
      "SubjectUserSid": "S-1-5-21-1680856076-1700718083-3477311726-1001",
      "TargetName": "NordPass/MiscData",
      "Type": "1"
    },
    "System": {
      "Channel": "Security",
      "Computer": "dansDesktop",
      "Correlation": {},
      "EventID": "5379",
      "EventRecordID": "8306082",
      "Execution": {
        "ProcessID": "1128",
        "ThreadID": "4736"
      },
      "Keywords": "0x8020000000000000",
      "Level": "0",
      "Opcode": "0",
      "Provider": {
        "Guid": "{54849625-5478-4994-a5ba-3e3b0328c30d}",
        "Name": "Microsoft-Windows-Security-Auditing"
      },
      "Security": {
        "UserID": ""
      },
      "Task": "13824",
      "TimeCreated": {
        "SystemTime": "2024-12-31T15:55:36.9852057Z"
      },
      "Version": "0"
    }
  }
}
2024/12/31 15:55:38 Received log message from agent {
  "Event": {
    "EventData": {
      "ClientProcessId": "14928",
      "CountOfCredentialsReturned": "1",
      "ProcessCreationTime": "2024-12-16T14:59:56.2501338Z",
      "ReadOperation": "%%8099",
      "ReturnCode": "0",
      "SubjectDomainName": "DANSDESKTOP",
      "SubjectLogonId": "0x4c0db",
      "SubjectUserName": "danfe",
      "SubjectUserSid": "S-1-5-21-1680856076-1700718083-3477311726-1001",
      "TargetName": "NordPass/Environment",
      "Type": "1"
    },
    "System": {
      "Channel": "Security",
      "Computer": "dansDesktop",
      "Correlation": {},
      "EventID": "5379",
      "EventRecordID": "8306083",
      "Execution": {
        "ProcessID": "1128",
        "ThreadID": "71124"
      },
      "Keywords": "0x8020000000000000",
      "Level": "0",
      "Opcode": "0",
      "Provider": {
        "Guid": "{54849625-5478-4994-a5ba-3e3b0328c30d}",
        "Name": "Microsoft-Windows-Security-Auditing"
      },
      "Security": {
        "UserID": ""
      },
      "Task": "13824",
      "TimeCreated": {
        "SystemTime": "2024-12-31T15:55:36.9852476Z"
      },
      "Version": "0"
    }
  }
}
2024/12/31 15:55:38 Received log message from agent {
  "Event": {
    "EventData": {
      "ClientProcessId": "14928",
      "CountOfCredentialsReturned": "1",
      "ProcessCreationTime": "2024-12-16T14:59:56.2501338Z",
      "ReadOperation": "%%8099",
      "ReturnCode": "0",
      "SubjectDomainName": "DANSDESKTOP",
      "SubjectLogonId": "0x4c0db",
      "SubjectUserName": "danfe",
      "SubjectUserSid": "S-1-5-21-1680856076-1700718083-3477311726-1001",
      "TargetName": "NordPass/SidebarState",
      "Type": "1"
    },
    "System": {
      "Channel": "Security",
      "Computer": "dansDesktop",
      "Correlation": {},
      "EventID": "5379",
      "EventRecordID": "8306084",
      "Execution": {
        "ProcessID": "1128",
        "ThreadID": "72372"
      },
      "Keywords": "0x8020000000000000",
      "Level": "0",
      "Opcode": "0",
      "Provider": {
        "Guid": "{54849625-5478-4994-a5ba-3e3b0328c30d}",
        "Name": "Microsoft-Windows-Security-Auditing"
      },
      "Security": {
        "UserID": ""
      },
      "Task": "13824",
      "TimeCreated": {
        "SystemTime": "2024-12-31T15:55:36.9853374Z"
      },
      "Version": "0"
    }
  }
}
2024/12/31 15:55:38 Received log message from agent {
  "Event": {
    "EventData": {
      "ClientProcessId": "14928",
      "CountOfCredentialsReturned": "1",
      "ProcessCreationTime": "2024-12-16T14:59:56.2501338Z",
      "ReadOperation": "%%8099",
      "ReturnCode": "0",
      "SubjectDomainName": "DANSDESKTOP",
      "SubjectLogonId": "0x4c0db",
      "SubjectUserName": "danfe",
      "SubjectUserSid": "S-1-5-21-1680856076-1700718083-3477311726-1001",
      "TargetName": "NordPass/UserId",
      "Type": "1"
    },
    "System": {
      "Channel": "Security",
      "Computer": "dansDesktop",
      "Correlation": {},
      "EventID": "5379",
      "EventRecordID": "8306085",
      "Execution": {
        "ProcessID": "1128",
        "ThreadID": "4736"
      },
      "Keywords": "0x8020000000000000",
      "Level": "0",
      "Opcode": "0",
      "Provider": {
        "Guid": "{54849625-5478-4994-a5ba-3e3b0328c30d}",
        "Name": "Microsoft-Windows-Security-Auditing"
      },
      "Security": {
        "UserID": ""
      },
      "Task": "13824",
      "TimeCreated": {
        "SystemTime": "2024-12-31T15:55:36.9853853Z"
      },
      "Version": "0"
    }
  }
}
2024/12/31 15:55:38 Received log message from agent {
  "Event": {
    "EventData": {
      "ClientProcessId": "14928",
      "CountOfCredentialsReturned": "1",
      "ProcessCreationTime": "2024-12-16T14:59:56.2501338Z",
      "ReadOperation": "%%8099",
      "ReturnCode": "0",
      "SubjectDomainName": "DANSDESKTOP",
      "SubjectLogonId": "0x4c0db",
      "SubjectUserName": "danfe",
      "SubjectUserSid": "S-1-5-21-1680856076-1700718083-3477311726-1001",
      "TargetName": "NordPass/UserEmail",
      "Type": "1"
    },
    "System": {
      "Channel": "Security",
      "Computer": "dansDesktop",
      "Correlation": {},
      "EventID": "5379",
      "EventRecordID": "8306086",
      "Execution": {
        "ProcessID": "1128",
        "ThreadID": "71124"
      },
      "Keywords": "0x8020000000000000",
      "Level": "0",
      "Opcode": "0",
      "Provider": {
        "Guid": "{54849625-5478-4994-a5ba-3e3b0328c30d}",
        "Name": "Microsoft-Windows-Security-Auditing"
      },
      "Security": {
        "UserID": ""
      },
      "Task": "13824",
      "TimeCreated": {
        "SystemTime": "2024-12-31T15:55:36.9854122Z"
      },
      "Version": "0"
    }
  }
}
