2024/12/30 21:53:39 Jarvis API Test Server starting on port 8080...
2024/12/30 21:54:06 Received log message from agent {
  "response_time": 180380200,
  "status": "Up",
  "status_code": 200,
  "timestamp": "2024-12-30T15:54:06.361498-06:00",
  "url": "https://www.google.com"
}
2024/12/30 21:54:06 Received log message from agent {
  "response_time": 487422500,
  "status": "Up",
  "status_code": 200,
  "timestamp": "2024-12-30T15:54:06.6685403-06:00",
  "url": "https://www.github.com"
}
2024/12/30 21:54:36 Received log message from agent {
  "response_time": 154478000,
  "status": "Up",
  "status_code": 200,
  "timestamp": "2024-12-30T15:54:36.335305-06:00",
  "url": "https://www.google.com"
}
2024/12/30 21:54:36 Received log message from agent {
  "response_time": 225474000,
  "status": "Up",
  "status_code": 200,
  "timestamp": "2024-12-30T15:54:36.406301-06:00",
  "url": "https://www.github.com"
}
2024/12/30 22:12:22 Jarvis API Test Server starting on port 8080...
2024/12/30 22:13:04 Received log message from agent {
  "response_time": 158724700,
  "status": "Up",
  "status_code": 200,
  "timestamp": "2024-12-30T16:13:04.7423699-06:00",
  "url": "https://www.google.com"
}
2024/12/30 22:13:04 Received log message from agent {
  "response_time": 367293700,
  "status": "Up",
  "status_code": 200,
  "timestamp": "2024-12-30T16:13:04.9509389-06:00",
  "url": "https://www.github.com"
}
2024/12/30 22:13:34 Received log message from agent {
  "response_time": 113019200,
  "status": "Up",
  "status_code": 200,
  "timestamp": "2024-12-30T16:13:34.6962896-06:00",
  "url": "https://www.google.com"
}
2024/12/30 22:13:34 Received log message from agent {
  "response_time": 211028000,
  "status": "Up",
  "status_code": 200,
  "timestamp": "2024-12-30T16:13:34.7942984-06:00",
  "url": "https://www.github.com"
}
2024/12/30 22:14:04 Received log message from agent {
  "response_time": 133074800,
  "status": "Up",
  "status_code": 200,
  "timestamp": "2024-12-30T16:14:04.7164061-06:00",
  "url": "https://www.google.com"
}
2024/12/30 22:14:05 Received log message from agent {
  "response_time": 438638500,
  "status": "Up",
  "status_code": 200,
  "timestamp": "2024-12-30T16:14:05.0219698-06:00",
  "url": "https://www.github.com"
}
2024/12/30 22:19:40 Jarvis API Test Server starting on port 8080...
2024/12/30 22:31:13 Jarvis API Test Server starting on port 8080...
2024/12/30 22:59:00 Jarvis API Test Server starting on port 8080...
2024/12/30 23:10:22 Received log message from agent {
  "cpu": {
    "count": 8,
    "usage_percent": [
      0,
      0,
      0,
      14.0625,
      14.0625,
      35.9375,
      0,
      14.285714285714285
    ]
  },
  "memory": {
    "free": 4291633152,
    "total": 16996769792,
    "usage_percent": 74,
    "used": 12705136640
  },
  "network": {
    "bytes_recv": 16940273992,
    "bytes_sent": 1951829592,
    "packets_recv": 15698612,
    "packets_sent": 7342502
  },
  "temperature": [
    {
      "sensor_key": "ACPI\\ThermalZone\\TZ00_0",
      "temperature": 27.85
    },
    {
      "sensor_key": "ACPI\\ThermalZone\\TZ01_0",
      "temperature": 29.85
    }
  ],
  "timestamp": "2024-12-30T17:10:21.4613752-06:00"
}
2024/12/30 23:10:26 Received log message from agent {
  "cpu": {
    "count": 8,
    "usage_percent": [
      12.5,
      0,
      43.07692307692308,
      0,
      0,
      0,
      0,
      0
    ]
  },
  "memory": {
    "free": 4290580480,
    "total": 16996769792,
    "usage_percent": 74,
    "used": 12706189312
  },
  "network": {
    "bytes_recv": 16940304907,
    "bytes_sent": 1951850466,
    "packets_recv": 15698701,
    "packets_sent": 7342578
  },
  "temperature": [
    {
      "sensor_key": "ACPI\\ThermalZone\\TZ00_0",
      "temperature": 27.85
    },
    {
      "sensor_key": "ACPI\\ThermalZone\\TZ01_0",
      "temperature": 29.85
    }
  ],
  "timestamp": "2024-12-30T17:10:25.4610006-06:00"
}
2024/12/30 23:10:30 Received log message from agent {
  "cpu": {
    "count": 8,
    "usage_percent": [
      22.22222222222222,
      10.76923076923077,
      0,
      0,
      0,
      31.25,
      0,
      20
    ]
  },
  "memory": {
    "free": 4289781760,
    "total": 16996769792,
    "usage_percent": 74,
    "used": 12706988032
  },
  "network": {
    "bytes_recv": 16940322346,
    "bytes_sent": 1951859258,
    "packets_recv": 15698788,
    "packets_sent": 7342658
  },
  "temperature": [
    {
      "sensor_key": "ACPI\\ThermalZone\\TZ00_0",
      "temperature": 27.85
    },
    {
      "sensor_key": "ACPI\\ThermalZone\\TZ01_0",
      "temperature": 29.85
    }
  ],
  "timestamp": "2024-12-30T17:10:29.4607787-06:00"
}
2024/12/30 23:10:34 Received log message from agent {
  "cpu": {
    "count": 8,
    "usage_percent": [
      1.5625,
      1.5625,
      10.9375,
      1.5625,
      0,
      23.4375,
      1.5625,
      11.11111111111111
    ]
  },
  "memory": {
    "free": 4274790400,
    "total": 16996769792,
    "usage_percent": 74,
    "used": 12721979392
  },
  "network": {
    "bytes_recv": 16940333107,
    "bytes_sent": 1951867695,
    "packets_recv": 15698849,
    "packets_sent": 7342714
  },
  "temperature": [
    {
      "sensor_key": "ACPI\\ThermalZone\\TZ00_0",
      "temperature": 27.85
    },
    {
      "sensor_key": "ACPI\\ThermalZone\\TZ01_0",
      "temperature": 29.85
    }
  ],
  "timestamp": "2024-12-30T17:10:33.4609456-06:00"
}
2024/12/30 23:11:10 Jarvis API Test Server starting on port 8080...
2024/12/30 23:11:17 Received log message from agent {
  "name": "EventLog",
  "status": "Running",
  "timestamp": "2024-12-30T17:11:17.6715823-06:00"
}
2024/12/30 23:11:17 Received log message from agent {
  "name": "wuauserv",
  "status": "Stopped",
  "timestamp": "2024-12-30T17:11:17.6698508-06:00"
}
2024/12/30 23:11:18 Received log message from agent {
  "cpu": {
    "count": 8,
    "usage_percent": [
      7.8125,
      0,
      0,
      0,
      0,
      34.375,
      0,
      28.125
    ]
  },
  "memory": {
    "free": 4050792448,
    "total": 16996769792,
    "usage_percent": 76,
    "used": 12945977344
  },
  "network": {
    "bytes_recv": 16940605367,
    "bytes_sent": 1952159044,
    "packets_recv": 15700001,
    "packets_sent": 7343730
  },
  "temperature": [
    {
      "sensor_key": "ACPI\\ThermalZone\\TZ00_0",
      "temperature": 27.85
    },
    {
      "sensor_key": "ACPI\\ThermalZone\\TZ01_0",
      "temperature": 29.85
    }
  ],
  "timestamp": "2024-12-30T17:11:17.6696749-06:00"
}
2024/12/30 23:11:21 Received log message from agent {
  "name": "EventLog",
  "status": "Running",
  "timestamp": "2024-12-30T17:11:21.6710593-06:00"
}
2024/12/30 23:11:21 Received log message from agent {
  "name": "wuauserv",
  "status": "Stopped",
  "timestamp": "2024-12-30T17:11:21.6704041-06:00"
}
2024/12/30 23:11:22 Received log message from agent {
  "cpu": {
    "count": 8,
    "usage_percent": [
      32.8125,
      6.25,
      0,
      0,
      0,
      20.3125,
      0,
      15.625
    ]
  },
  "memory": {
    "free": 4082798592,
    "total": 16996769792,
    "usage_percent": 75,
    "used": 12913971200
  },
  "network": {
    "bytes_recv": 16940610863,
    "bytes_sent": 1952162284,
    "packets_recv": 15700068,
    "packets_sent": 7343788
  },
  "temperature": [
    {
      "sensor_key": "ACPI\\ThermalZone\\TZ00_0",
      "temperature": 27.85
    },
    {
      "sensor_key": "ACPI\\ThermalZone\\TZ01_0",
      "temperature": 29.85
    }
  ],
  "timestamp": "2024-12-30T17:11:21.6693794-06:00"
}
2024/12/30 23:11:25 Received log message from agent {
  "name": "wuauserv",
  "status": "Stopped",
  "timestamp": "2024-12-30T17:11:25.669881-06:00"
}
2024/12/30 23:11:25 Received log message from agent {
  "name": "EventLog",
  "status": "Running",
  "timestamp": "2024-12-30T17:11:25.6701869-06:00"
}
2024/12/30 23:11:26 Received log message from agent {
  "cpu": {
    "count": 8,
    "usage_percent": [
      37.5,
      0,
      0,
      14.0625,
      1.5625,
      31.25,
      0,
      3.125
    ]
  },
  "memory": {
    "free": 4085526528,
    "total": 16996769792,
    "usage_percent": 75,
    "used": 12911243264
  },
  "network": {
    "bytes_recv": 16940629883,
    "bytes_sent": 1952171902,
    "packets_recv": 15700148,
    "packets_sent": 7343863
  },
  "temperature": [
    {
      "sensor_key": "ACPI\\ThermalZone\\TZ00_0",
      "temperature": 27.85
    },
    {
      "sensor_key": "ACPI\\ThermalZone\\TZ01_0",
      "temperature": 29.85
    }
  ],
  "timestamp": "2024-12-30T17:11:25.6696274-06:00"
}
2024/12/30 23:11:29 Received log message from agent {
  "name": "wuauserv",
  "status": "Stopped",
  "timestamp": "2024-12-30T17:11:29.6695453-06:00"
}
2024/12/30 23:11:29 Received log message from agent {
  "name": "EventLog",
  "status": "Running",
  "timestamp": "2024-12-30T17:11:29.670133-06:00"
}
2024/12/30 23:11:30 Received log message from agent {
  "cpu": {
    "count": 8,
    "usage_percent": [
      1.5625,
      0,
      24.615384615384617,
      17.1875,
      3.125,
      26.5625,
      0,
      9.375
    ]
  },
  "memory": {
    "free": 4084076544,
    "total": 16996769792,
    "usage_percent": 75,
    "used": 12912693248
  },
  "network": {
    "bytes_recv": 16940644010,
    "bytes_sent": 1952183985,
    "packets_recv": 15700239,
    "packets_sent": 7343944
  },
  "temperature": [
    {
      "sensor_key": "ACPI\\ThermalZone\\TZ00_0",
      "temperature": 27.85
    },
    {
      "sensor_key": "ACPI\\ThermalZone\\TZ01_0",
      "temperature": 29.85
    }
  ],
  "timestamp": "2024-12-30T17:11:29.6693528-06:00"
}
2024/12/30 23:11:33 Received log message from agent {
  "name": "EventLog",
  "status": "Running",
  "timestamp": "2024-12-30T17:11:33.6710468-06:00"
}
2024/12/30 23:11:33 Received log message from agent {
  "name": "wuauserv",
  "status": "Stopped",
  "timestamp": "2024-12-30T17:11:33.669945-06:00"
}
2024/12/30 23:11:34 Received log message from agent {
  "cpu": {
    "count": 8,
    "usage_percent": [
      56.25,
      3.125,
      0,
      0,
      0,
      21.875,
      1.5625,
      1.5873015873015872
    ]
  },
  "memory": {
    "free": 4084715520,
    "total": 16996769792,
    "usage_percent": 75,
    "used": 12912054272
  },
  "network": {
    "bytes_recv": 16940648013,
    "bytes_sent": 1952186678,
    "packets_recv": 15700291,
    "packets_sent": 7343992
  },
  "temperature": [
    {
      "sensor_key": "ACPI\\ThermalZone\\TZ00_0",
      "temperature": 27.85
    },
    {
      "sensor_key": "ACPI\\ThermalZone\\TZ01_0",
      "temperature": 29.85
    }
  ],
  "timestamp": "2024-12-30T17:11:33.6691523-06:00"
}
2024/12/30 23:11:37 Received log message from agent {
  "name": "wuauserv",
  "status": "Stopped",
  "timestamp": "2024-12-30T17:11:37.6693364-06:00"
}
2024/12/30 23:11:37 Received log message from agent {
  "name": "EventLog",
  "status": "Running",
  "timestamp": "2024-12-30T17:11:37.6700329-06:00"
}
2024/12/30 23:11:38 Received log message from agent {
  "cpu": {
    "count": 8,
    "usage_percent": [
      29.6875,
      14.0625,
      7.8125,
      12.5,
      7.8125,
      9.375,
      0,
      3.076923076923077
    ]
  },
  "memory": {
    "free": 4069068800,
    "total": 16996769792,
    "usage_percent": 76,
    "used": 12927700992
  },
  "network": {
    "bytes_recv": 16940673248,
    "bytes_sent": 1952212651,
    "packets_recv": 15700416,
    "packets_sent": 7344105
  },
  "temperature": [
    {
      "sensor_key": "ACPI\\ThermalZone\\TZ00_0",
      "temperature": 27.85
    },
    {
      "sensor_key": "ACPI\\ThermalZone\\TZ01_0",
      "temperature": 29.85
    }
  ],
  "timestamp": "2024-12-30T17:11:37.6691265-06:00"
}
2024/12/30 23:12:22 Jarvis API Test Server starting on port 8080...
2024/12/30 23:12:22 Received log message from agent {
  "name": "EventLog",
  "status": "Running",
  "timestamp": "2024-12-30T17:12:22.7268979-06:00"
}
2024/12/30 23:12:22 Received log message from agent {
  "name": "wuauserv",
  "status": "Stopped",
  "timestamp": "2024-12-30T17:12:22.7258131-06:00"
}
2024/12/30 23:12:23 Received log message from agent {
  "cpu": {
    "count": 8,
    "usage_percent": [
      12.698412698412698,
      3.076923076923077,
      9.230769230769232,
      0,
      3.076923076923077,
      38.46153846153847,
      0,
      14.0625
    ]
  },
  "memory": {
    "free": 4055474176,
    "total": 16996769792,
    "usage_percent": 76,
    "used": 12941295616
  },
  "network": {
    "bytes_recv": 16940861615,
    "bytes_sent": 1952557883,
    "packets_recv": 15701274,
    "packets_sent": 7344874
  },
  "temperature": [
    {
      "sensor_key": "ACPI\\ThermalZone\\TZ00_0",
      "temperature": 27.85
    },
    {
      "sensor_key": "ACPI\\ThermalZone\\TZ01_0",
      "temperature": 29.85
    }
  ],
  "timestamp": "2024-12-30T17:12:22.7256291-06:00"
}
2024/12/30 23:12:26 Received log message from agent {
  "name": "wuauserv",
  "status": "Stopped",
  "timestamp": "2024-12-30T17:12:26.7258821-06:00"
}
2024/12/30 23:12:26 Received log message from agent {
  "name": "EventLog",
  "status": "Running",
  "timestamp": "2024-12-30T17:12:26.7262268-06:00"
}
2024/12/30 23:12:27 Received log message from agent {
  "cpu": {
    "count": 8,
    "usage_percent": [
      15.625,
      10.9375,
      7.8125,
      0,
      3.076923076923077,
      3.076923076923077,
      23.809523809523807,
      21.875
    ]
  },
  "memory": {
    "free": 4043431936,
    "total": 16996769792,
    "usage_percent": 76,
    "used": 12953337856
  },
  "network": {
    "bytes_recv": 16940884898,
    "bytes_sent": 1952559848,
    "packets_recv": 15701297,
    "packets_sent": 7344896
  },
  "temperature": [
    {
      "sensor_key": "ACPI\\ThermalZone\\TZ00_0",
      "temperature": 27.85
    },
    {
      "sensor_key": "ACPI\\ThermalZone\\TZ01_0",
      "temperature": 29.85
    }
  ],
  "timestamp": "2024-12-30T17:12:26.725526-06:00"
}
2024/12/30 23:12:28 Received log message from agent {
  "Event": {
    "EventData": {
      "ClientProcessId": "14928",
      "CountOfCredentialsReturned": "1",
      "ProcessCreationTime": "2024-12-16T14:59:56.2501338Z",
      "ReadOperation": "%%8099",
      "ReturnCode": "0",
      "SubjectDomainName": "DANSDESKTOP",
      "SubjectLogonId": "0x4c0db",
      "SubjectUserName": "danfe",
      "SubjectUserSid": "S-1-5-21-1680856076-1700718083-3477311726-1001",
      "TargetName": "NordPass/PasswordGenerator",
      "Type": "1"
    },
    "System": {
      "Channel": "Security",
      "Computer": "dansDesktop",
      "Correlation": {},
      "EventID": "5379",
      "EventRecordID": "8247789",
      "Execution": {
        "ProcessID": "1128",
        "ThreadID": "22396"
      },
      "Keywords": "0x8020000000000000",
      "Level": "0",
      "Opcode": "0",
      "Provider": {
        "Guid": "{54849625-5478-4994-a5ba-3e3b0328c30d}",
        "Name": "Microsoft-Windows-Security-Auditing"
      },
      "Security": {
        "UserID": ""
      },
      "Task": "13824",
      "TimeCreated": {
        "SystemTime": "2024-12-30T23:12:27.4493090Z"
      },
      "Version": "0"
    }
  }
}
2024/12/30 23:12:28 Received log message from agent {
  "Event": {
    "EventData": {
      "ClientProcessId": "14928",
      "CountOfCredentialsReturned": "1",
      "ProcessCreationTime": "2024-12-16T14:59:56.2501338Z",
      "ReadOperation": "%%8099",
      "ReturnCode": "0",
      "SubjectDomainName": "DANSDESKTOP",
      "SubjectLogonId": "0x4c0db",
      "SubjectUserName": "danfe",
      "SubjectUserSid": "S-1-5-21-1680856076-1700718083-3477311726-1001",
      "TargetName": "NordPass/RecoveryCodeInfo",
      "Type": "1"
    },
    "System": {
      "Channel": "Security",
      "Computer": "dansDesktop",
      "Correlation": {},
      "EventID": "5379",
      "EventRecordID": "8247790",
      "Execution": {
        "ProcessID": "1128",
        "ThreadID": "59508"
      },
      "Keywords": "0x8020000000000000",
      "Level": "0",
      "Opcode": "0",
      "Provider": {
        "Guid": "{54849625-5478-4994-a5ba-3e3b0328c30d}",
        "Name": "Microsoft-Windows-Security-Auditing"
      },
      "Security": {
        "UserID": ""
      },
      "Task": "13824",
      "TimeCreated": {
        "SystemTime": "2024-12-30T23:12:27.4494285Z"
      },
      "Version": "0"
    }
  }
}
2024/12/30 23:12:28 Received log message from agent {
  "Event": {
    "EventData": {
      "ClientProcessId": "14928",
      "CountOfCredentialsReturned": "1",
      "ProcessCreationTime": "2024-12-16T14:59:56.2501338Z",
      "ReadOperation": "%%8099",
      "ReturnCode": "0",
      "SubjectDomainName": "DANSDESKTOP",
      "SubjectLogonId": "0x4c0db",
      "SubjectUserName": "danfe",
      "SubjectUserSid": "S-1-5-21-1680856076-1700718083-3477311726-1001",
      "TargetName": "NordPass/IsCrashReportingEnabled",
      "Type": "1"
    },
    "System": {
      "Channel": "Security",
      "Computer": "dansDesktop",
      "Correlation": {},
      "EventID": "5379",
      "EventRecordID": "8247791",
      "Execution": {
        "ProcessID": "1128",
        "ThreadID": "27972"
      },
      "Keywords": "0x8020000000000000",
      "Level": "0",
      "Opcode": "0",
      "Provider": {
        "Guid": "{54849625-5478-4994-a5ba-3e3b0328c30d}",
        "Name": "Microsoft-Windows-Security-Auditing"
      },
      "Security": {
        "UserID": ""
      },
      "Task": "13824",
      "TimeCreated": {
        "SystemTime": "2024-12-30T23:12:27.4494901Z"
      },
      "Version": "0"
    }
  }
}
2024/12/30 23:12:28 Received log message from agent {
  "Event": {
    "EventData": {
      "ClientProcessId": "14928",
      "CountOfCredentialsReturned": "1",
      "ProcessCreationTime": "2024-12-16T14:59:56.2501338Z",
      "ReadOperation": "%%8099",
      "ReturnCode": "0",
      "SubjectDomainName": "DANSDESKTOP",
      "SubjectLogonId": "0x4c0db",
      "SubjectUserName": "danfe",
      "SubjectUserSid": "S-1-5-21-1680856076-1700718083-3477311726-1001",
      "TargetName": "NordPass/Upsell",
      "Type": "1"
    },
    "System": {
      "Channel": "Security",
      "Computer": "dansDesktop",
      "Correlation": {},
      "EventID": "5379",
      "EventRecordID": "8247792",
      "Execution": {
        "ProcessID": "1128",
        "ThreadID": "16692"
      },
      "Keywords": "0x8020000000000000",
      "Level": "0",
      "Opcode": "0",
      "Provider": {
        "Guid": "{54849625-5478-4994-a5ba-3e3b0328c30d}",
        "Name": "Microsoft-Windows-Security-Auditing"
      },
      "Security": {
        "UserID": ""
      },
      "Task": "13824",
      "TimeCreated": {
        "SystemTime": "2024-12-30T23:12:27.4495580Z"
      },
      "Version": "0"
    }
  }
}
2024/12/30 23:12:28 Received log message from agent {
  "Event": {
    "EventData": {
      "ClientProcessId": "14928",
      "CountOfCredentialsReturned": "1",
      "ProcessCreationTime": "2024-12-16T14:59:56.2501338Z",
      "ReadOperation": "%%8099",
      "ReturnCode": "0",
      "SubjectDomainName": "DANSDESKTOP",
      "SubjectLogonId": "0x4c0db",
      "SubjectUserName": "danfe",
      "SubjectUserSid": "S-1-5-21-1680856076-1700718083-3477311726-1001",
      "TargetName": "NordPass/VaultState",
      "Type": "1"
    },
    "System": {
      "Channel": "Security",
      "Computer": "dansDesktop",
      "Correlation": {},
      "EventID": "5379",
      "EventRecordID": "8247793",
      "Execution": {
        "ProcessID": "1128",
        "ThreadID": "22396"
      },
      "Keywords": "0x8020000000000000",
      "Level": "0",
      "Opcode": "0",
      "Provider": {
        "Guid": "{54849625-5478-4994-a5ba-3e3b0328c30d}",
        "Name": "Microsoft-Windows-Security-Auditing"
      },
      "Security": {
        "UserID": ""
      },
      "Task": "13824",
      "TimeCreated": {
        "SystemTime": "2024-12-30T23:12:27.4496618Z"
      },
      "Version": "0"
    }
  }
}
2024/12/30 23:12:28 Received log message from agent {
  "Event": {
    "EventData": {
      "ClientProcessId": "14928",
      "CountOfCredentialsReturned": "1",
      "ProcessCreationTime": "2024-12-16T14:59:56.2501338Z",
      "ReadOperation": "%%8099",
      "ReturnCode": "0",
      "SubjectDomainName": "DANSDESKTOP",
      "SubjectLogonId": "0x4c0db",
      "SubjectUserName": "danfe",
      "SubjectUserSid": "S-1-5-21-1680856076-1700718083-3477311726-1001",
      "TargetName": "NordPass/WebInstallerTrackingEvents",
      "Type": "1"
    },
    "System": {
      "Channel": "Security",
      "Computer": "dansDesktop",
      "Correlation": {},
      "EventID": "5379",
      "EventRecordID": "8247794",
      "Execution": {
        "ProcessID": "1128",
        "ThreadID": "27972"
      },
      "Keywords": "0x8020000000000000",
      "Level": "0",
      "Opcode": "0",
      "Provider": {
        "Guid": "{54849625-5478-4994-a5ba-3e3b0328c30d}",
        "Name": "Microsoft-Windows-Security-Auditing"
      },
      "Security": {
        "UserID": ""
      },
      "Task": "13824",
      "TimeCreated": {
        "SystemTime": "2024-12-30T23:12:27.4497549Z"
      },
      "Version": "0"
    }
  }
}
2024/12/30 23:12:28 Received log message from agent {
  "Event": {
    "EventData": {
      "ClientProcessId": "14928",
      "CountOfCredentialsReturned": "1",
      "ProcessCreationTime": "2024-12-16T14:59:56.2501338Z",
      "ReadOperation": "%%8099",
      "ReturnCode": "0",
      "SubjectDomainName": "DANSDESKTOP",
      "SubjectLogonId": "0x4c0db",
      "SubjectUserName": "danfe",
      "SubjectUserSid": "S-1-5-21-1680856076-1700718083-3477311726-1001",
      "TargetName": "NordPass/IsFirstStart",
      "Type": "1"
    },
    "System": {
      "Channel": "Security",
      "Computer": "dansDesktop",
      "Correlation": {},
      "EventID": "5379",
      "EventRecordID": "8247795",
      "Execution": {
        "ProcessID": "1128",
        "ThreadID": "59508"
      },
      "Keywords": "0x8020000000000000",
      "Level": "0",
      "Opcode": "0",
      "Provider": {
        "Guid": "{54849625-5478-4994-a5ba-3e3b0328c30d}",
        "Name": "Microsoft-Windows-Security-Auditing"
      },
      "Security": {
        "UserID": ""
      },
      "Task": "13824",
      "TimeCreated": {
        "SystemTime": "2024-12-30T23:12:27.4498078Z"
      },
      "Version": "0"
    }
  }
}
2024/12/30 23:12:28 Received log message from agent {
  "Event": {
    "EventData": {
      "ClientProcessId": "14928",
      "CountOfCredentialsReturned": "1",
      "ProcessCreationTime": "2024-12-16T14:59:56.2501338Z",
      "ReadOperation": "%%8099",
      "ReturnCode": "0",
      "SubjectDomainName": "DANSDESKTOP",
      "SubjectLogonId": "0x4c0db",
      "SubjectUserName": "danfe",
      "SubjectUserSid": "S-1-5-21-1680856076-1700718083-3477311726-1001",
      "TargetName": "NordPass/HasNeverLoggedIn",
      "Type": "1"
    },
    "System": {
      "Channel": "Security",
      "Computer": "dansDesktop",
      "Correlation": {},
      "EventID": "5379",
      "EventRecordID": "8247796",
      "Execution": {
        "ProcessID": "1128",
        "ThreadID": "16692"
      },
      "Keywords": "0x8020000000000000",
      "Level": "0",
      "Opcode": "0",
      "Provider": {
        "Guid": "{54849625-5478-4994-a5ba-3e3b0328c30d}",
        "Name": "Microsoft-Windows-Security-Auditing"
      },
      "Security": {
        "UserID": ""
      },
      "Task": "13824",
      "TimeCreated": {
        "SystemTime": "2024-12-30T23:12:27.4498588Z"
      },
      "Version": "0"
    }
  }
}
2024/12/30 23:12:28 Received log message from agent {
  "Event": {
    "EventData": {
      "ClientProcessId": "14928",
      "CountOfCredentialsReturned": "1",
      "ProcessCreationTime": "2024-12-16T14:59:56.2501338Z",
      "ReadOperation": "%%8099",
      "ReturnCode": "0",
      "SubjectDomainName": "DANSDESKTOP",
      "SubjectLogonId": "0x4c0db",
      "SubjectUserName": "danfe",
      "SubjectUserSid": "S-1-5-21-1680856076-1700718083-3477311726-1001",
      "TargetName": "NordPass/SendActionsTimeRemaining",
      "Type": "1"
    },
    "System": {
      "Channel": "Security",
      "Computer": "dansDesktop",
      "Correlation": {},
      "EventID": "5379",
      "EventRecordID": "8247797",
      "Execution": {
        "ProcessID": "1128",
        "ThreadID": "22396"
      },
      "Keywords": "0x8020000000000000",
      "Level": "0",
      "Opcode": "0",
      "Provider": {
        "Guid": "{54849625-5478-4994-a5ba-3e3b0328c30d}",
        "Name": "Microsoft-Windows-Security-Auditing"
      },
      "Security": {
        "UserID": ""
      },
      "Task": "13824",
      "TimeCreated": {
        "SystemTime": "2024-12-30T23:12:27.4499086Z"
      },
      "Version": "0"
    }
  }
}
2024/12/30 23:12:28 Received log message from agent {
  "Event": {
    "EventData": {
      "ClientProcessId": "14928",
      "CountOfCredentialsReturned": "1",
      "ProcessCreationTime": "2024-12-16T14:59:56.2501338Z",
      "ReadOperation": "%%8099",
      "ReturnCode": "0",
      "SubjectDomainName": "DANSDESKTOP",
      "SubjectLogonId": "0x4c0db",
      "SubjectUserName": "danfe",
      "SubjectUserSid": "S-1-5-21-1680856076-1700718083-3477311726-1001",
      "TargetName": "NordPass/IsAutoStartTrial",
      "Type": "1"
    },
    "System": {
      "Channel": "Security",
      "Computer": "dansDesktop",
      "Correlation": {},
      "EventID": "5379",
      "EventRecordID": "8247798",
      "Execution": {
        "ProcessID": "1128",
        "ThreadID": "59508"
      },
      "Keywords": "0x8020000000000000",
      "Level": "0",
      "Opcode": "0",
      "Provider": {
        "Guid": "{54849625-5478-4994-a5ba-3e3b0328c30d}",
        "Name": "Microsoft-Windows-Security-Auditing"
      },
      "Security": {
        "UserID": ""
      },
      "Task": "13824",
      "TimeCreated": {
        "SystemTime": "2024-12-30T23:12:27.4499933Z"
      },
      "Version": "0"
    }
  }
}
2024/12/30 23:12:28 Received log message from agent {
  "Event": {
    "EventData": {
      "ClientProcessId": "14928",
      "CountOfCredentialsReturned": "1",
      "ProcessCreationTime": "2024-12-16T14:59:56.2501338Z",
      "ReadOperation": "%%8099",
      "ReturnCode": "0",
      "SubjectDomainName": "DANSDESKTOP",
      "SubjectLogonId": "0x4c0db",
      "SubjectUserName": "danfe",
      "SubjectUserSid": "S-1-5-21-1680856076-1700718083-3477311726-1001",
      "TargetName": "NordPass/LastKnownEmail",
      "Type": "1"
    },
    "System": {
      "Channel": "Security",
      "Computer": "dansDesktop",
      "Correlation": {},
      "EventID": "5379",
      "EventRecordID": "8247799",
      "Execution": {
        "ProcessID": "1128",
        "ThreadID": "16692"
      },
      "Keywords": "0x8020000000000000",
      "Level": "0",
      "Opcode": "0",
      "Provider": {
        "Guid": "{54849625-5478-4994-a5ba-3e3b0328c30d}",
        "Name": "Microsoft-Windows-Security-Auditing"
      },
      "Security": {
        "UserID": ""
      },
      "Task": "13824",
      "TimeCreated": {
        "SystemTime": "2024-12-30T23:12:27.4500273Z"
      },
      "Version": "0"
    }
  }
}
2024/12/30 23:12:28 Received log message from agent {
  "Event": {
    "EventData": {
      "ClientProcessId": "14928",
      "CountOfCredentialsReturned": "1",
      "ProcessCreationTime": "2024-12-16T14:59:56.2501338Z",
      "ReadOperation": "%%8099",
      "ReturnCode": "0",
      "SubjectDomainName": "DANSDESKTOP",
      "SubjectLogonId": "0x4c0db",
      "SubjectUserName": "danfe",
      "SubjectUserSid": "S-1-5-21-1680856076-1700718083-3477311726-1001",
      "TargetName": "NordPass/SidebarState",
      "Type": "1"
    },
    "System": {
      "Channel": "Security",
      "Computer": "dansDesktop",
      "Correlation": {},
      "EventID": "5379",
      "EventRecordID": "8247800",
      "Execution": {
        "ProcessID": "1128",
        "ThreadID": "22396"
      },
      "Keywords": "0x8020000000000000",
      "Level": "0",
      "Opcode": "0",
      "Provider": {
        "Guid": "{54849625-5478-4994-a5ba-3e3b0328c30d}",
        "Name": "Microsoft-Windows-Security-Auditing"
      },
      "Security": {
        "UserID": ""
      },
      "Task": "13824",
      "TimeCreated": {
        "SystemTime": "2024-12-30T23:12:27.4501292Z"
      },
      "Version": "0"
    }
  }
}
2024/12/30 23:12:28 Received log message from agent {
  "Event": {
    "EventData": {
      "ClientProcessId": "14928",
      "CountOfCredentialsReturned": "1",
      "ProcessCreationTime": "2024-12-16T14:59:56.2501338Z",
      "ReadOperation": "%%8099",
      "ReturnCode": "0",
      "SubjectDomainName": "DANSDESKTOP",
      "SubjectLogonId": "0x4c0db",
      "SubjectUserName": "danfe",
      "SubjectUserSid": "S-1-5-21-1680856076-1700718083-3477311726-1001",
      "TargetName": "NordPass/MiscData",
      "Type": "1"
    },
    "System": {
      "Channel": "Security",
      "Computer": "dansDesktop",
      "Correlation": {},
      "EventID": "5379",
      "EventRecordID": "8247801",
      "Execution": {
        "ProcessID": "1128",
        "ThreadID": "27972"
      },
      "Keywords": "0x8020000000000000",
      "Level": "0",
      "Opcode": "0",
      "Provider": {
        "Guid": "{54849625-5478-4994-a5ba-3e3b0328c30d}",
        "Name": "Microsoft-Windows-Security-Auditing"
      },
      "Security": {
        "UserID": ""
      },
      "Task": "13824",
      "TimeCreated": {
        "SystemTime": "2024-12-30T23:12:27.4502014Z"
      },
      "Version": "0"
    }
  }
}
2024/12/30 23:12:28 Received log message from agent {
  "Event": {
    "EventData": {
      "ClientProcessId": "14928",
      "CountOfCredentialsReturned": "1",
      "ProcessCreationTime": "2024-12-16T14:59:56.2501338Z",
      "ReadOperation": "%%8099",
      "ReturnCode": "0",
      "SubjectDomainName": "DANSDESKTOP",
      "SubjectLogonId": "0x4c0db",
      "SubjectUserName": "danfe",
      "SubjectUserSid": "S-1-5-21-1680856076-1700718083-3477311726-1001",
      "TargetName": "NordPass/Environment",
      "Type": "1"
    },
    "System": {
      "Channel": "Security",
      "Computer": "dansDesktop",
      "Correlation": {},
      "EventID": "5379",
      "EventRecordID": "8247802",
      "Execution": {
        "ProcessID": "1128",
        "ThreadID": "16692"
      },
      "Keywords": "0x8020000000000000",
      "Level": "0",
      "Opcode": "0",
      "Provider": {
        "Guid": "{54849625-5478-4994-a5ba-3e3b0328c30d}",
        "Name": "Microsoft-Windows-Security-Auditing"
      },
      "Security": {
        "UserID": ""
      },
      "Task": "13824",
      "TimeCreated": {
        "SystemTime": "2024-12-30T23:12:27.4502607Z"
      },
      "Version": "0"
    }
  }
}
2024/12/30 23:12:28 Received log message from agent {
  "Event": {
    "EventData": {
      "ClientProcessId": "14928",
      "CountOfCredentialsReturned": "1",
      "ProcessCreationTime": "2024-12-16T14:59:56.2501338Z",
      "ReadOperation": "%%8099",
      "ReturnCode": "0",
      "SubjectDomainName": "DANSDESKTOP",
      "SubjectLogonId": "0x4c0db",
      "SubjectUserName": "danfe",
      "SubjectUserSid": "S-1-5-21-1680856076-1700718083-3477311726-1001",
      "TargetName": "NordPass/UserId",
      "Type": "1"
    },
    "System": {
      "Channel": "Security",
      "Computer": "dansDesktop",
      "Correlation": {},
      "EventID": "5379",
      "EventRecordID": "8247803",
      "Execution": {
        "ProcessID": "1128",
        "ThreadID": "59508"
      },
      "Keywords": "0x8020000000000000",
      "Level": "0",
      "Opcode": "0",
      "Provider": {
        "Guid": "{54849625-5478-4994-a5ba-3e3b0328c30d}",
        "Name": "Microsoft-Windows-Security-Auditing"
      },
      "Security": {
        "UserID": ""
      },
      "Task": "13824",
      "TimeCreated": {
        "SystemTime": "2024-12-30T23:12:27.4503660Z"
      },
      "Version": "0"
    }
  }
}
2024/12/30 23:12:28 Received log message from agent {
  "Event": {
    "EventData": {
      "ClientProcessId": "14928",
      "CountOfCredentialsReturned": "1",
      "ProcessCreationTime": "2024-12-16T14:59:56.2501338Z",
      "ReadOperation": "%%8099",
      "ReturnCode": "0",
      "SubjectDomainName": "DANSDESKTOP",
      "SubjectLogonId": "0x4c0db",
      "SubjectUserName": "danfe",
      "SubjectUserSid": "S-1-5-21-1680856076-1700718083-3477311726-1001",
      "TargetName": "NordPass/ClipboardClearingTime",
      "Type": "1"
    },
    "System": {
      "Channel": "Security",
      "Computer": "dansDesktop",
      "Correlation": {},
      "EventID": "5379",
      "EventRecordID": "8247804",
      "Execution": {
        "ProcessID": "1128",
        "ThreadID": "16692"
      },
      "Keywords": "0x8020000000000000",
      "Level": "0",
      "Opcode": "0",
      "Provider": {
        "Guid": "{54849625-5478-4994-a5ba-3e3b0328c30d}",
        "Name": "Microsoft-Windows-Security-Auditing"
      },
      "Security": {
        "UserID": ""
      },
      "Task": "13824",
      "TimeCreated": {
        "SystemTime": "2024-12-30T23:12:27.4504429Z"
      },
      "Version": "0"
    }
  }
}
2024/12/30 23:12:28 Received log message from agent {
  "Event": {
    "EventData": {
      "ClientProcessId": "14928",
      "CountOfCredentialsReturned": "1",
      "ProcessCreationTime": "2024-12-16T14:59:56.2501338Z",
      "ReadOperation": "%%8099",
      "ReturnCode": "0",
      "SubjectDomainName": "DANSDESKTOP",
      "SubjectLogonId": "0x4c0db",
      "SubjectUserName": "danfe",
      "SubjectUserSid": "S-1-5-21-1680856076-1700718083-3477311726-1001",
      "TargetName": "NordPass/UserEmail",
      "Type": "1"
    },
    "System": {
      "Channel": "Security",
      "Computer": "dansDesktop",
      "Correlation": {},
      "EventID": "5379",
      "EventRecordID": "8247805",
      "Execution": {
        "ProcessID": "1128",
        "ThreadID": "27972"
      },
      "Keywords": "0x8020000000000000",
      "Level": "0",
      "Opcode": "0",
      "Provider": {
        "Guid": "{54849625-5478-4994-a5ba-3e3b0328c30d}",
        "Name": "Microsoft-Windows-Security-Auditing"
      },
      "Security": {
        "UserID": ""
      },
      "Task": "13824",
      "TimeCreated": {
        "SystemTime": "2024-12-30T23:12:27.4505042Z"
      },
      "Version": "0"
    }
  }
}
2024/12/30 23:12:28 Received log message from agent {
  "Event": {
    "EventData": {
      "ClientProcessId": "14928",
      "CountOfCredentialsReturned": "1",
      "ProcessCreationTime": "2024-12-16T14:59:56.2501338Z",
      "ReadOperation": "%%8099",
      "ReturnCode": "0",
      "SubjectDomainName": "DANSDESKTOP",
      "SubjectLogonId": "0x4c0db",
      "SubjectUserName": "danfe",
      "SubjectUserSid": "S-1-5-21-1680856076-1700718083-3477311726-1001",
      "TargetName": "NordPass/IsNoPasskeysFoundDisabled",
      "Type": "1"
    },
    "System": {
      "Channel": "Security",
      "Computer": "dansDesktop",
      "Correlation": {},
      "EventID": "5379",
      "EventRecordID": "8247806",
      "Execution": {
        "ProcessID": "1128",
        "ThreadID": "22396"
      },
      "Keywords": "0x8020000000000000",
      "Level": "0",
      "Opcode": "0",
      "Provider": {
        "Guid": "{54849625-5478-4994-a5ba-3e3b0328c30d}",
        "Name": "Microsoft-Windows-Security-Auditing"
      },
      "Security": {
        "UserID": ""
      },
      "Task": "13824",
      "TimeCreated": {
        "SystemTime": "2024-12-30T23:12:27.4506035Z"
      },
      "Version": "0"
    }
  }
}
2024/12/30 23:12:28 Received log message from agent {
  "Event": {
    "EventData": {
      "ClientProcessId": "14928",
      "CountOfCredentialsReturned": "1",
      "ProcessCreationTime": "2024-12-16T14:59:56.2501338Z",
      "ReadOperation": "%%8099",
      "ReturnCode": "0",
      "SubjectDomainName": "DANSDESKTOP",
      "SubjectLogonId": "0x4c0db",
      "SubjectUserName": "danfe",
      "SubjectUserSid": "S-1-5-21-1680856076-1700718083-3477311726-1001",
      "TargetName": "NordPass/CompletedAutolockTileUserIds",
      "Type": "1"
    },
    "System": {
      "Channel": "Security",
      "Computer": "dansDesktop",
      "Correlation": {},
      "EventID": "5379",
      "EventRecordID": "8247807",
      "Execution": {
        "ProcessID": "1128",
        "ThreadID": "16692"
      },
      "Keywords": "0x8020000000000000",
      "Level": "0",
      "Opcode": "0",
      "Provider": {
        "Guid": "{54849625-5478-4994-a5ba-3e3b0328c30d}",
        "Name": "Microsoft-Windows-Security-Auditing"
      },
      "Security": {
        "UserID": ""
      },
      "Task": "13824",
      "TimeCreated": {
        "SystemTime": "2024-12-30T23:12:27.4506603Z"
      },
      "Version": "0"
    }
  }
}
2024/12/30 23:12:28 Received log message from agent {
  "Event": {
    "EventData": {
      "ClientProcessId": "14928",
      "CountOfCredentialsReturned": "1",
      "ProcessCreationTime": "2024-12-16T14:59:56.2501338Z",
      "ReadOperation": "%%8099",
      "ReturnCode": "0",
      "SubjectDomainName": "DANSDESKTOP",
      "SubjectLogonId": "0x4c0db",
      "SubjectUserName": "danfe",
      "SubjectUserSid": "S-1-5-21-1680856076-1700718083-3477311726-1001",
      "TargetName": "NordPass/SeenNotifications",
      "Type": "1"
    },
    "System": {
      "Channel": "Security",
      "Computer": "dansDesktop",
      "Correlation": {},
      "EventID": "5379",
      "EventRecordID": "8247808",
      "Execution": {
        "ProcessID": "1128",
        "ThreadID": "27972"
      },
      "Keywords": "0x8020000000000000",
      "Level": "0",
      "Opcode": "0",
      "Provider": {
        "Guid": "{54849625-5478-4994-a5ba-3e3b0328c30d}",
        "Name": "Microsoft-Windows-Security-Auditing"
      },
      "Security": {
        "UserID": ""
      },
      "Task": "13824",
      "TimeCreated": {
        "SystemTime": "2024-12-30T23:12:27.4507452Z"
      },
      "Version": "0"
    }
  }
}
2024/12/30 23:12:28 Received log message from agent {
  "Event": {
    "EventData": {
      "ClientProcessId": "14928",
      "CountOfCredentialsReturned": "1",
      "ProcessCreationTime": "2024-12-16T14:59:56.2501338Z",
      "ReadOperation": "%%8099",
      "ReturnCode": "0",
      "SubjectDomainName": "DANSDESKTOP",
      "SubjectLogonId": "0x4c0db",
      "SubjectUserName": "danfe",
      "SubjectUserSid": "S-1-5-21-1680856076-1700718083-3477311726-1001",
      "TargetName": "NordPass/CompletedBiometricsTileUserIds",
      "Type": "1"
    },
    "System": {
      "Channel": "Security",
      "Computer": "dansDesktop",
      "Correlation": {},
      "EventID": "5379",
      "EventRecordID": "8247809",
      "Execution": {
        "ProcessID": "1128",
        "ThreadID": "59508"
      },
      "Keywords": "0x8020000000000000",
      "Level": "0",
      "Opcode": "0",
      "Provider": {
        "Guid": "{54849625-5478-4994-a5ba-3e3b0328c30d}",
        "Name": "Microsoft-Windows-Security-Auditing"
      },
      "Security": {
        "UserID": ""
      },
      "Task": "13824",
      "TimeCreated": {
        "SystemTime": "2024-12-30T23:12:27.4508039Z"
      },
      "Version": "0"
    }
  }
}
2024/12/30 23:12:28 Received log message from agent {
  "Event": {
    "EventData": {
      "ClientProcessId": "14928",
      "CountOfCredentialsReturned": "1",
      "ProcessCreationTime": "2024-12-16T14:59:56.2501338Z",
      "ReadOperation": "%%8099",
      "ReturnCode": "0",
      "SubjectDomainName": "DANSDESKTOP",
      "SubjectLogonId": "0x4c0db",
      "SubjectUserName": "danfe",
      "SubjectUserSid": "S-1-5-21-1680856076-1700718083-3477311726-1001",
      "TargetName": "NordPass/ShouldHideMaskFAQUserIds",
      "Type": "1"
    },
    "System": {
      "Channel": "Security",
      "Computer": "dansDesktop",
      "Correlation": {},
      "EventID": "5379",
      "EventRecordID": "8247810",
      "Execution": {
        "ProcessID": "1128",
        "ThreadID": "16692"
      },
      "Keywords": "0x8020000000000000",
      "Level": "0",
      "Opcode": "0",
      "Provider": {
        "Guid": "{54849625-5478-4994-a5ba-3e3b0328c30d}",
        "Name": "Microsoft-Windows-Security-Auditing"
      },
      "Security": {
        "UserID": ""
      },
      "Task": "13824",
      "TimeCreated": {
        "SystemTime": "2024-12-30T23:12:27.4508412Z"
      },
      "Version": "0"
    }
  }
}
2024/12/30 23:12:28 Received log message from agent {
  "Event": {
    "EventData": {
      "ClientProcessId": "14928",
      "CountOfCredentialsReturned": "1",
      "ProcessCreationTime": "2024-12-16T14:59:56.2501338Z",
      "ReadOperation": "%%8099",
      "ReturnCode": "0",
      "SubjectDomainName": "DANSDESKTOP",
      "SubjectLogonId": "0x4c0db",
      "SubjectUserName": "danfe",
      "SubjectUserSid": "S-1-5-21-1680856076-1700718083-3477311726-1001",
      "TargetName": "NordPass/PasskeysBannerDismissedDomainsByUserId",
      "Type": "1"
    },
    "System": {
      "Channel": "Security",
      "Computer": "dansDesktop",
      "Correlation": {},
      "EventID": "5379",
      "EventRecordID": "8247811",
      "Execution": {
        "ProcessID": "1128",
        "ThreadID": "22396"
      },
      "Keywords": "0x8020000000000000",
      "Level": "0",
      "Opcode": "0",
      "Provider": {
        "Guid": "{54849625-5478-4994-a5ba-3e3b0328c30d}",
        "Name": "Microsoft-Windows-Security-Auditing"
      },
      "Security": {
        "UserID": ""
      },
      "Task": "13824",
      "TimeCreated": {
        "SystemTime": "2024-12-30T23:12:27.4508915Z"
      },
      "Version": "0"
    }
  }
}
2024/12/30 23:12:28 Received log message from agent {
  "Event": {
    "EventData": {
      "ClientProcessId": "14928",
      "CountOfCredentialsReturned": "1",
      "ProcessCreationTime": "2024-12-16T14:59:56.2501338Z",
      "ReadOperation": "%%8099",
      "ReturnCode": "0",
      "SubjectDomainName": "DANSDESKTOP",
      "SubjectLogonId": "0x4c0db",
      "SubjectUserName": "danfe",
      "SubjectUserSid": "S-1-5-21-1680856076-1700718083-3477311726-1001",
      "TargetName": "NordPass/DisplayFilter",
      "Type": "1"
    },
    "System": {
      "Channel": "Security",
      "Computer": "dansDesktop",
      "Correlation": {},
      "EventID": "5379",
      "EventRecordID": "8247812",
      "Execution": {
        "ProcessID": "1128",
        "ThreadID": "59508"
      },
      "Keywords": "0x8020000000000000",
      "Level": "0",
      "Opcode": "0",
      "Provider": {
        "Guid": "{54849625-5478-4994-a5ba-3e3b0328c30d}",
        "Name": "Microsoft-Windows-Security-Auditing"
      },
      "Security": {
        "UserID": ""
      },
      "Task": "13824",
      "TimeCreated": {
        "SystemTime": "2024-12-30T23:12:27.4509676Z"
      },
      "Version": "0"
    }
  }
}
2024/12/30 23:12:28 Received log message from agent {
  "Event": {
    "EventData": {
      "ClientProcessId": "14928",
      "CountOfCredentialsReturned": "1",
      "ProcessCreationTime": "2024-12-16T14:59:56.2501338Z",
      "ReadOperation": "%%8099",
      "ReturnCode": "0",
      "SubjectDomainName": "DANSDESKTOP",
      "SubjectLogonId": "0x4c0db",
      "SubjectUserName": "danfe",
      "SubjectUserSid": "S-1-5-21-1680856076-1700718083-3477311726-1001",
      "TargetName": "NordPass/LatestVersionInstalledAt",
      "Type": "1"
    },
    "System": {
      "Channel": "Security",
      "Computer": "dansDesktop",
      "Correlation": {},
      "EventID": "5379",
      "EventRecordID": "8247813",
      "Execution": {
        "ProcessID": "1128",
        "ThreadID": "16692"
      },
      "Keywords": "0x8020000000000000",
      "Level": "0",
      "Opcode": "0",
      "Provider": {
        "Guid": "{54849625-5478-4994-a5ba-3e3b0328c30d}",
        "Name": "Microsoft-Windows-Security-Auditing"
      },
      "Security": {
        "UserID": ""
      },
      "Task": "13824",
      "TimeCreated": {
        "SystemTime": "2024-12-30T23:12:27.4510170Z"
      },
      "Version": "0"
    }
  }
}
2024/12/30 23:12:28 Received log message from agent {
  "Event": {
    "EventData": {
      "ClientProcessId": "14928",
      "CountOfCredentialsReturned": "1",
      "ProcessCreationTime": "2024-12-16T14:59:56.2501338Z",
      "ReadOperation": "%%8099",
      "ReturnCode": "0",
      "SubjectDomainName": "DANSDESKTOP",
      "SubjectLogonId": "0x4c0db",
      "SubjectUserName": "danfe",
      "SubjectUserSid": "S-1-5-21-1680856076-1700718083-3477311726-1001",
      "TargetName": "NordPass/isWelcomeToStandaloneIntroShown",
      "Type": "1"
    },
    "System": {
      "Channel": "Security",
      "Computer": "dansDesktop",
      "Correlation": {},
      "EventID": "5379",
      "EventRecordID": "8247814",
      "Execution": {
        "ProcessID": "1128",
        "ThreadID": "22396"
      },
      "Keywords": "0x8020000000000000",
      "Level": "0",
      "Opcode": "0",
      "Provider": {
        "Guid": "{54849625-5478-4994-a5ba-3e3b0328c30d}",
        "Name": "Microsoft-Windows-Security-Auditing"
      },
      "Security": {
        "UserID": ""
      },
      "Task": "13824",
      "TimeCreated": {
        "SystemTime": "2024-12-30T23:12:27.4510579Z"
      },
      "Version": "0"
    }
  }
}
2024/12/30 23:12:28 Received log message from agent {
  "Event": {
    "EventData": {
      "ClientProcessId": "14928",
      "CountOfCredentialsReturned": "1",
      "ProcessCreationTime": "2024-12-16T14:59:56.2501338Z",
      "ReadOperation": "%%8099",
      "ReturnCode": "0",
      "SubjectDomainName": "DANSDESKTOP",
      "SubjectLogonId": "0x4c0db",
      "SubjectUserName": "danfe",
      "SubjectUserSid": "S-1-5-21-1680856076-1700718083-3477311726-1001",
      "TargetName": "NordPass/isFullAppViewIntroShown",
      "Type": "1"
    },
    "System": {
      "Channel": "Security",
      "Computer": "dansDesktop",
      "Correlation": {},
      "EventID": "5379",
      "EventRecordID": "8247815",
      "Execution": {
        "ProcessID": "1128",
        "ThreadID": "59508"
      },
      "Keywords": "0x8020000000000000",
      "Level": "0",
      "Opcode": "0",
      "Provider": {
        "Guid": "{54849625-5478-4994-a5ba-3e3b0328c30d}",
        "Name": "Microsoft-Windows-Security-Auditing"
      },
      "Security": {
        "UserID": ""
      },
      "Task": "13824",
      "TimeCreated": {
        "SystemTime": "2024-12-30T23:12:27.4511362Z"
      },
      "Version": "0"
    }
  }
}
2024/12/30 23:12:28 Received log message from agent {
  "Event": {
    "EventData": {
      "ClientProcessId": "14928",
      "CountOfCredentialsReturned": "1",
      "ProcessCreationTime": "2024-12-16T14:59:56.2501338Z",
      "ReadOperation": "%%8099",
      "ReturnCode": "0",
      "SubjectDomainName": "DANSDESKTOP",
      "SubjectLogonId": "0x4c0db",
      "SubjectUserName": "danfe",
      "SubjectUserSid": "S-1-5-21-1680856076-1700718083-3477311726-1001",
      "TargetName": "NordPass/Features",
      "Type": "1"
    },
    "System": {
      "Channel": "Security",
      "Computer": "dansDesktop",
      "Correlation": {},
      "EventID": "5379",
      "EventRecordID": "8247816",
      "Execution": {
        "ProcessID": "1128",
        "ThreadID": "16692"
      },
      "Keywords": "0x8020000000000000",
      "Level": "0",
      "Opcode": "0",
      "Provider": {
        "Guid": "{54849625-5478-4994-a5ba-3e3b0328c30d}",
        "Name": "Microsoft-Windows-Security-Auditing"
      },
      "Security": {
        "UserID": ""
      },
      "Task": "13824",
      "TimeCreated": {
        "SystemTime": "2024-12-30T23:12:27.4512331Z"
      },
      "Version": "0"
    }
  }
}
2024/12/30 23:12:28 Received log message from agent {
  "Event": {
    "EventData": {
      "ClientProcessId": "14928",
      "CountOfCredentialsReturned": "1",
      "ProcessCreationTime": "2024-12-16T14:59:56.2501338Z",
      "ReadOperation": "%%8099",
      "ReturnCode": "0",
      "SubjectDomainName": "DANSDESKTOP",
      "SubjectLogonId": "0x4c0db",
      "SubjectUserName": "danfe",
      "SubjectUserSid": "S-1-5-21-1680856076-1700718083-3477311726-1001",
      "TargetName": "NordPass/HasBeenUpdated",
      "Type": "1"
    },
    "System": {
      "Channel": "Security",
      "Computer": "dansDesktop",
      "Correlation": {},
      "EventID": "5379",
      "EventRecordID": "8247817",
      "Execution": {
        "ProcessID": "1128",
        "ThreadID": "27972"
      },
      "Keywords": "0x8020000000000000",
      "Level": "0",
      "Opcode": "0",
      "Provider": {
        "Guid": "{54849625-5478-4994-a5ba-3e3b0328c30d}",
        "Name": "Microsoft-Windows-Security-Auditing"
      },
      "Security": {
        "UserID": ""
      },
      "Task": "13824",
      "TimeCreated": {
        "SystemTime": "2024-12-30T23:12:27.4512667Z"
      },
      "Version": "0"
    }
  }
}
2024/12/30 23:12:28 Received log message from agent {
  "Event": {
    "EventData": {
      "ClientProcessId": "14928",
      "CountOfCredentialsReturned": "1",
      "ProcessCreationTime": "2024-12-16T14:59:56.2501338Z",
      "ReadOperation": "%%8099",
      "ReturnCode": "0",
      "SubjectDomainName": "DANSDESKTOP",
      "SubjectLogonId": "0x4c0db",
      "SubjectUserName": "danfe",
      "SubjectUserSid": "S-1-5-21-1680856076-1700718083-3477311726-1001",
      "TargetName": "NordPass/SubscriptionData",
      "Type": "1"
    },
    "System": {
      "Channel": "Security",
      "Computer": "dansDesktop",
      "Correlation": {},
      "EventID": "5379",
      "EventRecordID": "8247818",
      "Execution": {
        "ProcessID": "1128",
        "ThreadID": "22396"
      },
      "Keywords": "0x8020000000000000",
      "Level": "0",
      "Opcode": "0",
      "Provider": {
        "Guid": "{54849625-5478-4994-a5ba-3e3b0328c30d}",
        "Name": "Microsoft-Windows-Security-Auditing"
      },
      "Security": {
        "UserID": ""
      },
      "Task": "13824",
      "TimeCreated": {
        "SystemTime": "2024-12-30T23:12:27.4513269Z"
      },
      "Version": "0"
    }
  }
}
