2024/12/31 17:49:38 Received log message from agent {
  "agent_id": "1234567890",
  "agent_name": "jarvis-agent-windows",
  "data": {
    "event": {
      "channel": "Security",
      "computer": "dansDesktop",
      "event_data": {
        "Event": {
          "EventData": {
            "ClientProcessId": "14928",
            "CountOfCredentialsReturned": "1",
            "ProcessCreationTime": "2024-12-16T14:59:56.2501338Z",
            "ReadOperation": "%%8099",
            "ReturnCode": "0",
            "SubjectDomainName": "DANSDESKTOP",
            "SubjectLogonId": "0x4c0db",
            "SubjectUserName": "danfe",
            "SubjectUserSid": "S-1-5-21-1680856076-1700718083-3477311726-1001",
            "TargetName": "NordPass/split_Features4",
            "Type": "1"
          },
          "System": {
            "Channel": "Security",
            "Computer": "dansDesktop",
            "Correlation": {},
            "EventID": "5379",
            "EventRecordID": "8313128",
            "Execution": {
              "ProcessID": "1128",
              "ThreadID": "70756"
            },
            "Keywords": "0x8020000000000000",
            "Level": "0",
            "Opcode": "0",
            "Provider": {
              "Guid": "{54849625-5478-4994-a5ba-3e3b0328c30d}",
              "Name": "Microsoft-Windows-Security-Auditing"
            },
            "Security": {
              "UserID": ""
            },
            "Task": "13824",
            "TimeCreated": {
              "SystemTime": "2024-12-31T17:49:37.8724321Z"
            },
            "Version": "0"
          }
        }
      },
      "level": "0",
      "message": ""
    }
  },
  "level": "Unknown",
  "message": "dansDesktop",
  "source": "windows_logs",
  "timestamp": "2024-12-31T11:49:38.9436032-06:00",
  "type": "event"
}
2024/12/31 17:49:38 Received log message from agent {
  "agent_id": "1234567890",
  "agent_name": "jarvis-agent-windows",
  "data": {
    "event": {
      "channel": "Security",
      "computer": "dansDesktop",
      "event_data": {
        "Event": {
          "EventData": {
            "ClientProcessId": "14928",
            "CountOfCredentialsReturned": "1",
            "ProcessCreationTime": "2024-12-16T14:59:56.2501338Z",
            "ReadOperation": "%%8099",
            "ReturnCode": "0",
            "SubjectDomainName": "DANSDESKTOP",
            "SubjectLogonId": "0x4c0db",
            "SubjectUserName": "danfe",
            "SubjectUserSid": "S-1-5-21-1680856076-1700718083-3477311726-1001",
            "TargetName": "NordPass/split_Features5",
            "Type": "1"
          },
          "System": {
            "Channel": "Security",
            "Computer": "dansDesktop",
            "Correlation": {},
            "EventID": "5379",
            "EventRecordID": "8313129",
            "Execution": {
              "ProcessID": "1128",
              "ThreadID": "70756"
            },
            "Keywords": "0x8020000000000000",
            "Level": "0",
            "Opcode": "0",
            "Provider": {
              "Guid": "{54849625-5478-4994-a5ba-3e3b0328c30d}",
              "Name": "Microsoft-Windows-Security-Auditing"
            },
            "Security": {
              "UserID": ""
            },
            "Task": "13824",
            "TimeCreated": {
              "SystemTime": "2024-12-31T17:49:37.8727024Z"
            },
            "Version": "0"
          }
        }
      },
      "level": "0",
      "message": ""
    }
  },
  "level": "Unknown",
  "message": "dansDesktop",
  "source": "windows_logs",
  "timestamp": "2024-12-31T11:49:38.9447587-06:00",
  "type": "event"
}
2024/12/31 17:49:38 Received log message from agent {
  "agent_id": "1234567890",
  "agent_name": "jarvis-agent-windows",
  "data": {
    "event": {
      "channel": "Security",
      "computer": "dansDesktop",
      "event_data": {
        "Event": {
          "EventData": {
            "ClientProcessId": "14928",
            "CountOfCredentialsReturned": "1",
            "ProcessCreationTime": "2024-12-16T14:59:56.2501338Z",
            "ReadOperation": "%%8099",
            "ReturnCode": "0",
            "SubjectDomainName": "DANSDESKTOP",
            "SubjectLogonId": "0x4c0db",
            "SubjectUserName": "danfe",
            "SubjectUserSid": "S-1-5-21-1680856076-1700718083-3477311726-1001",
            "TargetName": "NordPass/split_Features6",
            "Type": "1"
          },
          "System": {
            "Channel": "Security",
            "Computer": "dansDesktop",
            "Correlation": {},
            "EventID": "5379",
            "EventRecordID": "8313130",
            "Execution": {
              "ProcessID": "1128",
              "ThreadID": "70756"
            },
            "Keywords": "0x8020000000000000",
            "Level": "0",
            "Opcode": "0",
            "Provider": {
              "Guid": "{54849625-5478-4994-a5ba-3e3b0328c30d}",
              "Name": "Microsoft-Windows-Security-Auditing"
            },
            "Security": {
              "UserID": ""
            },
            "Task": "13824",
            "TimeCreated": {
              "SystemTime": "2024-12-31T17:49:37.8728863Z"
            },
            "Version": "0"
          }
        }
      },
      "level": "0",
      "message": ""
    }
  },
  "level": "Unknown",
  "message": "dansDesktop",
  "source": "windows_logs",
  "timestamp": "2024-12-31T11:49:38.9457904-06:00",
  "type": "event"
}
2024/12/31 17:49:38 Received log message from agent {
  "agent_id": "1234567890",
  "agent_name": "jarvis-agent-windows",
  "data": {
    "event": {
      "channel": "Security",
      "computer": "dansDesktop",
      "event_data": {
        "Event": {
          "EventData": {
            "ClientProcessId": "14928",
            "CountOfCredentialsReturned": "1",
            "ProcessCreationTime": "2024-12-16T14:59:56.2501338Z",
            "ReadOperation": "%%8099",
            "ReturnCode": "0",
            "SubjectDomainName": "DANSDESKTOP",
            "SubjectLogonId": "0x4c0db",
            "SubjectUserName": "danfe",
            "SubjectUserSid": "S-1-5-21-1680856076-1700718083-3477311726-1001",
            "TargetName": "NordPass/split_Features7",
            "Type": "1"
          },
          "System": {
            "Channel": "Security",
            "Computer": "dansDesktop",
            "Correlation": {},
            "EventID": "5379",
            "EventRecordID": "8313131",
            "Execution": {
              "ProcessID": "1128",
              "ThreadID": "70756"
            },
            "Keywords": "0x8020000000000000",
            "Level": "0",
            "Opcode": "0",
            "Provider": {
              "Guid": "{54849625-5478-4994-a5ba-3e3b0328c30d}",
              "Name": "Microsoft-Windows-Security-Auditing"
            },
            "Security": {
              "UserID": ""
            },
            "Task": "13824",
            "TimeCreated": {
              "SystemTime": "2024-12-31T17:49:37.8731416Z"
            },
            "Version": "0"
          }
        }
      },
      "level": "0",
      "message": ""
    }
  },
  "level": "Unknown",
  "message": "dansDesktop",
  "source": "windows_logs",
  "timestamp": "2024-12-31T11:49:38.9463008-06:00",
  "type": "event"
}
2024/12/31 17:49:38 Received log message from agent {
  "agent_id": "1234567890",
  "agent_name": "jarvis-agent-windows",
  "data": {
    "event": {
      "channel": "Security",
      "computer": "dansDesktop",
      "event_data": {
        "Event": {
          "EventData": {
            "ClientProcessId": "14928",
            "CountOfCredentialsReturned": "1",
            "ProcessCreationTime": "2024-12-16T14:59:56.2501338Z",
            "ReadOperation": "%%8099",
            "ReturnCode": "0",
            "SubjectDomainName": "DANSDESKTOP",
            "SubjectLogonId": "0x4c0db",
            "SubjectUserName": "danfe",
            "SubjectUserSid": "S-1-5-21-1680856076-1700718083-3477311726-1001",
            "TargetName": "NordPass/split_Features8",
            "Type": "1"
          },
          "System": {
            "Channel": "Security",
            "Computer": "dansDesktop",
            "Correlation": {},
            "EventID": "5379",
            "EventRecordID": "8313132",
            "Execution": {
              "ProcessID": "1128",
              "ThreadID": "70756"
            },
            "Keywords": "0x8020000000000000",
            "Level": "0",
            "Opcode": "0",
            "Provider": {
              "Guid": "{54849625-5478-4994-a5ba-3e3b0328c30d}",
              "Name": "Microsoft-Windows-Security-Auditing"
            },
            "Security": {
              "UserID": ""
            },
            "Task": "13824",
            "TimeCreated": {
              "SystemTime": "2024-12-31T17:49:37.8733231Z"
            },
            "Version": "0"
          }
        }
      },
      "level": "0",
      "message": ""
    }
  },
  "level": "Unknown",
  "message": "dansDesktop",
  "source": "windows_logs",
  "timestamp": "2024-12-31T11:49:38.9473721-06:00",
  "type": "event"
}
2024/12/31 17:49:38 Received log message from agent {
  "agent_id": "1234567890",
  "agent_name": "jarvis-agent-windows",
  "data": {
    "event": {
      "channel": "Security",
      "computer": "dansDesktop",
      "event_data": {
        "Event": {
          "EventData": {
            "ClientProcessId": "14928",
            "CountOfCredentialsReturned": "1",
            "ProcessCreationTime": "2024-12-16T14:59:56.2501338Z",
            "ReadOperation": "%%8099",
            "ReturnCode": "0",
            "SubjectDomainName": "DANSDESKTOP",
            "SubjectLogonId": "0x4c0db",
            "SubjectUserName": "danfe",
            "SubjectUserSid": "S-1-5-21-1680856076-1700718083-3477311726-1001",
            "TargetName": "NordPass/split_Features9",
            "Type": "1"
          },
          "System": {
            "Channel": "Security",
            "Computer": "dansDesktop",
            "Correlation": {},
            "EventID": "5379",
            "EventRecordID": "8313133",
            "Execution": {
              "ProcessID": "1128",
              "ThreadID": "70756"
            },
            "Keywords": "0x8020000000000000",
            "Level": "0",
            "Opcode": "0",
            "Provider": {
              "Guid": "{54849625-5478-4994-a5ba-3e3b0328c30d}",
              "Name": "Microsoft-Windows-Security-Auditing"
            },
            "Security": {
              "UserID": ""
            },
            "Task": "13824",
            "TimeCreated": {
              "SystemTime": "2024-12-31T17:49:37.8735812Z"
            },
            "Version": "0"
          }
        }
      },
      "level": "0",
      "message": ""
    }
  },
  "level": "Unknown",
  "message": "dansDesktop",
  "source": "windows_logs",
  "timestamp": "2024-12-31T11:49:38.9484784-06:00",
  "type": "event"
}
2024/12/31 17:49:38 Received log message from agent {
  "agent_id": "1234567890",
  "agent_name": "jarvis-agent-windows",
  "data": {
    "event": {
      "channel": "Security",
      "computer": "dansDesktop",
      "event_data": {
        "Event": {
          "EventData": {
            "ClientProcessId": "14928",
            "CountOfCredentialsReturned": "1",
            "ProcessCreationTime": "2024-12-16T14:59:56.2501338Z",
            "ReadOperation": "%%8099",
            "ReturnCode": "0",
            "SubjectDomainName": "DANSDESKTOP",
            "SubjectLogonId": "0x4c0db",
            "SubjectUserName": "danfe",
            "SubjectUserSid": "S-1-5-21-1680856076-1700718083-3477311726-1001",
            "TargetName": "NordPass/split_Features10",
            "Type": "1"
          },
          "System": {
            "Channel": "Security",
            "Computer": "dansDesktop",
            "Correlation": {},
            "EventID": "5379",
            "EventRecordID": "8313134",
            "Execution": {
              "ProcessID": "1128",
              "ThreadID": "70756"
            },
            "Keywords": "0x8020000000000000",
            "Level": "0",
            "Opcode": "0",
            "Provider": {
              "Guid": "{54849625-5478-4994-a5ba-3e3b0328c30d}",
              "Name": "Microsoft-Windows-Security-Auditing"
            },
            "Security": {
              "UserID": ""
            },
            "Task": "13824",
            "TimeCreated": {
              "SystemTime": "2024-12-31T17:49:37.8737609Z"
            },
            "Version": "0"
          }
        }
      },
      "level": "0",
      "message": ""
    }
  },
  "level": "Unknown",
  "message": "dansDesktop",
  "source": "windows_logs",
  "timestamp": "2024-12-31T11:49:38.9495023-06:00",
  "type": "event"
}
2024/12/31 17:49:38 Received log message from agent {
  "agent_id": "1234567890",
  "agent_name": "jarvis-agent-windows",
  "data": {
    "event": {
      "channel": "Security",
      "computer": "dansDesktop",
      "event_data": {
        "Event": {
          "EventData": {
            "ClientProcessId": "14928",
            "CountOfCredentialsReturned": "1",
            "ProcessCreationTime": "2024-12-16T14:59:56.2501338Z",
            "ReadOperation": "%%8099",
            "ReturnCode": "0",
            "SubjectDomainName": "DANSDESKTOP",
            "SubjectLogonId": "0x4c0db",
            "SubjectUserName": "danfe",
            "SubjectUserSid": "S-1-5-21-1680856076-1700718083-3477311726-1001",
            "TargetName": "NordPass/split_Features11",
            "Type": "1"
          },
          "System": {
            "Channel": "Security",
            "Computer": "dansDesktop",
            "Correlation": {},
            "EventID": "5379",
            "EventRecordID": "8313135",
            "Execution": {
              "ProcessID": "1128",
              "ThreadID": "70756"
            },
            "Keywords": "0x8020000000000000",
            "Level": "0",
            "Opcode": "0",
            "Provider": {
              "Guid": "{54849625-5478-4994-a5ba-3e3b0328c30d}",
              "Name": "Microsoft-Windows-Security-Auditing"
            },
            "Security": {
              "UserID": ""
            },
            "Task": "13824",
            "TimeCreated": {
              "SystemTime": "2024-12-31T17:49:37.8739594Z"
            },
            "Version": "0"
          }
        }
      },
      "level": "0",
      "message": ""
    }
  },
  "level": "Unknown",
  "message": "dansDesktop",
  "source": "windows_logs",
  "timestamp": "2024-12-31T11:49:38.9505405-06:00",
  "type": "event"
}
2024/12/31 17:49:38 Received log message from agent {
  "agent_id": "1234567890",
  "agent_name": "jarvis-agent-windows",
  "data": {
    "event": {
      "channel": "Security",
      "computer": "dansDesktop",
      "event_data": {
        "Event": {
          "EventData": {
            "ClientProcessId": "14928",
            "CountOfCredentialsReturned": "1",
            "ProcessCreationTime": "2024-12-16T14:59:56.2501338Z",
            "ReadOperation": "%%8099",
            "ReturnCode": "0",
            "SubjectDomainName": "DANSDESKTOP",
            "SubjectLogonId": "0x4c0db",
            "SubjectUserName": "danfe",
            "SubjectUserSid": "S-1-5-21-1680856076-1700718083-3477311726-1001",
            "TargetName": "NordPass/split_Features12",
            "Type": "1"
          },
          "System": {
            "Channel": "Security",
            "Computer": "dansDesktop",
            "Correlation": {},
            "EventID": "5379",
            "EventRecordID": "8313136",
            "Execution": {
              "ProcessID": "1128",
              "ThreadID": "70756"
            },
            "Keywords": "0x8020000000000000",
            "Level": "0",
            "Opcode": "0",
            "Provider": {
              "Guid": "{54849625-5478-4994-a5ba-3e3b0328c30d}",
              "Name": "Microsoft-Windows-Security-Auditing"
            },
            "Security": {
              "UserID": ""
            },
            "Task": "13824",
            "TimeCreated": {
              "SystemTime": "2024-12-31T17:49:37.8740916Z"
            },
            "Version": "0"
          }
        }
      },
      "level": "0",
      "message": ""
    }
  },
  "level": "Unknown",
  "message": "dansDesktop",
  "source": "windows_logs",
  "timestamp": "2024-12-31T11:49:38.9521691-06:00",
  "type": "event"
}
2024/12/31 17:49:41 Received log message from agent {
  "name": "wuauserv",
  "status": "Stopped",
  "timestamp": "2024-12-31T11:49:41.5016509-06:00"
}
2024/12/31 17:49:41 Received log message from agent {
  "name": "EventLog",
  "status": "Running",
  "timestamp": "2024-12-31T11:49:41.5021553-06:00"
}
2024/12/31 17:49:42 Received log message from agent {
  "agent_id": "1234567890",
  "agent_name": "jarvis-agent-windows",
  "data": {
    "cpu": {
      "count": 8,
      "usage_percent": [
        33.84615384615385,
        53.125,
        0,
        0,
        9.375,
        26.153846153846157,
        7.8125,
        1.5625
      ]
    },
    "memory": {
      "free": 4031397888,
      "total": 16996769792,
      "usage_percent": 76,
      "used": 12965371904
    }
  },
  "level": "info",
  "message": "System metrics collected",
  "source": "system_monitor",
  "timestamp": "2024-12-31T11:49:41.5014853-06:00",
  "type": "metrics"
}
2024/12/31 17:49:42 Received log message from agent {
  "cpu": {
    "count": 8,
    "usage_percent": [
      33.84615384615385,
      53.125,
      0,
      0,
      9.375,
      26.153846153846157,
      7.8125,
      1.5625
    ]
  },
  "memory": {
    "free": 4031397888,
    "total": 16996769792,
    "usage_percent": 76,
    "used": 12965371904
  },
  "network": {
    "bytes_recv": 17747337767,
    "bytes_sent": 2340232673,
    "packets_recv": 16683071,
    "packets_sent": 7870052
  },
  "temperature": [
    {
      "sensor_key": "ACPI\\ThermalZone\\TZ00_0",
      "temperature": 27.85
    },
    {
      "sensor_key": "ACPI\\ThermalZone\\TZ01_0",
      "temperature": 29.85
    }
  ],
  "timestamp": "2024-12-31T11:49:41.5014853-06:00"
}
2024/12/31 17:49:45 Received log message from agent {
  "name": "EventLog",
  "status": "Running",
  "timestamp": "2024-12-31T11:49:45.5026003-06:00"
}
2024/12/31 17:49:45 Received log message from agent {
  "name": "wuauserv",
  "status": "Stopped",
  "timestamp": "2024-12-31T11:49:45.5020971-06:00"
}
2024/12/31 17:49:46 Received log message from agent {
  "agent_id": "1234567890",
  "agent_name": "jarvis-agent-windows",
  "data": {
    "cpu": {
      "count": 8,
      "usage_percent": [
        7.936507936507936,
        1.5625,
        93.75,
        1.5873015873015872,
        9.375,
        14.285714285714285,
        6.349206349206349,
        4.6875
      ]
    },
    "memory": {
      "free": 3908317184,
      "total": 16996769792,
      "usage_percent": 77,
      "used": 13088452608
    }
  },
  "level": "info",
  "message": "System metrics collected",
  "source": "system_monitor",
  "timestamp": "2024-12-31T11:49:45.5019452-06:00",
  "type": "metrics"
}
2024/12/31 17:49:46 Received log message from agent {
  "cpu": {
    "count": 8,
    "usage_percent": [
      7.936507936507936,
      1.5625,
      93.75,
      1.5873015873015872,
      9.375,
      14.285714285714285,
      6.349206349206349,
      4.6875
    ]
  },
  "memory": {
    "free": 3908317184,
    "total": 16996769792,
    "usage_percent": 77,
    "used": 13088452608
  },
  "network": {
    "bytes_recv": 17747345475,
    "bytes_sent": 2340233339,
    "packets_recv": 16683080,
    "packets_sent": 7870058
  },
  "temperature": [
    {
      "sensor_key": "ACPI\\ThermalZone\\TZ00_0",
      "temperature": 27.85
    },
    {
      "sensor_key": "ACPI\\ThermalZone\\TZ01_0",
      "temperature": 29.85
    }
  ],
  "timestamp": "2024-12-31T11:49:45.5019452-06:00"
}
2024/12/31 17:49:47 Received log message from agent {
  "agent_id": "1234567890",
  "agent_name": "jarvis-agent-windows",
  "data": {
    "event": {
      "channel": "Microsoft-Windows-PowerShell/Operational",
      "computer": "dansDesktop",
      "event_data": {
        "Event": {
          "System": {
            "Channel": "Microsoft-Windows-PowerShell/Operational",
            "Computer": "dansDesktop",
            "Correlation": {},
            "EventID": "40961",
            "EventRecordID": "3506",
            "Execution": {
              "ProcessID": "24800",
              "ThreadID": "65692"
            },
            "Keywords": "0x0",
            "Level": "4",
            "Opcode": "1",
            "Provider": {
              "Guid": "{a0c1853b-5c40-4b15-8766-3cf1c58f985a}",
              "Name": "Microsoft-Windows-PowerShell"
            },
            "Security": {
              "UserID": "S-1-5-21-1680856076-1700718083-3477311726-1001"
            },
            "Task": "4",
            "TimeCreated": {
              "SystemTime": "2024-12-31T17:49:46.4404581Z"
            },
            "Version": "1"
          }
        }
      },
      "level": "4",
      "message": ""
    }
  },
  "level": "Information",
  "message": "dansDesktop",
  "source": "windows_logs",
  "timestamp": "2024-12-31T11:49:47.4497018-06:00",
  "type": "event"
}
2024/12/31 17:49:47 Received log message from agent {
  "agent_id": "1234567890",
  "agent_name": "jarvis-agent-windows",
  "data": {
    "event": {
      "channel": "Microsoft-Windows-PowerShell/Operational",
      "computer": "dansDesktop",
      "event_data": {
        "Event": {
          "EventData": {
            "param1": "24800",
            "param2": "DefaultAppDomain"
          },
          "System": {
            "Channel": "Microsoft-Windows-PowerShell/Operational",
            "Computer": "dansDesktop",
            "Correlation": {},
            "EventID": "53504",
            "EventRecordID": "3507",
            "Execution": {
              "ProcessID": "24800",
              "ThreadID": "46456"
            },
            "Keywords": "0x0",
            "Level": "4",
            "Opcode": "10",
            "Provider": {
              "Guid": "{a0c1853b-5c40-4b15-8766-3cf1c58f985a}",
              "Name": "Microsoft-Windows-PowerShell"
            },
            "Security": {
              "UserID": "S-1-5-21-1680856076-1700718083-3477311726-1001"
            },
            "Task": "111",
            "TimeCreated": {
              "SystemTime": "2024-12-31T17:49:46.4775127Z"
            },
            "Version": "1"
          }
        }
      },
      "level": "4",
      "message": ""
    }
  },
  "level": "Information",
  "message": "dansDesktop",
  "source": "windows_logs",
  "timestamp": "2024-12-31T11:49:47.451829-06:00",
  "type": "event"
}
2024/12/31 17:49:47 Received log message from agent {
  "agent_id": "1234567890",
  "agent_name": "jarvis-agent-windows",
  "data": {
    "event": {
      "channel": "Microsoft-Windows-PowerShell/Operational",
      "computer": "dansDesktop",
      "event_data": {
        "Event": {
          "System": {
            "Channel": "Microsoft-Windows-PowerShell/Operational",
            "Computer": "dansDesktop",
            "Correlation": {},
            "EventID": "40962",
            "EventRecordID": "3508",
            "Execution": {
              "ProcessID": "24800",
              "ThreadID": "65692"
            },
            "Keywords": "0x0",
            "Level": "4",
            "Opcode": "2",
            "Provider": {
              "Guid": "{a0c1853b-5c40-4b15-8766-3cf1c58f985a}",
              "Name": "Microsoft-Windows-PowerShell"
            },
            "Security": {
              "UserID": "S-1-5-21-1680856076-1700718083-3477311726-1001"
            },
            "Task": "4",
            "TimeCreated": {
              "SystemTime": "2024-12-31T17:49:46.5610962Z"
            },
            "Version": "1"
          }
        }
      },
      "level": "4",
      "message": ""
    }
  },
  "level": "Information",
  "message": "dansDesktop",
  "source": "windows_logs",
  "timestamp": "2024-12-31T11:49:47.4529279-06:00",
  "type": "event"
}
2024/12/31 17:49:49 Received log message from agent {
  "name": "wuauserv",
  "status": "Stopped",
  "timestamp": "2024-12-31T11:49:49.501613-06:00"
}
2024/12/31 17:49:49 Received log message from agent {
  "name": "EventLog",
  "status": "Running",
  "timestamp": "2024-12-31T11:49:49.5021389-06:00"
}
2024/12/31 17:49:50 Received log message from agent {
  "agent_id": "1234567890",
  "agent_name": "jarvis-agent-windows",
  "data": {
    "cpu": {
      "count": 8,
      "usage_percent": [
        6.153846153846154,
        4.615384615384616,
        63.07692307692307,
        0,
        1.5384615384615385,
        20.3125,
        7.6923076923076925,
        29.6875
      ]
    },
    "memory": {
      "free": 3824304128,
      "total": 16996769792,
      "usage_percent": 77,
      "used": 13172465664
    }
  },
  "level": "info",
  "message": "System metrics collected",
  "source": "system_monitor",
  "timestamp": "2024-12-31T11:49:49.501613-06:00",
  "type": "metrics"
}
2024/12/31 17:49:50 Received log message from agent {
  "cpu": {
    "count": 8,
    "usage_percent": [
      6.153846153846154,
      4.615384615384616,
      63.07692307692307,
      0,
      1.5384615384615385,
      20.3125,
      7.6923076923076925,
      29.6875
    ]
  },
  "memory": {
    "free": 3824304128,
    "total": 16996769792,
    "usage_percent": 77,
    "used": 13172465664
  },
  "network": {
    "bytes_recv": 17747346661,
    "bytes_sent": 2340233975,
    "packets_recv": 16683086,
    "packets_sent": 7870061
  },
  "temperature": [
    {
      "sensor_key": "ACPI\\ThermalZone\\TZ00_0",
      "temperature": 27.85
    },
