2024/12/31 15:53:37 Received log message from agent {
  "Event": {
    "EventData": {
      "ClientProcessId": "14928",
      "CountOfCredentialsReturned": "1",
      "ProcessCreationTime": "2024-12-16T14:59:56.2501338Z",
      "ReadOperation": "%%8099",
      "ReturnCode": "0",
      "SubjectDomainName": "DANSDESKTOP",
      "SubjectLogonId": "0x4c0db",
      "SubjectUserName": "danfe",
      "SubjectUserSid": "S-1-5-21-1680856076-1700718083-3477311726-1001",
      "TargetName": "NordPass/split_Features12",
      "Type": "1"
    },
    "System": {
      "Channel": "Security",
      "Computer": "dansDesktop",
      "Correlation": {},
      "EventID": "5379",
      "EventRecordID": "8306014",
      "Execution": {
        "ProcessID": "1128",
        "ThreadID": "28904"
      },
      "Keywords": "0x8020000000000000",
      "Level": "0",
      "Opcode": "0",
      "Provider": {
        "Guid": "{54849625-5478-4994-a5ba-3e3b0328c30d}",
        "Name": "Microsoft-Windows-Security-Auditing"
      },
      "Security": {
        "UserID": ""
      },
      "Task": "13824",
      "TimeCreated": {
        "SystemTime": "2024-12-31T15:53:36.9698589Z"
      },
      "Version": "0"
    }
  }
}
2024/12/31 15:53:38 Received log message from agent {
  "name": "EventLog",
  "status": "Running",
  "timestamp": "2024-12-31T09:53:38.6780745-06:00"
}
2024/12/31 15:53:38 Received log message from agent {
  "name": "wuauserv",
  "status": "Stopped",
  "timestamp": "2024-12-31T09:53:38.6779101-06:00"
}
2024/12/31 15:53:39 Received log message from agent {
  "agent_id": "1234567890",
  "agent_name": "jarvis-agent-windows",
  "data": {
    "cpu": {
      "count": 8,
      "usage_percent": [
        21.875,
        6.25,
        0,
        0,
        12.307692307692308,
        12.5,
        0,
        36.507936507936506
      ]
    },
    "memory": {
      "free": 3702743040,
      "total": 16996769792,
      "usage_percent": 78,
      "used": 13294026752
    }
  },
  "level": "info",
  "message": "System metrics collected",
  "source": "system_monitor",
  "timestamp": "2024-12-31T09:53:38.6776067-06:00",
  "type": "metrics"
}
2024/12/31 15:53:39 Received log message from agent {
  "cpu": {
    "count": 8,
    "usage_percent": [
      21.875,
      6.25,
      0,
      0,
      12.307692307692308,
      12.5,
      0,
      36.507936507936506
    ]
  },
  "memory": {
    "free": 3702743040,
    "total": 16996769792,
    "usage_percent": 78,
    "used": 13294026752
  },
  "network": {
    "bytes_recv": 17714069930,
    "bytes_sent": 2093306344,
    "packets_recv": 16535734,
    "packets_sent": 7776534
  },
  "temperature": [
    {
      "sensor_key": "ACPI\\ThermalZone\\TZ00_0",
      "temperature": 27.85
    },
    {
      "sensor_key": "ACPI\\ThermalZone\\TZ01_0",
      "temperature": 29.85
    }
  ],
  "timestamp": "2024-12-31T09:53:38.6776067-06:00"
}
2024/12/31 15:53:42 Received log message from agent {
  "name": "wuauserv",
  "status": "Stopped",
  "timestamp": "2024-12-31T09:53:42.6777127-06:00"
}
2024/12/31 15:53:42 Received log message from agent {
  "name": "EventLog",
  "status": "Running",
  "timestamp": "2024-12-31T09:53:42.6778686-06:00"
}
2024/12/31 15:53:43 Received log message from agent {
  "agent_id": "1234567890",
  "agent_name": "jarvis-agent-windows",
  "data": {
    "cpu": {
      "count": 8,
      "usage_percent": [
        41.53846153846154,
        15.873015873015872,
        0,
        3.125,
        6.25,
        0,
        0,
        14.285714285714285
      ]
    },
    "memory": {
      "free": 3697242112,
      "total": 16996769792,
      "usage_percent": 78,
      "used": 13299527680
    }
  },
  "level": "info",
  "message": "System metrics collected",
  "source": "system_monitor",
  "timestamp": "2024-12-31T09:53:42.6774797-06:00",
  "type": "metrics"
}
2024/12/31 15:53:43 Received log message from agent {
  "cpu": {
    "count": 8,
    "usage_percent": [
      41.53846153846154,
      15.873015873015872,
      0,
      3.125,
      6.25,
      0,
      0,
      14.285714285714285
    ]
  },
  "memory": {
    "free": 3697242112,
    "total": 16996769792,
    "usage_percent": 78,
    "used": 13299527680
  },
  "network": {
    "bytes_recv": 17714072415,
    "bytes_sent": 2093310615,
    "packets_recv": 16535744,
    "packets_sent": 7776545
  },
  "temperature": [
    {
      "sensor_key": "ACPI\\ThermalZone\\TZ00_0",
      "temperature": 27.85
    },
    {
      "sensor_key": "ACPI\\ThermalZone\\TZ01_0",
      "temperature": 29.85
    }
  ],
  "timestamp": "2024-12-31T09:53:42.6774797-06:00"
}
2024/12/31 15:53:46 Received log message from agent {
  "name": "wuauserv",
  "status": "Stopped",
  "timestamp": "2024-12-31T09:53:46.6772236-06:00"
}
2024/12/31 15:53:46 Received log message from agent {
  "name": "EventLog",
  "status": "Running",
  "timestamp": "2024-12-31T09:53:46.6772236-06:00"
}
2024/12/31 15:53:47 Received log message from agent {
  "agent_id": "1234567890",
  "agent_name": "jarvis-agent-windows",
  "data": {
    "cpu": {
      "count": 8,
      "usage_percent": [
        16.923076923076923,
        26.153846153846157,
        1.5873015873015872,
        0,
        14.0625,
        0,
        0,
        26.5625
      ]
    },
    "memory": {
      "free": 3681546240,
      "total": 16996769792,
      "usage_percent": 78,
      "used": 13315223552
    }
  },
  "level": "info",
  "message": "System metrics collected",
  "source": "system_monitor",
  "timestamp": "2024-12-31T09:53:46.6772236-06:00",
  "type": "metrics"
}
2024/12/31 15:53:47 Received log message from agent {
  "cpu": {
    "count": 8,
    "usage_percent": [
      16.923076923076923,
      26.153846153846157,
      1.5873015873015872,
      0,
      14.0625,
      0,
      0,
      26.5625
    ]
  },
  "memory": {
    "free": 3681546240,
    "total": 16996769792,
    "usage_percent": 78,
    "used": 13315223552
  },
  "network": {
    "bytes_recv": 17714074062,
    "bytes_sent": 2093311597,
    "packets_recv": 16535757,
    "packets_sent": 7776553
  },
  "temperature": [
    {
      "sensor_key": "ACPI\\ThermalZone\\TZ00_0",
      "temperature": 27.85
    },
    {
      "sensor_key": "ACPI\\ThermalZone\\TZ01_0",
      "temperature": 29.85
    }
  ],
  "timestamp": "2024-12-31T09:53:46.6772236-06:00"
}
2024/12/31 15:53:50 Received log message from agent {
  "name": "wuauserv",
  "status": "Stopped",
  "timestamp": "2024-12-31T09:53:50.6778895-06:00"
}
2024/12/31 15:53:50 Received log message from agent {
  "name": "EventLog",
  "status": "Running",
  "timestamp": "2024-12-31T09:53:50.6780789-06:00"
}
2024/12/31 15:53:51 Received log message from agent {
  "agent_id": "1234567890",
  "agent_name": "jarvis-agent-windows",
  "data": {
    "cpu": {
      "count": 8,
      "usage_percent": [
        1.5873015873015872,
        3.125,
        0,
        0,
        67.1875,
        0,
        0,
        12.5
      ]
    },
    "memory": {
      "free": 3677065216,
      "total": 16996769792,
      "usage_percent": 78,
      "used": 13319704576
    }
  },
  "level": "info",
  "message": "System metrics collected",
  "source": "system_monitor",
  "timestamp": "2024-12-31T09:53:50.6773536-06:00",
  "type": "metrics"
}
2024/12/31 15:53:51 Received log message from agent {
  "cpu": {
    "count": 8,
    "usage_percent": [
      1.5873015873015872,
      3.125,
      0,
      0,
      67.1875,
      0,
      0,
      12.5
    ]
  },
  "memory": {
    "free": 3677065216,
    "total": 16996769792,
    "usage_percent": 78,
    "used": 13319704576
  },
  "network": {
    "bytes_recv": 17714091814,
    "bytes_sent": 2093327323,
    "packets_recv": 16535810,
    "packets_sent": 7776595
  },
  "temperature": [
    {
      "sensor_key": "ACPI\\ThermalZone\\TZ00_0",
      "temperature": 27.85
    },
    {
      "sensor_key": "ACPI\\ThermalZone\\TZ01_0",
      "temperature": 29.85
    }
  ],
  "timestamp": "2024-12-31T09:53:50.6773536-06:00"
}
2024/12/31 15:53:54 Received log message from agent {
  "name": "EventLog",
  "status": "Running",
  "timestamp": "2024-12-31T09:53:54.6782771-06:00"
}
2024/12/31 15:53:54 Received log message from agent {
  "name": "wuauserv",
  "status": "Stopped",
  "timestamp": "2024-12-31T09:53:54.6777636-06:00"
}
2024/12/31 15:53:54 Received log message from agent {
  "response_time": 139069400,
  "status": "Up",
  "status_code": 200,
  "timestamp": "2024-12-31T09:53:54.816833-06:00",
  "url": "https://www.google.com"
}
2024/12/31 15:53:54 Received log message from agent {
  "response_time": 258784700,
  "status": "Up",
  "status_code": 200,
  "timestamp": "2024-12-31T09:53:54.9362023-06:00",
  "url": "https://www.github.com"
}
2024/12/31 15:53:55 Received log message from agent {
  "agent_id": "1234567890",
  "agent_name": "jarvis-agent-windows",
  "data": {
    "cpu": {
      "count": 8,
      "usage_percent": [
        20.3125,
        0,
        29.6875,
        0,
        20.634920634920633,
        0,
        0,
        12.5
      ]
    },
    "memory": {
      "free": 3684032512,
      "total": 16996769792,
      "usage_percent": 78,
      "used": 13312737280
    }
  },
  "level": "info",
  "message": "System metrics collected",
  "source": "system_monitor",
  "timestamp": "2024-12-31T09:53:54.6774176-06:00",
  "type": "metrics"
}
2024/12/31 15:53:55 Received log message from agent {
  "cpu": {
    "count": 8,
    "usage_percent": [
      20.3125,
      0,
      29.6875,
      0,
      20.634920634920633,
      0,
      0,
      12.5
    ]
  },
  "memory": {
    "free": 3684032512,
    "total": 16996769792,
    "usage_percent": 78,
    "used": 13312737280
  },
  "network": {
    "bytes_recv": 17714141935,
    "bytes_sent": 2093332495,
    "packets_recv": 16535863,
    "packets_sent": 7776622
  },
  "temperature": [
    {
      "sensor_key": "ACPI\\ThermalZone\\TZ00_0",
      "temperature": 27.85
    },
    {
      "sensor_key": "ACPI\\ThermalZone\\TZ01_0",
      "temperature": 29.85
    }
  ],
  "timestamp": "2024-12-31T09:53:54.6774176-06:00"
}
2024/12/31 15:53:58 Received log message from agent {
  "name": "wuauserv",
  "status": "Stopped",
  "timestamp": "2024-12-31T09:53:58.6776776-06:00"
}
2024/12/31 15:53:58 Received log message from agent {
  "name": "EventLog",
  "status": "Running",
  "timestamp": "2024-12-31T09:53:58.6791578-06:00"
}
2024/12/31 15:53:59 Received log message from agent {
  "agent_id": "1234567890",
  "agent_name": "jarvis-agent-windows",
  "data": {
    "cpu": {
      "count": 8,
      "usage_percent": [
        7.8125,
        16.666666666666664,
        1.5625,
        0,
        0,
        0,
        17.46031746031746,
        26.984126984126984
      ]
    },
    "memory": {
      "free": 3681943552,
      "total": 16996769792,
      "usage_percent": 78,
      "used": 13314826240
    }
  },
  "level": "info",
  "message": "System metrics collected",
  "source": "system_monitor",
  "timestamp": "2024-12-31T09:53:58.6776776-06:00",
  "type": "metrics"
}
2024/12/31 15:53:59 Received log message from agent {
  "cpu": {
    "count": 8,
    "usage_percent": [
      7.8125,
      16.666666666666664,
      1.5625,
      0,
      0,
      0,
      17.46031746031746,
      26.984126984126984
    ]
  },
  "memory": {
    "free": 3681943552,
    "total": 16996769792,
    "usage_percent": 78,
    "used": 13314826240
  },
  "network": {
    "bytes_recv": 17714142720,
    "bytes_sent": 2093332801,
    "packets_recv": 16535868,
    "packets_sent": 7776627
  },
  "temperature": [
    {
      "sensor_key": "ACPI\\ThermalZone\\TZ00_0",
      "temperature": 27.85
    },
    {
      "sensor_key": "ACPI\\ThermalZone\\TZ01_0",
      "temperature": 29.85
    }
  ],
  "timestamp": "2024-12-31T09:53:58.6776776-06:00"
}
2024/12/31 15:54:02 Received log message from agent {
  "name": "EventLog",
  "status": "Running",
  "timestamp": "2024-12-31T09:54:02.6783774-06:00"
}
2024/12/31 15:54:02 Received log message from agent {
  "name": "wuauserv",
  "status": "Stopped",
  "timestamp": "2024-12-31T09:54:02.67807-06:00"
}
2024/12/31 15:54:03 Received log message from agent {
  "agent_id": "1234567890",
  "agent_name": "jarvis-agent-windows",
  "data": {
    "cpu": {
      "count": 8,
      "usage_percent": [
        25.396825396825395,
        0,
        0,
        0,
        45.3125,
        0,
        0,
        7.8125
      ]
    },
    "memory": {
      "free": 3691003904,
      "total": 16996769792,
      "usage_percent": 78,
      "used": 13305765888
    }
  },
  "level": "info",
  "message": "System metrics collected",
  "source": "system_monitor",
  "timestamp": "2024-12-31T09:54:02.6775969-06:00",
  "type": "metrics"
}
2024/12/31 15:54:03 Received log message from agent {
  "cpu": {
    "count": 8,
    "usage_percent": [
      25.396825396825395,
      0,
      0,
      0,
      45.3125,
      0,
      0,
      7.8125
    ]
  },
  "memory": {
    "free": 3691003904,
    "total": 16996769792,
    "usage_percent": 78,
    "used": 13305765888
  },
  "network": {
    "bytes_recv": 17714143734,
    "bytes_sent": 2093333026,
    "packets_recv": 16535872,
    "packets_sent": 7776630
  },
  "temperature": [
    {
      "sensor_key": "ACPI\\ThermalZone\\TZ00_0",
      "temperature": 27.85
    },
    {
      "sensor_key": "ACPI\\ThermalZone\\TZ01_0",
      "temperature": 29.85
    }
  ],
  "timestamp": "2024-12-31T09:54:02.6775969-06:00"
}
2024/12/31 15:54:06 Received log message from agent {
  "name": "wuauserv",
  "status": "Stopped",
  "timestamp": "2024-12-31T09:54:06.6776326-06:00"
}
2024/12/31 15:54:06 Received log message from agent {
  "name": "EventLog",
  "status": "Running",
  "timestamp": "2024-12-31T09:54:06.6776326-06:00"
}
2024/12/31 15:54:07 Received log message from agent {
  "agent_id": "1234567890",
  "agent_name": "jarvis-agent-windows",
  "data": {
    "cpu": {
      "count": 8,
      "usage_percent": [
        28.57142857142857,
        3.1746031746031744,
        7.936507936507936,
        0,
        7.8125,
        6.349206349206349,
        0,
        26.153846153846157
      ]
    },
    "memory": {
      "free": 3680370688,
      "total": 16996769792,
      "usage_percent": 78,
      "used": 13316399104
    }
  },
  "level": "info",
  "message": "System metrics collected",
  "source": "system_monitor",
  "timestamp": "2024-12-31T09:54:06.6776326-06:00",
  "type": "metrics"
}
2024/12/31 15:54:07 Received log message from agent {
  "cpu": {
    "count": 8,
    "usage_percent": [
      28.57142857142857,
      3.1746031746031744,
      7.936507936507936,
      0,
      7.8125,
      6.349206349206349,
      0,
      26.153846153846157
    ]
  },
  "memory": {
    "free": 3680370688,
    "total": 16996769792,
    "usage_percent": 78,
    "used": 13316399104
  },
  "network": {
    "bytes_recv": 17714152930,
    "bytes_sent": 2093333306,
    "packets_recv": 16535876,
    "packets_sent": 7776634
  },
  "temperature": [
    {
      "sensor_key": "ACPI\\ThermalZone\\TZ00_0",
      "temperature": 27.85
    },
    {
      "sensor_key": "ACPI\\ThermalZone\\TZ01_0",
      "temperature": 29.85
    }
  ],
  "timestamp": "2024-12-31T09:54:06.6776326-06:00"
}
2024/12/31 15:54:10 Received log message from agent {
  "name": "wuauserv",
  "status": "Stopped",
  "timestamp": "2024-12-31T09:54:10.6778465-06:00"
}
2024/12/31 15:54:10 Received log message from agent {
  "name": "EventLog",
  "status": "Running",
  "timestamp": "2024-12-31T09:54:10.6781334-06:00"
}
2024/12/31 15:54:11 Received log message from agent {
  "agent_id": "1234567890",
  "agent_name": "jarvis-agent-windows",
  "data": {
    "cpu": {
      "count": 8,
      "usage_percent": [
        15.625,
        1.5625,
        0,
        1.5384615384615385,
        0,
        41.53846153846154,
        15.873015873015872,
        3.125
      ]
    },
    "memory": {
      "free": 3677257728,
      "total": 16996769792,
      "usage_percent": 78,
      "used": 13319512064
    }
  },
  "level": "info",
  "message": "System metrics collected",
  "source": "system_monitor",
  "timestamp": "2024-12-31T09:54:10.6774811-06:00",
  "type": "metrics"
}
2024/12/31 15:54:11 Received log message from agent {
  "cpu": {
    "count": 8,
    "usage_percent": [
      15.625,
      1.5625,
      0,
      1.5384615384615385,
      0,
      41.53846153846154,
      15.873015873015872,
      3.125
    ]
  },
  "memory": {
    "free": 3677257728,
    "total": 16996769792,
    "usage_percent": 78,
    "used": 13319512064
  },
  "network": {
    "bytes_recv": 17714158936,
    "bytes_sent": 2093337619,
    "packets_recv": 16535893,
    "packets_sent": 7776648
  },
  "temperature": [
    {
      "sensor_key": "ACPI\\ThermalZone\\TZ00_0",
      "temperature": 27.85
    },
    {
      "sensor_key": "ACPI\\ThermalZone\\TZ01_0",
      "temperature": 29.85
    }
  ],
  "timestamp": "2024-12-31T09:54:10.6774811-06:00"
}
2024/12/31 15:54:14 Received log message from agent {
  "name": "wuauserv",
  "status": "Stopped",
  "timestamp": "2024-12-31T09:54:14.6776074-06:00"
}
2024/12/31 15:54:14 Received log message from agent {
  "name": "EventLog",
  "status": "Running",
  "timestamp": "2024-12-31T09:54:14.6776074-06:00"
}
2024/12/31 15:54:15 Received log message from agent {
  "agent_id": "1234567890",
  "agent_name": "jarvis-agent-windows",
  "data": {
    "cpu": {
      "count": 8,
      "usage_percent": [
        18.75,
        10.76923076923077,
        0,
        0,
        1.5873015873015872,
        0,
        43.75,
        0
      ]
    },
    "memory": {
      "free": 3647754240,
      "total": 16996769792,
      "usage_percent": 78,
      "used": 13349015552
    }
  },
  "level": "info",
  "message": "System metrics collected",
  "source": "system_monitor",
  "timestamp": "2024-12-31T09:54:14.6773965-06:00",
  "type": "metrics"
}
2024/12/31 15:54:15 Received log message from agent {
  "cpu": {
    "count": 8,
    "usage_percent": [
      18.75,
      10.76923076923077,
      0,
      0,
      1.5873015873015872,
      0,
      43.75,
      0
    ]
  },
  "memory": {
    "free": 3647754240,
    "total": 16996769792,
    "usage_percent": 78,
    "used": 13349015552
  },
  "network": {
    "bytes_recv": 17714176357,
    "bytes_sent": 2093348942,
    "packets_recv": 16535951,
    "packets_sent": 7776698
  },
  "temperature": [
    {
      "sensor_key": "ACPI\\ThermalZone\\TZ00_0",
      "temperature": 27.85
    },
    {
      "sensor_key": "ACPI\\ThermalZone\\TZ01_0",
      "temperature": 29.85
    }
  ],
  "timestamp": "2024-12-31T09:54:14.6773965-06:00"
}
2024/12/31 15:54:18 Received log message from agent {
  "name": "EventLog",
  "status": "Running",
  "timestamp": "2024-12-31T09:54:18.6775527-06:00"
}
2024/12/31 15:54:18 Received log message from agent {
  "name": "wuauserv",
  "status": "Stopped",
  "timestamp": "2024-12-31T09:54:18.6775527-06:00"
}
2024/12/31 15:54:19 Received log message from agent {
  "agent_id": "1234567890",
  "agent_name": "jarvis-agent-windows",
  "data": {
    "cpu": {
      "count": 8,
      "usage_percent": [
        9.375,
        7.8125,
        13.846153846153847,
        0,
        0,
        1.5625,
        1.5625,
        31.746031746031743
      ]
    },
    "memory": {
      "free": 3683905536,
      "total": 16996769792,
      "usage_percent": 78,
      "used": 13312864256
    }
  },
  "level": "info",
  "message": "System metrics collected",
  "source": "system_monitor",
  "timestamp": "2024-12-31T09:54:18.6773316-06:00",
  "type": "metrics"
}
2024/12/31 15:54:19 Received log message from agent {
  "cpu": {
    "count": 8,
    "usage_percent": [
      9.375,
      7.8125,
      13.846153846153847,
      0,
      0,
      1.5625,
      1.5625,
      31.746031746031743
    ]
  },
  "memory": {
    "free": 3683905536,
    "total": 16996769792,
    "usage_percent": 78,
    "used": 13312864256
  },
  "network": {
    "bytes_recv": 17714179434,
    "bytes_sent": 2093350454,
    "packets_recv": 16535970,
    "packets_sent": 7776718
  },
  "temperature": [
    {
      "sensor_key": "ACPI\\ThermalZone\\TZ00_0",
      "temperature": 27.85
    },
    {
      "sensor_key": "ACPI\\ThermalZone\\TZ01_0",
      "temperature": 29.85
    }
  ],
  "timestamp": "2024-12-31T09:54:18.6773316-06:00"
}
2024/12/31 15:54:22 Received log message from agent {
  "name": "EventLog",
  "status": "Running",
  "timestamp": "2024-12-31T09:54:22.6785016-06:00"
}
2024/12/31 15:54:22 Received log message from agent {
  "name": "wuauserv",
  "status": "Stopped",
  "timestamp": "2024-12-31T09:54:22.6782651-06:00"
}
2024/12/31 15:54:23 Received log message from agent {
  "agent_id": "1234567890",
  "agent_name": "jarvis-agent-windows",
  "data": {
    "cpu": {
      "count": 8,
      "usage_percent": [
        42.857142857142854,
        1.5625,
        3.125,
        6.25,
        1.5873015873015872,
        1.5873015873015872,
        35.38461538461539,
        1.5873015873015872
      ]
    },
    "memory": {
      "free": 3679453184,
      "total": 16996769792,
      "usage_percent": 78,
      "used": 13317316608
    }
  },
  "level": "info",
  "message": "System metrics collected",
  "source": "system_monitor",
  "timestamp": "2024-12-31T09:54:22.6776348-06:00",
  "type": "metrics"
}
2024/12/31 15:54:23 Received log message from agent {
  "cpu": {
    "count": 8,
    "usage_percent": [
      42.857142857142854,
      1.5625,
      3.125,
      6.25,
      1.5873015873015872,
      1.5873015873015872,
      35.38461538461539,
      1.5873015873015872
    ]
  },
  "memory": {
    "free": 3679453184,
    "total": 16996769792,
    "usage_percent": 78,
    "used": 13317316608
  },
  "network": {
    "bytes_recv": 17714185426,
    "bytes_sent": 2093354684,
    "packets_recv": 16535986,
    "packets_sent": 7776731
  },
  "temperature": [
    {
      "sensor_key": "ACPI\\ThermalZone\\TZ00_0",
      "temperature": 27.85
    },
    {
      "sensor_key": "ACPI\\ThermalZone\\TZ01_0",
      "temperature": 29.85
    }
  ],
  "timestamp": "2024-12-31T09:54:22.6776348-06:00"
}
2024/12/31 15:54:24 Received log message from agent {
  "response_time": 210053300,
  "status": "Up",
  "status_code": 200,
  "timestamp": "2024-12-31T09:54:24.8878278-06:00",
  "url": "https://www.github.com"
}
2024/12/31 15:54:24 Received log message from agent {
  "response_time": 255518200,
  "status": "Up",
  "status_code": 200,
  "timestamp": "2024-12-31T09:54:24.9332927-06:00",
  "url": "https://www.google.com"
}
2024/12/31 15:54:26 Received log message from agent {
  "name": "EventLog",
  "status": "Running",
  "timestamp": "2024-12-31T09:54:26.6786496-06:00"
}
2024/12/31 15:54:26 Received log message from agent {
  "name": "wuauserv",
  "status": "Stopped",
  "timestamp": "2024-12-31T09:54:26.6782798-06:00"
}
2024/12/31 15:54:27 Received log message from agent {
  "agent_id": "1234567890",
  "agent_name": "jarvis-agent-windows",
  "data": {
    "cpu": {
      "count": 8,
      "usage_percent": [
        21.875,
        4.615384615384616,
        26.5625,
        6.153846153846154,
        6.25,
        32.8125,
        4.6875,
        14.285714285714285
      ]
    },
    "memory": {
      "free": 3656556544,
      "total": 16996769792,
      "usage_percent": 78,
      "used": 13340213248
    }
  },
  "level": "info",
  "message": "System metrics collected",
  "source": "system_monitor",
  "timestamp": "2024-12-31T09:54:26.6776053-06:00",
  "type": "metrics"
}
2024/12/31 15:54:27 Received log message from agent {
  "cpu": {
    "count": 8,
    "usage_percent": [
      21.875,
      4.615384615384616,
      26.5625,
      6.153846153846154,
      6.25,
      32.8125,
      4.6875,
      14.285714285714285
    ]
  },
  "memory": {
    "free": 3656556544,
    "total": 16996769792,
    "usage_percent": 78,
    "used": 13340213248
  },
  "network": {
    "bytes_recv": 17714267334,
    "bytes_sent": 2093370225,
    "packets_recv": 16536086,
    "packets_sent": 7776786
  },
  "temperature": [
    {
      "sensor_key": "ACPI\\ThermalZone\\TZ00_0",
      "temperature": 27.85
    },
    {
      "sensor_key": "ACPI\\ThermalZone\\TZ01_0",
      "temperature": 29.85
    }
  ],
  "timestamp": "2024-12-31T09:54:26.6776053-06:00"
}
2024/12/31 15:54:30 Received log message from agent {
  "name": "wuauserv",
  "status": "Stopped",
  "timestamp": "2024-12-31T09:54:30.6778399-06:00"
}
2024/12/31 15:54:30 Received log message from agent {
  "name": "EventLog",
  "status": "Running",
  "timestamp": "2024-12-31T09:54:30.677927-06:00"
}
2024/12/31 15:54:31 Received log message from agent {
  "agent_id": "1234567890",
  "agent_name": "jarvis-agent-windows",
  "data": {
    "cpu": {
      "count": 8,
      "usage_percent": [
        35.9375,
        20.3125,
        0,
        1.5873015873015872,
        1.5873015873015872,
        0,
        0,
        23.076923076923077
      ]
    },
    "memory": {
      "free": 3654475776,
      "total": 16996769792,
      "usage_percent": 78,
      "used": 13342294016
    }
  },
  "level": "info",
  "message": "System metrics collected",
  "source": "system_monitor",
  "timestamp": "2024-12-31T09:54:30.6775557-06:00",
  "type": "metrics"
}
2024/12/31 15:54:31 Received log message from agent {
  "cpu": {
    "count": 8,
    "usage_percent": [
      35.9375,
      20.3125,
      0,
      1.5873015873015872,
      1.5873015873015872,
      0,
      0,
      23.076923076923077
    ]
  },
  "memory": {
    "free": 3654475776,
    "total": 16996769792,
    "usage_percent": 78,
    "used": 13342294016
  },
  "network": {
    "bytes_recv": 17714273593,
    "bytes_sent": 2093370375,
    "packets_recv": 16536088,
    "packets_sent": 7776788
  },
  "temperature": [
    {
      "sensor_key": "ACPI\\ThermalZone\\TZ00_0",
      "temperature": 27.85
    },
    {
      "sensor_key": "ACPI\\ThermalZone\\TZ01_0",
      "temperature": 29.85
    }
  ],
  "timestamp": "2024-12-31T09:54:30.6775557-06:00"
}
2024/12/31 15:54:34 Received log message from agent {
  "name": "EventLog",
  "status": "Running",
  "timestamp": "2024-12-31T09:54:34.6778591-06:00"
}
2024/12/31 15:54:34 Received log message from agent {
  "name": "wuauserv",
  "status": "Stopped",
  "timestamp": "2024-12-31T09:54:34.6778591-06:00"
}
2024/12/31 15:54:35 Received log message from agent {
  "agent_id": "1234567890",
  "agent_name": "jarvis-agent-windows",
  "data": {
    "cpu": {
      "count": 8,
      "usage_percent": [
        4.615384615384616,
        21.875,
        0,
        0,
        0,
        1.5384615384615385,
        10.76923076923077,
        25
      ]
    },
    "memory": {
      "free": 3665473536,
      "total": 16996769792,
      "usage_percent": 78,
      "used": 13331296256
    }
  },
  "level": "info",
  "message": "System metrics collected",
  "source": "system_monitor",
  "timestamp": "2024-12-31T09:54:34.6778052-06:00",
  "type": "metrics"
}
2024/12/31 15:54:35 Received log message from agent {
  "cpu": {
    "count": 8,
    "usage_percent": [
      4.615384615384616,
      21.875,
      0,
      0,
      0,
      1.5384615384615385,
      10.76923076923077,
      25
    ]
  },
  "memory": {
    "free": 3665473536,
    "total": 16996769792,
    "usage_percent": 78,
    "used": 13331296256
  },
  "network": {
    "bytes_recv": 17714293364,
    "bytes_sent": 2093370724,
    "packets_recv": 16536094,
    "packets_sent": 7776793
  },
  "temperature": [
    {
      "sensor_key": "ACPI\\ThermalZone\\TZ00_0",
      "temperature": 27.85
    },
    {
      "sensor_key": "ACPI\\ThermalZone\\TZ01_0",
      "temperature": 29.85
    }
  ],
  "timestamp": "2024-12-31T09:54:34.6778052-06:00"
}
2024/12/31 15:54:37 Received log message from agent {
  "Event": {
    "EventData": {
      "ClientProcessId": "14928",
      "CountOfCredentialsReturned": "1",
      "ProcessCreationTime": "2024-12-16T14:59:56.2501338Z",
      "ReadOperation": "%%8099",
      "ReturnCode": "0",
      "SubjectDomainName": "DANSDESKTOP",
      "SubjectLogonId": "0x4c0db",
      "SubjectUserName": "danfe",
      "SubjectUserSid": "S-1-5-21-1680856076-1700718083-3477311726-1001",
      "TargetName": "NordPass/Upsell",
      "Type": "1"
    },
    "System": {
      "Channel": "Security",
      "Computer": "dansDesktop",
      "Correlation": {},
      "EventID": "5379",
      "EventRecordID": "8306015",
      "Execution": {
        "ProcessID": "1128",
        "ThreadID": "71124"
      },
      "Keywords": "0x8020000000000000",
      "Level": "0",
      "Opcode": "0",
      "Provider": {
        "Guid": "{54849625-5478-4994-a5ba-3e3b0328c30d}",
        "Name": "Microsoft-Windows-Security-Auditing"
      },
      "Security": {
        "UserID": ""
      },
      "Task": "13824",
      "TimeCreated": {
        "SystemTime": "2024-12-31T15:54:36.9808834Z"
      },
      "Version": "0"
    }
  }
}
2024/12/31 15:54:37 Received log message from agent {
  "Event": {
    "EventData": {
      "ClientProcessId": "14928",
      "CountOfCredentialsReturned": "1",
      "ProcessCreationTime": "2024-12-16T14:59:56.2501338Z",
      "ReadOperation": "%%8099",
      "ReturnCode": "0",
      "SubjectDomainName": "DANSDESKTOP",
      "SubjectLogonId": "0x4c0db",
      "SubjectUserName": "danfe",
      "SubjectUserSid": "S-1-5-21-1680856076-1700718083-3477311726-1001",
      "TargetName": "NordPass/RecoveryCodeInfo",
      "Type": "1"
    },
    "System": {
      "Channel": "Security",
      "Computer": "dansDesktop",
      "Correlation": {},
      "EventID": "5379",
      "EventRecordID": "8306016",
      "Execution": {
        "ProcessID": "1128",
        "ThreadID": "28904"
      },
      "Keywords": "0x8020000000000000",
      "Level": "0",
      "Opcode": "0",
      "Provider": {
        "Guid": "{54849625-5478-4994-a5ba-3e3b0328c30d}",
        "Name": "Microsoft-Windows-Security-Auditing"
      },
      "Security": {
        "UserID": ""
      },
      "Task": "13824",
      "TimeCreated": {
        "SystemTime": "2024-12-31T15:54:36.9810039Z"
      },
      "Version": "0"
    }
  }
}
2024/12/31 15:54:37 Received log message from agent {
  "Event": {
    "EventData": {
      "ClientProcessId": "14928",
      "CountOfCredentialsReturned": "1",
      "ProcessCreationTime": "2024-12-16T14:59:56.2501338Z",
      "ReadOperation": "%%8099",
      "ReturnCode": "0",
      "SubjectDomainName": "DANSDESKTOP",
      "SubjectLogonId": "0x4c0db",
      "SubjectUserName": "danfe",
      "SubjectUserSid": "S-1-5-21-1680856076-1700718083-3477311726-1001",
      "TargetName": "NordPass/PasswordGenerator",
      "Type": "1"
    },
    "System": {
      "Channel": "Security",
      "Computer": "dansDesktop",
      "Correlation": {},
      "EventID": "5379",
      "EventRecordID": "8306017",
      "Execution": {
        "ProcessID": "1128",
        "ThreadID": "16200"
      },
      "Keywords": "0x8020000000000000",
      "Level": "0",
      "Opcode": "0",
      "Provider": {
        "Guid": "{54849625-5478-4994-a5ba-3e3b0328c30d}",
        "Name": "Microsoft-Windows-Security-Auditing"
      },
      "Security": {
        "UserID": ""
      },
      "Task": "13824",
      "TimeCreated": {
        "SystemTime": "2024-12-31T15:54:36.9810762Z"
      },
      "Version": "0"
    }
  }
}
2024/12/31 15:54:37 Received log message from agent {
  "Event": {
    "EventData": {
      "ClientProcessId": "14928",
      "CountOfCredentialsReturned": "1",
      "ProcessCreationTime": "2024-12-16T14:59:56.2501338Z",
      "ReadOperation": "%%8099",
      "ReturnCode": "0",
      "SubjectDomainName": "DANSDESKTOP",
      "SubjectLogonId": "0x4c0db",
      "SubjectUserName": "danfe",
      "SubjectUserSid": "S-1-5-21-1680856076-1700718083-3477311726-1001",
      "TargetName": "NordPass/VaultState",
      "Type": "1"
    },
    "System": {
      "Channel": "Security",
      "Computer": "dansDesktop",
      "Correlation": {},
      "EventID": "5379",
      "EventRecordID": "8306019",
      "Execution": {
        "ProcessID": "1128",
        "ThreadID": "16200"
      },
      "Keywords": "0x8020000000000000",
      "Level": "0",
      "Opcode": "0",
      "Provider": {
        "Guid": "{54849625-5478-4994-a5ba-3e3b0328c30d}",
        "Name": "Microsoft-Windows-Security-Auditing"
      },
      "Security": {
        "UserID": ""
      },
      "Task": "13824",
      "TimeCreated": {
        "SystemTime": "2024-12-31T15:54:36.9814589Z"
      },
      "Version": "0"
    }
  }
}
2024/12/31 15:54:37 Received log message from agent {
  "Event": {
    "EventData": {
      "ClientProcessId": "14928",
      "CountOfCredentialsReturned": "1",
      "ProcessCreationTime": "2024-12-16T14:59:56.2501338Z",
      "ReadOperation": "%%8099",
      "ReturnCode": "0",
      "SubjectDomainName": "DANSDESKTOP",
      "SubjectLogonId": "0x4c0db",
      "SubjectUserName": "danfe",
      "SubjectUserSid": "S-1-5-21-1680856076-1700718083-3477311726-1001",
      "TargetName": "NordPass/IsCrashReportingEnabled",
      "Type": "1"
    },
    "System": {
      "Channel": "Security",
      "Computer": "dansDesktop",
      "Correlation": {},
      "EventID": "5379",
      "EventRecordID": "8306018",
      "Execution": {
        "ProcessID": "1128",
        "ThreadID": "4736"
      },
      "Keywords": "0x8020000000000000",
      "Level": "0",
      "Opcode": "0",
      "Provider": {
        "Guid": "{54849625-5478-4994-a5ba-3e3b0328c30d}",
        "Name": "Microsoft-Windows-Security-Auditing"
      },
      "Security": {
        "UserID": ""
      },
      "Task": "13824",
      "TimeCreated": {
        "SystemTime": "2024-12-31T15:54:36.9811946Z"
      },
      "Version": "0"
    }
  }
}
2024/12/31 15:54:37 Received log message from agent {
  "Event": {
    "EventData": {
      "ClientProcessId": "14928",
      "CountOfCredentialsReturned": "1",
      "ProcessCreationTime": "2024-12-16T14:59:56.2501338Z",
      "ReadOperation": "%%8099",
      "ReturnCode": "0",
      "SubjectDomainName": "DANSDESKTOP",
      "SubjectLogonId": "0x4c0db",
      "SubjectUserName": "danfe",
      "SubjectUserSid": "S-1-5-21-1680856076-1700718083-3477311726-1001",
      "TargetName": "NordPass/WebInstallerTrackingEvents",
      "Type": "1"
    },
    "System": {
      "Channel": "Security",
      "Computer": "dansDesktop",
      "Correlation": {},
      "EventID": "5379",
      "EventRecordID": "8306020",
      "Execution": {
        "ProcessID": "1128",
        "ThreadID": "4736"
      },
      "Keywords": "0x8020000000000000",
      "Level": "0",
      "Opcode": "0",
      "Provider": {
        "Guid": "{54849625-5478-4994-a5ba-3e3b0328c30d}",
        "Name": "Microsoft-Windows-Security-Auditing"
      },
      "Security": {
        "UserID": ""
      },
      "Task": "13824",
      "TimeCreated": {
        "SystemTime": "2024-12-31T15:54:36.9815876Z"
      },
      "Version": "0"
    }
  }
}
2024/12/31 15:54:37 Received log message from agent {
  "Event": {
    "EventData": {
      "ClientProcessId": "14928",
      "CountOfCredentialsReturned": "1",
      "ProcessCreationTime": "2024-12-16T14:59:56.2501338Z",
      "ReadOperation": "%%8099",
      "ReturnCode": "0",
      "SubjectDomainName": "DANSDESKTOP",
      "SubjectLogonId": "0x4c0db",
      "SubjectUserName": "danfe",
      "SubjectUserSid": "S-1-5-21-1680856076-1700718083-3477311726-1001",
      "TargetName": "NordPass/HasNeverLoggedIn",
      "Type": "1"
    },
    "System": {
      "Channel": "Security",
      "Computer": "dansDesktop",
      "Correlation": {},
      "EventID": "5379",
      "EventRecordID": "8306021",
      "Execution": {
        "ProcessID": "1128",
        "ThreadID": "28904"
      },
      "Keywords": "0x8020000000000000",
      "Level": "0",
      "Opcode": "0",
      "Provider": {
        "Guid": "{54849625-5478-4994-a5ba-3e3b0328c30d}",
        "Name": "Microsoft-Windows-Security-Auditing"
      },
      "Security": {
        "UserID": ""
      },
      "Task": "13824",
      "TimeCreated": {
        "SystemTime": "2024-12-31T15:54:36.9816915Z"
      },
      "Version": "0"
    }
  }
}
2024/12/31 15:54:37 Received log message from agent {
  "Event": {
    "EventData": {
      "ClientProcessId": "14928",
      "CountOfCredentialsReturned": "1",
      "ProcessCreationTime": "2024-12-16T14:59:56.2501338Z",
      "ReadOperation": "%%8099",
      "ReturnCode": "0",
      "SubjectDomainName": "DANSDESKTOP",
      "SubjectLogonId": "0x4c0db",
      "SubjectUserName": "danfe",
      "SubjectUserSid": "S-1-5-21-1680856076-1700718083-3477311726-1001",
      "TargetName": "NordPass/IsFirstStart",
      "Type": "1"
    },
    "System": {
      "Channel": "Security",
      "Computer": "dansDesktop",
      "Correlation": {},
      "EventID": "5379",
      "EventRecordID": "8306022",
      "Execution": {
        "ProcessID": "1128",
        "ThreadID": "71124"
      },
      "Keywords": "0x8020000000000000",
      "Level": "0",
      "Opcode": "0",
      "Provider": {
        "Guid": "{54849625-5478-4994-a5ba-3e3b0328c30d}",
        "Name": "Microsoft-Windows-Security-Auditing"
      },
      "Security": {
        "UserID": ""
      },
      "Task": "13824",
      "TimeCreated": {
        "SystemTime": "2024-12-31T15:54:36.9817836Z"
      },
      "Version": "0"
    }
  }
}
2024/12/31 15:54:37 Received log message from agent {
  "Event": {
    "EventData": {
      "ClientProcessId": "14928",
      "CountOfCredentialsReturned": "1",
      "ProcessCreationTime": "2024-12-16T14:59:56.2501338Z",
      "ReadOperation": "%%8099",
      "ReturnCode": "0",
      "SubjectDomainName": "DANSDESKTOP",
      "SubjectLogonId": "0x4c0db",
      "SubjectUserName": "danfe",
      "SubjectUserSid": "S-1-5-21-1680856076-1700718083-3477311726-1001",
      "TargetName": "NordPass/SendActionsTimeRemaining",
      "Type": "1"
    },
    "System": {
      "Channel": "Security",
      "Computer": "dansDesktop",
      "Correlation": {},
      "EventID": "5379",
      "EventRecordID": "8306023",
      "Execution": {
        "ProcessID": "1128",
        "ThreadID": "4736"
      },
      "Keywords": "0x8020000000000000",
      "Level": "0",
      "Opcode": "0",
      "Provider": {
        "Guid": "{54849625-5478-4994-a5ba-3e3b0328c30d}",
        "Name": "Microsoft-Windows-Security-Auditing"
      },
      "Security": {
        "UserID": ""
      },
      "Task": "13824",
      "TimeCreated": {
        "SystemTime": "2024-12-31T15:54:36.9819651Z"
      },
      "Version": "0"
    }
  }
}
2024/12/31 15:54:37 Received log message from agent {
  "Event": {
    "EventData": {
      "ClientProcessId": "14928",
      "CountOfCredentialsReturned": "1",
      "ProcessCreationTime": "2024-12-16T14:59:56.2501338Z",
      "ReadOperation": "%%8099",
      "ReturnCode": "0",
      "SubjectDomainName": "DANSDESKTOP",
      "SubjectLogonId": "0x4c0db",
      "SubjectUserName": "danfe",
      "SubjectUserSid": "S-1-5-21-1680856076-1700718083-3477311726-1001",
      "TargetName": "NordPass/Environment",
      "Type": "1"
    },
    "System": {
      "Channel": "Security",
      "Computer": "dansDesktop",
      "Correlation": {},
      "EventID": "5379",
      "EventRecordID": "8306026",
      "Execution": {
        "ProcessID": "1128",
        "ThreadID": "71124"
      },
      "Keywords": "0x8020000000000000",
      "Level": "0",
      "Opcode": "0",
      "Provider": {
        "Guid": "{54849625-5478-4994-a5ba-3e3b0328c30d}",
        "Name": "Microsoft-Windows-Security-Auditing"
      },
      "Security": {
        "UserID": ""
      },
      "Task": "13824",
      "TimeCreated": {
        "SystemTime": "2024-12-31T15:54:36.9825081Z"
      },
      "Version": "0"
    }
  }
}
2024/12/31 15:54:37 Received log message from agent {
  "Event": {
    "EventData": {
      "ClientProcessId": "14928",
      "CountOfCredentialsReturned": "1",
      "ProcessCreationTime": "2024-12-16T14:59:56.2501338Z",
      "ReadOperation": "%%8099",
      "ReturnCode": "0",
      "SubjectDomainName": "DANSDESKTOP",
      "SubjectLogonId": "0x4c0db",
      "SubjectUserName": "danfe",
      "SubjectUserSid": "S-1-5-21-1680856076-1700718083-3477311726-1001",
      "TargetName": "NordPass/LastKnownEmail",
      "Type": "1"
    },
    "System": {
      "Channel": "Security",
      "Computer": "dansDesktop",
      "Correlation": {},
      "EventID": "5379",
      "EventRecordID": "8306024",
      "Execution": {
        "ProcessID": "1128",
        "ThreadID": "71124"
      },
      "Keywords": "0x8020000000000000",
      "Level": "0",
      "Opcode": "0",
      "Provider": {
        "Guid": "{54849625-5478-4994-a5ba-3e3b0328c30d}",
        "Name": "Microsoft-Windows-Security-Auditing"
      },
      "Security": {
        "UserID": ""
      },
      "Task": "13824",
      "TimeCreated": {
        "SystemTime": "2024-12-31T15:54:36.9821030Z"
      },
      "Version": "0"
    }
  }
}
2024/12/31 15:54:37 Received log message from agent {
  "Event": {
    "EventData": {
      "ClientProcessId": "14928",
      "CountOfCredentialsReturned": "1",
      "ProcessCreationTime": "2024-12-16T14:59:56.2501338Z",
      "ReadOperation": "%%8099",
      "ReturnCode": "0",
      "SubjectDomainName": "DANSDESKTOP",
      "SubjectLogonId": "0x4c0db",
      "SubjectUserName": "danfe",
      "SubjectUserSid": "S-1-5-21-1680856076-1700718083-3477311726-1001",
      "TargetName": "NordPass/SidebarState",
      "Type": "1"
    },
    "System": {
      "Channel": "Security",
      "Computer": "dansDesktop",
      "Correlation": {},
      "EventID": "5379",
      "EventRecordID": "8306025",
      "Execution": {
        "ProcessID": "1128",
        "ThreadID": "4736"
      },
      "Keywords": "0x8020000000000000",
      "Level": "0",
      "Opcode": "0",
      "Provider": {
        "Guid": "{54849625-5478-4994-a5ba-3e3b0328c30d}",
        "Name": "Microsoft-Windows-Security-Auditing"
      },
      "Security": {
        "UserID": ""
      },
      "Task": "13824",
      "TimeCreated": {
        "SystemTime": "2024-12-31T15:54:36.9824077Z"
      },
      "Version": "0"
    }
  }
}
2024/12/31 15:54:37 Received log message from agent {
  "Event": {
    "EventData": {
      "ClientProcessId": "14928",
      "CountOfCredentialsReturned": "1",
      "ProcessCreationTime": "2024-12-16T14:59:56.2501338Z",
      "ReadOperation": "%%8099",
      "ReturnCode": "0",
      "SubjectDomainName": "DANSDESKTOP",
      "SubjectLogonId": "0x4c0db",
      "SubjectUserName": "danfe",
      "SubjectUserSid": "S-1-5-21-1680856076-1700718083-3477311726-1001",
      "TargetName": "NordPass/IsAutoStartTrial",
      "Type": "1"
    },
    "System": {
      "Channel": "Security",
      "Computer": "dansDesktop",
      "Correlation": {},
      "EventID": "5379",
      "EventRecordID": "8306027",
      "Execution": {
        "ProcessID": "1128",
        "ThreadID": "28904"
      },
      "Keywords": "0x8020000000000000",
      "Level": "0",
      "Opcode": "0",
      "Provider": {
        "Guid": "{54849625-5478-4994-a5ba-3e3b0328c30d}",
        "Name": "Microsoft-Windows-Security-Auditing"
      },
      "Security": {
        "UserID": ""
      },
      "Task": "13824",
      "TimeCreated": {
        "SystemTime": "2024-12-31T15:54:36.9826975Z"
      },
      "Version": "0"
    }
  }
}
2024/12/31 15:54:37 Received log message from agent {
  "Event": {
    "EventData": {
      "ClientProcessId": "14928",
      "CountOfCredentialsReturned": "1",
      "ProcessCreationTime": "2024-12-16T14:59:56.2501338Z",
      "ReadOperation": "%%8099",
      "ReturnCode": "0",
      "SubjectDomainName": "DANSDESKTOP",
      "SubjectLogonId": "0x4c0db",
      "SubjectUserName": "danfe",
      "SubjectUserSid": "S-1-5-21-1680856076-1700718083-3477311726-1001",
      "TargetName": "NordPass/MiscData",
      "Type": "1"
    },
    "System": {
      "Channel": "Security",
      "Computer": "dansDesktop",
      "Correlation": {},
      "EventID": "5379",
      "EventRecordID": "8306028",
      "Execution": {
        "ProcessID": "1128",
        "ThreadID": "16200"
      },
      "Keywords": "0x8020000000000000",
      "Level": "0",
      "Opcode": "0",
      "Provider": {
        "Guid": "{54849625-5478-4994-a5ba-3e3b0328c30d}",
        "Name": "Microsoft-Windows-Security-Auditing"
      },
      "Security": {
        "UserID": ""
      },
      "Task": "13824",
      "TimeCreated": {
        "SystemTime": "2024-12-31T15:54:36.9827843Z"
      },
      "Version": "0"
    }
  }
}
2024/12/31 15:54:37 Received log message from agent {
  "Event": {
    "EventData": {
      "ClientProcessId": "14928",
      "CountOfCredentialsReturned": "1",
      "ProcessCreationTime": "2024-12-16T14:59:56.2501338Z",
      "ReadOperation": "%%8099",
      "ReturnCode": "0",
      "SubjectDomainName": "DANSDESKTOP",
      "SubjectLogonId": "0x4c0db",
      "SubjectUserName": "danfe",
      "SubjectUserSid": "S-1-5-21-1680856076-1700718083-3477311726-1001",
      "TargetName": "NordPass/UserId",
      "Type": "1"
    },
    "System": {
      "Channel": "Security",
      "Computer": "dansDesktop",
      "Correlation": {},
      "EventID": "5379",
      "EventRecordID": "8306029",
      "Execution": {
        "ProcessID": "1128",
        "ThreadID": "71124"
      },
      "Keywords": "0x8020000000000000",
      "Level": "0",
      "Opcode": "0",
      "Provider": {
        "Guid": "{54849625-5478-4994-a5ba-3e3b0328c30d}",
        "Name": "Microsoft-Windows-Security-Auditing"
      },
      "Security": {
        "UserID": ""
      },
      "Task": "13824",
      "TimeCreated": {
        "SystemTime": "2024-12-31T15:54:36.9828785Z"
      },
      "Version": "0"
    }
  }
}
2024/12/31 15:54:37 Received log message from agent {
  "Event": {
    "EventData": {
      "ClientProcessId": "14928",
      "CountOfCredentialsReturned": "1",
      "ProcessCreationTime": "2024-12-16T14:59:56.2501338Z",
      "ReadOperation": "%%8099",
      "ReturnCode": "0",
      "SubjectDomainName": "DANSDESKTOP",
      "SubjectLogonId": "0x4c0db",
      "SubjectUserName": "danfe",
      "SubjectUserSid": "S-1-5-21-1680856076-1700718083-3477311726-1001",
      "TargetName": "NordPass/UserEmail",
      "Type": "1"
    },
    "System": {
      "Channel": "Security",
      "Computer": "dansDesktop",
      "Correlation": {},
      "EventID": "5379",
      "EventRecordID": "8306030",
      "Execution": {
        "ProcessID": "1128",
        "ThreadID": "4736"
      },
      "Keywords": "0x8020000000000000",
      "Level": "0",
      "Opcode": "0",
      "Provider": {
        "Guid": "{54849625-5478-4994-a5ba-3e3b0328c30d}",
        "Name": "Microsoft-Windows-Security-Auditing"
      },
      "Security": {
        "UserID": ""
      },
      "Task": "13824",
      "TimeCreated": {
        "SystemTime": "2024-12-31T15:54:36.9829916Z"
      },
      "Version": "0"
    }
  }
}
2024/12/31 15:54:37 Received log message from agent {
  "Event": {
    "EventData": {
      "ClientProcessId": "14928",
      "CountOfCredentialsReturned": "1",
      "ProcessCreationTime": "2024-12-16T14:59:56.2501338Z",
      "ReadOperation": "%%8099",
      "ReturnCode": "0",
      "SubjectDomainName": "DANSDESKTOP",
      "SubjectLogonId": "0x4c0db",
      "SubjectUserName": "danfe",
      "SubjectUserSid": "S-1-5-21-1680856076-1700718083-3477311726-1001",
      "TargetName": "NordPass/ClipboardClearingTime",
      "Type": "1"
    },
    "System": {
      "Channel": "Security",
      "Computer": "dansDesktop",
      "Correlation": {},
      "EventID": "5379",
      "EventRecordID": "8306031",
      "Execution": {
        "ProcessID": "1128",
        "ThreadID": "16200"
      },
      "Keywords": "0x8020000000000000",
      "Level": "0",
      "Opcode": "0",
      "Provider": {
        "Guid": "{54849625-5478-4994-a5ba-3e3b0328c30d}",
        "Name": "Microsoft-Windows-Security-Auditing"
      },
      "Security": {
        "UserID": ""
      },
      "Task": "13824",
      "TimeCreated": {
        "SystemTime": "2024-12-31T15:54:36.9831557Z"
      },
      "Version": "0"
    }
  }
}
2024/12/31 15:54:37 Received log message from agent {
  "Event": {
    "EventData": {
      "ClientProcessId": "14928",
      "CountOfCredentialsReturned": "1",
      "ProcessCreationTime": "2024-12-16T14:59:56.2501338Z",
      "ReadOperation": "%%8099",
      "ReturnCode": "0",
      "SubjectDomainName": "DANSDESKTOP",
      "SubjectLogonId": "0x4c0db",
      "SubjectUserName": "danfe",
      "SubjectUserSid": "S-1-5-21-1680856076-1700718083-3477311726-1001",
      "TargetName": "NordPass/IsNoPasskeysFoundDisabled",
      "Type": "1"
    },
    "System": {
      "Channel": "Security",
      "Computer": "dansDesktop",
      "Correlation": {},
      "EventID": "5379",
      "EventRecordID": "8306032",
      "Execution": {
        "ProcessID": "1128",
        "ThreadID": "71124"
      },
      "Keywords": "0x8020000000000000",
      "Level": "0",
      "Opcode": "0",
      "Provider": {
        "Guid": "{54849625-5478-4994-a5ba-3e3b0328c30d}",
        "Name": "Microsoft-Windows-Security-Auditing"
      },
      "Security": {
        "UserID": ""
      },
      "Task": "13824",
      "TimeCreated": {
        "SystemTime": "2024-12-31T15:54:36.9832702Z"
      },
      "Version": "0"
    }
  }
}
