2024/12/31 15:54:37 Received log message from agent {
  "Event": {
    "EventData": {
      "ClientProcessId": "14928",
      "CountOfCredentialsReturned": "1",
      "ProcessCreationTime": "2024-12-16T14:59:56.2501338Z",
      "ReadOperation": "%%8099",
      "ReturnCode": "0",
      "SubjectDomainName": "DANSDESKTOP",
      "SubjectLogonId": "0x4c0db",
      "SubjectUserName": "danfe",
      "SubjectUserSid": "S-1-5-21-1680856076-1700718083-3477311726-1001",
      "TargetName": "NordPass/CompletedAutolockTileUserIds",
      "Type": "1"
    },
    "System": {
      "Channel": "Security",
      "Computer": "dansDesktop",
      "Correlation": {},
      "EventID": "5379",
      "EventRecordID": "8306033",
      "Execution": {
        "ProcessID": "1128",
        "ThreadID": "4736"
      },
      "Keywords": "0x8020000000000000",
      "Level": "0",
      "Opcode": "0",
      "Provider": {
        "Guid": "{54849625-5478-4994-a5ba-3e3b0328c30d}",
        "Name": "Microsoft-Windows-Security-Auditing"
      },
      "Security": {
        "UserID": ""
      },
      "Task": "13824",
      "TimeCreated": {
        "SystemTime": "2024-12-31T15:54:36.9833103Z"
      },
      "Version": "0"
    }
  }
}
2024/12/31 15:54:37 Received log message from agent {
  "Event": {
    "EventData": {
      "ClientProcessId": "14928",
      "CountOfCredentialsReturned": "1",
      "ProcessCreationTime": "2024-12-16T14:59:56.2501338Z",
      "ReadOperation": "%%8099",
      "ReturnCode": "0",
      "SubjectDomainName": "DANSDESKTOP",
      "SubjectLogonId": "0x4c0db",
      "SubjectUserName": "danfe",
      "SubjectUserSid": "S-1-5-21-1680856076-1700718083-3477311726-1001",
      "TargetName": "NordPass/CompletedBiometricsTileUserIds",
      "Type": "1"
    },
    "System": {
      "Channel": "Security",
      "Computer": "dansDesktop",
      "Correlation": {},
      "EventID": "5379",
      "EventRecordID": "8306034",
      "Execution": {
        "ProcessID": "1128",
        "ThreadID": "28904"
      },
      "Keywords": "0x8020000000000000",
      "Level": "0",
      "Opcode": "0",
      "Provider": {
        "Guid": "{54849625-5478-4994-a5ba-3e3b0328c30d}",
        "Name": "Microsoft-Windows-Security-Auditing"
      },
      "Security": {
        "UserID": ""
      },
      "Task": "13824",
      "TimeCreated": {
        "SystemTime": "2024-12-31T15:54:36.9834031Z"
      },
      "Version": "0"
    }
  }
}
2024/12/31 15:54:37 Received log message from agent {
  "Event": {
    "EventData": {
      "ClientProcessId": "14928",
      "CountOfCredentialsReturned": "1",
      "ProcessCreationTime": "2024-12-16T14:59:56.2501338Z",
      "ReadOperation": "%%8099",
      "ReturnCode": "0",
      "SubjectDomainName": "DANSDESKTOP",
      "SubjectLogonId": "0x4c0db",
      "SubjectUserName": "danfe",
      "SubjectUserSid": "S-1-5-21-1680856076-1700718083-3477311726-1001",
      "TargetName": "NordPass/SeenNotifications",
      "Type": "1"
    },
    "System": {
      "Channel": "Security",
      "Computer": "dansDesktop",
      "Correlation": {},
      "EventID": "5379",
      "EventRecordID": "8306035",
      "Execution": {
        "ProcessID": "1128",
        "ThreadID": "71124"
      },
      "Keywords": "0x8020000000000000",
      "Level": "0",
      "Opcode": "0",
      "Provider": {
        "Guid": "{54849625-5478-4994-a5ba-3e3b0328c30d}",
        "Name": "Microsoft-Windows-Security-Auditing"
      },
      "Security": {
        "UserID": ""
      },
      "Task": "13824",
      "TimeCreated": {
        "SystemTime": "2024-12-31T15:54:36.9835788Z"
      },
      "Version": "0"
    }
  }
}
2024/12/31 15:54:37 Received log message from agent {
  "Event": {
    "EventData": {
      "ClientProcessId": "14928",
      "CountOfCredentialsReturned": "1",
      "ProcessCreationTime": "2024-12-16T14:59:56.2501338Z",
      "ReadOperation": "%%8099",
      "ReturnCode": "0",
      "SubjectDomainName": "DANSDESKTOP",
      "SubjectLogonId": "0x4c0db",
      "SubjectUserName": "danfe",
      "SubjectUserSid": "S-1-5-21-1680856076-1700718083-3477311726-1001",
      "TargetName": "NordPass/ShouldHideMaskFAQUserIds",
      "Type": "1"
    },
    "System": {
      "Channel": "Security",
      "Computer": "dansDesktop",
      "Correlation": {},
      "EventID": "5379",
      "EventRecordID": "8306036",
      "Execution": {
        "ProcessID": "1128",
        "ThreadID": "4736"
      },
      "Keywords": "0x8020000000000000",
      "Level": "0",
      "Opcode": "0",
      "Provider": {
        "Guid": "{54849625-5478-4994-a5ba-3e3b0328c30d}",
        "Name": "Microsoft-Windows-Security-Auditing"
      },
      "Security": {
        "UserID": ""
      },
      "Task": "13824",
      "TimeCreated": {
        "SystemTime": "2024-12-31T15:54:36.9837000Z"
      },
      "Version": "0"
    }
  }
}
2024/12/31 15:54:37 Received log message from agent {
  "Event": {
    "EventData": {
      "ClientProcessId": "14928",
      "CountOfCredentialsReturned": "1",
      "ProcessCreationTime": "2024-12-16T14:59:56.2501338Z",
      "ReadOperation": "%%8099",
      "ReturnCode": "0",
      "SubjectDomainName": "DANSDESKTOP",
      "SubjectLogonId": "0x4c0db",
      "SubjectUserName": "danfe",
      "SubjectUserSid": "S-1-5-21-1680856076-1700718083-3477311726-1001",
      "TargetName": "NordPass/DisplayFilter",
      "Type": "1"
    },
    "System": {
      "Channel": "Security",
      "Computer": "dansDesktop",
      "Correlation": {},
      "EventID": "5379",
      "EventRecordID": "8306037",
      "Execution": {
        "ProcessID": "1128",
        "ThreadID": "16200"
      },
      "Keywords": "0x8020000000000000",
      "Level": "0",
      "Opcode": "0",
      "Provider": {
        "Guid": "{54849625-5478-4994-a5ba-3e3b0328c30d}",
        "Name": "Microsoft-Windows-Security-Auditing"
      },
      "Security": {
        "UserID": ""
      },
      "Task": "13824",
      "TimeCreated": {
        "SystemTime": "2024-12-31T15:54:36.9838001Z"
      },
      "Version": "0"
    }
  }
}
2024/12/31 15:54:37 Received log message from agent {
  "Event": {
    "EventData": {
      "ClientProcessId": "14928",
      "CountOfCredentialsReturned": "1",
      "ProcessCreationTime": "2024-12-16T14:59:56.2501338Z",
      "ReadOperation": "%%8099",
      "ReturnCode": "0",
      "SubjectDomainName": "DANSDESKTOP",
      "SubjectLogonId": "0x4c0db",
      "SubjectUserName": "danfe",
      "SubjectUserSid": "S-1-5-21-1680856076-1700718083-3477311726-1001",
      "TargetName": "NordPass/PasskeysBannerDismissedDomainsByUserId",
      "Type": "1"
    },
    "System": {
      "Channel": "Security",
      "Computer": "dansDesktop",
      "Correlation": {},
      "EventID": "5379",
      "EventRecordID": "8306038",
      "Execution": {
        "ProcessID": "1128",
        "ThreadID": "28904"
      },
      "Keywords": "0x8020000000000000",
      "Level": "0",
      "Opcode": "0",
      "Provider": {
        "Guid": "{54849625-5478-4994-a5ba-3e3b0328c30d}",
        "Name": "Microsoft-Windows-Security-Auditing"
      },
      "Security": {
        "UserID": ""
      },
      "Task": "13824",
      "TimeCreated": {
        "SystemTime": "2024-12-31T15:54:36.9839886Z"
      },
      "Version": "0"
    }
  }
}
2024/12/31 15:54:37 Received log message from agent {
  "Event": {
    "EventData": {
      "ClientProcessId": "14928",
      "CountOfCredentialsReturned": "1",
      "ProcessCreationTime": "2024-12-16T14:59:56.2501338Z",
      "ReadOperation": "%%8099",
      "ReturnCode": "0",
      "SubjectDomainName": "DANSDESKTOP",
      "SubjectLogonId": "0x4c0db",
      "SubjectUserName": "danfe",
      "SubjectUserSid": "S-1-5-21-1680856076-1700718083-3477311726-1001",
      "TargetName": "NordPass/isWelcomeToStandaloneIntroShown",
      "Type": "1"
    },
    "System": {
      "Channel": "Security",
      "Computer": "dansDesktop",
      "Correlation": {},
      "EventID": "5379",
      "EventRecordID": "8306039",
      "Execution": {
        "ProcessID": "1128",
        "ThreadID": "16200"
      },
      "Keywords": "0x8020000000000000",
      "Level": "0",
      "Opcode": "0",
      "Provider": {
        "Guid": "{54849625-5478-4994-a5ba-3e3b0328c30d}",
        "Name": "Microsoft-Windows-Security-Auditing"
      },
      "Security": {
        "UserID": ""
      },
      "Task": "13824",
      "TimeCreated": {
        "SystemTime": "2024-12-31T15:54:36.9841050Z"
      },
      "Version": "0"
    }
  }
}
2024/12/31 15:54:37 Received log message from agent {
  "Event": {
    "EventData": {
      "ClientProcessId": "14928",
      "CountOfCredentialsReturned": "1",
      "ProcessCreationTime": "2024-12-16T14:59:56.2501338Z",
      "ReadOperation": "%%8099",
      "ReturnCode": "0",
      "SubjectDomainName": "DANSDESKTOP",
      "SubjectLogonId": "0x4c0db",
      "SubjectUserName": "danfe",
      "SubjectUserSid": "S-1-5-21-1680856076-1700718083-3477311726-1001",
      "TargetName": "NordPass/isFullAppViewIntroShown",
      "Type": "1"
    },
    "System": {
      "Channel": "Security",
      "Computer": "dansDesktop",
      "Correlation": {},
      "EventID": "5379",
      "EventRecordID": "8306040",
      "Execution": {
        "ProcessID": "1128",
        "ThreadID": "71124"
      },
      "Keywords": "0x8020000000000000",
      "Level": "0",
      "Opcode": "0",
      "Provider": {
        "Guid": "{54849625-5478-4994-a5ba-3e3b0328c30d}",
        "Name": "Microsoft-Windows-Security-Auditing"
      },
      "Security": {
        "UserID": ""
      },
      "Task": "13824",
      "TimeCreated": {
        "SystemTime": "2024-12-31T15:54:36.9841880Z"
      },
      "Version": "0"
    }
  }
}
2024/12/31 15:54:37 Received log message from agent {
  "Event": {
    "EventData": {
      "ClientProcessId": "14928",
      "CountOfCredentialsReturned": "1",
      "ProcessCreationTime": "2024-12-16T14:59:56.2501338Z",
      "ReadOperation": "%%8099",
      "ReturnCode": "0",
      "SubjectDomainName": "DANSDESKTOP",
      "SubjectLogonId": "0x4c0db",
      "SubjectUserName": "danfe",
      "SubjectUserSid": "S-1-5-21-1680856076-1700718083-3477311726-1001",
      "TargetName": "NordPass/LatestVersionInstalledAt",
      "Type": "1"
    },
    "System": {
      "Channel": "Security",
      "Computer": "dansDesktop",
      "Correlation": {},
      "EventID": "5379",
      "EventRecordID": "8306041",
      "Execution": {
        "ProcessID": "1128",
        "ThreadID": "4736"
      },
      "Keywords": "0x8020000000000000",
      "Level": "0",
      "Opcode": "0",
      "Provider": {
        "Guid": "{54849625-5478-4994-a5ba-3e3b0328c30d}",
        "Name": "Microsoft-Windows-Security-Auditing"
      },
      "Security": {
        "UserID": ""
      },
      "Task": "13824",
      "TimeCreated": {
        "SystemTime": "2024-12-31T15:54:36.9843607Z"
      },
      "Version": "0"
    }
  }
}
2024/12/31 15:54:37 Received log message from agent {
  "Event": {
    "EventData": {
      "ClientProcessId": "14928",
      "CountOfCredentialsReturned": "1",
      "ProcessCreationTime": "2024-12-16T14:59:56.2501338Z",
      "ReadOperation": "%%8099",
      "ReturnCode": "0",
      "SubjectDomainName": "DANSDESKTOP",
      "SubjectLogonId": "0x4c0db",
      "SubjectUserName": "danfe",
      "SubjectUserSid": "S-1-5-21-1680856076-1700718083-3477311726-1001",
      "TargetName": "NordPass/Features",
      "Type": "1"
    },
    "System": {
      "Channel": "Security",
      "Computer": "dansDesktop",
      "Correlation": {},
      "EventID": "5379",
      "EventRecordID": "8306042",
      "Execution": {
        "ProcessID": "1128",
        "ThreadID": "16200"
      },
      "Keywords": "0x8020000000000000",
      "Level": "0",
      "Opcode": "0",
      "Provider": {
        "Guid": "{54849625-5478-4994-a5ba-3e3b0328c30d}",
        "Name": "Microsoft-Windows-Security-Auditing"
      },
      "Security": {
        "UserID": ""
      },
      "Task": "13824",
      "TimeCreated": {
        "SystemTime": "2024-12-31T15:54:36.9845258Z"
      },
      "Version": "0"
    }
  }
}
2024/12/31 15:54:37 Received log message from agent {
  "Event": {
    "EventData": {
      "ClientProcessId": "14928",
      "CountOfCredentialsReturned": "1",
      "ProcessCreationTime": "2024-12-16T14:59:56.2501338Z",
      "ReadOperation": "%%8099",
      "ReturnCode": "0",
      "SubjectDomainName": "DANSDESKTOP",
      "SubjectLogonId": "0x4c0db",
      "SubjectUserName": "danfe",
      "SubjectUserSid": "S-1-5-21-1680856076-1700718083-3477311726-1001",
      "TargetName": "NordPass/HasBeenUpdated",
      "Type": "1"
    },
    "System": {
      "Channel": "Security",
      "Computer": "dansDesktop",
      "Correlation": {},
      "EventID": "5379",
      "EventRecordID": "8306043",
      "Execution": {
        "ProcessID": "1128",
        "ThreadID": "28904"
      },
      "Keywords": "0x8020000000000000",
      "Level": "0",
      "Opcode": "0",
      "Provider": {
        "Guid": "{54849625-5478-4994-a5ba-3e3b0328c30d}",
        "Name": "Microsoft-Windows-Security-Auditing"
      },
      "Security": {
        "UserID": ""
      },
      "Task": "13824",
      "TimeCreated": {
        "SystemTime": "2024-12-31T15:54:36.9845770Z"
      },
      "Version": "0"
    }
  }
}
2024/12/31 15:54:37 Received log message from agent {
  "Event": {
    "EventData": {
      "ClientProcessId": "14928",
      "CountOfCredentialsReturned": "1",
      "ProcessCreationTime": "2024-12-16T14:59:56.2501338Z",
      "ReadOperation": "%%8099",
      "ReturnCode": "0",
      "SubjectDomainName": "DANSDESKTOP",
      "SubjectLogonId": "0x4c0db",
      "SubjectUserName": "danfe",
      "SubjectUserSid": "S-1-5-21-1680856076-1700718083-3477311726-1001",
      "TargetName": "NordPass/SubscriptionData",
      "Type": "1"
    },
    "System": {
      "Channel": "Security",
      "Computer": "dansDesktop",
      "Correlation": {},
      "EventID": "5379",
      "EventRecordID": "8306044",
      "Execution": {
        "ProcessID": "1128",
        "ThreadID": "71124"
      },
      "Keywords": "0x8020000000000000",
      "Level": "0",
      "Opcode": "0",
      "Provider": {
        "Guid": "{54849625-5478-4994-a5ba-3e3b0328c30d}",
        "Name": "Microsoft-Windows-Security-Auditing"
      },
      "Security": {
        "UserID": ""
      },
      "Task": "13824",
      "TimeCreated": {
        "SystemTime": "2024-12-31T15:54:36.9846893Z"
      },
      "Version": "0"
    }
  }
}
2024/12/31 15:54:37 Received log message from agent {
  "Event": {
    "EventData": {
      "ClientProcessId": "14928",
      "CountOfCredentialsReturned": "1",
      "ProcessCreationTime": "2024-12-16T14:59:56.2501338Z",
      "ReadOperation": "%%8099",
      "ReturnCode": "3221226021",
      "SubjectDomainName": "DANSDESKTOP",
      "SubjectLogonId": "0x4c0db",
      "SubjectUserName": "danfe",
      "SubjectUserSid": "S-1-5-21-1680856076-1700718083-3477311726-1001",
      "TargetName": "NordPass/AutoLock-",
      "Type": "1"
    },
    "System": {
      "Channel": "Security",
      "Computer": "dansDesktop",
      "Correlation": {},
      "EventID": "5379",
      "EventRecordID": "8306045",
      "Execution": {
        "ProcessID": "1128",
        "ThreadID": "4736"
      },
      "Keywords": "0x8020000000000000",
      "Level": "0",
      "Opcode": "0",
      "Provider": {
        "Guid": "{54849625-5478-4994-a5ba-3e3b0328c30d}",
        "Name": "Microsoft-Windows-Security-Auditing"
      },
      "Security": {
        "UserID": ""
      },
      "Task": "13824",
      "TimeCreated": {
        "SystemTime": "2024-12-31T15:54:36.9847953Z"
      },
      "Version": "0"
    }
  }
}
2024/12/31 15:54:37 Received log message from agent {
  "Event": {
    "EventData": {
      "ClientProcessId": "14928",
      "CountOfCredentialsReturned": "1",
      "ProcessCreationTime": "2024-12-16T14:59:56.2501338Z",
      "ReadOperation": "%%8099",
      "ReturnCode": "0",
      "SubjectDomainName": "DANSDESKTOP",
      "SubjectLogonId": "0x4c0db",
      "SubjectUserName": "danfe",
      "SubjectUserSid": "S-1-5-21-1680856076-1700718083-3477311726-1001",
      "TargetName": "NordPass/InstallTime",
      "Type": "1"
    },
    "System": {
      "Channel": "Security",
      "Computer": "dansDesktop",
      "Correlation": {},
      "EventID": "5379",
      "EventRecordID": "8306046",
      "Execution": {
        "ProcessID": "1128",
        "ThreadID": "28904"
      },
      "Keywords": "0x8020000000000000",
      "Level": "0",
      "Opcode": "0",
      "Provider": {
        "Guid": "{54849625-5478-4994-a5ba-3e3b0328c30d}",
        "Name": "Microsoft-Windows-Security-Auditing"
      },
      "Security": {
        "UserID": ""
      },
      "Task": "13824",
      "TimeCreated": {
        "SystemTime": "2024-12-31T15:54:36.9849432Z"
      },
      "Version": "0"
    }
  }
}
2024/12/31 15:54:37 Received log message from agent {
  "Event": {
    "EventData": {
      "ClientProcessId": "14928",
      "CountOfCredentialsReturned": "1",
      "ProcessCreationTime": "2024-12-16T14:59:56.2501338Z",
      "ReadOperation": "%%8099",
      "ReturnCode": "0",
      "SubjectDomainName": "DANSDESKTOP",
      "SubjectLogonId": "0x4c0db",
      "SubjectUserName": "danfe",
      "SubjectUserSid": "S-1-5-21-1680856076-1700718083-3477311726-1001",
      "TargetName": "NordPass/StartHidden",
      "Type": "1"
    },
    "System": {
      "Channel": "Security",
      "Computer": "dansDesktop",
      "Correlation": {},
      "EventID": "5379",
      "EventRecordID": "8306047",
      "Execution": {
        "ProcessID": "1128",
        "ThreadID": "16200"
      },
      "Keywords": "0x8020000000000000",
      "Level": "0",
      "Opcode": "0",
      "Provider": {
        "Guid": "{54849625-5478-4994-a5ba-3e3b0328c30d}",
        "Name": "Microsoft-Windows-Security-Auditing"
      },
      "Security": {
        "UserID": ""
      },
      "Task": "13824",
      "TimeCreated": {
        "SystemTime": "2024-12-31T15:54:36.9850530Z"
      },
      "Version": "0"
    }
  }
}
2024/12/31 15:54:37 Received log message from agent {
  "Event": {
    "EventData": {
      "ClientProcessId": "14928",
      "CountOfCredentialsReturned": "1",
      "ProcessCreationTime": "2024-12-16T14:59:56.2501338Z",
      "ReadOperation": "%%8099",
      "ReturnCode": "0",
      "SubjectDomainName": "DANSDESKTOP",
      "SubjectLogonId": "0x4c0db",
      "SubjectUserName": "danfe",
      "SubjectUserSid": "S-1-5-21-1680856076-1700718083-3477311726-1001",
      "TargetName": "NordPass/WindowState",
      "Type": "1"
    },
    "System": {
      "Channel": "Security",
      "Computer": "dansDesktop",
      "Correlation": {},
      "EventID": "5379",
      "EventRecordID": "8306048",
      "Execution": {
        "ProcessID": "1128",
        "ThreadID": "4736"
      },
      "Keywords": "0x8020000000000000",
      "Level": "0",
      "Opcode": "0",
      "Provider": {
        "Guid": "{54849625-5478-4994-a5ba-3e3b0328c30d}",
        "Name": "Microsoft-Windows-Security-Auditing"
      },
      "Security": {
        "UserID": ""
      },
      "Task": "13824",
      "TimeCreated": {
        "SystemTime": "2024-12-31T15:54:36.9851701Z"
      },
      "Version": "0"
    }
  }
}
2024/12/31 15:54:37 Received log message from agent {
  "Event": {
    "EventData": {
      "ClientProcessId": "14928",
      "CountOfCredentialsReturned": "1",
      "ProcessCreationTime": "2024-12-16T14:59:56.2501338Z",
      "ReadOperation": "%%8099",
      "ReturnCode": "0",
      "SubjectDomainName": "DANSDESKTOP",
      "SubjectLogonId": "0x4c0db",
      "SubjectUserName": "danfe",
      "SubjectUserSid": "S-1-5-21-1680856076-1700718083-3477311726-1001",
      "TargetName": "NordPass/ConnectedBrowsers",
      "Type": "1"
    },
    "System": {
      "Channel": "Security",
      "Computer": "dansDesktop",
      "Correlation": {},
      "EventID": "5379",
      "EventRecordID": "8306049",
      "Execution": {
        "ProcessID": "1128",
        "ThreadID": "71124"
      },
      "Keywords": "0x8020000000000000",
      "Level": "0",
      "Opcode": "0",
      "Provider": {
        "Guid": "{54849625-5478-4994-a5ba-3e3b0328c30d}",
        "Name": "Microsoft-Windows-Security-Auditing"
      },
      "Security": {
        "UserID": ""
      },
      "Task": "13824",
      "TimeCreated": {
        "SystemTime": "2024-12-31T15:54:36.9853477Z"
      },
      "Version": "0"
    }
  }
}
2024/12/31 15:54:37 Received log message from agent {
  "Event": {
    "EventData": {
      "ClientProcessId": "14928",
      "CountOfCredentialsReturned": "1",
      "ProcessCreationTime": "2024-12-16T14:59:56.2501338Z",
      "ReadOperation": "%%8099",
      "ReturnCode": "0",
      "SubjectDomainName": "DANSDESKTOP",
      "SubjectLogonId": "0x4c0db",
      "SubjectUserName": "danfe",
      "SubjectUserSid": "S-1-5-21-1680856076-1700718083-3477311726-1001",
      "TargetName": "NordPass/DbHash",
      "Type": "1"
    },
    "System": {
      "Channel": "Security",
      "Computer": "dansDesktop",
      "Correlation": {},
      "EventID": "5379",
      "EventRecordID": "8306050",
      "Execution": {
        "ProcessID": "1128",
        "ThreadID": "28904"
      },
      "Keywords": "0x8020000000000000",
      "Level": "0",
      "Opcode": "0",
      "Provider": {
        "Guid": "{54849625-5478-4994-a5ba-3e3b0328c30d}",
        "Name": "Microsoft-Windows-Security-Auditing"
      },
      "Security": {
        "UserID": ""
      },
      "Task": "13824",
      "TimeCreated": {
        "SystemTime": "2024-12-31T15:54:36.9854448Z"
      },
      "Version": "0"
    }
  }
}
2024/12/31 15:54:37 Received log message from agent {
  "Event": {
    "EventData": {
      "ClientProcessId": "14928",
      "CountOfCredentialsReturned": "1",
      "ProcessCreationTime": "2024-12-16T14:59:56.2501338Z",
      "ReadOperation": "%%8099",
      "ReturnCode": "0",
      "SubjectDomainName": "DANSDESKTOP",
      "SubjectLogonId": "0x4c0db",
      "SubjectUserName": "danfe",
      "SubjectUserSid": "S-1-5-21-1680856076-1700718083-3477311726-1001",
      "TargetName": "NordPass/AppTheme",
      "Type": "1"
    },
    "System": {
      "Channel": "Security",
      "Computer": "dansDesktop",
      "Correlation": {},
      "EventID": "5379",
      "EventRecordID": "8306051",
      "Execution": {
        "ProcessID": "1128",
        "ThreadID": "4736"
      },
      "Keywords": "0x8020000000000000",
      "Level": "0",
      "Opcode": "0",
      "Provider": {
        "Guid": "{54849625-5478-4994-a5ba-3e3b0328c30d}",
        "Name": "Microsoft-Windows-Security-Auditing"
      },
      "Security": {
        "UserID": ""
      },
      "Task": "13824",
      "TimeCreated": {
        "SystemTime": "2024-12-31T15:54:36.9855792Z"
      },
      "Version": "0"
    }
  }
}
2024/12/31 15:54:37 Received log message from agent {
  "Event": {
    "EventData": {
      "ClientProcessId": "14928",
      "CountOfCredentialsReturned": "1",
      "ProcessCreationTime": "2024-12-16T14:59:56.2501338Z",
      "ReadOperation": "%%8099",
      "ReturnCode": "0",
      "SubjectDomainName": "DANSDESKTOP",
      "SubjectLogonId": "0x4c0db",
      "SubjectUserName": "danfe",
      "SubjectUserSid": "S-1-5-21-1680856076-1700718083-3477311726-1001",
      "TargetName": "NordPass/ShouldOpenOnLogin",
      "Type": "1"
    },
    "System": {
      "Channel": "Security",
      "Computer": "dansDesktop",
      "Correlation": {},
      "EventID": "5379",
      "EventRecordID": "8306052",
      "Execution": {
        "ProcessID": "1128",
        "ThreadID": "16200"
      },
      "Keywords": "0x8020000000000000",
      "Level": "0",
      "Opcode": "0",
      "Provider": {
        "Guid": "{54849625-5478-4994-a5ba-3e3b0328c30d}",
        "Name": "Microsoft-Windows-Security-Auditing"
      },
      "Security": {
        "UserID": ""
      },
      "Task": "13824",
      "TimeCreated": {
        "SystemTime": "2024-12-31T15:54:36.9857063Z"
      },
      "Version": "0"
    }
  }
}
2024/12/31 15:54:37 Received log message from agent {
  "Event": {
    "EventData": {
      "ClientProcessId": "14928",
      "CountOfCredentialsReturned": "1",
      "ProcessCreationTime": "2024-12-16T14:59:56.2501338Z",
      "ReadOperation": "%%8099",
      "ReturnCode": "0",
      "SubjectDomainName": "DANSDESKTOP",
      "SubjectLogonId": "0x4c0db",
      "SubjectUserName": "danfe",
      "SubjectUserSid": "S-1-5-21-1680856076-1700718083-3477311726-1001",
      "TargetName": "NordPass/AppVersion",
      "Type": "1"
    },
    "System": {
      "Channel": "Security",
      "Computer": "dansDesktop",
      "Correlation": {},
      "EventID": "5379",
      "EventRecordID": "8306053",
      "Execution": {
        "ProcessID": "1128",
        "ThreadID": "71124"
      },
      "Keywords": "0x8020000000000000",
      "Level": "0",
      "Opcode": "0",
      "Provider": {
        "Guid": "{54849625-5478-4994-a5ba-3e3b0328c30d}",
        "Name": "Microsoft-Windows-Security-Auditing"
      },
      "Security": {
        "UserID": ""
      },
      "Task": "13824",
      "TimeCreated": {
        "SystemTime": "2024-12-31T15:54:36.9857539Z"
      },
      "Version": "0"
    }
  }
}
2024/12/31 15:54:38 Received log message from agent {
  "Event": {
    "EventData": {
      "ClientProcessId": "14928",
      "CountOfCredentialsReturned": "1",
      "ProcessCreationTime": "2024-12-16T14:59:56.2501338Z",
      "ReadOperation": "%%8099",
      "ReturnCode": "0",
      "SubjectDomainName": "DANSDESKTOP",
      "SubjectLogonId": "0x4c0db",
      "SubjectUserName": "danfe",
      "SubjectUserSid": "S-1-5-21-1680856076-1700718083-3477311726-1001",
      "TargetName": "NordPass/AppLocale",
      "Type": "1"
    },
    "System": {
      "Channel": "Security",
      "Computer": "dansDesktop",
      "Correlation": {},
      "EventID": "5379",
      "EventRecordID": "8306054",
      "Execution": {
        "ProcessID": "1128",
        "ThreadID": "28904"
      },
      "Keywords": "0x8020000000000000",
      "Level": "0",
      "Opcode": "0",
      "Provider": {
        "Guid": "{54849625-5478-4994-a5ba-3e3b0328c30d}",
        "Name": "Microsoft-Windows-Security-Auditing"
      },
      "Security": {
        "UserID": ""
      },
      "Task": "13824",
      "TimeCreated": {
        "SystemTime": "2024-12-31T15:54:36.9858264Z"
      },
      "Version": "0"
    }
  }
}
2024/12/31 15:54:38 Received log message from agent {
  "Event": {
    "EventData": {
      "ClientProcessId": "14928",
      "CountOfCredentialsReturned": "1",
      "ProcessCreationTime": "2024-12-16T14:59:56.2501338Z",
      "ReadOperation": "%%8099",
      "ReturnCode": "0",
      "SubjectDomainName": "DANSDESKTOP",
      "SubjectLogonId": "0x4c0db",
      "SubjectUserName": "danfe",
      "SubjectUserSid": "S-1-5-21-1680856076-1700718083-3477311726-1001",
      "TargetName": "NordPass/split_Features0",
      "Type": "1"
    },
    "System": {
      "Channel": "Security",
      "Computer": "dansDesktop",
      "Correlation": {},
      "EventID": "5379",
      "EventRecordID": "8306056",
      "Execution": {
        "ProcessID": "1128",
        "ThreadID": "28904"
      },
      "Keywords": "0x8020000000000000",
      "Level": "0",
      "Opcode": "0",
      "Provider": {
        "Guid": "{54849625-5478-4994-a5ba-3e3b0328c30d}",
        "Name": "Microsoft-Windows-Security-Auditing"
      },
      "Security": {
        "UserID": ""
      },
      "Task": "13824",
      "TimeCreated": {
        "SystemTime": "2024-12-31T15:54:36.9862387Z"
      },
      "Version": "0"
    }
  }
}
2024/12/31 15:54:38 Received log message from agent {
  "Event": {
    "EventData": {
      "ClientProcessId": "14928",
      "CountOfCredentialsReturned": "1",
      "ProcessCreationTime": "2024-12-16T14:59:56.2501338Z",
      "ReadOperation": "%%8099",
      "ReturnCode": "0",
      "SubjectDomainName": "DANSDESKTOP",
      "SubjectLogonId": "0x4c0db",
      "SubjectUserName": "danfe",
      "SubjectUserSid": "S-1-5-21-1680856076-1700718083-3477311726-1001",
      "TargetName": "NordPass/AccountList",
      "Type": "1"
    },
    "System": {
      "Channel": "Security",
      "Computer": "dansDesktop",
      "Correlation": {},
      "EventID": "5379",
      "EventRecordID": "8306055",
      "Execution": {
        "ProcessID": "1128",
        "ThreadID": "4736"
      },
      "Keywords": "0x8020000000000000",
      "Level": "0",
      "Opcode": "0",
      "Provider": {
        "Guid": "{54849625-5478-4994-a5ba-3e3b0328c30d}",
        "Name": "Microsoft-Windows-Security-Auditing"
      },
      "Security": {
        "UserID": ""
      },
      "Task": "13824",
      "TimeCreated": {
        "SystemTime": "2024-12-31T15:54:36.9859261Z"
      },
      "Version": "0"
    }
  }
}
2024/12/31 15:54:38 Received log message from agent {
  "Event": {
    "EventData": {
      "ClientProcessId": "14928",
      "CountOfCredentialsReturned": "1",
      "ProcessCreationTime": "2024-12-16T14:59:56.2501338Z",
      "ReadOperation": "%%8099",
      "ReturnCode": "0",
      "SubjectDomainName": "DANSDESKTOP",
      "SubjectLogonId": "0x4c0db",
      "SubjectUserName": "danfe",
      "SubjectUserSid": "S-1-5-21-1680856076-1700718083-3477311726-1001",
      "TargetName": "NordPass/split_Features1",
      "Type": "1"
    },
    "System": {
      "Channel": "Security",
      "Computer": "dansDesktop",
      "Correlation": {},
      "EventID": "5379",
      "EventRecordID": "8306057",
      "Execution": {
        "ProcessID": "1128",
        "ThreadID": "28904"
      },
      "Keywords": "0x8020000000000000",
      "Level": "0",
      "Opcode": "0",
      "Provider": {
        "Guid": "{54849625-5478-4994-a5ba-3e3b0328c30d}",
        "Name": "Microsoft-Windows-Security-Auditing"
      },
      "Security": {
        "UserID": ""
      },
      "Task": "13824",
      "TimeCreated": {
        "SystemTime": "2024-12-31T15:54:36.9872481Z"
      },
      "Version": "0"
    }
  }
}
2024/12/31 15:54:38 Received log message from agent {
  "Event": {
    "EventData": {
      "ClientProcessId": "14928",
      "CountOfCredentialsReturned": "1",
      "ProcessCreationTime": "2024-12-16T14:59:56.2501338Z",
      "ReadOperation": "%%8099",
      "ReturnCode": "0",
      "SubjectDomainName": "DANSDESKTOP",
      "SubjectLogonId": "0x4c0db",
      "SubjectUserName": "danfe",
      "SubjectUserSid": "S-1-5-21-1680856076-1700718083-3477311726-1001",
      "TargetName": "NordPass/split_Features2",
      "Type": "1"
    },
    "System": {
      "Channel": "Security",
      "Computer": "dansDesktop",
      "Correlation": {},
      "EventID": "5379",
      "EventRecordID": "8306058",
      "Execution": {
        "ProcessID": "1128",
        "ThreadID": "28904"
      },
      "Keywords": "0x8020000000000000",
      "Level": "0",
      "Opcode": "0",
      "Provider": {
        "Guid": "{54849625-5478-4994-a5ba-3e3b0328c30d}",
        "Name": "Microsoft-Windows-Security-Auditing"
      },
      "Security": {
        "UserID": ""
      },
      "Task": "13824",
      "TimeCreated": {
        "SystemTime": "2024-12-31T15:54:36.9881863Z"
      },
      "Version": "0"
    }
  }
}
2024/12/31 15:54:38 Received log message from agent {
  "Event": {
    "EventData": {
      "ClientProcessId": "14928",
      "CountOfCredentialsReturned": "1",
      "ProcessCreationTime": "2024-12-16T14:59:56.2501338Z",
      "ReadOperation": "%%8099",
      "ReturnCode": "0",
      "SubjectDomainName": "DANSDESKTOP",
      "SubjectLogonId": "0x4c0db",
      "SubjectUserName": "danfe",
      "SubjectUserSid": "S-1-5-21-1680856076-1700718083-3477311726-1001",
      "TargetName": "NordPass/split_Features3",
      "Type": "1"
    },
    "System": {
      "Channel": "Security",
      "Computer": "dansDesktop",
      "Correlation": {},
      "EventID": "5379",
      "EventRecordID": "8306059",
      "Execution": {
        "ProcessID": "1128",
        "ThreadID": "28904"
      },
      "Keywords": "0x8020000000000000",
      "Level": "0",
      "Opcode": "0",
      "Provider": {
        "Guid": "{54849625-5478-4994-a5ba-3e3b0328c30d}",
        "Name": "Microsoft-Windows-Security-Auditing"
      },
      "Security": {
        "UserID": ""
      },
      "Task": "13824",
      "TimeCreated": {
        "SystemTime": "2024-12-31T15:54:36.9891976Z"
      },
      "Version": "0"
    }
  }
}
2024/12/31 15:54:38 Received log message from agent {
  "Event": {
    "EventData": {
      "ClientProcessId": "14928",
      "CountOfCredentialsReturned": "1",
      "ProcessCreationTime": "2024-12-16T14:59:56.2501338Z",
      "ReadOperation": "%%8099",
      "ReturnCode": "0",
      "SubjectDomainName": "DANSDESKTOP",
      "SubjectLogonId": "0x4c0db",
      "SubjectUserName": "danfe",
      "SubjectUserSid": "S-1-5-21-1680856076-1700718083-3477311726-1001",
      "TargetName": "NordPass/split_Features4",
      "Type": "1"
    },
    "System": {
      "Channel": "Security",
      "Computer": "dansDesktop",
      "Correlation": {},
      "EventID": "5379",
      "EventRecordID": "8306060",
      "Execution": {
        "ProcessID": "1128",
        "ThreadID": "28904"
      },
      "Keywords": "0x8020000000000000",
      "Level": "0",
      "Opcode": "0",
      "Provider": {
        "Guid": "{54849625-5478-4994-a5ba-3e3b0328c30d}",
        "Name": "Microsoft-Windows-Security-Auditing"
      },
      "Security": {
        "UserID": ""
      },
      "Task": "13824",
      "TimeCreated": {
        "SystemTime": "2024-12-31T15:54:36.9901017Z"
      },
      "Version": "0"
    }
  }
}
2024/12/31 15:54:38 Received log message from agent {
  "Event": {
    "EventData": {
      "ClientProcessId": "14928",
      "CountOfCredentialsReturned": "1",
      "ProcessCreationTime": "2024-12-16T14:59:56.2501338Z",
      "ReadOperation": "%%8099",
      "ReturnCode": "0",
      "SubjectDomainName": "DANSDESKTOP",
      "SubjectLogonId": "0x4c0db",
      "SubjectUserName": "danfe",
      "SubjectUserSid": "S-1-5-21-1680856076-1700718083-3477311726-1001",
      "TargetName": "NordPass/split_Features5",
      "Type": "1"
    },
    "System": {
      "Channel": "Security",
      "Computer": "dansDesktop",
      "Correlation": {},
      "EventID": "5379",
      "EventRecordID": "8306061",
      "Execution": {
        "ProcessID": "1128",
        "ThreadID": "28904"
      },
      "Keywords": "0x8020000000000000",
      "Level": "0",
      "Opcode": "0",
      "Provider": {
        "Guid": "{54849625-5478-4994-a5ba-3e3b0328c30d}",
        "Name": "Microsoft-Windows-Security-Auditing"
      },
      "Security": {
        "UserID": ""
      },
      "Task": "13824",
      "TimeCreated": {
        "SystemTime": "2024-12-31T15:54:36.9908132Z"
      },
      "Version": "0"
    }
  }
}
2024/12/31 15:54:38 Received log message from agent {
  "Event": {
    "EventData": {
      "ClientProcessId": "14928",
      "CountOfCredentialsReturned": "1",
      "ProcessCreationTime": "2024-12-16T14:59:56.2501338Z",
      "ReadOperation": "%%8099",
      "ReturnCode": "0",
      "SubjectDomainName": "DANSDESKTOP",
      "SubjectLogonId": "0x4c0db",
      "SubjectUserName": "danfe",
      "SubjectUserSid": "S-1-5-21-1680856076-1700718083-3477311726-1001",
      "TargetName": "NordPass/split_Features6",
      "Type": "1"
    },
    "System": {
      "Channel": "Security",
      "Computer": "dansDesktop",
      "Correlation": {},
      "EventID": "5379",
      "EventRecordID": "8306062",
      "Execution": {
        "ProcessID": "1128",
        "ThreadID": "28904"
      },
      "Keywords": "0x8020000000000000",
      "Level": "0",
      "Opcode": "0",
      "Provider": {
        "Guid": "{54849625-5478-4994-a5ba-3e3b0328c30d}",
        "Name": "Microsoft-Windows-Security-Auditing"
      },
      "Security": {
        "UserID": ""
      },
      "Task": "13824",
      "TimeCreated": {
        "SystemTime": "2024-12-31T15:54:36.9914604Z"
      },
      "Version": "0"
    }
  }
}
2024/12/31 15:54:38 Received log message from agent {
  "Event": {
    "EventData": {
      "ClientProcessId": "14928",
      "CountOfCredentialsReturned": "1",
      "ProcessCreationTime": "2024-12-16T14:59:56.2501338Z",
      "ReadOperation": "%%8099",
      "ReturnCode": "0",
      "SubjectDomainName": "DANSDESKTOP",
      "SubjectLogonId": "0x4c0db",
      "SubjectUserName": "danfe",
      "SubjectUserSid": "S-1-5-21-1680856076-1700718083-3477311726-1001",
      "TargetName": "NordPass/split_Features7",
      "Type": "1"
    },
    "System": {
      "Channel": "Security",
      "Computer": "dansDesktop",
      "Correlation": {},
      "EventID": "5379",
      "EventRecordID": "8306063",
      "Execution": {
        "ProcessID": "1128",
        "ThreadID": "28904"
      },
      "Keywords": "0x8020000000000000",
      "Level": "0",
      "Opcode": "0",
      "Provider": {
        "Guid": "{54849625-5478-4994-a5ba-3e3b0328c30d}",
        "Name": "Microsoft-Windows-Security-Auditing"
      },
      "Security": {
        "UserID": ""
      },
      "Task": "13824",
      "TimeCreated": {
        "SystemTime": "2024-12-31T15:54:36.9921622Z"
      },
      "Version": "0"
    }
  }
}
2024/12/31 15:54:38 Received log message from agent {
  "Event": {
    "EventData": {
      "ClientProcessId": "14928",
      "CountOfCredentialsReturned": "1",
      "ProcessCreationTime": "2024-12-16T14:59:56.2501338Z",
      "ReadOperation": "%%8099",
      "ReturnCode": "0",
      "SubjectDomainName": "DANSDESKTOP",
      "SubjectLogonId": "0x4c0db",
      "SubjectUserName": "danfe",
      "SubjectUserSid": "S-1-5-21-1680856076-1700718083-3477311726-1001",
      "TargetName": "NordPass/split_Features8",
      "Type": "1"
    },
    "System": {
      "Channel": "Security",
      "Computer": "dansDesktop",
      "Correlation": {},
      "EventID": "5379",
      "EventRecordID": "8306064",
      "Execution": {
        "ProcessID": "1128",
        "ThreadID": "28904"
      },
      "Keywords": "0x8020000000000000",
      "Level": "0",
      "Opcode": "0",
      "Provider": {
        "Guid": "{54849625-5478-4994-a5ba-3e3b0328c30d}",
        "Name": "Microsoft-Windows-Security-Auditing"
      },
      "Security": {
        "UserID": ""
      },
      "Task": "13824",
      "TimeCreated": {
        "SystemTime": "2024-12-31T15:54:36.9928410Z"
      },
      "Version": "0"
    }
  }
}
2024/12/31 15:54:38 Received log message from agent {
  "Event": {
    "EventData": {
      "ClientProcessId": "14928",
      "CountOfCredentialsReturned": "1",
      "ProcessCreationTime": "2024-12-16T14:59:56.2501338Z",
      "ReadOperation": "%%8099",
      "ReturnCode": "0",
      "SubjectDomainName": "DANSDESKTOP",
      "SubjectLogonId": "0x4c0db",
      "SubjectUserName": "danfe",
      "SubjectUserSid": "S-1-5-21-1680856076-1700718083-3477311726-1001",
      "TargetName": "NordPass/split_Features9",
      "Type": "1"
    },
    "System": {
      "Channel": "Security",
      "Computer": "dansDesktop",
      "Correlation": {},
      "EventID": "5379",
      "EventRecordID": "8306065",
      "Execution": {
        "ProcessID": "1128",
        "ThreadID": "28904"
      },
      "Keywords": "0x8020000000000000",
      "Level": "0",
      "Opcode": "0",
      "Provider": {
        "Guid": "{54849625-5478-4994-a5ba-3e3b0328c30d}",
        "Name": "Microsoft-Windows-Security-Auditing"
      },
      "Security": {
        "UserID": ""
      },
      "Task": "13824",
      "TimeCreated": {
        "SystemTime": "2024-12-31T15:54:36.9935007Z"
      },
      "Version": "0"
    }
  }
}
2024/12/31 15:54:38 Received log message from agent {
  "Event": {
    "EventData": {
      "ClientProcessId": "14928",
      "CountOfCredentialsReturned": "1",
      "ProcessCreationTime": "2024-12-16T14:59:56.2501338Z",
      "ReadOperation": "%%8099",
      "ReturnCode": "0",
      "SubjectDomainName": "DANSDESKTOP",
      "SubjectLogonId": "0x4c0db",
      "SubjectUserName": "danfe",
      "SubjectUserSid": "S-1-5-21-1680856076-1700718083-3477311726-1001",
      "TargetName": "NordPass/split_Features10",
      "Type": "1"
    },
    "System": {
      "Channel": "Security",
      "Computer": "dansDesktop",
      "Correlation": {},
      "EventID": "5379",
      "EventRecordID": "8306066",
      "Execution": {
        "ProcessID": "1128",
        "ThreadID": "28904"
      },
      "Keywords": "0x8020000000000000",
      "Level": "0",
      "Opcode": "0",
      "Provider": {
        "Guid": "{54849625-5478-4994-a5ba-3e3b0328c30d}",
        "Name": "Microsoft-Windows-Security-Auditing"
      },
      "Security": {
        "UserID": ""
      },
      "Task": "13824",
      "TimeCreated": {
        "SystemTime": "2024-12-31T15:54:36.9941317Z"
      },
      "Version": "0"
    }
  }
}
2024/12/31 15:54:38 Received log message from agent {
  "Event": {
    "EventData": {
      "ClientProcessId": "14928",
      "CountOfCredentialsReturned": "1",
      "ProcessCreationTime": "2024-12-16T14:59:56.2501338Z",
      "ReadOperation": "%%8099",
      "ReturnCode": "0",
      "SubjectDomainName": "DANSDESKTOP",
      "SubjectLogonId": "0x4c0db",
      "SubjectUserName": "danfe",
      "SubjectUserSid": "S-1-5-21-1680856076-1700718083-3477311726-1001",
      "TargetName": "NordPass/split_Features11",
      "Type": "1"
    },
    "System": {
      "Channel": "Security",
      "Computer": "dansDesktop",
      "Correlation": {},
      "EventID": "5379",
      "EventRecordID": "8306067",
      "Execution": {
        "ProcessID": "1128",
        "ThreadID": "28904"
      },
      "Keywords": "0x8020000000000000",
      "Level": "0",
      "Opcode": "0",
      "Provider": {
        "Guid": "{54849625-5478-4994-a5ba-3e3b0328c30d}",
        "Name": "Microsoft-Windows-Security-Auditing"
      },
      "Security": {
        "UserID": ""
      },
      "Task": "13824",
      "TimeCreated": {
        "SystemTime": "2024-12-31T15:54:36.9948195Z"
      },
      "Version": "0"
    }
  }
}
