2024/12/30 23:24:28 Received log message from agent {
  "Event": {
    "EventData": {
      "ClientProcessId": "14928",
      "CountOfCredentialsReturned": "1",
      "ProcessCreationTime": "2024-12-16T14:59:56.2501338Z",
      "ReadOperation": "%%8099",
      "ReturnCode": "0",
      "SubjectDomainName": "DANSDESKTOP",
      "SubjectLogonId": "0x4c0db",
      "SubjectUserName": "danfe",
      "SubjectUserSid": "S-1-5-21-1680856076-1700718083-3477311726-1001",
      "TargetName": "NordPass/split_Features9",
      "Type": "1"
    },
    "System": {
      "Channel": "Security",
      "Computer": "dansDesktop",
      "Correlation": {},
      "EventID": "5379",
      "EventRecordID": "8248670",
      "Execution": {
        "ProcessID": "1128",
        "ThreadID": "22396"
      },
      "Keywords": "0x8020000000000000",
      "Level": "0",
      "Opcode": "0",
      "Provider": {
        "Guid": "{54849625-5478-4994-a5ba-3e3b0328c30d}",
        "Name": "Microsoft-Windows-Security-Auditing"
      },
      "Security": {
        "UserID": ""
      },
      "Task": "13824",
      "TimeCreated": {
        "SystemTime": "2024-12-30T23:24:27.5219648Z"
      },
      "Version": "0"
    }
  }
}
2024/12/30 23:24:28 Received log message from agent {
  "Event": {
    "EventData": {
      "ClientProcessId": "14928",
      "CountOfCredentialsReturned": "1",
      "ProcessCreationTime": "2024-12-16T14:59:56.2501338Z",
      "ReadOperation": "%%8099",
      "ReturnCode": "0",
      "SubjectDomainName": "DANSDESKTOP",
      "SubjectLogonId": "0x4c0db",
      "SubjectUserName": "danfe",
      "SubjectUserSid": "S-1-5-21-1680856076-1700718083-3477311726-1001",
      "TargetName": "NordPass/split_Features10",
      "Type": "1"
    },
    "System": {
      "Channel": "Security",
      "Computer": "dansDesktop",
      "Correlation": {},
      "EventID": "5379",
      "EventRecordID": "8248671",
      "Execution": {
        "ProcessID": "1128",
        "ThreadID": "22396"
      },
      "Keywords": "0x8020000000000000",
      "Level": "0",
      "Opcode": "0",
      "Provider": {
        "Guid": "{54849625-5478-4994-a5ba-3e3b0328c30d}",
        "Name": "Microsoft-Windows-Security-Auditing"
      },
      "Security": {
        "UserID": ""
      },
      "Task": "13824",
      "TimeCreated": {
        "SystemTime": "2024-12-30T23:24:27.5223052Z"
      },
      "Version": "0"
    }
  }
}
2024/12/30 23:24:28 Received log message from agent {
  "Event": {
    "EventData": {
      "ClientProcessId": "14928",
      "CountOfCredentialsReturned": "1",
      "ProcessCreationTime": "2024-12-16T14:59:56.2501338Z",
      "ReadOperation": "%%8099",
      "ReturnCode": "0",
      "SubjectDomainName": "DANSDESKTOP",
      "SubjectLogonId": "0x4c0db",
      "SubjectUserName": "danfe",
      "SubjectUserSid": "S-1-5-21-1680856076-1700718083-3477311726-1001",
      "TargetName": "NordPass/split_Features11",
      "Type": "1"
    },
    "System": {
      "Channel": "Security",
      "Computer": "dansDesktop",
      "Correlation": {},
      "EventID": "5379",
      "EventRecordID": "8248672",
      "Execution": {
        "ProcessID": "1128",
        "ThreadID": "22396"
      },
      "Keywords": "0x8020000000000000",
      "Level": "0",
      "Opcode": "0",
      "Provider": {
        "Guid": "{54849625-5478-4994-a5ba-3e3b0328c30d}",
        "Name": "Microsoft-Windows-Security-Auditing"
      },
      "Security": {
        "UserID": ""
      },
      "Task": "13824",
      "TimeCreated": {
        "SystemTime": "2024-12-30T23:24:27.5228783Z"
      },
      "Version": "0"
    }
  }
}
2024/12/30 23:24:28 Received log message from agent {
  "Event": {
    "EventData": {
      "ClientProcessId": "14928",
      "CountOfCredentialsReturned": "1",
      "ProcessCreationTime": "2024-12-16T14:59:56.2501338Z",
      "ReadOperation": "%%8099",
      "ReturnCode": "0",
      "SubjectDomainName": "DANSDESKTOP",
      "SubjectLogonId": "0x4c0db",
      "SubjectUserName": "danfe",
      "SubjectUserSid": "S-1-5-21-1680856076-1700718083-3477311726-1001",
      "TargetName": "NordPass/split_Features12",
      "Type": "1"
    },
    "System": {
      "Channel": "Security",
      "Computer": "dansDesktop",
      "Correlation": {},
      "EventID": "5379",
      "EventRecordID": "8248673",
      "Execution": {
        "ProcessID": "1128",
        "ThreadID": "22396"
      },
      "Keywords": "0x8020000000000000",
      "Level": "0",
      "Opcode": "0",
      "Provider": {
        "Guid": "{54849625-5478-4994-a5ba-3e3b0328c30d}",
        "Name": "Microsoft-Windows-Security-Auditing"
      },
      "Security": {
        "UserID": ""
      },
      "Task": "13824",
      "TimeCreated": {
        "SystemTime": "2024-12-30T23:24:27.5232313Z"
      },
      "Version": "0"
    }
  }
}
2024/12/30 23:24:29 Received log message from agent {
  "cpu": {
    "count": 8,
    "usage_percent": [
      15.384615384615385,
      17.1875,
      1.5625,
      9.375,
      21.875,
      0,
      7.8125,
      9.375
    ]
  },
  "memory": {
    "free": 4582264832,
    "total": 16996769792,
    "usage_percent": 73,
    "used": 12414504960
  },
  "network": {
    "bytes_recv": 16942882674,
    "bytes_sent": 1953813112,
    "packets_recv": 15707373,
    "packets_sent": 7350276
  },
  "temperature": [
    {
      "sensor_key": "ACPI\\ThermalZone\\TZ00_0",
      "temperature": 27.85
    },
    {
      "sensor_key": "ACPI\\ThermalZone\\TZ01_0",
      "temperature": 29.85
    }
  ],
  "timestamp": "2024-12-30T17:24:28.2226397-06:00"
}
2024/12/30 23:24:30 Received log message from agent {
  "response_time": 237876100,
  "status": "Up",
  "status_code": 200,
  "timestamp": "2024-12-30T17:24:30.4595046-06:00",
  "url": "https://www.google.com"
}
2024/12/30 23:24:30 Received log message from agent {
  "response_time": 719174900,
  "status": "Up",
  "status_code": 200,
  "timestamp": "2024-12-30T17:24:30.9408034-06:00",
  "url": "https://www.github.com"
}
2024/12/30 23:24:32 Received log message from agent {
  "name": "wuauserv",
  "status": "Running",
  "timestamp": "2024-12-30T17:24:32.232718-06:00"
}
2024/12/30 23:24:32 Received log message from agent {
  "name": "EventLog",
  "status": "Running",
  "timestamp": "2024-12-30T17:24:32.2503625-06:00"
}
2024/12/30 23:24:33 Received log message from agent {
  "cpu": {
    "count": 8,
    "usage_percent": [
      10.76923076923077,
      4.615384615384616,
      6.0606060606060606,
      0,
      0,
      43.07692307692308,
      0,
      21.875
    ]
  },
  "memory": {
    "free": 4586823680,
    "total": 16996769792,
    "usage_percent": 73,
    "used": 12409946112
  },
  "network": {
    "bytes_recv": 16942962435,
    "bytes_sent": 1953821089,
    "packets_recv": 15707459,
    "packets_sent": 7350322
  },
  "temperature": [
    {
      "sensor_key": "ACPI\\ThermalZone\\TZ00_0",
      "temperature": 27.85
    },
    {
      "sensor_key": "ACPI\\ThermalZone\\TZ01_0",
      "temperature": 29.85
    }
  ],
  "timestamp": "2024-12-30T17:24:32.2397388-06:00"
}
2024/12/30 23:24:36 Received log message from agent {
  "name": "EventLog",
  "status": "Running",
  "timestamp": "2024-12-30T17:24:36.2232645-06:00"
}
2024/12/30 23:24:36 Received log message from agent {
  "name": "wuauserv",
  "status": "Running",
  "timestamp": "2024-12-30T17:24:36.2226555-06:00"
}
2024/12/30 23:24:37 Received log message from agent {
  "cpu": {
    "count": 8,
    "usage_percent": [
      0,
      0,
      0,
      1.5625,
      0,
      73.4375,
      0,
      1.5625
    ]
  },
  "memory": {
    "free": 4568412160,
    "total": 16996769792,
    "usage_percent": 73,
    "used": 12428357632
  },
  "network": {
    "bytes_recv": 16942971267,
    "bytes_sent": 1953829408,
    "packets_recv": 15707489,
    "packets_sent": 7350351
  },
  "temperature": [
    {
      "sensor_key": "ACPI\\ThermalZone\\TZ00_0",
      "temperature": 27.85
    },
    {
      "sensor_key": "ACPI\\ThermalZone\\TZ01_0",
      "temperature": 29.85
    }
  ],
  "timestamp": "2024-12-30T17:24:36.2224755-06:00"
}
2024/12/30 23:24:40 Received log message from agent {
  "name": "wuauserv",
  "status": "Running",
  "timestamp": "2024-12-30T17:24:40.222401-06:00"
}
2024/12/30 23:24:40 Received log message from agent {
  "name": "EventLog",
  "status": "Running",
  "timestamp": "2024-12-30T17:24:40.2229779-06:00"
}
2024/12/30 23:24:41 Received log message from agent {
  "cpu": {
    "count": 8,
    "usage_percent": [
      48.4375,
      3.125,
      1.5625,
      0,
      0,
      25,
      0,
      0
    ]
  },
  "memory": {
    "free": 4581629952,
    "total": 16996769792,
    "usage_percent": 73,
    "used": 12415139840
  },
  "network": {
    "bytes_recv": 16942972341,
    "bytes_sent": 1953829988,
    "packets_recv": 15707499,
    "packets_sent": 7350361
  },
  "temperature": [
    {
      "sensor_key": "ACPI\\ThermalZone\\TZ00_0",
      "temperature": 27.85
    },
    {
      "sensor_key": "ACPI\\ThermalZone\\TZ01_0",
      "temperature": 29.85
    }
  ],
  "timestamp": "2024-12-30T17:24:40.2222664-06:00"
}
2024/12/30 23:24:43 Received log message from agent {
  "Event": {
    "EventData": {
      "ClientProcessId": "15436",
      "CountOfCredentialsReturned": "1",
      "ProcessCreationTime": "2024-12-16T15:00:01.2318879Z",
      "ReadOperation": "%%8099",
      "ReturnCode": "0",
      "SubjectDomainName": "DANSDESKTOP",
      "SubjectLogonId": "0x4c0db",
      "SubjectUserName": "danfe",
      "SubjectUserSid": "S-1-5-21-1680856076-1700718083-3477311726-1001",
      "TargetName": "Adobe App Info (Q0NYUHJvY2VzczF7fTIwMTgwNzIwMDE)(Part1)",
      "Type": "1"
    },
    "System": {
      "Channel": "Security",
      "Computer": "dansDesktop",
      "Correlation": {},
      "EventID": "5379",
      "EventRecordID": "8248674",
      "Execution": {
        "ProcessID": "1128",
        "ThreadID": "22396"
      },
      "Keywords": "0x8020000000000000",
      "Level": "0",
      "Opcode": "0",
      "Provider": {
        "Guid": "{54849625-5478-4994-a5ba-3e3b0328c30d}",
        "Name": "Microsoft-Windows-Security-Auditing"
      },
      "Security": {
        "UserID": ""
      },
      "Task": "13824",
      "TimeCreated": {
        "SystemTime": "2024-12-30T23:24:42.6520094Z"
      },
      "Version": "0"
    }
  }
}
2024/12/30 23:24:43 Received log message from agent {
  "Event": {
    "EventData": {
      "ClientProcessId": "15436",
      "CountOfCredentialsReturned": "1",
      "ProcessCreationTime": "2024-12-16T15:00:01.2318879Z",
      "ReadOperation": "%%8099",
      "ReturnCode": "3221226021",
      "SubjectDomainName": "DANSDESKTOP",
      "SubjectLogonId": "0x4c0db",
      "SubjectUserName": "danfe",
      "SubjectUserSid": "S-1-5-21-1680856076-1700718083-3477311726-1001",
      "TargetName": "Adobe App Prefetched Info (Q0NYUHJvY2VzczF7fTIwMTgwNzIwMDE)(Part1)",
      "Type": "1"
    },
    "System": {
      "Channel": "Security",
      "Computer": "dansDesktop",
      "Correlation": {},
      "EventID": "5379",
      "EventRecordID": "8248675",
      "Execution": {
        "ProcessID": "1128",
        "ThreadID": "22396"
      },
      "Keywords": "0x8020000000000000",
      "Level": "0",
      "Opcode": "0",
      "Provider": {
        "Guid": "{54849625-5478-4994-a5ba-3e3b0328c30d}",
        "Name": "Microsoft-Windows-Security-Auditing"
      },
      "Security": {
        "UserID": ""
      },
      "Task": "13824",
      "TimeCreated": {
        "SystemTime": "2024-12-30T23:24:42.6524006Z"
      },
      "Version": "0"
    }
  }
}
2024/12/30 23:24:43 Received log message from agent {
  "Event": {
    "EventData": {
      "ClientProcessId": "15436",
      "CountOfCredentialsReturned": "1",
      "ProcessCreationTime": "2024-12-16T15:00:01.2318879Z",
      "ReadOperation": "%%8099",
      "ReturnCode": "3221226021",
      "SubjectDomainName": "DANSDESKTOP",
      "SubjectLogonId": "0x4c0db",
      "SubjectUserName": "danfe",
      "SubjectUserSid": "S-1-5-21-1680856076-1700718083-3477311726-1001",
      "TargetName": "Adobe Package Info ()(Part1)",
      "Type": "1"
    },
    "System": {
      "Channel": "Security",
      "Computer": "dansDesktop",
      "Correlation": {},
      "EventID": "5379",
      "EventRecordID": "8248676",
      "Execution": {
        "ProcessID": "1128",
        "ThreadID": "22396"
      },
      "Keywords": "0x8020000000000000",
      "Level": "0",
      "Opcode": "0",
      "Provider": {
        "Guid": "{54849625-5478-4994-a5ba-3e3b0328c30d}",
        "Name": "Microsoft-Windows-Security-Auditing"
      },
      "Security": {
        "UserID": ""
      },
      "Task": "13824",
      "TimeCreated": {
        "SystemTime": "2024-12-30T23:24:42.6529016Z"
      },
      "Version": "0"
    }
  }
}
2024/12/30 23:24:43 Received log message from agent {
  "Event": {
    "EventData": {
      "ClientProcessId": "15436",
      "CountOfCredentialsReturned": "1",
      "ProcessCreationTime": "2024-12-16T15:00:01.2318879Z",
      "ReadOperation": "%%8099",
      "ReturnCode": "3221226021",
      "SubjectDomainName": "DANSDESKTOP",
      "SubjectLogonId": "0x4c0db",
      "SubjectUserName": "danfe",
      "SubjectUserSid": "S-1-5-21-1680856076-1700718083-3477311726-1001",
      "TargetName": "Adobe Proxy Password(Part1)",
      "Type": "1"
    },
    "System": {
      "Channel": "Security",
      "Computer": "dansDesktop",
      "Correlation": {},
      "EventID": "5379",
      "EventRecordID": "8248677",
      "Execution": {
        "ProcessID": "1128",
        "ThreadID": "22396"
      },
      "Keywords": "0x8020000000000000",
      "Level": "0",
      "Opcode": "0",
      "Provider": {
        "Guid": "{54849625-5478-4994-a5ba-3e3b0328c30d}",
        "Name": "Microsoft-Windows-Security-Auditing"
      },
      "Security": {
        "UserID": ""
      },
      "Task": "13824",
      "TimeCreated": {
        "SystemTime": "2024-12-30T23:24:42.6533404Z"
      },
      "Version": "0"
    }
  }
}
2024/12/30 23:24:43 Received log message from agent {
  "Event": {
    "EventData": {
      "ClientProcessId": "15436",
      "CountOfCredentialsReturned": "1",
      "ProcessCreationTime": "2024-12-16T15:00:01.2318879Z",
      "ReadOperation": "%%8099",
      "ReturnCode": "0",
      "SubjectDomainName": "DANSDESKTOP",
      "SubjectLogonId": "0x4c0db",
      "SubjectUserName": "danfe",
      "SubjectUserSid": "S-1-5-21-1680856076-1700718083-3477311726-1001",
      "TargetName": "Adobe User Info(Part1)",
      "Type": "1"
    },
    "System": {
      "Channel": "Security",
      "Computer": "dansDesktop",
      "Correlation": {},
      "EventID": "5379",
      "EventRecordID": "8248678",
      "Execution": {
        "ProcessID": "1128",
        "ThreadID": "22396"
      },
      "Keywords": "0x8020000000000000",
      "Level": "0",
      "Opcode": "0",
      "Provider": {
        "Guid": "{54849625-5478-4994-a5ba-3e3b0328c30d}",
        "Name": "Microsoft-Windows-Security-Auditing"
      },
      "Security": {
        "UserID": ""
      },
      "Task": "13824",
      "TimeCreated": {
        "SystemTime": "2024-12-30T23:24:42.6539502Z"
      },
      "Version": "0"
    }
  }
}
2024/12/30 23:24:43 Received log message from agent {
  "Event": {
    "EventData": {
      "ClientProcessId": "15436",
      "CountOfCredentialsReturned": "1",
      "ProcessCreationTime": "2024-12-16T15:00:01.2318879Z",
      "ReadOperation": "%%8099",
      "ReturnCode": "0",
      "SubjectDomainName": "DANSDESKTOP",
      "SubjectLogonId": "0x4c0db",
      "SubjectUserName": "danfe",
      "SubjectUserSid": "S-1-5-21-1680856076-1700718083-3477311726-1001",
      "TargetName": "Adobe User OS Info(Part1)",
      "Type": "1"
    },
    "System": {
      "Channel": "Security",
      "Computer": "dansDesktop",
      "Correlation": {},
      "EventID": "5379",
      "EventRecordID": "8248679",
      "Execution": {
        "ProcessID": "1128",
        "ThreadID": "22396"
      },
      "Keywords": "0x8020000000000000",
      "Level": "0",
      "Opcode": "0",
      "Provider": {
        "Guid": "{54849625-5478-4994-a5ba-3e3b0328c30d}",
        "Name": "Microsoft-Windows-Security-Auditing"
      },
      "Security": {
        "UserID": ""
      },
      "Task": "13824",
      "TimeCreated": {
        "SystemTime": "2024-12-30T23:24:42.6542115Z"
      },
      "Version": "0"
    }
  }
}
2024/12/30 23:24:43 Received log message from agent {
  "Event": {
    "EventData": {
      "ClientProcessId": "15436",
      "CountOfCredentialsReturned": "1",
      "ProcessCreationTime": "2024-12-16T15:00:01.2318879Z",
      "ReadOperation": "%%8099",
      "ReturnCode": "3221226021",
      "SubjectDomainName": "DANSDESKTOP",
      "SubjectLogonId": "0x4c0db",
      "SubjectUserName": "danfe",
      "SubjectUserSid": "S-1-5-21-1680856076-1700718083-3477311726-1001",
      "TargetName": "Adobe Profile Info(Part1)",
      "Type": "1"
    },
    "System": {
      "Channel": "Security",
      "Computer": "dansDesktop",
      "Correlation": {},
      "EventID": "5379",
      "EventRecordID": "8248680",
      "Execution": {
        "ProcessID": "1128",
        "ThreadID": "22396"
      },
      "Keywords": "0x8020000000000000",
      "Level": "0",
      "Opcode": "0",
      "Provider": {
        "Guid": "{54849625-5478-4994-a5ba-3e3b0328c30d}",
        "Name": "Microsoft-Windows-Security-Auditing"
      },
      "Security": {
        "UserID": ""
      },
      "Task": "13824",
      "TimeCreated": {
        "SystemTime": "2024-12-30T23:24:42.6543665Z"
      },
      "Version": "0"
    }
  }
}
2024/12/30 23:24:43 Received log message from agent {
  "Event": {
    "EventData": {
      "ClientProcessId": "15436",
      "CountOfCredentialsReturned": "1",
      "ProcessCreationTime": "2024-12-16T15:00:01.2318879Z",
      "ReadOperation": "%%8099",
      "ReturnCode": "3221226021",
      "SubjectDomainName": "DANSDESKTOP",
      "SubjectLogonId": "0x4c0db",
      "SubjectUserName": "danfe",
      "SubjectUserSid": "S-1-5-21-1680856076-1700718083-3477311726-1001",
      "TargetName": "Adobe Proxy Username(Part1)",
      "Type": "1"
    },
    "System": {
      "Channel": "Security",
      "Computer": "dansDesktop",
      "Correlation": {},
      "EventID": "5379",
      "EventRecordID": "8248681",
      "Execution": {
        "ProcessID": "1128",
        "ThreadID": "22396"
      },
      "Keywords": "0x8020000000000000",
      "Level": "0",
      "Opcode": "0",
      "Provider": {
        "Guid": "{54849625-5478-4994-a5ba-3e3b0328c30d}",
        "Name": "Microsoft-Windows-Security-Auditing"
      },
      "Security": {
        "UserID": ""
      },
      "Task": "13824",
      "TimeCreated": {
        "SystemTime": "2024-12-30T23:24:42.6547797Z"
      },
      "Version": "0"
    }
  }
}
2024/12/30 23:24:44 Received log message from agent {
  "name": "wuauserv",
  "status": "Running",
  "timestamp": "2024-12-30T17:24:44.2226508-06:00"
}
2024/12/30 23:24:44 Received log message from agent {
  "name": "EventLog",
  "status": "Running",
  "timestamp": "2024-12-30T17:24:44.2232046-06:00"
}
2024/12/30 23:24:45 Received log message from agent {
  "cpu": {
    "count": 8,
    "usage_percent": [
      43.75,
      1.5625,
      6.25,
      0,
      0,
      26.5625,
      0,
      1.5625
    ]
  },
  "memory": {
    "free": 4576837632,
    "total": 16996769792,
    "usage_percent": 73,
    "used": 12419932160
  },
  "network": {
    "bytes_recv": 16942985996,
    "bytes_sent": 1953838875,
    "packets_recv": 15707529,
    "packets_sent": 7350386
  },
  "temperature": [
    {
      "sensor_key": "ACPI\\ThermalZone\\TZ00_0",
      "temperature": 27.85
    },
    {
      "sensor_key": "ACPI\\ThermalZone\\TZ01_0",
      "temperature": 29.85
    }
  ],
  "timestamp": "2024-12-30T17:24:44.2223368-06:00"
}
2024/12/30 23:24:48 Received log message from agent {
  "name": "EventLog",
  "status": "Running",
  "timestamp": "2024-12-30T17:24:48.2228025-06:00"
}
2024/12/30 23:24:48 Received log message from agent {
  "name": "wuauserv",
  "status": "Running",
  "timestamp": "2024-12-30T17:24:48.2228025-06:00"
}
2024/12/30 23:24:49 Received log message from agent {
  "cpu": {
    "count": 8,
    "usage_percent": [
      57.8125,
      3.125,
      0,
      0,
      9.375,
      0,
      0,
      14.0625
    ]
  },
  "memory": {
    "free": 4498923520,
    "total": 16996769792,
    "usage_percent": 73,
    "used": 12497846272
  },
  "network": {
    "bytes_recv": 16942991052,
    "bytes_sent": 1953840224,
    "packets_recv": 15707546,
    "packets_sent": 7350400
  },
  "temperature": [
    {
      "sensor_key": "ACPI\\ThermalZone\\TZ00_0",
      "temperature": 27.85
    },
    {
      "sensor_key": "ACPI\\ThermalZone\\TZ01_0",
      "temperature": 29.85
    }
  ],
  "timestamp": "2024-12-30T17:24:48.2224098-06:00"
}
2024/12/30 23:24:52 Received log message from agent {
  "name": "wuauserv",
  "status": "Running",
  "timestamp": "2024-12-30T17:24:52.2228448-06:00"
}
2024/12/30 23:24:52 Received log message from agent {
  "name": "EventLog",
  "status": "Running",
  "timestamp": "2024-12-30T17:24:52.2230065-06:00"
}
2024/12/31 00:04:38 Jarvis API Test Server starting on port 8080...
2024/12/31 00:04:49 Received log message from agent {
  "name": "wuauserv",
  "status": "Stopped",
  "timestamp": "2024-12-30T18:04:49.7244952-06:00"
}
2024/12/31 00:04:49 Received log message from agent {
  "name": "EventLog",
  "status": "Running",
  "timestamp": "2024-12-30T18:04:49.7257699-06:00"
}
2024/12/31 00:04:50 Received log message from agent {
  "agent_id": "1234567890",
  "agent_name": "jarvis-agent-windows",
  "data": {
    "cpu": {
      "count": 8,
      "usage_percent": [
        18.181818181818183,
        0,
        0,
        0,
        18.75,
        32.30769230769231,
        0,
        1.5625
      ]
    },
    "memory": {
      "free": 4194422784,
      "total": 16996769792,
      "usage_percent": 75,
      "used": 12802347008
    }
  },
  "level": "info",
  "message": "System metrics collected",
  "source": "system_monitor",
  "timestamp": "2024-12-30T18:04:49.7244952-06:00",
  "type": "metrics"
}
2024/12/31 00:04:50 Received log message from agent {
  "cpu": {
    "count": 8,
    "usage_percent": [
      18.181818181818183,
      0,
      0,
      0,
      18.75,
      32.30769230769231,
      0,
      1.5625
    ]
  },
  "memory": {
    "free": 4194422784,
    "total": 16996769792,
    "usage_percent": 75,
    "used": 12802347008
  },
  "network": {
    "bytes_recv": 17035025266,
    "bytes_sent": 1967535561,
    "packets_recv": 15790189,
    "packets_sent": 7382867
  },
  "temperature": [
    {
      "sensor_key": "ACPI\\ThermalZone\\TZ00_0",
      "temperature": 27.85
    },
    {
      "sensor_key": "ACPI\\ThermalZone\\TZ01_0",
      "temperature": 29.85
    }
  ],
  "timestamp": "2024-12-30T18:04:49.7244952-06:00"
}
2024/12/31 00:04:53 Received log message from agent {
  "name": "wuauserv",
  "status": "Stopped",
  "timestamp": "2024-12-30T18:04:53.72477-06:00"
}
2024/12/31 00:04:53 Received log message from agent {
  "name": "EventLog",
  "status": "Running",
  "timestamp": "2024-12-30T18:04:53.7253571-06:00"
}
2024/12/31 00:04:54 Received log message from agent {
  "agent_id": "1234567890",
  "agent_name": "jarvis-agent-windows",
  "data": {
    "cpu": {
      "count": 8,
      "usage_percent": [
        20.3125,
        21.53846153846154,
        4.6875,
        20,
        0,
        0,
        0,
        4.6875
      ]
    },
    "memory": {
      "free": 4191596544,
      "total": 16996769792,
      "usage_percent": 75,
      "used": 12805173248
    }
  },
  "level": "info",
  "message": "System metrics collected",
  "source": "system_monitor",
  "timestamp": "2024-12-30T18:04:53.7244574-06:00",
  "type": "metrics"
}
2024/12/31 00:04:54 Received log message from agent {
  "cpu": {
    "count": 8,
    "usage_percent": [
      20.3125,
      21.53846153846154,
      4.6875,
      20,
      0,
      0,
      0,
      4.6875
    ]
  },
  "memory": {
    "free": 4191596544,
    "total": 16996769792,
    "usage_percent": 75,
    "used": 12805173248
  },
  "network": {
    "bytes_recv": 17035030157,
    "bytes_sent": 1967540114,
    "packets_recv": 15790204,
    "packets_sent": 7382883
  },
  "temperature": [
    {
      "sensor_key": "ACPI\\ThermalZone\\TZ00_0",
      "temperature": 27.85
    },
    {
      "sensor_key": "ACPI\\ThermalZone\\TZ01_0",
      "temperature": 29.85
    }
  ],
  "timestamp": "2024-12-30T18:04:53.7244574-06:00"
}
2024/12/31 00:04:57 Received log message from agent {
  "Event": {
    "EventData": {
      "AuthenticationPackageName": "Negotiate",
      "ElevatedToken": "%%1842",
      "ImpersonationLevel": "%%1833",
      "IpAddress": "-",
      "IpPort": "-",
      "KeyLength": "0",
      "LmPackageName": "-",
      "LogonGuid": "{00000000-0000-0000-0000-000000000000}",
      "LogonProcessName": "Advapi  ",
      "LogonType": "5",
      "ProcessId": "0x444",
      "ProcessName": "C:\\Windows\\System32\\services.exe",
      "RemoteCredentialGuard": "-",
      "RestrictedAdminMode": "-",
      "SubjectDomainName": "WORKGROUP",
      "SubjectLogonId": "0x3e7",
      "SubjectUserName": "DANSDESKTOP$",
      "SubjectUserSid": "S-1-5-18",
      "TargetDomainName": "NT AUTHORITY",
      "TargetLinkedLogonId": "0x0",
      "TargetLogonId": "0x3e7",
      "TargetOutboundDomainName": "-",
      "TargetOutboundUserName": "-",
      "TargetUserName": "SYSTEM",
      "TargetUserSid": "S-1-5-18",
      "TransmittedServices": "-",
      "VirtualAccount": "%%1843",
      "WorkstationName": "-"
    },
    "System": {
      "Channel": "Security",
      "Computer": "dansDesktop",
      "Correlation": {},
      "EventID": "4624",
      "EventRecordID": "8250908",
      "Execution": {
        "ProcessID": "1128",
        "ThreadID": "22396"
      },
      "Keywords": "0x8020000000000000",
      "Level": "0",
      "Opcode": "0",
      "Provider": {
        "Guid": "{54849625-5478-4994-a5ba-3e3b0328c30d}",
        "Name": "Microsoft-Windows-Security-Auditing"
      },
      "Security": {
        "UserID": ""
      },
      "Task": "12544",
      "TimeCreated": {
        "SystemTime": "2024-12-31T00:04:56.7598153Z"
      },
      "Version": "3"
    }
  }
}
2024/12/31 00:04:57 Received log message from agent {
  "Event": {
    "EventData": {
      "AuthenticationPackageName": "Negotiate",
      "ElevatedToken": "%%1842",
      "ImpersonationLevel": "%%1833",
      "IpAddress": "-",
      "IpPort": "-",
      "KeyLength": "0",
      "LmPackageName": "-",
      "LogonGuid": "{00000000-0000-0000-0000-000000000000}",
      "LogonProcessName": "Advapi  ",
      "LogonType": "5",
      "ProcessId": "0x444",
      "ProcessName": "C:\\Windows\\System32\\services.exe",
      "RemoteCredentialGuard": "-",
      "RestrictedAdminMode": "-",
      "SubjectDomainName": "WORKGROUP",
      "SubjectLogonId": "0x3e7",
      "SubjectUserName": "DANSDESKTOP$",
      "SubjectUserSid": "S-1-5-18",
      "TargetDomainName": "NT AUTHORITY",
      "TargetLinkedLogonId": "0x0",
      "TargetLogonId": "0x3e7",
      "TargetOutboundDomainName": "-",
      "TargetOutboundUserName": "-",
      "TargetUserName": "SYSTEM",
      "TargetUserSid": "S-1-5-18",
      "TransmittedServices": "-",
      "VirtualAccount": "%%1843",
      "WorkstationName": "-"
    },
    "System": {
      "Channel": "Security",
      "Computer": "dansDesktop",
      "Correlation": {},
      "EventID": "4624",
      "EventRecordID": "8250906",
      "Execution": {
        "ProcessID": "1128",
        "ThreadID": "14788"
      },
      "Keywords": "0x8020000000000000",
      "Level": "0",
      "Opcode": "0",
      "Provider": {
        "Guid": "{54849625-5478-4994-a5ba-3e3b0328c30d}",
        "Name": "Microsoft-Windows-Security-Auditing"
      },
      "Security": {
        "UserID": ""
      },
      "Task": "12544",
      "TimeCreated": {
        "SystemTime": "2024-12-31T00:04:56.6195272Z"
      },
      "Version": "3"
    }
  }
}
2024/12/31 00:04:57 Received log message from agent {
  "Event": {
    "EventData": {
      "PrivilegeList": "SeAssignPrimaryTokenPrivilege\r\n\t\t\tSeTcbPrivilege\r\n\t\t\tSeSecurityPrivilege\r\n\t\t\tSeTakeOwnershipPrivilege\r\n\t\t\tSeLoadDriverPrivilege\r\n\t\t\tSeBackupPrivilege\r\n\t\t\tSeRestorePrivilege\r\n\t\t\tSeDebugPrivilege\r\n\t\t\tSeAuditPrivilege\r\n\t\t\tSeSystemEnvironmentPrivilege\r\n\t\t\tSeImpersonatePrivilege\r\n\t\t\tSeDelegateSessionUserImpersonatePrivilege",
      "SubjectDomainName": "NT AUTHORITY",
      "SubjectLogonId": "0x3e7",
      "SubjectUserName": "SYSTEM",
      "SubjectUserSid": "S-1-5-18"
    },
    "System": {
      "Channel": "Security",
      "Computer": "dansDesktop",
      "Correlation": {},
      "EventID": "4672",
      "EventRecordID": "8250907",
      "Execution": {
        "ProcessID": "1128",
        "ThreadID": "14788"
      },
      "Keywords": "0x8020000000000000",
      "Level": "0",
      "Opcode": "0",
      "Provider": {
        "Guid": "{54849625-5478-4994-a5ba-3e3b0328c30d}",
        "Name": "Microsoft-Windows-Security-Auditing"
      },
      "Security": {
        "UserID": ""
      },
      "Task": "12548",
      "TimeCreated": {
        "SystemTime": "2024-12-31T00:04:56.6195326Z"
      },
      "Version": "0"
    }
  }
}
2024/12/31 00:04:57 Received log message from agent {
  "Event": {
    "EventData": {
      "PrivilegeList": "SeAssignPrimaryTokenPrivilege\r\n\t\t\tSeTcbPrivilege\r\n\t\t\tSeSecurityPrivilege\r\n\t\t\tSeTakeOwnershipPrivilege\r\n\t\t\tSeLoadDriverPrivilege\r\n\t\t\tSeBackupPrivilege\r\n\t\t\tSeRestorePrivilege\r\n\t\t\tSeDebugPrivilege\r\n\t\t\tSeAuditPrivilege\r\n\t\t\tSeSystemEnvironmentPrivilege\r\n\t\t\tSeImpersonatePrivilege\r\n\t\t\tSeDelegateSessionUserImpersonatePrivilege",
      "SubjectDomainName": "NT AUTHORITY",
      "SubjectLogonId": "0x3e7",
      "SubjectUserName": "SYSTEM",
      "SubjectUserSid": "S-1-5-18"
    },
    "System": {
      "Channel": "Security",
      "Computer": "dansDesktop",
      "Correlation": {},
      "EventID": "4672",
      "EventRecordID": "8250909",
      "Execution": {
        "ProcessID": "1128",
        "ThreadID": "22396"
      },
      "Keywords": "0x8020000000000000",
      "Level": "0",
      "Opcode": "0",
      "Provider": {
        "Guid": "{54849625-5478-4994-a5ba-3e3b0328c30d}",
        "Name": "Microsoft-Windows-Security-Auditing"
      },
      "Security": {
        "UserID": ""
      },
      "Task": "12548",
      "TimeCreated": {
        "SystemTime": "2024-12-31T00:04:56.7598204Z"
      },
      "Version": "0"
    }
  }
}
2024/12/31 00:04:57 Received log message from agent {
  "name": "wuauserv",
  "status": "Stopped",
  "timestamp": "2024-12-30T18:04:57.7243716-06:00"
}
2024/12/31 00:04:57 Received log message from agent {
  "name": "EventLog",
  "status": "Running",
  "timestamp": "2024-12-30T18:04:57.7250186-06:00"
}
2024/12/31 00:04:58 Received log message from agent {
  "agent_id": "1234567890",
  "agent_name": "jarvis-agent-windows",
  "data": {
    "cpu": {
      "count": 8,
      "usage_percent": [
        18.75,
        6.25,
        12.5,
        0,
        3.125,
        20.3125,
        0,
        20.3125
      ]
    },
    "memory": {
      "free": 4192002048,
      "total": 16996769792,
      "usage_percent": 75,
      "used": 12804767744
    }
  },
  "level": "info",
  "message": "System metrics collected",
  "source": "system_monitor",
  "timestamp": "2024-12-30T18:04:57.7243716-06:00",
  "type": "metrics"
}
2024/12/31 00:04:58 Received log message from agent {
  "cpu": {
    "count": 8,
    "usage_percent": [
      18.75,
      6.25,
      12.5,
      0,
      3.125,
      20.3125,
      0,
      20.3125
    ]
  },
  "memory": {
    "free": 4192002048,
    "total": 16996769792,
    "usage_percent": 75,
    "used": 12804767744
  },
  "network": {
    "bytes_recv": 17035060858,
    "bytes_sent": 1967547693,
    "packets_recv": 15790261,
    "packets_sent": 7382937
  },
  "temperature": [
    {
      "sensor_key": "ACPI\\ThermalZone\\TZ00_0",
      "temperature": 27.85
    },
    {
      "sensor_key": "ACPI\\ThermalZone\\TZ01_0",
      "temperature": 29.85
    }
  ],
  "timestamp": "2024-12-30T18:04:57.7243716-06:00"
}
2024/12/31 00:05:01 Received log message from agent {
  "name": "wuauserv",
  "status": "Stopped",
  "timestamp": "2024-12-30T18:05:01.7246618-06:00"
}
2024/12/31 00:05:01 Received log message from agent {
  "name": "EventLog",
  "status": "Running",
  "timestamp": "2024-12-30T18:05:01.7248035-06:00"
}
2024/12/31 00:05:02 Received log message from agent {
  "agent_id": "1234567890",
  "agent_name": "jarvis-agent-windows",
  "data": {
    "cpu": {
      "count": 8,
      "usage_percent": [
        7.8125,
        12.5,
        0,
        18.461538461538463,
        1.5625,
        28.125,
        0,
        3.076923076923077
      ]
    },
    "memory": {
      "free": 4187287552,
      "total": 16996769792,
      "usage_percent": 75,
      "used": 12809482240
    }
  },
  "level": "info",
  "message": "System metrics collected",
  "source": "system_monitor",
  "timestamp": "2024-12-30T18:05:01.7243912-06:00",
  "type": "metrics"
}
2024/12/31 00:05:02 Received log message from agent {
  "cpu": {
    "count": 8,
    "usage_percent": [
      7.8125,
      12.5,
      0,
      18.461538461538463,
      1.5625,
      28.125,
      0,
      3.076923076923077
    ]
  },
  "memory": {
    "free": 4187287552,
    "total": 16996769792,
    "usage_percent": 75,
    "used": 12809482240
  },
  "network": {
    "bytes_recv": 17035062931,
    "bytes_sent": 1967551025,
    "packets_recv": 15790274,
    "packets_sent": 7382951
  },
  "temperature": [
    {
      "sensor_key": "ACPI\\ThermalZone\\TZ00_0",
      "temperature": 27.85
    },
    {
      "sensor_key": "ACPI\\ThermalZone\\TZ01_0",
      "temperature": 29.85
    }
  ],
  "timestamp": "2024-12-30T18:05:01.7243912-06:00"
}
2024/12/31 00:05:05 Received log message from agent {
  "name": "wuauserv",
  "status": "Stopped",
  "timestamp": "2024-12-30T18:05:05.7242728-06:00"
}
2024/12/31 00:05:05 Received log message from agent {
  "name": "EventLog",
  "status": "Running",
  "timestamp": "2024-12-30T18:05:05.7247928-06:00"
}
2024/12/31 00:05:06 Received log message from agent {
  "agent_id": "1234567890",
  "agent_name": "jarvis-agent-windows",
  "data": {
    "cpu": {
      "count": 8,
      "usage_percent": [
        6.25,
        0,
        1.5625,
        6.25,
        3.076923076923077,
        65.625,
        0,
        3.125
      ]
    },
    "memory": {
      "free": 4157235200,
      "total": 16996769792,
      "usage_percent": 75,
      "used": 12839534592
    }
  },
  "level": "info",
  "message": "System metrics collected",
  "source": "system_monitor",
  "timestamp": "2024-12-30T18:05:05.7242728-06:00",
  "type": "metrics"
}
2024/12/31 00:05:06 Received log message from agent {
  "cpu": {
    "count": 8,
    "usage_percent": [
      6.25,
      0,
      1.5625,
      6.25,
      3.076923076923077,
      65.625,
      0,
      3.125
    ]
  },
  "memory": {
    "free": 4157235200,
    "total": 16996769792,
    "usage_percent": 75,
    "used": 12839534592
  },
  "network": {
    "bytes_recv": 17035064391,
    "bytes_sent": 1967552104,
    "packets_recv": 15790290,
    "packets_sent": 7382966
  },
  "temperature": [
    {
      "sensor_key": "ACPI\\ThermalZone\\TZ00_0",
      "temperature": 27.85
    },
    {
      "sensor_key": "ACPI\\ThermalZone\\TZ01_0",
      "temperature": 29.85
    }
  ],
  "timestamp": "2024-12-30T18:05:05.7242728-06:00"
}
2024/12/31 00:05:09 Received log message from agent {
  "name": "EventLog",
  "status": "Running",
  "timestamp": "2024-12-30T18:05:09.7245928-06:00"
}
2024/12/31 00:05:09 Received log message from agent {
  "name": "wuauserv",
  "status": "Stopped",
  "timestamp": "2024-12-30T18:05:09.7243817-06:00"
}
2024/12/31 00:05:10 Received log message from agent {
  "agent_id": "1234567890",
  "agent_name": "jarvis-agent-windows",
  "data": {
    "cpu": {
      "count": 8,
      "usage_percent": [
        12.5,
        0,
        0,
        0,
        0,
        62.5,
        0,
        1.5625
      ]
    },
    "memory": {
      "free": 4185915392,
      "total": 16996769792,
      "usage_percent": 75,
      "used": 12810854400
    }
  },
  "level": "info",
  "message": "System metrics collected",
  "source": "system_monitor",
  "timestamp": "2024-12-30T18:05:09.7240319-06:00",
  "type": "metrics"
}
2024/12/31 00:05:10 Received log message from agent {
  "cpu": {
    "count": 8,
    "usage_percent": [
      12.5,
      0,
      0,
      0,
      0,
      62.5,
      0,
      1.5625
    ]
  },
  "memory": {
    "free": 4185915392,
    "total": 16996769792,
    "usage_percent": 75,
    "used": 12810854400
  },
  "network": {
    "bytes_recv": 17035070797,
    "bytes_sent": 1967553455,
    "packets_recv": 15790310,
    "packets_sent": 7382984
  },
  "temperature": [
    {
      "sensor_key": "ACPI\\ThermalZone\\TZ00_0",
      "temperature": 27.85
    },
    {
      "sensor_key": "ACPI\\ThermalZone\\TZ01_0",
      "temperature": 29.85
    }
  ],
  "timestamp": "2024-12-30T18:05:09.7240319-06:00"
}
2024/12/31 00:05:13 Received log message from agent {
  "name": "wuauserv",
  "status": "Stopped",
  "timestamp": "2024-12-30T18:05:13.7239995-06:00"
}
2024/12/31 00:05:13 Received log message from agent {
  "name": "EventLog",
  "status": "Running",
  "timestamp": "2024-12-30T18:05:13.7245751-06:00"
}
2024/12/31 00:05:14 Received log message from agent {
  "agent_id": "1234567890",
  "agent_name": "jarvis-agent-windows",
  "data": {
    "cpu": {
      "count": 8,
      "usage_percent": [
        14.0625,
        4.6875,
        6.25,
        4.6875,
        6.153846153846154,
        3.076923076923077,
        0,
        7.8125
      ]
    },
    "memory": {
      "free": 4187176960,
      "total": 16996769792,
      "usage_percent": 75,
      "used": 12809592832
    }
  },
  "level": "info",
  "message": "System metrics collected",
  "source": "system_monitor",
  "timestamp": "2024-12-30T18:05:13.7239995-06:00",
  "type": "metrics"
}
2024/12/31 00:05:14 Received log message from agent {
  "cpu": {
    "count": 8,
    "usage_percent": [
      14.0625,
      4.6875,
      6.25,
      4.6875,
      6.153846153846154,
      3.076923076923077,
      0,
      7.8125
    ]
  },
  "memory": {
    "free": 4187176960,
    "total": 16996769792,
    "usage_percent": 75,
    "used": 12809592832
  },
  "network": {
    "bytes_recv": 17035097837,
    "bytes_sent": 1967570641,
    "packets_recv": 15790387,
    "packets_sent": 7383057
  },
  "temperature": [
    {
      "sensor_key": "ACPI\\ThermalZone\\TZ00_0",
      "temperature": 27.85
    },
    {
      "sensor_key": "ACPI\\ThermalZone\\TZ01_0",
      "temperature": 29.85
    }
  ],
  "timestamp": "2024-12-30T18:05:13.7239995-06:00"
}
2024/12/31 00:05:15 Received log message from agent {
  "response_time": 126641900,
  "status": "Up",
  "status_code": 200,
  "timestamp": "2024-12-30T18:05:15.8511335-06:00",
  "url": "https://www.google.com"
}
2024/12/31 00:05:16 Received log message from agent {
  "response_time": 401934800,
  "status": "Up",
  "status_code": 200,
  "timestamp": "2024-12-30T18:05:16.1264264-06:00",
  "url": "https://www.github.com"
}
2024/12/31 00:05:17 Received log message from agent {
  "name": "wuauserv",
  "status": "Stopped",
  "timestamp": "2024-12-30T18:05:17.7244957-06:00"
}
2024/12/31 00:05:17 Received log message from agent {
  "name": "EventLog",
  "status": "Running",
  "timestamp": "2024-12-30T18:05:17.7247419-06:00"
}
2024/12/31 00:31:36 Jarvis API Test Server starting on port 8080...
2024/12/31 00:32:12 Received log message from agent {
  "name": "EventLog",
  "status": "Running",
  "timestamp": "2024-12-30T18:32:12.1775615-06:00"
}
2024/12/31 00:32:12 Received log message from agent {
  "name": "wuauserv",
  "status": "Stopped",
  "timestamp": "2024-12-30T18:32:12.1761077-06:00"
}
2024/12/31 00:32:13 Received log message from agent {
  "agent_id": "1234567890",
  "agent_name": "jarvis-agent-windows",
  "data": {
    "cpu": {
      "count": 8,
      "usage_percent": [
        18.75,
        18.75,
        1.5625,
        9.375,
        4.6875,
        10.76923076923077,
        0,
        20.3125
      ]
    },
    "memory": {
      "free": 4723286016,
      "total": 16996769792,
      "usage_percent": 72,
      "used": 12273483776
    }
  },
  "level": "info",
  "message": "System metrics collected",
  "source": "system_monitor",
  "timestamp": "2024-12-30T18:32:12.1749847-06:00",
  "type": "metrics"
}
2024/12/31 00:32:13 Received log message from agent {
  "cpu": {
    "count": 8,
    "usage_percent": [
      18.75,
      18.75,
      1.5625,
      9.375,
      4.6875,
      10.76923076923077,
      0,
      20.3125
    ]
  },
  "memory": {
    "free": 4723286016,
    "total": 16996769792,
    "usage_percent": 72,
    "used": 12273483776
  },
  "network": {
    "bytes_recv": 17041940814,
    "bytes_sent": 1970925269,
    "packets_recv": 15804807,
    "packets_sent": 7395091
  },
  "temperature": [
    {
      "sensor_key": "ACPI\\ThermalZone\\TZ00_0",
      "temperature": 27.85
    },
    {
      "sensor_key": "ACPI\\ThermalZone\\TZ01_0",
      "temperature": 29.85
    }
  ],
  "timestamp": "2024-12-30T18:32:12.1749847-06:00"
}
2024/12/31 00:32:16 Received log message from agent {
  "name": "wuauserv",
  "status": "Stopped",
  "timestamp": "2024-12-30T18:32:16.1754949-06:00"
}
2024/12/31 00:32:16 Received log message from agent {
  "name": "EventLog",
  "status": "Running",
  "timestamp": "2024-12-30T18:32:16.1758382-06:00"
}
2024/12/31 00:32:17 Received log message from agent {
  "agent_id": "1234567890",
  "agent_name": "jarvis-agent-windows",
  "data": {
    "cpu": {
      "count": 8,
      "usage_percent": [
        0,
        1.5625,
        0,
        1.5625,
        1.5625,
        59.375,
        0,
        23.4375
      ]
    },
    "memory": {
      "free": 4697337856,
      "total": 16996769792,
      "usage_percent": 72,
      "used": 12299431936
    }
  },
  "level": "info",
  "message": "System metrics collected",
  "source": "system_monitor",
  "timestamp": "2024-12-30T18:32:16.1748906-06:00",
  "type": "metrics"
}
2024/12/31 00:32:17 Received log message from agent {
  "cpu": {
    "count": 8,
    "usage_percent": [
      0,
      1.5625,
      0,
      1.5625,
      1.5625,
      59.375,
      0,
      23.4375
    ]
  },
  "memory": {
    "free": 4697337856,
    "total": 16996769792,
    "usage_percent": 72,
    "used": 12299431936
  },
  "network": {
    "bytes_recv": 17041948731,
    "bytes_sent": 1970935035,
    "packets_recv": 15804859,
    "packets_sent": 7395143
  },
  "temperature": [
    {
      "sensor_key": "ACPI\\ThermalZone\\TZ00_0",
      "temperature": 27.85
    },
    {
      "sensor_key": "ACPI\\ThermalZone\\TZ01_0",
      "temperature": 29.85
    }
  ],
  "timestamp": "2024-12-30T18:32:16.1748906-06:00"
}
2024/12/31 00:32:20 Received log message from agent {
  "name": "EventLog",
  "status": "Running",
  "timestamp": "2024-12-30T18:32:20.1755126-06:00"
}
2024/12/31 00:32:20 Received log message from agent {
  "name": "wuauserv",
  "status": "Stopped",
  "timestamp": "2024-12-30T18:32:20.1748615-06:00"
}
2024/12/31 00:32:21 Received log message from agent {
  "agent_id": "1234567890",
  "agent_name": "jarvis-agent-windows",
  "data": {
    "cpu": {
      "count": 8,
      "usage_percent": [
        18.461538461538463,
        10.76923076923077,
        4.615384615384616,
        4.6875,
        4.615384615384616,
        4.6875,
        20,
        34.375
      ]
    },
    "memory": {
      "free": 4717363200,
      "total": 16996769792,
      "usage_percent": 72,
      "used": 12279406592
    }
  },
  "level": "info",
  "message": "System metrics collected",
  "source": "system_monitor",
  "timestamp": "2024-12-30T18:32:20.1748615-06:00",
  "type": "metrics"
}
2024/12/31 00:32:21 Received log message from agent {
  "cpu": {
    "count": 8,
    "usage_percent": [
      18.461538461538463,
      10.76923076923077,
      4.615384615384616,
      4.6875,
      4.615384615384616,
      4.6875,
      20,
      34.375
    ]
  },
  "memory": {
    "free": 4717363200,
    "total": 16996769792,
    "usage_percent": 72,
    "used": 12279406592
  },
  "network": {
    "bytes_recv": 17041950652,
    "bytes_sent": 1970936304,
    "packets_recv": 15804883,
    "packets_sent": 7395165
  },
  "temperature": [
    {
      "sensor_key": "ACPI\\ThermalZone\\TZ00_0",
      "temperature": 27.85
    },
    {
      "sensor_key": "ACPI\\ThermalZone\\TZ01_0",
      "temperature": 29.85
    }
  ],
  "timestamp": "2024-12-30T18:32:20.1748615-06:00"
}
2024/12/31 00:32:24 Received log message from agent {
  "name": "EventLog",
  "status": "Running",
  "timestamp": "2024-12-30T18:32:24.1768577-06:00"
}
2024/12/31 00:32:24 Received log message from agent {
  "name": "wuauserv",
  "status": "Stopped",
  "timestamp": "2024-12-30T18:32:24.1759327-06:00"
}
2024/12/31 00:32:25 Received log message from agent {
  "agent_id": "1234567890",
  "agent_name": "jarvis-agent-windows",
  "data": {
    "cpu": {
      "count": 8,
      "usage_percent": [
        39.0625,
        12.698412698412698,
        7.8125,
        3.1746031746031744,
        0,
        14.285714285714285,
        1.5873015873015872,
        15.873015873015872
      ]
    },
    "memory": {
      "free": 4719779840,
      "total": 16996769792,
      "usage_percent": 72,
      "used": 12276989952
    }
  },
  "level": "info",
  "message": "System metrics collected",
  "source": "system_monitor",
  "timestamp": "2024-12-30T18:32:24.1747796-06:00",
  "type": "metrics"
}
2024/12/31 00:32:25 Received log message from agent {
  "cpu": {
    "count": 8,
    "usage_percent": [
      39.0625,
      12.698412698412698,
      7.8125,
      3.1746031746031744,
      0,
      14.285714285714285,
      1.5873015873015872,
      15.873015873015872
    ]
  },
  "memory": {
    "free": 4719779840,
    "total": 16996769792,
    "usage_percent": 72,
    "used": 12276989952
  },
  "network": {
    "bytes_recv": 17041959647,
    "bytes_sent": 1970946093,
    "packets_recv": 15804914,
    "packets_sent": 7395192
  },
  "temperature": [
    {
      "sensor_key": "ACPI\\ThermalZone\\TZ00_0",
      "temperature": 27.85
    },
    {
      "sensor_key": "ACPI\\ThermalZone\\TZ01_0",
      "temperature": 29.85
    }
  ],
  "timestamp": "2024-12-30T18:32:24.1747796-06:00"
}
2024/12/31 00:32:28 Received log message from agent {
  "name": "wuauserv",
  "status": "Stopped",
  "timestamp": "2024-12-30T18:32:28.1752747-06:00"
}
2024/12/31 00:32:28 Received log message from agent {
  "name": "EventLog",
  "status": "Running",
  "timestamp": "2024-12-30T18:32:28.1755787-06:00"
}
2024/12/31 00:32:29 Received log message from agent {
  "Event": {
    "EventData": {
      "ClientProcessId": "14928",
      "CountOfCredentialsReturned": "1",
      "ProcessCreationTime": "2024-12-16T14:59:56.2501338Z",
      "ReadOperation": "%%8099",
      "ReturnCode": "0",
      "SubjectDomainName": "DANSDESKTOP",
      "SubjectLogonId": "0x4c0db",
      "SubjectUserName": "danfe",
      "SubjectUserSid": "S-1-5-21-1680856076-1700718083-3477311726-1001",
      "TargetName": "NordPass/RecoveryCodeInfo",
      "Type": "1"
    },
    "System": {
      "Channel": "Security",
      "Computer": "dansDesktop",
      "Correlation": {},
      "EventID": "5379",
      "EventRecordID": "8252596",
      "Execution": {
        "ProcessID": "1128",
        "ThreadID": "4740"
      },
      "Keywords": "0x8020000000000000",
      "Level": "0",
      "Opcode": "0",
      "Provider": {
        "Guid": "{54849625-5478-4994-a5ba-3e3b0328c30d}",
        "Name": "Microsoft-Windows-Security-Auditing"
      },
      "Security": {
        "UserID": ""
      },
      "Task": "13824",
      "TimeCreated": {
        "SystemTime": "2024-12-31T00:32:27.9950182Z"
      },
      "Version": "0"
    }
  }
}
2024/12/31 00:32:29 Received log message from agent {
  "Event": {
    "EventData": {
      "ClientProcessId": "14928",
      "CountOfCredentialsReturned": "1",
      "ProcessCreationTime": "2024-12-16T14:59:56.2501338Z",
      "ReadOperation": "%%8099",
      "ReturnCode": "0",
      "SubjectDomainName": "DANSDESKTOP",
      "SubjectLogonId": "0x4c0db",
      "SubjectUserName": "danfe",
      "SubjectUserSid": "S-1-5-21-1680856076-1700718083-3477311726-1001",
      "TargetName": "NordPass/Upsell",
      "Type": "1"
    },
    "System": {
      "Channel": "Security",
      "Computer": "dansDesktop",
      "Correlation": {},
      "EventID": "5379",
      "EventRecordID": "8252597",
      "Execution": {
        "ProcessID": "1128",
        "ThreadID": "22396"
      },
      "Keywords": "0x8020000000000000",
      "Level": "0",
      "Opcode": "0",
      "Provider": {
        "Guid": "{54849625-5478-4994-a5ba-3e3b0328c30d}",
        "Name": "Microsoft-Windows-Security-Auditing"
      },
      "Security": {
        "UserID": ""
      },
      "Task": "13824",
      "TimeCreated": {
        "SystemTime": "2024-12-31T00:32:27.9950868Z"
      },
      "Version": "0"
    }
  }
}
