2024/12/30 23:12:28 Received log message from agent {
  "Event": {
    "EventData": {
      "ClientProcessId": "14928",
      "CountOfCredentialsReturned": "1",
      "ProcessCreationTime": "2024-12-16T14:59:56.2501338Z",
      "ReadOperation": "%%8099",
      "ReturnCode": "3221226021",
      "SubjectDomainName": "DANSDESKTOP",
      "SubjectLogonId": "0x4c0db",
      "SubjectUserName": "danfe",
      "SubjectUserSid": "S-1-5-21-1680856076-1700718083-3477311726-1001",
      "TargetName": "NordPass/AutoLock-",
      "Type": "1"
    },
    "System": {
      "Channel": "Security",
      "Computer": "dansDesktop",
      "Correlation": {},
      "EventID": "5379",
      "EventRecordID": "8247819",
      "Execution": {
        "ProcessID": "1128",
        "ThreadID": "59508"
      },
      "Keywords": "0x8020000000000000",
      "Level": "0",
      "Opcode": "0",
      "Provider": {
        "Guid": "{54849625-5478-4994-a5ba-3e3b0328c30d}",
        "Name": "Microsoft-Windows-Security-Auditing"
      },
      "Security": {
        "UserID": ""
      },
      "Task": "13824",
      "TimeCreated": {
        "SystemTime": "2024-12-30T23:12:27.4513489Z"
      },
      "Version": "0"
    }
  }
}
2024/12/30 23:12:28 Received log message from agent {
  "Event": {
    "EventData": {
      "ClientProcessId": "14928",
      "CountOfCredentialsReturned": "1",
      "ProcessCreationTime": "2024-12-16T14:59:56.2501338Z",
      "ReadOperation": "%%8099",
      "ReturnCode": "0",
      "SubjectDomainName": "DANSDESKTOP",
      "SubjectLogonId": "0x4c0db",
      "SubjectUserName": "danfe",
      "SubjectUserSid": "S-1-5-21-1680856076-1700718083-3477311726-1001",
      "TargetName": "NordPass/InstallTime",
      "Type": "1"
    },
    "System": {
      "Channel": "Security",
      "Computer": "dansDesktop",
      "Correlation": {},
      "EventID": "5379",
      "EventRecordID": "8247820",
      "Execution": {
        "ProcessID": "1128",
        "ThreadID": "27972"
      },
      "Keywords": "0x8020000000000000",
      "Level": "0",
      "Opcode": "0",
      "Provider": {
        "Guid": "{54849625-5478-4994-a5ba-3e3b0328c30d}",
        "Name": "Microsoft-Windows-Security-Auditing"
      },
      "Security": {
        "UserID": ""
      },
      "Task": "13824",
      "TimeCreated": {
        "SystemTime": "2024-12-30T23:12:27.4514608Z"
      },
      "Version": "0"
    }
  }
}
2024/12/30 23:12:28 Received log message from agent {
  "Event": {
    "EventData": {
      "ClientProcessId": "14928",
      "CountOfCredentialsReturned": "1",
      "ProcessCreationTime": "2024-12-16T14:59:56.2501338Z",
      "ReadOperation": "%%8099",
      "ReturnCode": "0",
      "SubjectDomainName": "DANSDESKTOP",
      "SubjectLogonId": "0x4c0db",
      "SubjectUserName": "danfe",
      "SubjectUserSid": "S-1-5-21-1680856076-1700718083-3477311726-1001",
      "TargetName": "NordPass/StartHidden",
      "Type": "1"
    },
    "System": {
      "Channel": "Security",
      "Computer": "dansDesktop",
      "Correlation": {},
      "EventID": "5379",
      "EventRecordID": "8247821",
      "Execution": {
        "ProcessID": "1128",
        "ThreadID": "16692"
      },
      "Keywords": "0x8020000000000000",
      "Level": "0",
      "Opcode": "0",
      "Provider": {
        "Guid": "{54849625-5478-4994-a5ba-3e3b0328c30d}",
        "Name": "Microsoft-Windows-Security-Auditing"
      },
      "Security": {
        "UserID": ""
      },
      "Task": "13824",
      "TimeCreated": {
        "SystemTime": "2024-12-30T23:12:27.4515111Z"
      },
      "Version": "0"
    }
  }
}
2024/12/30 23:12:28 Received log message from agent {
  "Event": {
    "EventData": {
      "ClientProcessId": "14928",
      "CountOfCredentialsReturned": "1",
      "ProcessCreationTime": "2024-12-16T14:59:56.2501338Z",
      "ReadOperation": "%%8099",
      "ReturnCode": "0",
      "SubjectDomainName": "DANSDESKTOP",
      "SubjectLogonId": "0x4c0db",
      "SubjectUserName": "danfe",
      "SubjectUserSid": "S-1-5-21-1680856076-1700718083-3477311726-1001",
      "TargetName": "NordPass/WindowState",
      "Type": "1"
    },
    "System": {
      "Channel": "Security",
      "Computer": "dansDesktop",
      "Correlation": {},
      "EventID": "5379",
      "EventRecordID": "8247822",
      "Execution": {
        "ProcessID": "1128",
        "ThreadID": "59508"
      },
      "Keywords": "0x8020000000000000",
      "Level": "0",
      "Opcode": "0",
      "Provider": {
        "Guid": "{54849625-5478-4994-a5ba-3e3b0328c30d}",
        "Name": "Microsoft-Windows-Security-Auditing"
      },
      "Security": {
        "UserID": ""
      },
      "Task": "13824",
      "TimeCreated": {
        "SystemTime": "2024-12-30T23:12:27.4515674Z"
      },
      "Version": "0"
    }
  }
}
2024/12/30 23:12:28 Received log message from agent {
  "Event": {
    "EventData": {
      "ClientProcessId": "14928",
      "CountOfCredentialsReturned": "1",
      "ProcessCreationTime": "2024-12-16T14:59:56.2501338Z",
      "ReadOperation": "%%8099",
      "ReturnCode": "0",
      "SubjectDomainName": "DANSDESKTOP",
      "SubjectLogonId": "0x4c0db",
      "SubjectUserName": "danfe",
      "SubjectUserSid": "S-1-5-21-1680856076-1700718083-3477311726-1001",
      "TargetName": "NordPass/ShouldOpenOnLogin",
      "Type": "1"
    },
    "System": {
      "Channel": "Security",
      "Computer": "dansDesktop",
      "Correlation": {},
      "EventID": "5379",
      "EventRecordID": "8247823",
      "Execution": {
        "ProcessID": "1128",
        "ThreadID": "16692"
      },
      "Keywords": "0x8020000000000000",
      "Level": "0",
      "Opcode": "0",
      "Provider": {
        "Guid": "{54849625-5478-4994-a5ba-3e3b0328c30d}",
        "Name": "Microsoft-Windows-Security-Auditing"
      },
      "Security": {
        "UserID": ""
      },
      "Task": "13824",
      "TimeCreated": {
        "SystemTime": "2024-12-30T23:12:27.4516684Z"
      },
      "Version": "0"
    }
  }
}
2024/12/30 23:12:28 Received log message from agent {
  "Event": {
    "EventData": {
      "ClientProcessId": "14928",
      "CountOfCredentialsReturned": "1",
      "ProcessCreationTime": "2024-12-16T14:59:56.2501338Z",
      "ReadOperation": "%%8099",
      "ReturnCode": "0",
      "SubjectDomainName": "DANSDESKTOP",
      "SubjectLogonId": "0x4c0db",
      "SubjectUserName": "danfe",
      "SubjectUserSid": "S-1-5-21-1680856076-1700718083-3477311726-1001",
      "TargetName": "NordPass/DbHash",
      "Type": "1"
    },
    "System": {
      "Channel": "Security",
      "Computer": "dansDesktop",
      "Correlation": {},
      "EventID": "5379",
      "EventRecordID": "8247824",
      "Execution": {
        "ProcessID": "1128",
        "ThreadID": "59508"
      },
      "Keywords": "0x8020000000000000",
      "Level": "0",
      "Opcode": "0",
      "Provider": {
        "Guid": "{54849625-5478-4994-a5ba-3e3b0328c30d}",
        "Name": "Microsoft-Windows-Security-Auditing"
      },
      "Security": {
        "UserID": ""
      },
      "Task": "13824",
      "TimeCreated": {
        "SystemTime": "2024-12-30T23:12:27.4517241Z"
      },
      "Version": "0"
    }
  }
}
2024/12/30 23:12:28 Received log message from agent {
  "Event": {
    "EventData": {
      "ClientProcessId": "14928",
      "CountOfCredentialsReturned": "1",
      "ProcessCreationTime": "2024-12-16T14:59:56.2501338Z",
      "ReadOperation": "%%8099",
      "ReturnCode": "0",
      "SubjectDomainName": "DANSDESKTOP",
      "SubjectLogonId": "0x4c0db",
      "SubjectUserName": "danfe",
      "SubjectUserSid": "S-1-5-21-1680856076-1700718083-3477311726-1001",
      "TargetName": "NordPass/ConnectedBrowsers",
      "Type": "1"
    },
    "System": {
      "Channel": "Security",
      "Computer": "dansDesktop",
      "Correlation": {},
      "EventID": "5379",
      "EventRecordID": "8247825",
      "Execution": {
        "ProcessID": "1128",
        "ThreadID": "22396"
      },
      "Keywords": "0x8020000000000000",
      "Level": "0",
      "Opcode": "0",
      "Provider": {
        "Guid": "{54849625-5478-4994-a5ba-3e3b0328c30d}",
        "Name": "Microsoft-Windows-Security-Auditing"
      },
      "Security": {
        "UserID": ""
      },
      "Task": "13824",
      "TimeCreated": {
        "SystemTime": "2024-12-30T23:12:27.4517706Z"
      },
      "Version": "0"
    }
  }
}
2024/12/30 23:12:28 Received log message from agent {
  "Event": {
    "EventData": {
      "ClientProcessId": "14928",
      "CountOfCredentialsReturned": "1",
      "ProcessCreationTime": "2024-12-16T14:59:56.2501338Z",
      "ReadOperation": "%%8099",
      "ReturnCode": "0",
      "SubjectDomainName": "DANSDESKTOP",
      "SubjectLogonId": "0x4c0db",
      "SubjectUserName": "danfe",
      "SubjectUserSid": "S-1-5-21-1680856076-1700718083-3477311726-1001",
      "TargetName": "NordPass/AppTheme",
      "Type": "1"
    },
    "System": {
      "Channel": "Security",
      "Computer": "dansDesktop",
      "Correlation": {},
      "EventID": "5379",
      "EventRecordID": "8247826",
      "Execution": {
        "ProcessID": "1128",
        "ThreadID": "27972"
      },
      "Keywords": "0x8020000000000000",
      "Level": "0",
      "Opcode": "0",
      "Provider": {
        "Guid": "{54849625-5478-4994-a5ba-3e3b0328c30d}",
        "Name": "Microsoft-Windows-Security-Auditing"
      },
      "Security": {
        "UserID": ""
      },
      "Task": "13824",
      "TimeCreated": {
        "SystemTime": "2024-12-30T23:12:27.4518302Z"
      },
      "Version": "0"
    }
  }
}
2024/12/30 23:12:28 Received log message from agent {
  "Event": {
    "EventData": {
      "ClientProcessId": "14928",
      "CountOfCredentialsReturned": "1",
      "ProcessCreationTime": "2024-12-16T14:59:56.2501338Z",
      "ReadOperation": "%%8099",
      "ReturnCode": "0",
      "SubjectDomainName": "DANSDESKTOP",
      "SubjectLogonId": "0x4c0db",
      "SubjectUserName": "danfe",
      "SubjectUserSid": "S-1-5-21-1680856076-1700718083-3477311726-1001",
      "TargetName": "NordPass/AppLocale",
      "Type": "1"
    },
    "System": {
      "Channel": "Security",
      "Computer": "dansDesktop",
      "Correlation": {},
      "EventID": "5379",
      "EventRecordID": "8247827",
      "Execution": {
        "ProcessID": "1128",
        "ThreadID": "59508"
      },
      "Keywords": "0x8020000000000000",
      "Level": "0",
      "Opcode": "0",
      "Provider": {
        "Guid": "{54849625-5478-4994-a5ba-3e3b0328c30d}",
        "Name": "Microsoft-Windows-Security-Auditing"
      },
      "Security": {
        "UserID": ""
      },
      "Task": "13824",
      "TimeCreated": {
        "SystemTime": "2024-12-30T23:12:27.4518722Z"
      },
      "Version": "0"
    }
  }
}
2024/12/30 23:12:28 Received log message from agent {
  "Event": {
    "EventData": {
      "ClientProcessId": "14928",
      "CountOfCredentialsReturned": "1",
      "ProcessCreationTime": "2024-12-16T14:59:56.2501338Z",
      "ReadOperation": "%%8099",
      "ReturnCode": "0",
      "SubjectDomainName": "DANSDESKTOP",
      "SubjectLogonId": "0x4c0db",
      "SubjectUserName": "danfe",
      "SubjectUserSid": "S-1-5-21-1680856076-1700718083-3477311726-1001",
      "TargetName": "NordPass/AppVersion",
      "Type": "1"
    },
    "System": {
      "Channel": "Security",
      "Computer": "dansDesktop",
      "Correlation": {},
      "EventID": "5379",
      "EventRecordID": "8247828",
      "Execution": {
        "ProcessID": "1128",
        "ThreadID": "22396"
      },
      "Keywords": "0x8020000000000000",
      "Level": "0",
      "Opcode": "0",
      "Provider": {
        "Guid": "{54849625-5478-4994-a5ba-3e3b0328c30d}",
        "Name": "Microsoft-Windows-Security-Auditing"
      },
      "Security": {
        "UserID": ""
      },
      "Task": "13824",
      "TimeCreated": {
        "SystemTime": "2024-12-30T23:12:27.4519222Z"
      },
      "Version": "0"
    }
  }
}
2024/12/30 23:12:28 Received log message from agent {
  "Event": {
    "EventData": {
      "ClientProcessId": "14928",
      "CountOfCredentialsReturned": "1",
      "ProcessCreationTime": "2024-12-16T14:59:56.2501338Z",
      "ReadOperation": "%%8099",
      "ReturnCode": "0",
      "SubjectDomainName": "DANSDESKTOP",
      "SubjectLogonId": "0x4c0db",
      "SubjectUserName": "danfe",
      "SubjectUserSid": "S-1-5-21-1680856076-1700718083-3477311726-1001",
      "TargetName": "NordPass/AccountList",
      "Type": "1"
    },
    "System": {
      "Channel": "Security",
      "Computer": "dansDesktop",
      "Correlation": {},
      "EventID": "5379",
      "EventRecordID": "8247829",
      "Execution": {
        "ProcessID": "1128",
        "ThreadID": "27972"
      },
      "Keywords": "0x8020000000000000",
      "Level": "0",
      "Opcode": "0",
      "Provider": {
        "Guid": "{54849625-5478-4994-a5ba-3e3b0328c30d}",
        "Name": "Microsoft-Windows-Security-Auditing"
      },
      "Security": {
        "UserID": ""
      },
      "Task": "13824",
      "TimeCreated": {
        "SystemTime": "2024-12-30T23:12:27.4520249Z"
      },
      "Version": "0"
    }
  }
}
2024/12/30 23:12:28 Received log message from agent {
  "Event": {
    "EventData": {
      "ClientProcessId": "14928",
      "CountOfCredentialsReturned": "1",
      "ProcessCreationTime": "2024-12-16T14:59:56.2501338Z",
      "ReadOperation": "%%8099",
      "ReturnCode": "0",
      "SubjectDomainName": "DANSDESKTOP",
      "SubjectLogonId": "0x4c0db",
      "SubjectUserName": "danfe",
      "SubjectUserSid": "S-1-5-21-1680856076-1700718083-3477311726-1001",
      "TargetName": "NordPass/split_Features0",
      "Type": "1"
    },
    "System": {
      "Channel": "Security",
      "Computer": "dansDesktop",
      "Correlation": {},
      "EventID": "5379",
      "EventRecordID": "8247830",
      "Execution": {
        "ProcessID": "1128",
        "ThreadID": "59508"
      },
      "Keywords": "0x8020000000000000",
      "Level": "0",
      "Opcode": "0",
      "Provider": {
        "Guid": "{54849625-5478-4994-a5ba-3e3b0328c30d}",
        "Name": "Microsoft-Windows-Security-Auditing"
      },
      "Security": {
        "UserID": ""
      },
      "Task": "13824",
      "TimeCreated": {
        "SystemTime": "2024-12-30T23:12:27.4522090Z"
      },
      "Version": "0"
    }
  }
}
2024/12/30 23:12:28 Received log message from agent {
  "Event": {
    "EventData": {
      "ClientProcessId": "14928",
      "CountOfCredentialsReturned": "1",
      "ProcessCreationTime": "2024-12-16T14:59:56.2501338Z",
      "ReadOperation": "%%8099",
      "ReturnCode": "0",
      "SubjectDomainName": "DANSDESKTOP",
      "SubjectLogonId": "0x4c0db",
      "SubjectUserName": "danfe",
      "SubjectUserSid": "S-1-5-21-1680856076-1700718083-3477311726-1001",
      "TargetName": "NordPass/split_Features1",
      "Type": "1"
    },
    "System": {
      "Channel": "Security",
      "Computer": "dansDesktop",
      "Correlation": {},
      "EventID": "5379",
      "EventRecordID": "8247831",
      "Execution": {
        "ProcessID": "1128",
        "ThreadID": "59508"
      },
      "Keywords": "0x8020000000000000",
      "Level": "0",
      "Opcode": "0",
      "Provider": {
        "Guid": "{54849625-5478-4994-a5ba-3e3b0328c30d}",
        "Name": "Microsoft-Windows-Security-Auditing"
      },
      "Security": {
        "UserID": ""
      },
      "Task": "13824",
      "TimeCreated": {
        "SystemTime": "2024-12-30T23:12:27.4529485Z"
      },
      "Version": "0"
    }
  }
}
2024/12/30 23:12:28 Received log message from agent {
  "Event": {
    "EventData": {
      "ClientProcessId": "14928",
      "CountOfCredentialsReturned": "1",
      "ProcessCreationTime": "2024-12-16T14:59:56.2501338Z",
      "ReadOperation": "%%8099",
      "ReturnCode": "0",
      "SubjectDomainName": "DANSDESKTOP",
      "SubjectLogonId": "0x4c0db",
      "SubjectUserName": "danfe",
      "SubjectUserSid": "S-1-5-21-1680856076-1700718083-3477311726-1001",
      "TargetName": "NordPass/split_Features3",
      "Type": "1"
    },
    "System": {
      "Channel": "Security",
      "Computer": "dansDesktop",
      "Correlation": {},
      "EventID": "5379",
      "EventRecordID": "8247833",
      "Execution": {
        "ProcessID": "1128",
        "ThreadID": "59508"
      },
      "Keywords": "0x8020000000000000",
      "Level": "0",
      "Opcode": "0",
      "Provider": {
        "Guid": "{54849625-5478-4994-a5ba-3e3b0328c30d}",
        "Name": "Microsoft-Windows-Security-Auditing"
      },
      "Security": {
        "UserID": ""
      },
      "Task": "13824",
      "TimeCreated": {
        "SystemTime": "2024-12-30T23:12:27.4544236Z"
      },
      "Version": "0"
    }
  }
}
2024/12/30 23:12:28 Received log message from agent {
  "Event": {
    "EventData": {
      "ClientProcessId": "14928",
      "CountOfCredentialsReturned": "1",
      "ProcessCreationTime": "2024-12-16T14:59:56.2501338Z",
      "ReadOperation": "%%8099",
      "ReturnCode": "0",
      "SubjectDomainName": "DANSDESKTOP",
      "SubjectLogonId": "0x4c0db",
      "SubjectUserName": "danfe",
      "SubjectUserSid": "S-1-5-21-1680856076-1700718083-3477311726-1001",
      "TargetName": "NordPass/split_Features2",
      "Type": "1"
    },
    "System": {
      "Channel": "Security",
      "Computer": "dansDesktop",
      "Correlation": {},
      "EventID": "5379",
      "EventRecordID": "8247832",
      "Execution": {
        "ProcessID": "1128",
        "ThreadID": "59508"
      },
      "Keywords": "0x8020000000000000",
      "Level": "0",
      "Opcode": "0",
      "Provider": {
        "Guid": "{54849625-5478-4994-a5ba-3e3b0328c30d}",
        "Name": "Microsoft-Windows-Security-Auditing"
      },
      "Security": {
        "UserID": ""
      },
      "Task": "13824",
      "TimeCreated": {
        "SystemTime": "2024-12-30T23:12:27.4536885Z"
      },
      "Version": "0"
    }
  }
}
2024/12/30 23:12:28 Received log message from agent {
  "Event": {
    "EventData": {
      "ClientProcessId": "14928",
      "CountOfCredentialsReturned": "1",
      "ProcessCreationTime": "2024-12-16T14:59:56.2501338Z",
      "ReadOperation": "%%8099",
      "ReturnCode": "0",
      "SubjectDomainName": "DANSDESKTOP",
      "SubjectLogonId": "0x4c0db",
      "SubjectUserName": "danfe",
      "SubjectUserSid": "S-1-5-21-1680856076-1700718083-3477311726-1001",
      "TargetName": "NordPass/split_Features4",
      "Type": "1"
    },
    "System": {
      "Channel": "Security",
      "Computer": "dansDesktop",
      "Correlation": {},
      "EventID": "5379",
      "EventRecordID": "8247834",
      "Execution": {
        "ProcessID": "1128",
        "ThreadID": "59508"
      },
      "Keywords": "0x8020000000000000",
      "Level": "0",
      "Opcode": "0",
      "Provider": {
        "Guid": "{54849625-5478-4994-a5ba-3e3b0328c30d}",
        "Name": "Microsoft-Windows-Security-Auditing"
      },
      "Security": {
        "UserID": ""
      },
      "Task": "13824",
      "TimeCreated": {
        "SystemTime": "2024-12-30T23:12:27.4551376Z"
      },
      "Version": "0"
    }
  }
}
2024/12/30 23:12:28 Received log message from agent {
  "Event": {
    "EventData": {
      "ClientProcessId": "14928",
      "CountOfCredentialsReturned": "1",
      "ProcessCreationTime": "2024-12-16T14:59:56.2501338Z",
      "ReadOperation": "%%8099",
      "ReturnCode": "0",
      "SubjectDomainName": "DANSDESKTOP",
      "SubjectLogonId": "0x4c0db",
      "SubjectUserName": "danfe",
      "SubjectUserSid": "S-1-5-21-1680856076-1700718083-3477311726-1001",
      "TargetName": "NordPass/split_Features5",
      "Type": "1"
    },
    "System": {
      "Channel": "Security",
      "Computer": "dansDesktop",
      "Correlation": {},
      "EventID": "5379",
      "EventRecordID": "8247835",
      "Execution": {
        "ProcessID": "1128",
        "ThreadID": "59508"
      },
      "Keywords": "0x8020000000000000",
      "Level": "0",
      "Opcode": "0",
      "Provider": {
        "Guid": "{54849625-5478-4994-a5ba-3e3b0328c30d}",
        "Name": "Microsoft-Windows-Security-Auditing"
      },
      "Security": {
        "UserID": ""
      },
      "Task": "13824",
      "TimeCreated": {
        "SystemTime": "2024-12-30T23:12:27.4558429Z"
      },
      "Version": "0"
    }
  }
}
2024/12/30 23:12:28 Received log message from agent {
  "Event": {
    "EventData": {
      "ClientProcessId": "14928",
      "CountOfCredentialsReturned": "1",
      "ProcessCreationTime": "2024-12-16T14:59:56.2501338Z",
      "ReadOperation": "%%8099",
      "ReturnCode": "0",
      "SubjectDomainName": "DANSDESKTOP",
      "SubjectLogonId": "0x4c0db",
      "SubjectUserName": "danfe",
      "SubjectUserSid": "S-1-5-21-1680856076-1700718083-3477311726-1001",
      "TargetName": "NordPass/split_Features6",
      "Type": "1"
    },
    "System": {
      "Channel": "Security",
      "Computer": "dansDesktop",
      "Correlation": {},
      "EventID": "5379",
      "EventRecordID": "8247836",
      "Execution": {
        "ProcessID": "1128",
        "ThreadID": "59508"
      },
      "Keywords": "0x8020000000000000",
      "Level": "0",
      "Opcode": "0",
      "Provider": {
        "Guid": "{54849625-5478-4994-a5ba-3e3b0328c30d}",
        "Name": "Microsoft-Windows-Security-Auditing"
      },
      "Security": {
        "UserID": ""
      },
      "Task": "13824",
      "TimeCreated": {
        "SystemTime": "2024-12-30T23:12:27.4565583Z"
      },
      "Version": "0"
    }
  }
}
2024/12/30 23:12:28 Received log message from agent {
  "Event": {
    "EventData": {
      "ClientProcessId": "14928",
      "CountOfCredentialsReturned": "1",
      "ProcessCreationTime": "2024-12-16T14:59:56.2501338Z",
      "ReadOperation": "%%8099",
      "ReturnCode": "0",
      "SubjectDomainName": "DANSDESKTOP",
      "SubjectLogonId": "0x4c0db",
      "SubjectUserName": "danfe",
      "SubjectUserSid": "S-1-5-21-1680856076-1700718083-3477311726-1001",
      "TargetName": "NordPass/split_Features7",
      "Type": "1"
    },
    "System": {
      "Channel": "Security",
      "Computer": "dansDesktop",
      "Correlation": {},
      "EventID": "5379",
      "EventRecordID": "8247837",
      "Execution": {
        "ProcessID": "1128",
        "ThreadID": "59508"
      },
      "Keywords": "0x8020000000000000",
      "Level": "0",
      "Opcode": "0",
      "Provider": {
        "Guid": "{54849625-5478-4994-a5ba-3e3b0328c30d}",
        "Name": "Microsoft-Windows-Security-Auditing"
      },
      "Security": {
        "UserID": ""
      },
      "Task": "13824",
      "TimeCreated": {
        "SystemTime": "2024-12-30T23:12:27.4572802Z"
      },
      "Version": "0"
    }
  }
}
2024/12/30 23:12:28 Received log message from agent {
  "Event": {
    "EventData": {
      "ClientProcessId": "14928",
      "CountOfCredentialsReturned": "1",
      "ProcessCreationTime": "2024-12-16T14:59:56.2501338Z",
      "ReadOperation": "%%8099",
      "ReturnCode": "0",
      "SubjectDomainName": "DANSDESKTOP",
      "SubjectLogonId": "0x4c0db",
      "SubjectUserName": "danfe",
      "SubjectUserSid": "S-1-5-21-1680856076-1700718083-3477311726-1001",
      "TargetName": "NordPass/split_Features8",
      "Type": "1"
    },
    "System": {
      "Channel": "Security",
      "Computer": "dansDesktop",
      "Correlation": {},
      "EventID": "5379",
      "EventRecordID": "8247838",
      "Execution": {
        "ProcessID": "1128",
        "ThreadID": "59508"
      },
      "Keywords": "0x8020000000000000",
      "Level": "0",
      "Opcode": "0",
      "Provider": {
        "Guid": "{54849625-5478-4994-a5ba-3e3b0328c30d}",
        "Name": "Microsoft-Windows-Security-Auditing"
      },
      "Security": {
        "UserID": ""
      },
      "Task": "13824",
      "TimeCreated": {
        "SystemTime": "2024-12-30T23:12:27.4580019Z"
      },
      "Version": "0"
    }
  }
}
2024/12/30 23:12:28 Received log message from agent {
  "Event": {
    "EventData": {
      "ClientProcessId": "14928",
      "CountOfCredentialsReturned": "1",
      "ProcessCreationTime": "2024-12-16T14:59:56.2501338Z",
      "ReadOperation": "%%8099",
      "ReturnCode": "0",
      "SubjectDomainName": "DANSDESKTOP",
      "SubjectLogonId": "0x4c0db",
      "SubjectUserName": "danfe",
      "SubjectUserSid": "S-1-5-21-1680856076-1700718083-3477311726-1001",
      "TargetName": "NordPass/split_Features9",
      "Type": "1"
    },
    "System": {
      "Channel": "Security",
      "Computer": "dansDesktop",
      "Correlation": {},
      "EventID": "5379",
      "EventRecordID": "8247839",
      "Execution": {
        "ProcessID": "1128",
        "ThreadID": "59508"
      },
      "Keywords": "0x8020000000000000",
      "Level": "0",
      "Opcode": "0",
      "Provider": {
        "Guid": "{54849625-5478-4994-a5ba-3e3b0328c30d}",
        "Name": "Microsoft-Windows-Security-Auditing"
      },
      "Security": {
        "UserID": ""
      },
      "Task": "13824",
      "TimeCreated": {
        "SystemTime": "2024-12-30T23:12:27.4587122Z"
      },
      "Version": "0"
    }
  }
}
2024/12/30 23:12:28 Received log message from agent {
  "Event": {
    "EventData": {
      "ClientProcessId": "14928",
      "CountOfCredentialsReturned": "1",
      "ProcessCreationTime": "2024-12-16T14:59:56.2501338Z",
      "ReadOperation": "%%8099",
      "ReturnCode": "0",
      "SubjectDomainName": "DANSDESKTOP",
      "SubjectLogonId": "0x4c0db",
      "SubjectUserName": "danfe",
      "SubjectUserSid": "S-1-5-21-1680856076-1700718083-3477311726-1001",
      "TargetName": "NordPass/split_Features10",
      "Type": "1"
    },
    "System": {
      "Channel": "Security",
      "Computer": "dansDesktop",
      "Correlation": {},
      "EventID": "5379",
      "EventRecordID": "8247840",
      "Execution": {
        "ProcessID": "1128",
        "ThreadID": "59508"
      },
      "Keywords": "0x8020000000000000",
      "Level": "0",
      "Opcode": "0",
      "Provider": {
        "Guid": "{54849625-5478-4994-a5ba-3e3b0328c30d}",
        "Name": "Microsoft-Windows-Security-Auditing"
      },
      "Security": {
        "UserID": ""
      },
      "Task": "13824",
      "TimeCreated": {
        "SystemTime": "2024-12-30T23:12:27.4594171Z"
      },
      "Version": "0"
    }
  }
}
2024/12/30 23:12:28 Received log message from agent {
  "Event": {
    "EventData": {
      "ClientProcessId": "14928",
      "CountOfCredentialsReturned": "1",
      "ProcessCreationTime": "2024-12-16T14:59:56.2501338Z",
      "ReadOperation": "%%8099",
      "ReturnCode": "0",
      "SubjectDomainName": "DANSDESKTOP",
      "SubjectLogonId": "0x4c0db",
      "SubjectUserName": "danfe",
      "SubjectUserSid": "S-1-5-21-1680856076-1700718083-3477311726-1001",
      "TargetName": "NordPass/split_Features11",
      "Type": "1"
    },
    "System": {
      "Channel": "Security",
      "Computer": "dansDesktop",
      "Correlation": {},
      "EventID": "5379",
      "EventRecordID": "8247841",
      "Execution": {
        "ProcessID": "1128",
        "ThreadID": "59508"
      },
      "Keywords": "0x8020000000000000",
      "Level": "0",
      "Opcode": "0",
      "Provider": {
        "Guid": "{54849625-5478-4994-a5ba-3e3b0328c30d}",
        "Name": "Microsoft-Windows-Security-Auditing"
      },
      "Security": {
        "UserID": ""
      },
      "Task": "13824",
      "TimeCreated": {
        "SystemTime": "2024-12-30T23:12:27.4601455Z"
      },
      "Version": "0"
    }
  }
}
2024/12/30 23:12:28 Received log message from agent {
  "Event": {
    "EventData": {
      "ClientProcessId": "14928",
      "CountOfCredentialsReturned": "1",
      "ProcessCreationTime": "2024-12-16T14:59:56.2501338Z",
      "ReadOperation": "%%8099",
      "ReturnCode": "0",
      "SubjectDomainName": "DANSDESKTOP",
      "SubjectLogonId": "0x4c0db",
      "SubjectUserName": "danfe",
      "SubjectUserSid": "S-1-5-21-1680856076-1700718083-3477311726-1001",
      "TargetName": "NordPass/split_Features12",
      "Type": "1"
    },
    "System": {
      "Channel": "Security",
      "Computer": "dansDesktop",
      "Correlation": {},
      "EventID": "5379",
      "EventRecordID": "8247842",
      "Execution": {
        "ProcessID": "1128",
        "ThreadID": "59508"
      },
      "Keywords": "0x8020000000000000",
      "Level": "0",
      "Opcode": "0",
      "Provider": {
        "Guid": "{54849625-5478-4994-a5ba-3e3b0328c30d}",
        "Name": "Microsoft-Windows-Security-Auditing"
      },
      "Security": {
        "UserID": ""
      },
      "Task": "13824",
      "TimeCreated": {
        "SystemTime": "2024-12-30T23:12:27.4607832Z"
      },
      "Version": "0"
    }
  }
}
2024/12/30 23:12:30 Received log message from agent {
  "name": "wuauserv",
  "status": "Stopped",
  "timestamp": "2024-12-30T17:12:30.7258572-06:00"
}
2024/12/30 23:12:30 Received log message from agent {
  "name": "EventLog",
  "status": "Running",
  "timestamp": "2024-12-30T17:12:30.726909-06:00"
}
2024/12/30 23:12:31 Received log message from agent {
  "cpu": {
    "count": 8,
    "usage_percent": [
      40.625,
      4.6875,
      1.5625,
      9.375,
      0,
      3.125,
      0,
      21.875
    ]
  },
  "memory": {
    "free": 4039348224,
    "total": 16996769792,
    "usage_percent": 76,
    "used": 12957421568
  },
  "network": {
    "bytes_recv": 16940903163,
    "bytes_sent": 1952568228,
    "packets_recv": 15701346,
    "packets_sent": 7344942
  },
  "temperature": [
    {
      "sensor_key": "ACPI\\ThermalZone\\TZ00_0",
      "temperature": 27.85
    },
    {
      "sensor_key": "ACPI\\ThermalZone\\TZ01_0",
      "temperature": 29.85
    }
  ],
  "timestamp": "2024-12-30T17:12:30.7258572-06:00"
}
2024/12/30 23:12:34 Received log message from agent {
  "name": "EventLog",
  "status": "Running",
  "timestamp": "2024-12-30T17:12:34.7261778-06:00"
}
2024/12/30 23:12:34 Received log message from agent {
  "name": "wuauserv",
  "status": "Stopped",
  "timestamp": "2024-12-30T17:12:34.725674-06:00"
}
2024/12/30 23:12:35 Received log message from agent {
  "cpu": {
    "count": 8,
    "usage_percent": [
      0,
      20.3125,
      1.5873015873015872,
      0,
      4.6875,
      28.125,
      12.5,
      18.75
    ]
  },
  "memory": {
    "free": 4037791744,
    "total": 16996769792,
    "usage_percent": 76,
    "used": 12958978048
  },
  "network": {
    "bytes_recv": 16940904525,
    "bytes_sent": 1952569255,
    "packets_recv": 15701363,
    "packets_sent": 7344959
  },
  "temperature": [
    {
      "sensor_key": "ACPI\\ThermalZone\\TZ00_0",
      "temperature": 27.85
    },
    {
      "sensor_key": "ACPI\\ThermalZone\\TZ01_0",
      "temperature": 29.85
    }
  ],
  "timestamp": "2024-12-30T17:12:34.725674-06:00"
}
2024/12/30 23:12:38 Received log message from agent {
  "name": "wuauserv",
  "status": "Stopped",
  "timestamp": "2024-12-30T17:12:38.7259567-06:00"
}
2024/12/30 23:12:38 Received log message from agent {
  "name": "EventLog",
  "status": "Running",
  "timestamp": "2024-12-30T17:12:38.72627-06:00"
}
2024/12/30 23:12:39 Received log message from agent {
  "cpu": {
    "count": 8,
    "usage_percent": [
      36.507936507936506,
      4.6875,
      23.076923076923077,
      0,
      0,
      0,
      0,
      7.6923076923076925
    ]
  },
  "memory": {
    "free": 4031672320,
    "total": 16996769792,
    "usage_percent": 76,
    "used": 12965097472
  },
  "network": {
    "bytes_recv": 16940943968,
    "bytes_sent": 1952609918,
    "packets_recv": 15701483,
    "packets_sent": 7345056
  },
  "temperature": [
    {
      "sensor_key": "ACPI\\ThermalZone\\TZ00_0",
      "temperature": 27.85
    },
    {
      "sensor_key": "ACPI\\ThermalZone\\TZ01_0",
      "temperature": 29.85
    }
  ],
  "timestamp": "2024-12-30T17:12:38.7257988-06:00"
}
2024/12/30 23:12:42 Received log message from agent {
  "name": "wuauserv",
  "status": "Stopped",
  "timestamp": "2024-12-30T17:12:42.7263017-06:00"
}
2024/12/30 23:12:42 Received log message from agent {
  "name": "EventLog",
  "status": "Running",
  "timestamp": "2024-12-30T17:12:42.7266813-06:00"
}
2024/12/30 23:12:43 Received log message from agent {
  "cpu": {
    "count": 8,
    "usage_percent": [
      3.125,
      9.375,
      4.6875,
      0,
      1.5625,
      50,
      0,
      1.5873015873015872
    ]
  },
  "memory": {
    "free": 4031385600,
    "total": 16996769792,
    "usage_percent": 76,
    "used": 12965384192
  },
  "network": {
    "bytes_recv": 16940945822,
    "bytes_sent": 1952612163,
    "packets_recv": 15701499,
    "packets_sent": 7345073
  },
  "temperature": [
    {
      "sensor_key": "ACPI\\ThermalZone\\TZ00_0",
      "temperature": 27.85
    },
    {
      "sensor_key": "ACPI\\ThermalZone\\TZ01_0",
      "temperature": 29.85
    }
  ],
  "timestamp": "2024-12-30T17:12:42.7254576-06:00"
}
2024/12/30 23:12:46 Received log message from agent {
  "name": "wuauserv",
  "status": "Stopped",
  "timestamp": "2024-12-30T17:12:46.7256224-06:00"
}
2024/12/30 23:12:46 Received log message from agent {
  "name": "EventLog",
  "status": "Running",
  "timestamp": "2024-12-30T17:12:46.7261267-06:00"
}
2024/12/30 23:12:47 Received log message from agent {
  "cpu": {
    "count": 8,
    "usage_percent": [
      29.6875,
      1.5384615384615385,
      1.5625,
      4.615384615384616,
      0,
      21.875,
      4.615384615384616,
      15.625
    ]
  },
  "memory": {
    "free": 4032786432,
    "total": 16996769792,
    "usage_percent": 76,
    "used": 12963983360
  },
  "network": {
    "bytes_recv": 16940947319,
    "bytes_sent": 1952613199,
    "packets_recv": 15701515,
    "packets_sent": 7345089
  },
  "temperature": [
    {
      "sensor_key": "ACPI\\ThermalZone\\TZ00_0",
      "temperature": 27.85
    },
    {
      "sensor_key": "ACPI\\ThermalZone\\TZ01_0",
      "temperature": 29.85
    }
  ],
  "timestamp": "2024-12-30T17:12:46.7254841-06:00"
}
2024/12/30 23:12:49 Received log message from agent {
  "response_time": 292403900,
  "status": "Up",
  "status_code": 200,
  "timestamp": "2024-12-30T17:12:49.0176557-06:00",
  "url": "https://www.google.com"
}
2024/12/30 23:12:49 Received log message from agent {
  "response_time": 1007317800,
  "status": "Up",
  "status_code": 200,
  "timestamp": "2024-12-30T17:12:49.7325696-06:00",
  "url": "https://www.github.com"
}
2024/12/30 23:12:50 Received log message from agent {
  "name": "wuauserv",
  "status": "Stopped",
  "timestamp": "2024-12-30T17:12:50.7254808-06:00"
}
2024/12/30 23:12:50 Received log message from agent {
  "name": "EventLog",
  "status": "Running",
  "timestamp": "2024-12-30T17:12:50.7263202-06:00"
}
2024/12/30 23:12:51 Received log message from agent {
  "cpu": {
    "count": 8,
    "usage_percent": [
      14.0625,
      0,
      6.153846153846154,
      0,
      31.25,
      20.3125,
      0,
      1.5384615384615385
    ]
  },
  "memory": {
    "free": 4034002944,
    "total": 16996769792,
    "usage_percent": 76,
    "used": 12962766848
  },
  "network": {
    "bytes_recv": 16941018933,
    "bytes_sent": 1952630700,
    "packets_recv": 15701609,
    "packets_sent": 7345151
  },
  "temperature": [
    {
      "sensor_key": "ACPI\\ThermalZone\\TZ00_0",
      "temperature": 27.85
    },
    {
      "sensor_key": "ACPI\\ThermalZone\\TZ01_0",
      "temperature": 29.85
    }
  ],
  "timestamp": "2024-12-30T17:12:50.7254808-06:00"
}
2024/12/30 23:12:54 Received log message from agent {
  "name": "wuauserv",
  "status": "Stopped",
  "timestamp": "2024-12-30T17:12:54.7261178-06:00"
}
2024/12/30 23:12:54 Received log message from agent {
  "name": "EventLog",
  "status": "Running",
  "timestamp": "2024-12-30T17:12:54.7268069-06:00"
}
2024/12/30 23:12:55 Received log message from agent {
  "cpu": {
    "count": 8,
    "usage_percent": [
      43.75,
      12.307692307692308,
      1.5625,
      3.125,
      9.375,
      3.125,
      0,
      1.5873015873015872
    ]
  },
  "memory": {
    "free": 4001914880,
    "total": 16996769792,
    "usage_percent": 76,
    "used": 12994854912
  },
  "network": {
    "bytes_recv": 16941020568,
    "bytes_sent": 1952631837,
    "packets_recv": 15701629,
    "packets_sent": 7345171
  },
  "temperature": [
    {
      "sensor_key": "ACPI\\ThermalZone\\TZ00_0",
      "temperature": 27.85
    },
    {
      "sensor_key": "ACPI\\ThermalZone\\TZ01_0",
      "temperature": 29.85
    }
  ],
  "timestamp": "2024-12-30T17:12:54.7255787-06:00"
}
2024/12/30 23:12:58 Received log message from agent {
  "name": "wuauserv",
  "status": "Stopped",
  "timestamp": "2024-12-30T17:12:58.7262239-06:00"
}
2024/12/30 23:12:58 Received log message from agent {
  "name": "EventLog",
  "status": "Running",
  "timestamp": "2024-12-30T17:12:58.7264046-06:00"
}
2024/12/30 23:12:59 Received log message from agent {
  "cpu": {
    "count": 8,
    "usage_percent": [
      0,
      1.5384615384615385,
      14.0625,
      0,
      0,
      0,
      62.5,
      1.5873015873015872
    ]
  },
  "memory": {
    "free": 4019236864,
    "total": 16996769792,
    "usage_percent": 76,
    "used": 12977532928
  },
  "network": {
    "bytes_recv": 16941029541,
    "bytes_sent": 1952633428,
    "packets_recv": 15701653,
    "packets_sent": 7345196
  },
  "temperature": [
    {
      "sensor_key": "ACPI\\ThermalZone\\TZ00_0",
      "temperature": 27.85
    },
    {
      "sensor_key": "ACPI\\ThermalZone\\TZ01_0",
      "temperature": 29.85
    }
  ],
  "timestamp": "2024-12-30T17:12:58.7259025-06:00"
}
2024/12/30 23:13:02 Received log message from agent {
  "name": "wuauserv",
  "status": "Stopped",
  "timestamp": "2024-12-30T17:13:02.7256793-06:00"
}
2024/12/30 23:13:02 Received log message from agent {
  "name": "EventLog",
  "status": "Running",
  "timestamp": "2024-12-30T17:13:02.7261004-06:00"
}
2024/12/30 23:13:03 Received log message from agent {
  "cpu": {
    "count": 8,
    "usage_percent": [
      25.396825396825395,
      0,
      31.818181818181817,
      15.625,
      0,
      10.9375,
      0,
      1.5384615384615385
    ]
  },
  "memory": {
    "free": 4018413568,
    "total": 16996769792,
    "usage_percent": 76,
    "used": 12978356224
  },
  "network": {
    "bytes_recv": 16941038154,
    "bytes_sent": 1952639886,
    "packets_recv": 15701684,
    "packets_sent": 7345224
  },
  "temperature": [
    {
      "sensor_key": "ACPI\\ThermalZone\\TZ00_0",
      "temperature": 27.85
    },
    {
      "sensor_key": "ACPI\\ThermalZone\\TZ01_0",
      "temperature": 29.85
    }
  ],
  "timestamp": "2024-12-30T17:13:02.7255277-06:00"
}
2024/12/30 23:22:41 Jarvis API Test Server starting on port 8080...
2024/12/30 23:23:04 Received log message from agent {
  "name": "wuauserv",
  "status": "Running",
  "timestamp": "2024-12-30T17:23:04.2229996-06:00"
}
2024/12/30 23:23:04 Received log message from agent {
  "name": "EventLog",
  "status": "Running",
  "timestamp": "2024-12-30T17:23:04.2235759-06:00"
}
2024/12/30 23:23:05 Received log message from agent {
  "cpu": {
    "count": 8,
    "usage_percent": [
      35.9375,
      3.125,
      0,
      0,
      3.125,
      21.875,
      6.25,
      3.125
    ]
  },
  "memory": {
    "free": 4615176192,
    "total": 16996769792,
    "usage_percent": 72,
    "used": 12381593600
  },
  "network": {
    "bytes_recv": 16942559332,
    "bytes_sent": 1953665792,
    "packets_recv": 15706607,
    "packets_sent": 7349628
  },
  "temperature": [
    {
      "sensor_key": "ACPI\\ThermalZone\\TZ00_0",
      "temperature": 27.85
    },
    {
      "sensor_key": "ACPI\\ThermalZone\\TZ01_0",
      "temperature": 29.85
    }
  ],
  "timestamp": "2024-12-30T17:23:04.2225772-06:00"
}
2024/12/30 23:23:08 Received log message from agent {
  "name": "wuauserv",
  "status": "Running",
  "timestamp": "2024-12-30T17:23:08.222558-06:00"
}
2024/12/30 23:23:08 Received log message from agent {
  "name": "EventLog",
  "status": "Running",
  "timestamp": "2024-12-30T17:23:08.2228368-06:00"
}
2024/12/30 23:23:09 Received log message from agent {
  "cpu": {
    "count": 8,
    "usage_percent": [
      23.076923076923077,
      1.5625,
      4.6875,
      6.25,
      0,
      9.375,
      21.875,
      10.9375
    ]
  },
  "memory": {
    "free": 4609003520,
    "total": 16996769792,
    "usage_percent": 72,
    "used": 12387766272
  },
  "network": {
    "bytes_recv": 16942560382,
    "bytes_sent": 1953666386,
    "packets_recv": 15706615,
    "packets_sent": 7349638
  },
  "temperature": [
    {
      "sensor_key": "ACPI\\ThermalZone\\TZ00_0",
      "temperature": 27.85
    },
    {
      "sensor_key": "ACPI\\ThermalZone\\TZ01_0",
      "temperature": 29.85
    }
  ],
  "timestamp": "2024-12-30T17:23:08.2220355-06:00"
}
2024/12/30 23:23:12 Received log message from agent {
  "name": "EventLog",
  "status": "Running",
  "timestamp": "2024-12-30T17:23:12.223175-06:00"
}
2024/12/30 23:23:12 Received log message from agent {
  "name": "wuauserv",
  "status": "Running",
  "timestamp": "2024-12-30T17:23:12.2229021-06:00"
}
2024/12/30 23:23:13 Received log message from agent {
  "cpu": {
    "count": 8,
    "usage_percent": [
      21.875,
      3.125,
      7.8125,
      3.125,
      4.6875,
      17.1875,
      0,
      17.1875
    ]
  },
  "memory": {
    "free": 4608024576,
    "total": 16996769792,
    "usage_percent": 72,
    "used": 12388745216
  },
  "network": {
    "bytes_recv": 16942571692,
    "bytes_sent": 1953671783,
    "packets_recv": 15706645,
    "packets_sent": 7349668
  },
  "temperature": [
    {
      "sensor_key": "ACPI\\ThermalZone\\TZ00_0",
      "temperature": 27.85
    },
    {
      "sensor_key": "ACPI\\ThermalZone\\TZ01_0",
      "temperature": 29.85
    }
  ],
  "timestamp": "2024-12-30T17:23:12.2224558-06:00"
}
2024/12/30 23:23:16 Received log message from agent {
  "name": "wuauserv",
  "status": "Running",
  "timestamp": "2024-12-30T17:23:16.2225097-06:00"
}
2024/12/30 23:23:16 Received log message from agent {
  "name": "EventLog",
  "status": "Running",
  "timestamp": "2024-12-30T17:23:16.2231489-06:00"
}
2024/12/30 23:23:17 Received log message from agent {
  "cpu": {
    "count": 8,
    "usage_percent": [
      36.92307692307693,
      23.4375,
      10.9375,
      0,
      3.125,
      0,
      0,
      6.25
    ]
  },
  "memory": {
    "free": 4566224896,
    "total": 16996769792,
    "usage_percent": 73,
    "used": 12430544896
  },
  "network": {
    "bytes_recv": 16942587441,
    "bytes_sent": 1953685150,
    "packets_recv": 15706727,
    "packets_sent": 7349736
  },
  "temperature": [
    {
      "sensor_key": "ACPI\\ThermalZone\\TZ00_0",
      "temperature": 27.85
    },
    {
      "sensor_key": "ACPI\\ThermalZone\\TZ01_0",
      "temperature": 29.85
    }
  ],
  "timestamp": "2024-12-30T17:23:16.2222878-06:00"
}
2024/12/30 23:23:20 Received log message from agent {
  "name": "wuauserv",
  "status": "Running",
  "timestamp": "2024-12-30T17:23:20.2224051-06:00"
}
2024/12/30 23:23:20 Received log message from agent {
  "name": "EventLog",
  "status": "Running",
  "timestamp": "2024-12-30T17:23:20.2230342-06:00"
}
2024/12/30 23:23:21 Received log message from agent {
  "cpu": {
    "count": 8,
    "usage_percent": [
      7.8125,
      1.5625,
      4.6875,
      39.0625,
      0,
      17.1875,
      0,
      1.5625
    ]
  },
  "memory": {
    "free": 4592373760,
    "total": 16996769792,
    "usage_percent": 72,
    "used": 12404396032
  },
  "network": {
    "bytes_recv": 16942589499,
    "bytes_sent": 1953686473,
    "packets_recv": 15706747,
    "packets_sent": 7349758
  },
  "temperature": [
    {
      "sensor_key": "ACPI\\ThermalZone\\TZ00_0",
      "temperature": 27.85
    },
    {
      "sensor_key": "ACPI\\ThermalZone\\TZ01_0",
      "temperature": 29.85
    }
  ],
  "timestamp": "2024-12-30T17:23:20.2221859-06:00"
}
2024/12/30 23:23:24 Received log message from agent {
  "name": "wuauserv",
  "status": "Running",
  "timestamp": "2024-12-30T17:23:24.2229771-06:00"
}
2024/12/30 23:23:24 Received log message from agent {
  "name": "EventLog",
  "status": "Running",
  "timestamp": "2024-12-30T17:23:24.2241533-06:00"
}
2024/12/30 23:23:25 Received log message from agent {
  "cpu": {
    "count": 8,
    "usage_percent": [
      34.375,
      4.6875,
      1.5625,
      0,
      0,
      35.9375,
      0,
      18.75
    ]
  },
  "memory": {
    "free": 4608352256,
    "total": 16996769792,
    "usage_percent": 72,
    "used": 12388417536
  },
  "network": {
    "bytes_recv": 16942596309,
    "bytes_sent": 1953692483,
    "packets_recv": 15706772,
    "packets_sent": 7349780
  },
  "temperature": [
    {
      "sensor_key": "ACPI\\ThermalZone\\TZ00_0",
      "temperature": 27.85
    },
    {
      "sensor_key": "ACPI\\ThermalZone\\TZ01_0",
      "temperature": 29.85
    }
  ],
  "timestamp": "2024-12-30T17:23:24.2223275-06:00"
}
2024/12/30 23:23:28 Received log message from agent {
  "name": "wuauserv",
  "status": "Running",
  "timestamp": "2024-12-30T17:23:28.2224141-06:00"
}
2024/12/30 23:23:28 Received log message from agent {
  "name": "EventLog",
  "status": "Running",
  "timestamp": "2024-12-30T17:23:28.2229211-06:00"
}
2024/12/30 23:23:28 Received log message from agent {
  "Event": {
    "EventData": {
      "ClientProcessId": "14928",
      "CountOfCredentialsReturned": "1",
      "ProcessCreationTime": "2024-12-16T14:59:56.2501338Z",
      "ReadOperation": "%%8099",
      "ReturnCode": "0",
      "SubjectDomainName": "DANSDESKTOP",
      "SubjectLogonId": "0x4c0db",
      "SubjectUserName": "danfe",
      "SubjectUserSid": "S-1-5-21-1680856076-1700718083-3477311726-1001",
      "TargetName": "NordPass/IsCrashReportingEnabled",
      "Type": "1"
    },
    "System": {
      "Channel": "Security",
      "Computer": "dansDesktop",
      "Correlation": {},
      "EventID": "5379",
      "EventRecordID": "8248559",
      "Execution": {
        "ProcessID": "1128",
        "ThreadID": "22396"
      },
      "Keywords": "0x8020000000000000",
      "Level": "0",
      "Opcode": "0",
      "Provider": {
        "Guid": "{54849625-5478-4994-a5ba-3e3b0328c30d}",
        "Name": "Microsoft-Windows-Security-Auditing"
      },
      "Security": {
        "UserID": ""
      },
      "Task": "13824",
      "TimeCreated": {
        "SystemTime": "2024-12-30T23:23:27.5108833Z"
      },
      "Version": "0"
    }
  }
}
2024/12/30 23:23:28 Received log message from agent {
  "Event": {
    "EventData": {
      "ClientProcessId": "14928",
      "CountOfCredentialsReturned": "1",
      "ProcessCreationTime": "2024-12-16T14:59:56.2501338Z",
      "ReadOperation": "%%8099",
      "ReturnCode": "0",
      "SubjectDomainName": "DANSDESKTOP",
      "SubjectLogonId": "0x4c0db",
      "SubjectUserName": "danfe",
      "SubjectUserSid": "S-1-5-21-1680856076-1700718083-3477311726-1001",
      "TargetName": "NordPass/Upsell",
      "Type": "1"
    },
    "System": {
      "Channel": "Security",
      "Computer": "dansDesktop",
      "Correlation": {},
      "EventID": "5379",
      "EventRecordID": "8248558",
      "Execution": {
        "ProcessID": "1128",
        "ThreadID": "16692"
      },
      "Keywords": "0x8020000000000000",
      "Level": "0",
      "Opcode": "0",
      "Provider": {
        "Guid": "{54849625-5478-4994-a5ba-3e3b0328c30d}",
        "Name": "Microsoft-Windows-Security-Auditing"
      },
      "Security": {
        "UserID": ""
      },
      "Task": "13824",
      "TimeCreated": {
        "SystemTime": "2024-12-30T23:23:27.5107771Z"
      },
      "Version": "0"
    }
  }
}
2024/12/30 23:23:28 Received log message from agent {
  "Event": {
    "EventData": {
      "ClientProcessId": "14928",
      "CountOfCredentialsReturned": "1",
      "ProcessCreationTime": "2024-12-16T14:59:56.2501338Z",
      "ReadOperation": "%%8099",
      "ReturnCode": "0",
      "SubjectDomainName": "DANSDESKTOP",
      "SubjectLogonId": "0x4c0db",
      "SubjectUserName": "danfe",
      "SubjectUserSid": "S-1-5-21-1680856076-1700718083-3477311726-1001",
      "TargetName": "NordPass/PasswordGenerator",
      "Type": "1"
    },
    "System": {
      "Channel": "Security",
      "Computer": "dansDesktop",
      "Correlation": {},
      "EventID": "5379",
      "EventRecordID": "8248560",
      "Execution": {
        "ProcessID": "1128",
        "ThreadID": "18964"
      },
      "Keywords": "0x8020000000000000",
      "Level": "0",
      "Opcode": "0",
      "Provider": {
        "Guid": "{54849625-5478-4994-a5ba-3e3b0328c30d}",
        "Name": "Microsoft-Windows-Security-Auditing"
      },
      "Security": {
        "UserID": ""
      },
      "Task": "13824",
      "TimeCreated": {
        "SystemTime": "2024-12-30T23:23:27.5110892Z"
      },
      "Version": "0"
    }
  }
}
